2026-07-06 16:24:18,319 INFO run_daily: === Market Event Radar starting — 2026-07-06 ===
2026-07-06 16:24:18,322 INFO run_daily: Step 1: fetching earnings calendar
2026-07-06 16:24:36,072 INFO src.event_fetcher: nasdaq earnings: 28 entries across 7 days
2026-07-06 16:24:37,375 INFO src.event_fetcher: finnhub earnings: 143 entries
2026-07-06 16:24:37,375 INFO src.event_fetcher: merged earnings universe: 145 unique tickers
2026-07-06 16:24:37,376 INFO run_daily: Step 2: fetching 8-K filings
2026-07-06 16:24:38,979 INFO src.event_fetcher: edgar 8-K filings: 100
2026-07-06 16:24:39,279 INFO run_daily: Step 3: building universe
2026-07-06 16:24:39,280 INFO src.universe: universe: 35 tickers (10 watchlist, 25 discovered)
2026-07-06 16:24:39,280 INFO run_daily: Universe: 35 tickers
2026-07-06 16:24:39,280 INFO run_daily: Step 4: yfinance cross-check for 35 tickers
2026-07-06 16:24:40,164 ERROR yfinance: HTTP Error 404: {"quoteSummary":{"result":null,"error":{"code":"Not Found","description":"No fundamentals data found for symbol: ACZT"}}}
2026-07-06 16:24:59,374 INFO run_daily: Step 5: building earnings events
2026-07-06 16:24:59,375 INFO src.source_merger: earnings events built: 145
2026-07-06 16:24:59,375 INFO run_daily: Step 5b: building 8-K events
2026-07-06 16:24:59,377 INFO run_daily: Step 6: options filter (245 candidates)
2026-07-06 16:25:03,806 WARNING src.options_filter: AMFC: options data unavailable from all sources
2026-07-06 16:25:08,016 WARNING src.options_filter: ANVI: options data unavailable from all sources
2026-07-06 16:25:12,200 WARNING src.options_filter: ASRE: options data unavailable from all sources
2026-07-06 16:25:16,546 WARNING src.options_filter: AXXA: options data unavailable from all sources
2026-07-06 16:25:20,758 WARNING src.options_filter: BSFC: options data unavailable from all sources
2026-07-06 16:25:24,932 WARNING src.options_filter: BTCY: options data unavailable from all sources
2026-07-06 16:25:29,136 WARNING src.options_filter: BZYR: options data unavailable from all sources
2026-07-06 16:25:33,324 WARNING src.options_filter: CAHO: options data unavailable from all sources
2026-07-06 16:25:37,708 WARNING src.options_filter: CAWW: options data unavailable from all sources
2026-07-06 16:25:41,950 WARNING src.options_filter: CEFC: options data unavailable from all sources
2026-07-06 16:25:46,218 WARNING src.options_filter: CNAF: options data unavailable from all sources
2026-07-06 16:25:50,381 WARNING src.options_filter: CTM: options data unavailable from all sources
2026-07-06 16:25:57,244 WARNING src.options_filter: ENRT: options data unavailable from all sources
2026-07-06 16:26:10,487 WARNING src.options_filter: GTI: options data unavailable from all sources
2026-07-06 16:26:14,765 WARNING src.options_filter: GTPS: options data unavailable from all sources
2026-07-06 16:26:18,934 WARNING src.options_filter: KOAN: options data unavailable from all sources
2026-07-06 16:26:23,148 WARNING src.options_filter: LEXX: options data unavailable from all sources
2026-07-06 16:26:27,327 WARNING src.options_filter: NFTM: options data unavailable from all sources
2026-07-06 16:26:31,626 WARNING src.options_filter: NRIS: options data unavailable from all sources
2026-07-06 16:26:35,877 WARNING src.options_filter: NTRP: options data unavailable from all sources
2026-07-06 16:26:40,096 WARNING src.options_filter: OTGA: options data unavailable from all sources
2026-07-06 16:26:44,271 WARNING src.options_filter: PUBC: options data unavailable from all sources
2026-07-06 16:26:48,517 WARNING src.options_filter: QSEA: options data unavailable from all sources
2026-07-06 16:26:52,691 WARNING src.options_filter: RAY: options data unavailable from all sources
2026-07-06 16:26:56,956 WARNING src.options_filter: RJDG: options data unavailable from all sources
2026-07-06 16:27:01,178 WARNING src.options_filter: ROMA: options data unavailable from all sources
2026-07-06 16:27:05,391 WARNING src.options_filter: SCGY: options data unavailable from all sources
2026-07-06 16:27:09,621 WARNING src.options_filter: SIGL: options data unavailable from all sources
2026-07-06 16:27:13,832 WARNING src.options_filter: SPRS: options data unavailable from all sources
2026-07-06 16:27:18,014 WARNING src.options_filter: SVIN: options data unavailable from all sources
2026-07-06 16:27:22,244 WARNING src.options_filter: TETEF: options data unavailable from all sources
2026-07-06 16:27:29,237 WARNING src.options_filter: UNTN: options data unavailable from all sources
2026-07-06 16:27:36,105 WARNING src.options_filter: YAAS: options data unavailable from all sources
2026-07-06 16:27:40,424 WARNING src.options_filter: YDES: options data unavailable from all sources
2026-07-06 16:27:44,676 WARNING src.options_filter: AMBK: options data unavailable from all sources
2026-07-06 16:27:48,927 WARNING src.options_filter: BUKS: options data unavailable from all sources
2026-07-06 16:27:56,593 WARNING src.options_filter: FGFH: options data unavailable from all sources
2026-07-06 16:28:00,817 WARNING src.options_filter: GDHG: options data unavailable from all sources
2026-07-06 16:28:05,043 WARNING src.options_filter: GDST: options data unavailable from all sources
2026-07-06 16:28:12,986 WARNING src.options_filter: HIFS: options data unavailable from all sources
2026-07-06 16:28:17,198 WARNING src.options_filter: KISB: options data unavailable from all sources
2026-07-06 16:28:21,453 WARNING src.options_filter: MLGF: options data unavailable from all sources
2026-07-06 16:28:25,659 WARNING src.options_filter: UUU: options data unavailable from all sources
2026-07-06 16:28:33,255 WARNING src.options_filter: CBFC: options data unavailable from all sources
2026-07-06 16:28:37,433 WARNING src.options_filter: CCEL: options data unavailable from all sources
2026-07-06 16:28:41,649 WARNING src.options_filter: CIBH: options data unavailable from all sources
2026-07-06 16:28:45,910 WARNING src.options_filter: CNBB: options data unavailable from all sources
2026-07-06 16:28:50,186 WARNING src.options_filter: EDUC: options data unavailable from all sources
2026-07-06 16:28:54,343 WARNING src.options_filter: EVOH: options data unavailable from all sources
2026-07-06 16:28:58,608 WARNING src.options_filter: FBSI: options data unavailable from all sources
2026-07-06 16:29:05,566 WARNING src.options_filter: FMBL: options data unavailable from all sources
2026-07-06 16:29:09,888 WARNING src.options_filter: NTIC: options data unavailable from all sources
2026-07-06 16:29:17,635 WARNING src.options_filter: PGTK: options data unavailable from all sources
2026-07-06 16:29:21,845 WARNING src.options_filter: RMCF: options data unavailable from all sources
2026-07-06 16:29:26,039 WARNING src.options_filter: SBEV: options data unavailable from all sources
2026-07-06 16:29:30,233 WARNING src.options_filter: SENR: options data unavailable from all sources
2026-07-06 16:29:39,689 WARNING src.options_filter: SODI: options data unavailable from all sources
2026-07-06 16:29:43,898 WARNING src.options_filter: SOTK: options data unavailable from all sources
2026-07-06 16:29:48,103 WARNING src.options_filter: VMAR: options data unavailable from all sources
2026-07-06 16:29:54,989 WARNING src.options_filter: WHLT: options data unavailable from all sources
2026-07-06 16:29:59,206 WARNING src.options_filter: WNDW: options data unavailable from all sources
2026-07-06 16:29:59,282 ERROR yfinance: $ACZT: possibly delisted; no price data found  (period=1mo)
2026-07-06 16:30:03,431 WARNING src.options_filter: ACZT: options data unavailable from all sources
2026-07-06 16:30:07,723 WARNING src.options_filter: ARTW: options data unavailable from all sources
2026-07-06 16:30:15,035 WARNING src.options_filter: BKSC: options data unavailable from all sources
2026-07-06 16:30:22,768 WARNING src.options_filter: DVTC: options data unavailable from all sources
2026-07-06 16:30:23,128 ERROR yfinance: HTTP Error 404: {"quoteSummary":{"result":null,"error":{"code":"Not Found","description":"Quote not found for symbol: ETWO"}}}
2026-07-06 16:30:23,591 ERROR yfinance: $ETWO: possibly delisted; no price data found  (period=1mo) (Yahoo error = "No data found, symbol may be delisted")
2026-07-06 16:30:27,687 WARNING src.options_filter: ETWO: options data unavailable from all sources
2026-07-06 16:30:43,212 WARNING src.options_filter: RBTK: options data unavailable from all sources
2026-07-06 16:30:43,806 ERROR yfinance: $AIDG: possibly delisted; no price data found  (period=1mo) (Yahoo error = "No data found, symbol may be delisted")
2026-07-06 16:30:47,893 WARNING src.options_filter: AIDG: options data unavailable from all sources
2026-07-06 16:30:52,196 WARNING src.options_filter: CEV: options data unavailable from all sources
2026-07-06 16:30:56,478 WARNING src.options_filter: CHBH: options data unavailable from all sources
2026-07-06 16:31:00,778 WARNING src.options_filter: CHSCP: options data unavailable from all sources
2026-07-06 16:31:07,382 WARNING src.options_filter: FPF: options data unavailable from all sources
2026-07-06 16:31:11,598 WARNING src.options_filter: KRUS: options data unavailable from all sources
2026-07-06 16:31:11,906 ERROR yfinance: $MHI: possibly delisted; no price data found  (period=1mo) (Yahoo error = "No data found, symbol may be delisted")
2026-07-06 16:31:15,992 WARNING src.options_filter: MHI: options data unavailable from all sources
2026-07-06 16:31:28,894 WARNING src.options_filter: ACP: options data unavailable from all sources
2026-07-06 16:31:29,127 ERROR yfinance: $ADN: possibly delisted; no price data found  (period=1mo) (Yahoo error = "No data found, symbol may be delisted")
2026-07-06 16:31:33,212 WARNING src.options_filter: ADN: options data unavailable from all sources
2026-07-06 16:31:37,482 WARNING src.options_filter: AOD: options data unavailable from all sources
2026-07-06 16:31:44,811 WARNING src.options_filter: ASII: options data unavailable from all sources
2026-07-06 16:31:49,037 WARNING src.options_filter: AUSI: options data unavailable from all sources
2026-07-06 16:31:53,214 WARNING src.options_filter: AXG: options data unavailable from all sources
2026-07-06 16:32:00,028 WARNING src.options_filter: BTM: options data unavailable from all sources
2026-07-06 16:32:04,214 WARNING src.options_filter: CDT: options data unavailable from all sources
2026-07-06 16:32:08,485 WARNING src.options_filter: CET: options data unavailable from all sources
2026-07-06 16:32:12,668 WARNING src.options_filter: CRCW: options data unavailable from all sources
2026-07-06 16:32:17,106 WARNING src.options_filter: CRMT: options data unavailable from all sources
2026-07-06 16:32:21,282 WARNING src.options_filter: CYBL: options data unavailable from all sources
2026-07-06 16:32:25,486 WARNING src.options_filter: DMNIF: options data unavailable from all sources
2026-07-06 16:32:32,806 WARNING src.options_filter: FAX: options data unavailable from all sources
2026-07-06 16:32:32,885 ERROR yfinance: $FCO: possibly delisted; no price data found  (period=1mo)
2026-07-06 16:32:36,999 WARNING src.options_filter: FCO: options data unavailable from all sources
2026-07-06 16:32:41,282 WARNING src.options_filter: FLYE: options data unavailable from all sources
2026-07-06 16:32:45,488 WARNING src.options_filter: FTII: options data unavailable from all sources
2026-07-06 16:32:49,664 WARNING src.options_filter: FTRS: options data unavailable from all sources
2026-07-06 16:32:53,946 WARNING src.options_filter: HBSI: options data unavailable from all sources
2026-07-06 16:32:58,183 WARNING src.options_filter: HIRU: options data unavailable from all sources
2026-07-06 16:33:02,442 WARNING src.options_filter: HIX: options data unavailable from all sources
2026-07-06 16:33:06,613 WARNING src.options_filter: HUBC: options data unavailable from all sources
2026-07-06 16:33:10,920 WARNING src.options_filter: IAF: options data unavailable from all sources
2026-07-06 16:33:15,096 WARNING src.options_filter: IXAQF: options data unavailable from all sources
2026-07-06 16:33:19,443 WARNING src.options_filter: NAD: options data unavailable from all sources
2026-07-06 16:33:23,939 WARNING src.options_filter: NEA: options data unavailable from all sources
2026-07-06 16:33:28,166 WARNING src.options_filter: NIMU: options data unavailable from all sources
2026-07-06 16:33:32,403 WARNING src.options_filter: NMZ: options data unavailable from all sources
2026-07-06 16:33:36,733 WARNING src.options_filter: NUV: options data unavailable from all sources
2026-07-06 16:33:40,984 WARNING src.options_filter: NVG: options data unavailable from all sources
2026-07-06 16:33:45,162 WARNING src.options_filter: NVVE: options data unavailable from all sources
2026-07-06 16:33:49,391 WARNING src.options_filter: OLOX: options data unavailable from all sources
2026-07-06 16:33:53,600 WARNING src.options_filter: OWPC: options data unavailable from all sources
2026-07-06 16:33:57,780 WARNING src.options_filter: SANW: options data unavailable from all sources
2026-07-06 16:34:01,939 WARNING src.options_filter: SNRG: options data unavailable from all sources
2026-07-06 16:34:06,117 WARNING src.options_filter: SRKE: options data unavailable from all sources
2026-07-06 16:34:10,329 WARNING src.options_filter: TTRX: options data unavailable from all sources
2026-07-06 16:34:14,522 WARNING src.options_filter: WTER: options data unavailable from all sources
2026-07-06 16:34:18,698 WARNING src.options_filter: XITO: options data unavailable from all sources
2026-07-06 16:34:32,213 WARNING src.options_filter: AUC: options data unavailable from all sources
2026-07-06 16:34:36,414 WARNING src.options_filter: LEDS: options data unavailable from all sources
2026-07-06 16:34:36,685 ERROR yfinance: $UNKNOWN: possibly delisted; no price data found  (period=1mo) (Yahoo error = "No data found, symbol may be delisted")
2026-07-06 16:34:40,778 WARNING src.options_filter: UNKNOWN: options data unavailable from all sources
2026-07-06 16:34:40,894 ERROR yfinance: $UNKNOWN: possibly delisted; no price data found  (period=1mo) (Yahoo error = "No data found, symbol may be delisted")
2026-07-06 16:34:44,990 WARNING src.options_filter: UNKNOWN: options data unavailable from all sources
2026-07-06 16:34:45,104 ERROR yfinance: $UNKNOWN: possibly delisted; no price data found  (period=1mo) (Yahoo error = "No data found, symbol may be delisted")
2026-07-06 16:34:49,201 WARNING src.options_filter: UNKNOWN: options data unavailable from all sources
2026-07-06 16:34:49,363 ERROR yfinance: $UNKNOWN: possibly delisted; no price data found  (period=1mo) (Yahoo error = "No data found, symbol may be delisted")
2026-07-06 16:34:53,443 WARNING src.options_filter: UNKNOWN: options data unavailable from all sources
2026-07-06 16:34:53,595 ERROR yfinance: $UNKNOWN: possibly delisted; no price data found  (period=1mo) (Yahoo error = "No data found, symbol may be delisted")
2026-07-06 16:34:57,699 WARNING src.options_filter: UNKNOWN: options data unavailable from all sources
2026-07-06 16:34:57,853 ERROR yfinance: $UNKNOWN: possibly delisted; no price data found  (period=1mo) (Yahoo error = "No data found, symbol may be delisted")
2026-07-06 16:35:01,933 WARNING src.options_filter: UNKNOWN: options data unavailable from all sources
2026-07-06 16:35:02,282 ERROR yfinance: $UNKNOWN: possibly delisted; no price data found  (period=1mo) (Yahoo error = "No data found, symbol may be delisted")
2026-07-06 16:35:06,368 WARNING src.options_filter: UNKNOWN: options data unavailable from all sources
2026-07-06 16:35:06,510 ERROR yfinance: $UNKNOWN: possibly delisted; no price data found  (period=1mo) (Yahoo error = "No data found, symbol may be delisted")
2026-07-06 16:35:10,600 WARNING src.options_filter: UNKNOWN: options data unavailable from all sources
2026-07-06 16:35:10,734 ERROR yfinance: $UNKNOWN: possibly delisted; no price data found  (period=1mo) (Yahoo error = "No data found, symbol may be delisted")
2026-07-06 16:35:14,826 WARNING src.options_filter: UNKNOWN: options data unavailable from all sources
2026-07-06 16:35:14,995 ERROR yfinance: $UNKNOWN: possibly delisted; no price data found  (period=1mo) (Yahoo error = "No data found, symbol may be delisted")
2026-07-06 16:35:19,228 WARNING src.options_filter: UNKNOWN: options data unavailable from all sources
2026-07-06 16:35:19,379 ERROR yfinance: $UNKNOWN: possibly delisted; no price data found  (period=1mo) (Yahoo error = "No data found, symbol may be delisted")
2026-07-06 16:35:23,460 WARNING src.options_filter: UNKNOWN: options data unavailable from all sources
2026-07-06 16:35:25,884 ERROR yfinance: $UNKNOWN: possibly delisted; no price data found  (period=1mo) (Yahoo error = "No data found, symbol may be delisted")
2026-07-06 16:35:29,966 WARNING src.options_filter: UNKNOWN: options data unavailable from all sources
2026-07-06 16:35:30,099 ERROR yfinance: $UNKNOWN: possibly delisted; no price data found  (period=1mo) (Yahoo error = "No data found, symbol may be delisted")
2026-07-06 16:35:34,216 WARNING src.options_filter: UNKNOWN: options data unavailable from all sources
2026-07-06 16:35:34,408 ERROR yfinance: $UNKNOWN: possibly delisted; no price data found  (period=1mo) (Yahoo error = "No data found, symbol may be delisted")
2026-07-06 16:35:38,514 WARNING src.options_filter: UNKNOWN: options data unavailable from all sources
2026-07-06 16:35:38,654 ERROR yfinance: $UNKNOWN: possibly delisted; no price data found  (period=1mo) (Yahoo error = "No data found, symbol may be delisted")
2026-07-06 16:35:42,739 WARNING src.options_filter: UNKNOWN: options data unavailable from all sources
2026-07-06 16:35:46,959 WARNING src.options_filter: UNMA: options data unavailable from all sources
2026-07-06 16:35:47,084 ERROR yfinance: $UNKNOWN: possibly delisted; no price data found  (period=1mo) (Yahoo error = "No data found, symbol may be delisted")
2026-07-06 16:35:51,177 WARNING src.options_filter: UNKNOWN: options data unavailable from all sources
2026-07-06 16:35:51,317 ERROR yfinance: $UNKNOWN: possibly delisted; no price data found  (period=1mo) (Yahoo error = "No data found, symbol may be delisted")
2026-07-06 16:35:55,435 WARNING src.options_filter: UNKNOWN: options data unavailable from all sources
2026-07-06 16:35:55,582 ERROR yfinance: $UNKNOWN: possibly delisted; no price data found  (period=1mo) (Yahoo error = "No data found, symbol may be delisted")
2026-07-06 16:35:59,759 WARNING src.options_filter: UNKNOWN: options data unavailable from all sources
2026-07-06 16:35:59,888 ERROR yfinance: $UNKNOWN: possibly delisted; no price data found  (period=1mo) (Yahoo error = "No data found, symbol may be delisted")
2026-07-06 16:36:03,985 WARNING src.options_filter: UNKNOWN: options data unavailable from all sources
2026-07-06 16:36:04,149 ERROR yfinance: $UNKNOWN: possibly delisted; no price data found  (period=1mo) (Yahoo error = "No data found, symbol may be delisted")
2026-07-06 16:36:08,234 WARNING src.options_filter: UNKNOWN: options data unavailable from all sources
2026-07-06 16:36:08,387 ERROR yfinance: $UNKNOWN: possibly delisted; no price data found  (period=1mo) (Yahoo error = "No data found, symbol may be delisted")
2026-07-06 16:36:12,503 WARNING src.options_filter: UNKNOWN: options data unavailable from all sources
2026-07-06 16:36:12,701 ERROR yfinance: $UNKNOWN: possibly delisted; no price data found  (period=1mo) (Yahoo error = "No data found, symbol may be delisted")
2026-07-06 16:36:16,783 WARNING src.options_filter: UNKNOWN: options data unavailable from all sources
2026-07-06 16:36:16,956 ERROR yfinance: $UNKNOWN: possibly delisted; no price data found  (period=1mo) (Yahoo error = "No data found, symbol may be delisted")
2026-07-06 16:36:21,042 WARNING src.options_filter: UNKNOWN: options data unavailable from all sources
2026-07-06 16:36:21,191 ERROR yfinance: $UNKNOWN: possibly delisted; no price data found  (period=1mo) (Yahoo error = "No data found, symbol may be delisted")
2026-07-06 16:36:25,412 WARNING src.options_filter: UNKNOWN: options data unavailable from all sources
2026-07-06 16:36:25,526 ERROR yfinance: $UNKNOWN: possibly delisted; no price data found  (period=1mo) (Yahoo error = "No data found, symbol may be delisted")
2026-07-06 16:36:29,612 WARNING src.options_filter: UNKNOWN: options data unavailable from all sources
2026-07-06 16:36:29,723 ERROR yfinance: $UNKNOWN: possibly delisted; no price data found  (period=1mo) (Yahoo error = "No data found, symbol may be delisted")
2026-07-06 16:36:33,817 WARNING src.options_filter: UNKNOWN: options data unavailable from all sources
2026-07-06 16:36:33,940 ERROR yfinance: $UNKNOWN: possibly delisted; no price data found  (period=1mo) (Yahoo error = "No data found, symbol may be delisted")
2026-07-06 16:36:38,033 WARNING src.options_filter: UNKNOWN: options data unavailable from all sources
2026-07-06 16:36:38,166 ERROR yfinance: $UNKNOWN: possibly delisted; no price data found  (period=1mo) (Yahoo error = "No data found, symbol may be delisted")
2026-07-06 16:36:42,424 WARNING src.options_filter: UNKNOWN: options data unavailable from all sources
2026-07-06 16:36:42,606 ERROR yfinance: $UNKNOWN: possibly delisted; no price data found  (period=1mo) (Yahoo error = "No data found, symbol may be delisted")
2026-07-06 16:36:46,722 WARNING src.options_filter: UNKNOWN: options data unavailable from all sources
2026-07-06 16:36:46,839 ERROR yfinance: $UNKNOWN: possibly delisted; no price data found  (period=1mo) (Yahoo error = "No data found, symbol may be delisted")
2026-07-06 16:36:50,915 WARNING src.options_filter: UNKNOWN: options data unavailable from all sources
2026-07-06 16:36:51,065 ERROR yfinance: $UNKNOWN: possibly delisted; no price data found  (period=1mo) (Yahoo error = "No data found, symbol may be delisted")
2026-07-06 16:36:55,149 WARNING src.options_filter: UNKNOWN: options data unavailable from all sources
2026-07-06 16:37:01,206 ERROR yfinance: $UNKNOWN: possibly delisted; no price data found  (period=1mo) (Yahoo error = "No data found, symbol may be delisted")
2026-07-06 16:37:05,294 WARNING src.options_filter: UNKNOWN: options data unavailable from all sources
2026-07-06 16:37:05,459 ERROR yfinance: $UNKNOWN: possibly delisted; no price data found  (period=1mo) (Yahoo error = "No data found, symbol may be delisted")
2026-07-06 16:37:09,561 WARNING src.options_filter: UNKNOWN: options data unavailable from all sources
2026-07-06 16:37:09,784 ERROR yfinance: $UNKNOWN: possibly delisted; no price data found  (period=1mo) (Yahoo error = "No data found, symbol may be delisted")
2026-07-06 16:37:13,882 WARNING src.options_filter: UNKNOWN: options data unavailable from all sources
2026-07-06 16:37:14,010 ERROR yfinance: $UNKNOWN: possibly delisted; no price data found  (period=1mo) (Yahoo error = "No data found, symbol may be delisted")
2026-07-06 16:37:18,102 WARNING src.options_filter: UNKNOWN: options data unavailable from all sources
2026-07-06 16:37:18,232 ERROR yfinance: $UNKNOWN: possibly delisted; no price data found  (period=1mo) (Yahoo error = "No data found, symbol may be delisted")
2026-07-06 16:37:22,338 WARNING src.options_filter: UNKNOWN: options data unavailable from all sources
2026-07-06 16:37:22,531 ERROR yfinance: $UNKNOWN: possibly delisted; no price data found  (period=1mo) (Yahoo error = "No data found, symbol may be delisted")
2026-07-06 16:37:26,640 WARNING src.options_filter: UNKNOWN: options data unavailable from all sources
2026-07-06 16:37:26,771 ERROR yfinance: $UNKNOWN: possibly delisted; no price data found  (period=1mo) (Yahoo error = "No data found, symbol may be delisted")
2026-07-06 16:37:30,864 WARNING src.options_filter: UNKNOWN: options data unavailable from all sources
2026-07-06 16:37:31,020 ERROR yfinance: $UNKNOWN: possibly delisted; no price data found  (period=1mo) (Yahoo error = "No data found, symbol may be delisted")
2026-07-06 16:37:35,119 WARNING src.options_filter: UNKNOWN: options data unavailable from all sources
2026-07-06 16:37:35,268 ERROR yfinance: $UNKNOWN: possibly delisted; no price data found  (period=1mo) (Yahoo error = "No data found, symbol may be delisted")
2026-07-06 16:37:39,364 WARNING src.options_filter: UNKNOWN: options data unavailable from all sources
2026-07-06 16:37:39,496 ERROR yfinance: $UNKNOWN: possibly delisted; no price data found  (period=1mo) (Yahoo error = "No data found, symbol may be delisted")
2026-07-06 16:37:43,584 WARNING src.options_filter: UNKNOWN: options data unavailable from all sources
2026-07-06 16:37:47,010 ERROR yfinance: $UNKNOWN: possibly delisted; no price data found  (period=1mo) (Yahoo error = "No data found, symbol may be delisted")
2026-07-06 16:37:51,097 WARNING src.options_filter: UNKNOWN: options data unavailable from all sources
2026-07-06 16:37:53,930 ERROR yfinance: $UNKNOWN: possibly delisted; no price data found  (period=1mo) (Yahoo error = "No data found, symbol may be delisted")
2026-07-06 16:37:58,011 WARNING src.options_filter: UNKNOWN: options data unavailable from all sources
2026-07-06 16:37:58,225 ERROR yfinance: $UNKNOWN: possibly delisted; no price data found  (period=1mo) (Yahoo error = "No data found, symbol may be delisted")
2026-07-06 16:38:02,309 WARNING src.options_filter: UNKNOWN: options data unavailable from all sources
2026-07-06 16:38:05,948 WARNING src.options_filter: UNMA: options data unavailable from all sources
2026-07-06 16:38:06,096 ERROR yfinance: $UNKNOWN: possibly delisted; no price data found  (period=1mo) (Yahoo error = "No data found, symbol may be delisted")
2026-07-06 16:38:10,182 WARNING src.options_filter: UNKNOWN: options data unavailable from all sources
2026-07-06 16:38:10,325 ERROR yfinance: $UNKNOWN: possibly delisted; no price data found  (period=1mo) (Yahoo error = "No data found, symbol may be delisted")
2026-07-06 16:38:14,415 WARNING src.options_filter: UNKNOWN: options data unavailable from all sources
2026-07-06 16:38:14,569 ERROR yfinance: $UNKNOWN: possibly delisted; no price data found  (period=1mo) (Yahoo error = "No data found, symbol may be delisted")
2026-07-06 16:38:18,673 WARNING src.options_filter: UNKNOWN: options data unavailable from all sources
2026-07-06 16:38:18,817 ERROR yfinance: $UNKNOWN: possibly delisted; no price data found  (period=1mo) (Yahoo error = "No data found, symbol may be delisted")
2026-07-06 16:38:22,900 WARNING src.options_filter: UNKNOWN: options data unavailable from all sources
2026-07-06 16:38:23,082 ERROR yfinance: $UNKNOWN: possibly delisted; no price data found  (period=1mo) (Yahoo error = "No data found, symbol may be delisted")
2026-07-06 16:38:27,340 WARNING src.options_filter: UNKNOWN: options data unavailable from all sources
2026-07-06 16:38:27,452 ERROR yfinance: $UNKNOWN: possibly delisted; no price data found  (period=1mo) (Yahoo error = "No data found, symbol may be delisted")
2026-07-06 16:38:31,609 WARNING src.options_filter: UNKNOWN: options data unavailable from all sources
2026-07-06 16:38:34,832 ERROR yfinance: $UNKNOWN: possibly delisted; no price data found  (period=1mo) (Yahoo error = "No data found, symbol may be delisted")
2026-07-06 16:38:38,915 WARNING src.options_filter: UNKNOWN: options data unavailable from all sources
2026-07-06 16:38:39,134 ERROR yfinance: $UNKNOWN: possibly delisted; no price data found  (period=1mo) (Yahoo error = "No data found, symbol may be delisted")
2026-07-06 16:38:43,226 WARNING src.options_filter: UNKNOWN: options data unavailable from all sources
2026-07-06 16:38:43,337 ERROR yfinance: $UNKNOWN: possibly delisted; no price data found  (period=1mo) (Yahoo error = "No data found, symbol may be delisted")
2026-07-06 16:38:47,430 WARNING src.options_filter: UNKNOWN: options data unavailable from all sources
2026-07-06 16:38:47,625 ERROR yfinance: $UNKNOWN: possibly delisted; no price data found  (period=1mo) (Yahoo error = "No data found, symbol may be delisted")
2026-07-06 16:38:51,709 WARNING src.options_filter: UNKNOWN: options data unavailable from all sources
2026-07-06 16:38:51,820 ERROR yfinance: $UNKNOWN: possibly delisted; no price data found  (period=1mo) (Yahoo error = "No data found, symbol may be delisted")
2026-07-06 16:38:55,904 WARNING src.options_filter: UNKNOWN: options data unavailable from all sources
2026-07-06 16:38:56,023 ERROR yfinance: $UNKNOWN: possibly delisted; no price data found  (period=1mo) (Yahoo error = "No data found, symbol may be delisted")
2026-07-06 16:39:00,151 WARNING src.options_filter: UNKNOWN: options data unavailable from all sources
2026-07-06 16:39:00,258 ERROR yfinance: $UNKNOWN: possibly delisted; no price data found  (period=1mo) (Yahoo error = "No data found, symbol may be delisted")
2026-07-06 16:39:04,355 WARNING src.options_filter: UNKNOWN: options data unavailable from all sources
2026-07-06 16:39:04,487 ERROR yfinance: $UNKNOWN: possibly delisted; no price data found  (period=1mo) (Yahoo error = "No data found, symbol may be delisted")
2026-07-06 16:39:08,570 WARNING src.options_filter: UNKNOWN: options data unavailable from all sources
2026-07-06 16:39:08,744 ERROR yfinance: $UNKNOWN: possibly delisted; no price data found  (period=1mo) (Yahoo error = "No data found, symbol may be delisted")
2026-07-06 16:39:12,931 WARNING src.options_filter: UNKNOWN: options data unavailable from all sources
2026-07-06 16:39:13,071 ERROR yfinance: $UNKNOWN: possibly delisted; no price data found  (period=1mo) (Yahoo error = "No data found, symbol may be delisted")
2026-07-06 16:39:17,166 WARNING src.options_filter: UNKNOWN: options data unavailable from all sources
2026-07-06 16:39:17,315 ERROR yfinance: $UNKNOWN: possibly delisted; no price data found  (period=1mo) (Yahoo error = "No data found, symbol may be delisted")
2026-07-06 16:39:21,399 WARNING src.options_filter: UNKNOWN: options data unavailable from all sources
2026-07-06 16:39:21,511 ERROR yfinance: $UNKNOWN: possibly delisted; no price data found  (period=1mo) (Yahoo error = "No data found, symbol may be delisted")
2026-07-06 16:39:25,643 WARNING src.options_filter: UNKNOWN: options data unavailable from all sources
2026-07-06 16:39:25,770 ERROR yfinance: $UNKNOWN: possibly delisted; no price data found  (period=1mo) (Yahoo error = "No data found, symbol may be delisted")
2026-07-06 16:39:29,855 WARNING src.options_filter: UNKNOWN: options data unavailable from all sources
2026-07-06 16:39:30,019 ERROR yfinance: $UNKNOWN: possibly delisted; no price data found  (period=1mo) (Yahoo error = "No data found, symbol may be delisted")
2026-07-06 16:39:34,155 WARNING src.options_filter: UNKNOWN: options data unavailable from all sources
2026-07-06 16:39:34,363 ERROR yfinance: $UNKNOWN: possibly delisted; no price data found  (period=1mo) (Yahoo error = "No data found, symbol may be delisted")
2026-07-06 16:39:38,489 WARNING src.options_filter: UNKNOWN: options data unavailable from all sources
2026-07-06 16:39:38,855 ERROR yfinance: $NWSLL: possibly delisted; no price data found  (period=1mo) (Yahoo error = "No data found, symbol may be delisted")
2026-07-06 16:39:42,945 WARNING src.options_filter: NWSLL: options data unavailable from all sources
2026-07-06 16:39:43,081 ERROR yfinance: $UNKNOWN: possibly delisted; no price data found  (period=1mo) (Yahoo error = "No data found, symbol may be delisted")
2026-07-06 16:39:47,193 WARNING src.options_filter: UNKNOWN: options data unavailable from all sources
2026-07-06 16:39:47,351 ERROR yfinance: $UNKNOWN: possibly delisted; no price data found  (period=1mo) (Yahoo error = "No data found, symbol may be delisted")
2026-07-06 16:39:51,494 WARNING src.options_filter: UNKNOWN: options data unavailable from all sources
2026-07-06 16:39:51,658 ERROR yfinance: $UNKNOWN: possibly delisted; no price data found  (period=1mo) (Yahoo error = "No data found, symbol may be delisted")
2026-07-06 16:39:55,783 WARNING src.options_filter: UNKNOWN: options data unavailable from all sources
2026-07-06 16:39:55,955 ERROR yfinance: $UNKNOWN: possibly delisted; no price data found  (period=1mo) (Yahoo error = "No data found, symbol may be delisted")
2026-07-06 16:40:00,056 WARNING src.options_filter: UNKNOWN: options data unavailable from all sources
2026-07-06 16:40:00,163 ERROR yfinance: $UNKNOWN: possibly delisted; no price data found  (period=1mo) (Yahoo error = "No data found, symbol may be delisted")
2026-07-06 16:40:04,266 WARNING src.options_filter: UNKNOWN: options data unavailable from all sources
2026-07-06 16:40:04,445 ERROR yfinance: $UNKNOWN: possibly delisted; no price data found  (period=1mo) (Yahoo error = "No data found, symbol may be delisted")
2026-07-06 16:40:08,560 WARNING src.options_filter: UNKNOWN: options data unavailable from all sources
2026-07-06 16:40:08,679 ERROR yfinance: $UNKNOWN: possibly delisted; no price data found  (period=1mo) (Yahoo error = "No data found, symbol may be delisted")
2026-07-06 16:40:12,792 WARNING src.options_filter: UNKNOWN: options data unavailable from all sources
2026-07-06 16:40:12,925 ERROR yfinance: $UNKNOWN: possibly delisted; no price data found  (period=1mo) (Yahoo error = "No data found, symbol may be delisted")
2026-07-06 16:40:17,014 WARNING src.options_filter: UNKNOWN: options data unavailable from all sources
2026-07-06 16:40:17,122 ERROR yfinance: $UNKNOWN: possibly delisted; no price data found  (period=1mo) (Yahoo error = "No data found, symbol may be delisted")
2026-07-06 16:40:21,210 WARNING src.options_filter: UNKNOWN: options data unavailable from all sources
2026-07-06 16:40:21,374 ERROR yfinance: $UNKNOWN: possibly delisted; no price data found  (period=1mo) (Yahoo error = "No data found, symbol may be delisted")
2026-07-06 16:40:25,521 WARNING src.options_filter: UNKNOWN: options data unavailable from all sources
2026-07-06 16:40:25,984 ERROR yfinance: $UNKNOWN: possibly delisted; no price data found  (period=1mo) (Yahoo error = "No data found, symbol may be delisted")
2026-07-06 16:40:30,079 WARNING src.options_filter: UNKNOWN: options data unavailable from all sources
2026-07-06 16:40:30,185 ERROR yfinance: $UNKNOWN: possibly delisted; no price data found  (period=1mo) (Yahoo error = "No data found, symbol may be delisted")
2026-07-06 16:40:34,269 WARNING src.options_filter: UNKNOWN: options data unavailable from all sources
2026-07-06 16:40:34,390 ERROR yfinance: $UNKNOWN: possibly delisted; no price data found  (period=1mo) (Yahoo error = "No data found, symbol may be delisted")
2026-07-06 16:40:38,477 WARNING src.options_filter: UNKNOWN: options data unavailable from all sources
2026-07-06 16:40:38,594 ERROR yfinance: $UNKNOWN: possibly delisted; no price data found  (period=1mo) (Yahoo error = "No data found, symbol may be delisted")
2026-07-06 16:40:42,673 WARNING src.options_filter: UNKNOWN: options data unavailable from all sources
2026-07-06 16:40:42,802 ERROR yfinance: $UNKNOWN: possibly delisted; no price data found  (period=1mo) (Yahoo error = "No data found, symbol may be delisted")
2026-07-06 16:40:46,915 WARNING src.options_filter: UNKNOWN: options data unavailable from all sources
2026-07-06 16:40:47,067 ERROR yfinance: $UNKNOWN: possibly delisted; no price data found  (period=1mo) (Yahoo error = "No data found, symbol may be delisted")
2026-07-06 16:40:51,149 WARNING src.options_filter: UNKNOWN: options data unavailable from all sources
2026-07-06 16:40:51,263 ERROR yfinance: $UNKNOWN: possibly delisted; no price data found  (period=1mo) (Yahoo error = "No data found, symbol may be delisted")
2026-07-06 16:40:55,393 WARNING src.options_filter: UNKNOWN: options data unavailable from all sources
2026-07-06 16:40:55,535 ERROR yfinance: $UNKNOWN: possibly delisted; no price data found  (period=1mo) (Yahoo error = "No data found, symbol may be delisted")
2026-07-06 16:40:59,677 WARNING src.options_filter: UNKNOWN: options data unavailable from all sources
2026-07-06 16:40:59,796 ERROR yfinance: $UNKNOWN: possibly delisted; no price data found  (period=1mo) (Yahoo error = "No data found, symbol may be delisted")
2026-07-06 16:41:03,877 WARNING src.options_filter: UNKNOWN: options data unavailable from all sources
2026-07-06 16:41:04,078 ERROR yfinance: $UNKNOWN: possibly delisted; no price data found  (period=1mo) (Yahoo error = "No data found, symbol may be delisted")
2026-07-06 16:41:08,185 WARNING src.options_filter: UNKNOWN: options data unavailable from all sources
2026-07-06 16:41:08,324 ERROR yfinance: $UNKNOWN: possibly delisted; no price data found  (period=1mo) (Yahoo error = "No data found, symbol may be delisted")
2026-07-06 16:41:12,419 WARNING src.options_filter: UNKNOWN: options data unavailable from all sources
2026-07-06 16:41:12,606 ERROR yfinance: $UNKNOWN: possibly delisted; no price data found  (period=1mo) (Yahoo error = "No data found, symbol may be delisted")
2026-07-06 16:41:16,691 WARNING src.options_filter: UNKNOWN: options data unavailable from all sources
2026-07-06 16:41:16,800 ERROR yfinance: $UNKNOWN: possibly delisted; no price data found  (period=1mo) (Yahoo error = "No data found, symbol may be delisted")
2026-07-06 16:41:20,889 WARNING src.options_filter: UNKNOWN: options data unavailable from all sources
2026-07-06 16:41:21,004 ERROR yfinance: $UNKNOWN: possibly delisted; no price data found  (period=1mo) (Yahoo error = "No data found, symbol may be delisted")
2026-07-06 16:41:25,101 WARNING src.options_filter: UNKNOWN: options data unavailable from all sources
2026-07-06 16:41:25,101 INFO run_daily: Passed options gate: 18 events
2026-07-06 16:41:25,101 INFO run_daily: Step 7: enriching 18 events
2026-07-06 16:41:33,729 INFO run_daily: Step 8: dedup
2026-07-06 16:41:33,730 INFO run_daily: Step 9: ranking
2026-07-06 16:41:33,730 INFO run_daily: Step 10: writing digest
2026-07-06 16:41:33,763 INFO src.digest_writer: digest written: output/market_radar_2026-07-06.html
2026-07-06 16:41:33,764 INFO run_daily: === Done: output/market_radar_2026-07-06.html ===
