2026-07-13 16:39:46,642 INFO run_daily: === Market Event Radar starting — 2026-07-13 ===
2026-07-13 16:39:46,643 INFO run_daily: Step 1: fetching earnings calendar
2026-07-13 16:39:58,551 INFO src.event_fetcher: nasdaq earnings: 93 entries across 7 days
2026-07-13 16:39:59,908 INFO src.event_fetcher: finnhub earnings: 215 entries
2026-07-13 16:39:59,908 INFO src.event_fetcher: merged earnings universe: 233 unique tickers
2026-07-13 16:39:59,908 INFO run_daily: Step 2: fetching 8-K filings
2026-07-13 16:40:00,894 INFO src.event_fetcher: edgar 8-K filings: 100
2026-07-13 16:40:01,387 INFO run_daily: Step 3: building universe
2026-07-13 16:40:01,387 INFO src.universe: universe: 35 tickers (10 watchlist, 25 discovered)
2026-07-13 16:40:01,387 INFO run_daily: Universe: 35 tickers
2026-07-13 16:40:01,387 INFO run_daily: Step 4: yfinance cross-check for 35 tickers
2026-07-13 16:40:02,905 ERROR yfinance: HTTP Error 404: {"quoteSummary":{"result":null,"error":{"code":"Not Found","description":"Quote not found for symbol: ADN"}}}
2026-07-13 16:40:16,856 INFO run_daily: Step 5: building earnings events
2026-07-13 16:40:16,857 INFO src.source_merger: earnings events built: 233
2026-07-13 16:40:16,857 INFO run_daily: Step 5b: building 8-K events
2026-07-13 16:40:16,858 INFO run_daily: Step 6: options filter (333 candidates)
2026-07-13 16:40:20,779 WARNING src.options_filter: ADMT: options data unavailable from all sources
2026-07-13 16:40:24,516 WARNING src.options_filter: ALZN: options data unavailable from all sources
2026-07-13 16:40:28,283 WARNING src.options_filter: AUBN: options data unavailable from all sources
2026-07-13 16:40:32,070 WARNING src.options_filter: AUSI: options data unavailable from all sources
2026-07-13 16:40:35,799 WARNING src.options_filter: BGI: options data unavailable from all sources
2026-07-13 16:40:39,596 WARNING src.options_filter: BMXI: options data unavailable from all sources
2026-07-13 16:40:43,356 WARNING src.options_filter: BQ: options data unavailable from all sources
2026-07-13 16:40:47,083 WARNING src.options_filter: BRIA: options data unavailable from all sources
2026-07-13 16:40:47,883 ERROR yfinance: HTTP Error 404: {"quoteSummary":{"result":null,"error":{"code":"Not Found","description":"Quote not found for symbol: DFCO"}}}
2026-07-13 16:40:48,387 ERROR yfinance: $DFCO: possibly delisted; no price data found  (period=1mo) (Yahoo error = "No data found, symbol may be delisted")
2026-07-13 16:40:52,643 WARNING src.options_filter: DFCO: options data unavailable from all sources
2026-07-13 16:40:56,514 WARNING src.options_filter: DIT: options data unavailable from all sources
2026-07-13 16:41:00,277 WARNING src.options_filter: DSNY: options data unavailable from all sources
2026-07-13 16:41:04,002 WARNING src.options_filter: ECBK: options data unavailable from all sources
2026-07-13 16:41:07,781 WARNING src.options_filter: FMHS: options data unavailable from all sources
2026-07-13 16:41:08,670 ERROR yfinance: HTTP Error 404: {"quoteSummary":{"result":null,"error":{"code":"Not Found","description":"Quote not found for symbol: GNTY"}}}
2026-07-13 16:41:09,180 ERROR yfinance: $GNTY: possibly delisted; no price data found  (period=1mo) (Yahoo error = "No data found, symbol may be delisted")
2026-07-13 16:41:13,441 WARNING src.options_filter: GNTY: options data unavailable from all sources
2026-07-13 16:41:17,218 WARNING src.options_filter: GOVB: options data unavailable from all sources
2026-07-13 16:41:21,159 WARNING src.options_filter: HSTA: options data unavailable from all sources
2026-07-13 16:41:21,767 ERROR yfinance: $IPG: possibly delisted; no price data found  (period=1mo) (Yahoo error = "No data found, symbol may be delisted")
2026-07-13 16:41:26,023 WARNING src.options_filter: IPG: options data unavailable from all sources
2026-07-13 16:41:29,786 WARNING src.options_filter: JCTC: options data unavailable from all sources
2026-07-13 16:41:33,513 WARNING src.options_filter: KTHN: options data unavailable from all sources
2026-07-13 16:41:34,023 ERROR yfinance: $MBCN: possibly delisted; no price data found  (period=1mo) (Yahoo error = "No data found, symbol may be delisted")
2026-07-13 16:41:38,245 WARNING src.options_filter: MBCN: options data unavailable from all sources
2026-07-13 16:41:38,814 ERROR yfinance: $MCBI: possibly delisted; no price data found  (period=1mo) (Yahoo error = "No data found, symbol may be delisted")
2026-07-13 16:41:43,072 WARNING src.options_filter: MCBI: options data unavailable from all sources
2026-07-13 16:41:46,847 WARNING src.options_filter: MNSB: options data unavailable from all sources
2026-07-13 16:41:50,612 WARNING src.options_filter: PMIR: options data unavailable from all sources
2026-07-13 16:41:54,402 WARNING src.options_filter: PSBQ: options data unavailable from all sources
2026-07-13 16:41:58,113 WARNING src.options_filter: QEPC: options data unavailable from all sources
2026-07-13 16:42:01,945 WARNING src.options_filter: QNBC: options data unavailable from all sources
2026-07-13 16:42:05,845 WARNING src.options_filter: SPWR: options data unavailable from all sources
2026-07-13 16:42:09,616 WARNING src.options_filter: TLNC: options data unavailable from all sources
2026-07-13 16:42:13,330 WARNING src.options_filter: TRCY: options data unavailable from all sources
2026-07-13 16:42:17,084 WARNING src.options_filter: UPC: options data unavailable from all sources
2026-07-13 16:42:17,684 ERROR yfinance: $VTYB: possibly delisted; no price data found  (period=1mo) (Yahoo error = "No data found, symbol may be delisted")
2026-07-13 16:42:21,906 WARNING src.options_filter: VTYB: options data unavailable from all sources
2026-07-13 16:42:25,621 WARNING src.options_filter: WELNF: options data unavailable from all sources
2026-07-13 16:42:29,377 WARNING src.options_filter: WTF: options data unavailable from all sources
2026-07-13 16:42:33,334 WARNING src.options_filter: ACU: options data unavailable from all sources
2026-07-13 16:42:37,067 WARNING src.options_filter: BALY: options data unavailable from all sources
2026-07-13 16:42:40,898 WARNING src.options_filter: BOTJ: options data unavailable from all sources
2026-07-13 16:42:44,674 WARNING src.options_filter: CCBC: options data unavailable from all sources
2026-07-13 16:42:48,405 WARNING src.options_filter: CCFN: options data unavailable from all sources
2026-07-13 16:42:52,220 WARNING src.options_filter: ORBN: options data unavailable from all sources
2026-07-13 16:42:52,838 ERROR yfinance: $ADN: possibly delisted; no price data found  (period=1mo) (Yahoo error = "No data found, symbol may be delisted")
2026-07-13 16:42:57,111 WARNING src.options_filter: ADN: options data unavailable from all sources
2026-07-13 16:43:00,918 WARNING src.options_filter: ASII: options data unavailable from all sources
2026-07-13 16:43:04,695 WARNING src.options_filter: BSVN: options data unavailable from all sources
2026-07-13 16:43:08,510 WARNING src.options_filter: CHMG: options data unavailable from all sources
2026-07-13 16:43:12,244 WARNING src.options_filter: CPKF: options data unavailable from all sources
2026-07-13 16:43:16,016 WARNING src.options_filter: ENBP: options data unavailable from all sources
2026-07-13 16:43:19,750 WARNING src.options_filter: FMCB: options data unavailable from all sources
2026-07-13 16:43:23,513 WARNING src.options_filter: HOVR: options data unavailable from all sources
2026-07-13 16:43:27,234 WARNING src.options_filter: JUVF: options data unavailable from all sources
2026-07-13 16:43:31,028 WARNING src.options_filter: NCL: options data unavailable from all sources
2026-07-13 16:43:34,821 WARNING src.options_filter: OVLY: options data unavailable from all sources
2026-07-13 16:43:38,586 WARNING src.options_filter: PFIS: options data unavailable from all sources
2026-07-13 16:43:42,386 WARNING src.options_filter: SBSAA: options data unavailable from all sources
2026-07-13 16:43:46,183 WARNING src.options_filter: TRUX: options data unavailable from all sources
2026-07-13 16:43:49,960 WARNING src.options_filter: USMT: options data unavailable from all sources
2026-07-13 16:43:50,525 ERROR yfinance: $VBTX: possibly delisted; no price data found  (period=1mo) (Yahoo error = "No data found, symbol may be delisted")
2026-07-13 16:43:54,773 WARNING src.options_filter: VBTX: options data unavailable from all sources
2026-07-13 16:43:58,514 WARNING src.options_filter: ADX: options data unavailable from all sources
2026-07-13 16:44:02,283 WARNING src.options_filter: BVFL: options data unavailable from all sources
2026-07-13 16:44:06,048 WARNING src.options_filter: CCTG: options data unavailable from all sources
2026-07-13 16:44:09,849 WARNING src.options_filter: CZBT: options data unavailable from all sources
2026-07-13 16:44:13,617 WARNING src.options_filter: EVN: options data unavailable from all sources
2026-07-13 16:44:17,463 WARNING src.options_filter: GURE: options data unavailable from all sources
2026-07-13 16:44:21,233 WARNING src.options_filter: KARO: options data unavailable from all sources
2026-07-13 16:44:24,982 WARNING src.options_filter: LOGN: options data unavailable from all sources
2026-07-13 16:44:28,960 WARNING src.options_filter: SBI: options data unavailable from all sources
2026-07-13 16:44:32,715 WARNING src.options_filter: SGRP: options data unavailable from all sources
2026-07-13 16:44:33,520 ERROR yfinance: $UBFO: possibly delisted; no price data found  (period=1mo) (Yahoo error = "No data found, symbol may be delisted")
2026-07-13 16:44:37,968 WARNING src.options_filter: UBFO: options data unavailable from all sources
2026-07-13 16:44:41,890 WARNING src.options_filter: UBOH: options data unavailable from all sources
2026-07-13 16:44:45,667 WARNING src.options_filter: BRLL: options data unavailable from all sources
2026-07-13 16:44:46,581 ERROR yfinance: $CANB: possibly delisted; no price data found  (period=1mo) (Yahoo error = "No data found, symbol may be delisted")
2026-07-13 16:44:50,807 WARNING src.options_filter: CANB: options data unavailable from all sources
2026-07-13 16:44:51,440 ERROR yfinance: $CRSB: possibly delisted; no price data found  (period=1mo) (Yahoo error = "No data found, symbol may be delisted")
2026-07-13 16:44:55,626 WARNING src.options_filter: CRSB: options data unavailable from all sources
2026-07-13 16:44:56,034 ERROR yfinance: $CXH: possibly delisted; no price data found  (period=1mo)
2026-07-13 16:45:00,317 WARNING src.options_filter: CXH: options data unavailable from all sources
2026-07-13 16:45:04,052 WARNING src.options_filter: HARL: options data unavailable from all sources
2026-07-13 16:45:07,830 WARNING src.options_filter: KMTS: options data unavailable from all sources
2026-07-13 16:45:11,583 WARNING src.options_filter: PBNC: options data unavailable from all sources
2026-07-13 16:45:15,371 WARNING src.options_filter: PXED: options data unavailable from all sources
2026-07-13 16:45:16,308 ERROR yfinance: $SNV: possibly delisted; no price data found  (period=1mo) (Yahoo error = "No data found, symbol may be delisted")
2026-07-13 16:45:20,613 WARNING src.options_filter: SNV: options data unavailable from all sources
2026-07-13 16:45:24,314 WARNING src.options_filter: AMFC: options data unavailable from all sources
2026-07-13 16:45:28,008 WARNING src.options_filter: ANVI: options data unavailable from all sources
2026-07-13 16:45:31,695 WARNING src.options_filter: ASRE: options data unavailable from all sources
2026-07-13 16:45:35,428 WARNING src.options_filter: AXXA: options data unavailable from all sources
2026-07-13 16:45:39,186 WARNING src.options_filter: BSFC: options data unavailable from all sources
2026-07-13 16:45:42,922 WARNING src.options_filter: BTCY: options data unavailable from all sources
2026-07-13 16:45:46,638 WARNING src.options_filter: BZYR: options data unavailable from all sources
2026-07-13 16:45:50,477 WARNING src.options_filter: CAHO: options data unavailable from all sources
2026-07-13 16:45:54,165 WARNING src.options_filter: CAWW: options data unavailable from all sources
2026-07-13 16:45:57,918 WARNING src.options_filter: CEFC: options data unavailable from all sources
2026-07-13 16:46:01,697 WARNING src.options_filter: CNAF: options data unavailable from all sources
2026-07-13 16:46:05,385 WARNING src.options_filter: CTM: options data unavailable from all sources
2026-07-13 16:46:09,115 WARNING src.options_filter: ENRT: options data unavailable from all sources
2026-07-13 16:46:09,331 ERROR yfinance: $GTI: possibly delisted; no price data found  (period=1mo)
2026-07-13 16:46:13,562 WARNING src.options_filter: GTI: options data unavailable from all sources
2026-07-13 16:46:17,282 WARNING src.options_filter: GTPS: options data unavailable from all sources
2026-07-13 16:46:20,977 WARNING src.options_filter: KOAN: options data unavailable from all sources
2026-07-13 16:46:24,715 WARNING src.options_filter: LEXX: options data unavailable from all sources
2026-07-13 16:46:28,433 WARNING src.options_filter: NFTM: options data unavailable from all sources
2026-07-13 16:46:32,167 WARNING src.options_filter: NRIS: options data unavailable from all sources
2026-07-13 16:46:35,885 WARNING src.options_filter: NTRP: options data unavailable from all sources
2026-07-13 16:46:39,626 WARNING src.options_filter: OTGA: options data unavailable from all sources
2026-07-13 16:46:43,374 WARNING src.options_filter: PUBC: options data unavailable from all sources
2026-07-13 16:46:47,110 WARNING src.options_filter: QSEA: options data unavailable from all sources
2026-07-13 16:46:50,790 WARNING src.options_filter: RAY: options data unavailable from all sources
2026-07-13 16:46:54,635 WARNING src.options_filter: RJDG: options data unavailable from all sources
2026-07-13 16:46:58,329 WARNING src.options_filter: ROMA: options data unavailable from all sources
2026-07-13 16:47:02,061 WARNING src.options_filter: SCGY: options data unavailable from all sources
2026-07-13 16:47:05,826 WARNING src.options_filter: SIGL: options data unavailable from all sources
2026-07-13 16:47:09,510 WARNING src.options_filter: SPRS: options data unavailable from all sources
2026-07-13 16:47:13,219 WARNING src.options_filter: SVIN: options data unavailable from all sources
2026-07-13 16:47:16,927 WARNING src.options_filter: TETEF: options data unavailable from all sources
2026-07-13 16:47:20,619 WARNING src.options_filter: UNTN: options data unavailable from all sources
2026-07-13 16:47:24,313 WARNING src.options_filter: YAAS: options data unavailable from all sources
2026-07-13 16:47:28,076 WARNING src.options_filter: YDES: options data unavailable from all sources
2026-07-13 16:47:31,766 WARNING src.options_filter: GLDG: options data unavailable from all sources
2026-07-13 16:47:35,511 WARNING src.options_filter: PAPL: options data unavailable from all sources
2026-07-13 16:47:39,200 WARNING src.options_filter: CRMT: options data unavailable from all sources
2026-07-13 16:47:42,964 WARNING src.options_filter: PLBC: options data unavailable from all sources
2026-07-13 16:47:46,686 WARNING src.options_filter: UNB: options data unavailable from all sources
2026-07-13 16:47:50,423 WARNING src.options_filter: BFC: options data unavailable from all sources
2026-07-13 16:47:54,125 WARNING src.options_filter: AUC: options data unavailable from all sources
2026-07-13 16:47:54,867 ERROR yfinance: $UNKNOWN: possibly delisted; no price data found  (period=1mo) (Yahoo error = "No data found, symbol may be delisted")
2026-07-13 16:47:59,070 WARNING src.options_filter: UNKNOWN: options data unavailable from all sources
2026-07-13 16:47:59,314 ERROR yfinance: $UNKNOWN: possibly delisted; no price data found  (period=1mo) (Yahoo error = "No data found, symbol may be delisted")
2026-07-13 16:48:03,580 WARNING src.options_filter: UNKNOWN: options data unavailable from all sources
2026-07-13 16:48:03,819 ERROR yfinance: $UNKNOWN: possibly delisted; no price data found  (period=1mo) (Yahoo error = "No data found, symbol may be delisted")
2026-07-13 16:48:08,004 WARNING src.options_filter: UNKNOWN: options data unavailable from all sources
2026-07-13 16:48:08,271 ERROR yfinance: $UNKNOWN: possibly delisted; no price data found  (period=1mo) (Yahoo error = "No data found, symbol may be delisted")
2026-07-13 16:48:12,459 WARNING src.options_filter: UNKNOWN: options data unavailable from all sources
2026-07-13 16:48:12,841 ERROR yfinance: $UNKNOWN: possibly delisted; no price data found  (period=1mo) (Yahoo error = "No data found, symbol may be delisted")
2026-07-13 16:48:17,165 WARNING src.options_filter: UNKNOWN: options data unavailable from all sources
2026-07-13 16:48:17,476 ERROR yfinance: $UNKNOWN: possibly delisted; no price data found  (period=1mo) (Yahoo error = "No data found, symbol may be delisted")
2026-07-13 16:48:21,709 WARNING src.options_filter: UNKNOWN: options data unavailable from all sources
2026-07-13 16:48:21,961 ERROR yfinance: $UNKNOWN: possibly delisted; no price data found  (period=1mo) (Yahoo error = "No data found, symbol may be delisted")
2026-07-13 16:48:26,156 WARNING src.options_filter: UNKNOWN: options data unavailable from all sources
2026-07-13 16:48:26,529 ERROR yfinance: $UNKNOWN: possibly delisted; no price data found  (period=1mo) (Yahoo error = "No data found, symbol may be delisted")
2026-07-13 16:48:30,713 WARNING src.options_filter: UNKNOWN: options data unavailable from all sources
2026-07-13 16:48:31,045 ERROR yfinance: $UNKNOWN: possibly delisted; no price data found  (period=1mo) (Yahoo error = "No data found, symbol may be delisted")
2026-07-13 16:48:35,278 WARNING src.options_filter: UNKNOWN: options data unavailable from all sources
2026-07-13 16:48:35,688 ERROR yfinance: $UNKNOWN: possibly delisted; no price data found  (period=1mo) (Yahoo error = "No data found, symbol may be delisted")
2026-07-13 16:48:39,883 WARNING src.options_filter: UNKNOWN: options data unavailable from all sources
2026-07-13 16:48:40,243 ERROR yfinance: $UNKNOWN: possibly delisted; no price data found  (period=1mo) (Yahoo error = "No data found, symbol may be delisted")
2026-07-13 16:48:44,424 WARNING src.options_filter: UNKNOWN: options data unavailable from all sources
2026-07-13 16:48:44,687 ERROR yfinance: $UNKNOWN: possibly delisted; no price data found  (period=1mo) (Yahoo error = "No data found, symbol may be delisted")
2026-07-13 16:48:48,884 WARNING src.options_filter: UNKNOWN: options data unavailable from all sources
2026-07-13 16:48:49,226 ERROR yfinance: $UNKNOWN: possibly delisted; no price data found  (period=1mo) (Yahoo error = "No data found, symbol may be delisted")
2026-07-13 16:48:53,408 WARNING src.options_filter: UNKNOWN: options data unavailable from all sources
2026-07-13 16:48:53,715 ERROR yfinance: $UNKNOWN: possibly delisted; no price data found  (period=1mo) (Yahoo error = "No data found, symbol may be delisted")
2026-07-13 16:48:58,081 WARNING src.options_filter: UNKNOWN: options data unavailable from all sources
2026-07-13 16:48:58,742 ERROR yfinance: $NWSLL: possibly delisted; no price data found  (period=1mo) (Yahoo error = "No data found, symbol may be delisted")
2026-07-13 16:49:02,960 WARNING src.options_filter: NWSLL: options data unavailable from all sources
2026-07-13 16:49:03,382 ERROR yfinance: $UNKNOWN: possibly delisted; no price data found  (period=1mo) (Yahoo error = "No data found, symbol may be delisted")
2026-07-13 16:49:07,568 WARNING src.options_filter: UNKNOWN: options data unavailable from all sources
2026-07-13 16:49:07,856 ERROR yfinance: $UNKNOWN: possibly delisted; no price data found  (period=1mo) (Yahoo error = "No data found, symbol may be delisted")
2026-07-13 16:49:12,330 WARNING src.options_filter: UNKNOWN: options data unavailable from all sources
2026-07-13 16:49:12,628 ERROR yfinance: $UNKNOWN: possibly delisted; no price data found  (period=1mo) (Yahoo error = "No data found, symbol may be delisted")
2026-07-13 16:49:16,841 WARNING src.options_filter: UNKNOWN: options data unavailable from all sources
2026-07-13 16:49:17,116 ERROR yfinance: $UNKNOWN: possibly delisted; no price data found  (period=1mo) (Yahoo error = "No data found, symbol may be delisted")
2026-07-13 16:49:21,329 WARNING src.options_filter: UNKNOWN: options data unavailable from all sources
2026-07-13 16:49:21,586 ERROR yfinance: $UNKNOWN: possibly delisted; no price data found  (period=1mo) (Yahoo error = "No data found, symbol may be delisted")
2026-07-13 16:49:25,894 WARNING src.options_filter: UNKNOWN: options data unavailable from all sources
2026-07-13 16:49:26,253 ERROR yfinance: $UNKNOWN: possibly delisted; no price data found  (period=1mo) (Yahoo error = "No data found, symbol may be delisted")
2026-07-13 16:49:30,544 WARNING src.options_filter: UNKNOWN: options data unavailable from all sources
2026-07-13 16:49:30,851 ERROR yfinance: $UNKNOWN: possibly delisted; no price data found  (period=1mo) (Yahoo error = "No data found, symbol may be delisted")
2026-07-13 16:49:35,138 WARNING src.options_filter: UNKNOWN: options data unavailable from all sources
2026-07-13 16:49:35,375 ERROR yfinance: $UNKNOWN: possibly delisted; no price data found  (period=1mo) (Yahoo error = "No data found, symbol may be delisted")
2026-07-13 16:49:39,634 WARNING src.options_filter: UNKNOWN: options data unavailable from all sources
2026-07-13 16:49:40,010 ERROR yfinance: $UNKNOWN: possibly delisted; no price data found  (period=1mo) (Yahoo error = "No data found, symbol may be delisted")
2026-07-13 16:49:44,282 WARNING src.options_filter: UNKNOWN: options data unavailable from all sources
2026-07-13 16:49:44,570 ERROR yfinance: $UNKNOWN: possibly delisted; no price data found  (period=1mo) (Yahoo error = "No data found, symbol may be delisted")
2026-07-13 16:49:48,785 WARNING src.options_filter: UNKNOWN: options data unavailable from all sources
2026-07-13 16:49:49,040 ERROR yfinance: $UNKNOWN: possibly delisted; no price data found  (period=1mo) (Yahoo error = "No data found, symbol may be delisted")
2026-07-13 16:49:53,267 WARNING src.options_filter: UNKNOWN: options data unavailable from all sources
2026-07-13 16:49:53,598 ERROR yfinance: $UNKNOWN: possibly delisted; no price data found  (period=1mo) (Yahoo error = "No data found, symbol may be delisted")
2026-07-13 16:49:57,821 WARNING src.options_filter: UNKNOWN: options data unavailable from all sources
2026-07-13 16:49:58,170 ERROR yfinance: $UNKNOWN: possibly delisted; no price data found  (period=1mo) (Yahoo error = "No data found, symbol may be delisted")
2026-07-13 16:50:02,391 WARNING src.options_filter: UNKNOWN: options data unavailable from all sources
2026-07-13 16:50:02,708 ERROR yfinance: $UNKNOWN: possibly delisted; no price data found  (period=1mo) (Yahoo error = "No data found, symbol may be delisted")
2026-07-13 16:50:07,004 WARNING src.options_filter: UNKNOWN: options data unavailable from all sources
2026-07-13 16:50:07,319 ERROR yfinance: $UNKNOWN: possibly delisted; no price data found  (period=1mo) (Yahoo error = "No data found, symbol may be delisted")
2026-07-13 16:50:11,577 WARNING src.options_filter: UNKNOWN: options data unavailable from all sources
2026-07-13 16:50:11,925 ERROR yfinance: $UNKNOWN: possibly delisted; no price data found  (period=1mo) (Yahoo error = "No data found, symbol may be delisted")
2026-07-13 16:50:16,138 WARNING src.options_filter: UNKNOWN: options data unavailable from all sources
2026-07-13 16:50:16,460 ERROR yfinance: $UNKNOWN: possibly delisted; no price data found  (period=1mo) (Yahoo error = "No data found, symbol may be delisted")
2026-07-13 16:50:20,724 WARNING src.options_filter: UNKNOWN: options data unavailable from all sources
2026-07-13 16:50:21,031 ERROR yfinance: $UNKNOWN: possibly delisted; no price data found  (period=1mo) (Yahoo error = "No data found, symbol may be delisted")
2026-07-13 16:50:25,309 WARNING src.options_filter: UNKNOWN: options data unavailable from all sources
2026-07-13 16:50:25,663 ERROR yfinance: $UNKNOWN: possibly delisted; no price data found  (period=1mo) (Yahoo error = "No data found, symbol may be delisted")
2026-07-13 16:50:29,911 WARNING src.options_filter: UNKNOWN: options data unavailable from all sources
2026-07-13 16:50:30,220 ERROR yfinance: $UNKNOWN: possibly delisted; no price data found  (period=1mo) (Yahoo error = "No data found, symbol may be delisted")
2026-07-13 16:50:34,438 WARNING src.options_filter: UNKNOWN: options data unavailable from all sources
2026-07-13 16:50:34,773 ERROR yfinance: $UNKNOWN: possibly delisted; no price data found  (period=1mo) (Yahoo error = "No data found, symbol may be delisted")
2026-07-13 16:50:39,058 WARNING src.options_filter: UNKNOWN: options data unavailable from all sources
2026-07-13 16:50:39,389 ERROR yfinance: $UNKNOWN: possibly delisted; no price data found  (period=1mo) (Yahoo error = "No data found, symbol may be delisted")
2026-07-13 16:50:43,660 WARNING src.options_filter: UNKNOWN: options data unavailable from all sources
2026-07-13 16:50:43,990 ERROR yfinance: $UNKNOWN: possibly delisted; no price data found  (period=1mo) (Yahoo error = "No data found, symbol may be delisted")
2026-07-13 16:50:48,297 WARNING src.options_filter: UNKNOWN: options data unavailable from all sources
2026-07-13 16:50:48,726 ERROR yfinance: $UNKNOWN: possibly delisted; no price data found  (period=1mo) (Yahoo error = "No data found, symbol may be delisted")
2026-07-13 16:50:53,033 WARNING src.options_filter: UNKNOWN: options data unavailable from all sources
2026-07-13 16:50:53,304 ERROR yfinance: $UNKNOWN: possibly delisted; no price data found  (period=1mo) (Yahoo error = "No data found, symbol may be delisted")
2026-07-13 16:50:57,559 WARNING src.options_filter: UNKNOWN: options data unavailable from all sources
2026-07-13 16:50:57,905 ERROR yfinance: $UNKNOWN: possibly delisted; no price data found  (period=1mo) (Yahoo error = "No data found, symbol may be delisted")
2026-07-13 16:51:02,195 WARNING src.options_filter: UNKNOWN: options data unavailable from all sources
2026-07-13 16:51:02,547 ERROR yfinance: $UNKNOWN: possibly delisted; no price data found  (period=1mo) (Yahoo error = "No data found, symbol may be delisted")
2026-07-13 16:51:06,798 WARNING src.options_filter: UNKNOWN: options data unavailable from all sources
2026-07-13 16:51:07,113 ERROR yfinance: $UNKNOWN: possibly delisted; no price data found  (period=1mo) (Yahoo error = "No data found, symbol may be delisted")
2026-07-13 16:51:11,384 WARNING src.options_filter: UNKNOWN: options data unavailable from all sources
2026-07-13 16:51:11,703 ERROR yfinance: $UNKNOWN: possibly delisted; no price data found  (period=1mo) (Yahoo error = "No data found, symbol may be delisted")
2026-07-13 16:51:15,969 WARNING src.options_filter: UNKNOWN: options data unavailable from all sources
2026-07-13 16:51:19,777 WARNING src.options_filter: FOUR-PA: options data unavailable from all sources
2026-07-13 16:51:20,126 ERROR yfinance: $UNKNOWN: possibly delisted; no price data found  (period=1mo) (Yahoo error = "No data found, symbol may be delisted")
2026-07-13 16:51:24,420 WARNING src.options_filter: UNKNOWN: options data unavailable from all sources
2026-07-13 16:51:24,770 ERROR yfinance: $UNKNOWN: possibly delisted; no price data found  (period=1mo) (Yahoo error = "No data found, symbol may be delisted")
2026-07-13 16:51:29,025 WARNING src.options_filter: UNKNOWN: options data unavailable from all sources
2026-07-13 16:51:29,344 ERROR yfinance: $UNKNOWN: possibly delisted; no price data found  (period=1mo) (Yahoo error = "No data found, symbol may be delisted")
2026-07-13 16:51:33,613 WARNING src.options_filter: UNKNOWN: options data unavailable from all sources
2026-07-13 16:51:33,933 ERROR yfinance: $UNKNOWN: possibly delisted; no price data found  (period=1mo) (Yahoo error = "No data found, symbol may be delisted")
2026-07-13 16:51:38,176 WARNING src.options_filter: UNKNOWN: options data unavailable from all sources
2026-07-13 16:51:38,480 ERROR yfinance: $UNKNOWN: possibly delisted; no price data found  (period=1mo) (Yahoo error = "No data found, symbol may be delisted")
2026-07-13 16:51:42,977 WARNING src.options_filter: UNKNOWN: options data unavailable from all sources
2026-07-13 16:51:43,313 ERROR yfinance: $UNKNOWN: possibly delisted; no price data found  (period=1mo) (Yahoo error = "No data found, symbol may be delisted")
2026-07-13 16:51:47,592 WARNING src.options_filter: UNKNOWN: options data unavailable from all sources
2026-07-13 16:51:47,927 ERROR yfinance: $UNKNOWN: possibly delisted; no price data found  (period=1mo) (Yahoo error = "No data found, symbol may be delisted")
2026-07-13 16:51:52,135 WARNING src.options_filter: UNKNOWN: options data unavailable from all sources
2026-07-13 16:51:52,447 ERROR yfinance: $UNKNOWN: possibly delisted; no price data found  (period=1mo) (Yahoo error = "No data found, symbol may be delisted")
2026-07-13 16:51:56,698 WARNING src.options_filter: UNKNOWN: options data unavailable from all sources
2026-07-13 16:51:56,997 ERROR yfinance: $UNKNOWN: possibly delisted; no price data found  (period=1mo) (Yahoo error = "No data found, symbol may be delisted")
2026-07-13 16:52:01,250 WARNING src.options_filter: UNKNOWN: options data unavailable from all sources
2026-07-13 16:52:01,503 ERROR yfinance: $UNKNOWN: possibly delisted; no price data found  (period=1mo) (Yahoo error = "No data found, symbol may be delisted")
2026-07-13 16:52:05,754 WARNING src.options_filter: UNKNOWN: options data unavailable from all sources
2026-07-13 16:52:06,005 ERROR yfinance: $UNKNOWN: possibly delisted; no price data found  (period=1mo) (Yahoo error = "No data found, symbol may be delisted")
2026-07-13 16:52:10,239 WARNING src.options_filter: UNKNOWN: options data unavailable from all sources
2026-07-13 16:52:10,605 ERROR yfinance: $UNKNOWN: possibly delisted; no price data found  (period=1mo) (Yahoo error = "No data found, symbol may be delisted")
2026-07-13 16:52:14,841 WARNING src.options_filter: UNKNOWN: options data unavailable from all sources
2026-07-13 16:52:15,235 ERROR yfinance: $UNKNOWN: possibly delisted; no price data found  (period=1mo) (Yahoo error = "No data found, symbol may be delisted")
2026-07-13 16:52:19,510 WARNING src.options_filter: UNKNOWN: options data unavailable from all sources
2026-07-13 16:52:19,795 ERROR yfinance: $UNKNOWN: possibly delisted; no price data found  (period=1mo) (Yahoo error = "No data found, symbol may be delisted")
2026-07-13 16:52:24,048 WARNING src.options_filter: UNKNOWN: options data unavailable from all sources
2026-07-13 16:52:24,373 ERROR yfinance: $UNKNOWN: possibly delisted; no price data found  (period=1mo) (Yahoo error = "No data found, symbol may be delisted")
2026-07-13 16:52:28,583 WARNING src.options_filter: UNKNOWN: options data unavailable from all sources
2026-07-13 16:52:28,836 ERROR yfinance: $UNKNOWN: possibly delisted; no price data found  (period=1mo) (Yahoo error = "No data found, symbol may be delisted")
2026-07-13 16:52:33,102 WARNING src.options_filter: UNKNOWN: options data unavailable from all sources
2026-07-13 16:52:33,452 ERROR yfinance: $UNKNOWN: possibly delisted; no price data found  (period=1mo) (Yahoo error = "No data found, symbol may be delisted")
2026-07-13 16:52:37,687 WARNING src.options_filter: UNKNOWN: options data unavailable from all sources
2026-07-13 16:52:37,994 ERROR yfinance: $UNKNOWN: possibly delisted; no price data found  (period=1mo) (Yahoo error = "No data found, symbol may be delisted")
2026-07-13 16:52:42,234 WARNING src.options_filter: UNKNOWN: options data unavailable from all sources
2026-07-13 16:52:46,245 WARNING src.options_filter: CODI-PA: options data unavailable from all sources
2026-07-13 16:52:46,548 ERROR yfinance: $UNKNOWN: possibly delisted; no price data found  (period=1mo) (Yahoo error = "No data found, symbol may be delisted")
2026-07-13 16:52:50,795 WARNING src.options_filter: UNKNOWN: options data unavailable from all sources
2026-07-13 16:52:51,075 ERROR yfinance: $UNKNOWN: possibly delisted; no price data found  (period=1mo) (Yahoo error = "No data found, symbol may be delisted")
2026-07-13 16:52:55,297 WARNING src.options_filter: UNKNOWN: options data unavailable from all sources
2026-07-13 16:52:55,755 ERROR yfinance: $UNKNOWN: possibly delisted; no price data found  (period=1mo) (Yahoo error = "No data found, symbol may be delisted")
2026-07-13 16:52:59,999 WARNING src.options_filter: UNKNOWN: options data unavailable from all sources
2026-07-13 16:53:00,382 ERROR yfinance: $UNKNOWN: possibly delisted; no price data found  (period=1mo) (Yahoo error = "No data found, symbol may be delisted")
2026-07-13 16:53:04,632 WARNING src.options_filter: UNKNOWN: options data unavailable from all sources
2026-07-13 16:53:05,000 ERROR yfinance: $UNKNOWN: possibly delisted; no price data found  (period=1mo) (Yahoo error = "No data found, symbol may be delisted")
2026-07-13 16:53:09,291 WARNING src.options_filter: UNKNOWN: options data unavailable from all sources
2026-07-13 16:53:09,634 ERROR yfinance: $UNKNOWN: possibly delisted; no price data found  (period=1mo) (Yahoo error = "No data found, symbol may be delisted")
2026-07-13 16:53:13,890 WARNING src.options_filter: UNKNOWN: options data unavailable from all sources
2026-07-13 16:53:14,179 ERROR yfinance: $UNKNOWN: possibly delisted; no price data found  (period=1mo) (Yahoo error = "No data found, symbol may be delisted")
2026-07-13 16:53:18,407 WARNING src.options_filter: UNKNOWN: options data unavailable from all sources
2026-07-13 16:53:18,732 ERROR yfinance: $UNKNOWN: possibly delisted; no price data found  (period=1mo) (Yahoo error = "No data found, symbol may be delisted")
2026-07-13 16:53:22,978 WARNING src.options_filter: UNKNOWN: options data unavailable from all sources
2026-07-13 16:53:23,409 ERROR yfinance: $UNKNOWN: possibly delisted; no price data found  (period=1mo) (Yahoo error = "No data found, symbol may be delisted")
2026-07-13 16:53:27,739 WARNING src.options_filter: UNKNOWN: options data unavailable from all sources
2026-07-13 16:53:28,056 ERROR yfinance: $UNKNOWN: possibly delisted; no price data found  (period=1mo) (Yahoo error = "No data found, symbol may be delisted")
2026-07-13 16:53:32,302 WARNING src.options_filter: UNKNOWN: options data unavailable from all sources
2026-07-13 16:53:32,623 ERROR yfinance: $UNKNOWN: possibly delisted; no price data found  (period=1mo) (Yahoo error = "No data found, symbol may be delisted")
2026-07-13 16:53:36,867 WARNING src.options_filter: UNKNOWN: options data unavailable from all sources
2026-07-13 16:53:37,139 ERROR yfinance: $UNKNOWN: possibly delisted; no price data found  (period=1mo) (Yahoo error = "No data found, symbol may be delisted")
2026-07-13 16:53:41,345 WARNING src.options_filter: UNKNOWN: options data unavailable from all sources
2026-07-13 16:53:45,143 WARNING src.options_filter: FOUR-PA: options data unavailable from all sources
2026-07-13 16:53:45,539 ERROR yfinance: $UNKNOWN: possibly delisted; no price data found  (period=1mo) (Yahoo error = "No data found, symbol may be delisted")
2026-07-13 16:53:49,789 WARNING src.options_filter: UNKNOWN: options data unavailable from all sources
2026-07-13 16:53:50,045 ERROR yfinance: $UNKNOWN: possibly delisted; no price data found  (period=1mo) (Yahoo error = "No data found, symbol may be delisted")
2026-07-13 16:53:54,252 WARNING src.options_filter: UNKNOWN: options data unavailable from all sources
2026-07-13 16:53:54,555 ERROR yfinance: $UNKNOWN: possibly delisted; no price data found  (period=1mo) (Yahoo error = "No data found, symbol may be delisted")
2026-07-13 16:53:58,777 WARNING src.options_filter: UNKNOWN: options data unavailable from all sources
2026-07-13 16:53:59,120 ERROR yfinance: $UNKNOWN: possibly delisted; no price data found  (period=1mo) (Yahoo error = "No data found, symbol may be delisted")
2026-07-13 16:54:03,397 WARNING src.options_filter: UNKNOWN: options data unavailable from all sources
2026-07-13 16:54:03,737 ERROR yfinance: $UNKNOWN: possibly delisted; no price data found  (period=1mo) (Yahoo error = "No data found, symbol may be delisted")
2026-07-13 16:54:07,940 WARNING src.options_filter: UNKNOWN: options data unavailable from all sources
2026-07-13 16:54:08,314 ERROR yfinance: $UNKNOWN: possibly delisted; no price data found  (period=1mo) (Yahoo error = "No data found, symbol may be delisted")
2026-07-13 16:54:12,543 WARNING src.options_filter: UNKNOWN: options data unavailable from all sources
2026-07-13 16:54:12,993 ERROR yfinance: $UNKNOWN: possibly delisted; no price data found  (period=1mo) (Yahoo error = "No data found, symbol may be delisted")
2026-07-13 16:54:17,335 WARNING src.options_filter: UNKNOWN: options data unavailable from all sources
2026-07-13 16:54:17,657 ERROR yfinance: $UNKNOWN: possibly delisted; no price data found  (period=1mo) (Yahoo error = "No data found, symbol may be delisted")
2026-07-13 16:54:21,877 WARNING src.options_filter: UNKNOWN: options data unavailable from all sources
2026-07-13 16:54:22,155 ERROR yfinance: $UNKNOWN: possibly delisted; no price data found  (period=1mo) (Yahoo error = "No data found, symbol may be delisted")
2026-07-13 16:54:26,323 WARNING src.options_filter: UNKNOWN: options data unavailable from all sources
2026-07-13 16:54:26,603 ERROR yfinance: $UNKNOWN: possibly delisted; no price data found  (period=1mo) (Yahoo error = "No data found, symbol may be delisted")
2026-07-13 16:54:30,824 WARNING src.options_filter: UNKNOWN: options data unavailable from all sources
2026-07-13 16:54:31,226 ERROR yfinance: $UNKNOWN: possibly delisted; no price data found  (period=1mo) (Yahoo error = "No data found, symbol may be delisted")
2026-07-13 16:54:35,404 WARNING src.options_filter: UNKNOWN: options data unavailable from all sources
2026-07-13 16:54:35,700 ERROR yfinance: $UNKNOWN: possibly delisted; no price data found  (period=1mo) (Yahoo error = "No data found, symbol may be delisted")
2026-07-13 16:54:39,944 WARNING src.options_filter: UNKNOWN: options data unavailable from all sources
2026-07-13 16:54:39,944 INFO run_daily: Passed options gate: 61 events
2026-07-13 16:54:39,944 INFO run_daily: Step 7: enriching 61 events
2026-07-13 16:54:43,399 INFO run_daily: Step 8: dedup
2026-07-13 16:54:43,400 INFO run_daily: Step 9: ranking
2026-07-13 16:54:43,400 INFO run_daily: Step 10: writing digest
2026-07-13 16:54:43,423 INFO src.digest_writer: digest written: output/market_radar_2026-07-13.html
2026-07-13 16:54:43,423 INFO run_daily: === Done: output/market_radar_2026-07-13.html ===
