2026-06-30 15:31:50,667 INFO run_daily: === Market Event Radar starting — 2026-06-30 ===
2026-06-30 15:31:50,669 INFO run_daily: Step 1: fetching earnings calendar
2026-06-30 15:32:05,134 INFO src.event_fetcher: nasdaq earnings: 106 entries across 7 days
2026-06-30 15:32:06,328 INFO src.event_fetcher: finnhub earnings: 61 entries
2026-06-30 15:32:06,328 INFO src.event_fetcher: merged earnings universe: 155 unique tickers
2026-06-30 15:32:06,328 INFO run_daily: Step 2: fetching 8-K filings
2026-06-30 15:32:09,623 WARNING src.event_fetcher: EDGAR 8-K failed — no fallback available on free tier
2026-06-30 15:32:09,869 INFO run_daily: Step 3: building universe
2026-06-30 15:32:09,870 INFO src.universe: universe: 35 tickers (10 watchlist, 25 discovered)
2026-06-30 15:32:09,870 INFO run_daily: Universe: 35 tickers
2026-06-30 15:32:09,870 INFO run_daily: Step 4: yfinance cross-check for 35 tickers
2026-06-30 15:32:16,889 ERROR yfinance: HTTP Error 404: {"quoteSummary":{"result":null,"error":{"code":"Not Found","description":"Quote not found for symbol: MHI"}}}
2026-06-30 15:32:22,929 INFO run_daily: Step 5: building earnings events
2026-06-30 15:32:22,930 INFO src.source_merger: earnings events built: 155
2026-06-30 15:32:22,930 INFO run_daily: Step 5b: building 8-K events
2026-06-30 15:32:22,932 INFO run_daily: Step 6: options filter (155 candidates)
2026-06-30 15:32:23,363 ERROR yfinance: $AIDG: possibly delisted; no price data found  (period=1mo) (Yahoo error = "No data found, symbol may be delisted")
2026-06-30 15:32:27,528 WARNING src.options_filter: AIDG: options data unavailable from all sources
2026-06-30 15:32:31,844 WARNING src.options_filter: CEV: options data unavailable from all sources
2026-06-30 15:32:36,240 WARNING src.options_filter: CHBH: options data unavailable from all sources
2026-06-30 15:32:40,776 WARNING src.options_filter: CHSCP: options data unavailable from all sources
2026-06-30 15:32:47,398 WARNING src.options_filter: FPF: options data unavailable from all sources
2026-06-30 15:32:51,576 WARNING src.options_filter: KRUS: options data unavailable from all sources
2026-06-30 15:32:51,924 ERROR yfinance: HTTP Error 404: {"quoteSummary":{"result":null,"error":{"code":"Not Found","description":"Quote not found for symbol: MHI"}}}
2026-06-30 15:32:52,140 ERROR yfinance: $MHI: possibly delisted; no price data found  (period=1mo) (Yahoo error = "No data found, symbol may be delisted")
2026-06-30 15:32:56,230 WARNING src.options_filter: MHI: options data unavailable from all sources
2026-06-30 15:33:08,483 WARNING src.options_filter: ACP: options data unavailable from all sources
2026-06-30 15:33:12,088 WARNING src.options_filter: AOD: options data unavailable from all sources
2026-06-30 15:33:15,740 WARNING src.options_filter: ASII: options data unavailable from all sources
2026-06-30 15:33:19,337 WARNING src.options_filter: CET: options data unavailable from all sources
2026-06-30 15:33:23,014 WARNING src.options_filter: CYBL: options data unavailable from all sources
2026-06-30 15:33:26,620 WARNING src.options_filter: FAX: options data unavailable from all sources
2026-06-30 15:33:26,804 ERROR yfinance: $FCO: possibly delisted; no price data found  (period=1mo)
2026-06-30 15:33:30,935 WARNING src.options_filter: FCO: options data unavailable from all sources
2026-06-30 15:33:34,529 WARNING src.options_filter: HBSI: options data unavailable from all sources
2026-06-30 15:33:38,139 WARNING src.options_filter: HIX: options data unavailable from all sources
2026-06-30 15:33:41,791 WARNING src.options_filter: IAF: options data unavailable from all sources
2026-06-30 15:33:45,384 WARNING src.options_filter: NAD: options data unavailable from all sources
2026-06-30 15:33:48,971 WARNING src.options_filter: NEA: options data unavailable from all sources
2026-06-30 15:33:52,616 WARNING src.options_filter: NMZ: options data unavailable from all sources
2026-06-30 15:33:56,243 WARNING src.options_filter: NUV: options data unavailable from all sources
2026-06-30 15:33:59,867 WARNING src.options_filter: NVG: options data unavailable from all sources
2026-06-30 15:34:03,480 WARNING src.options_filter: RDZN: options data unavailable from all sources
2026-06-30 15:34:07,092 WARNING src.options_filter: SANW: options data unavailable from all sources
2026-06-30 15:34:10,717 WARNING src.options_filter: SBSAA: options data unavailable from all sources
2026-06-30 15:34:14,355 WARNING src.options_filter: BABB: options data unavailable from all sources
2026-06-30 15:34:17,955 WARNING src.options_filter: EACO: options data unavailable from all sources
2026-06-30 15:34:21,554 WARNING src.options_filter: ELLO: options data unavailable from all sources
2026-06-30 15:34:25,146 WARNING src.options_filter: HGYN: options data unavailable from all sources
2026-06-30 15:34:28,804 WARNING src.options_filter: HIRU: options data unavailable from all sources
2026-06-30 15:34:32,394 WARNING src.options_filter: JHI: options data unavailable from all sources
2026-06-30 15:34:35,986 WARNING src.options_filter: NZF: options data unavailable from all sources
2026-06-30 15:34:39,927 WARNING src.options_filter: PDT: options data unavailable from all sources
2026-06-30 15:34:43,579 WARNING src.options_filter: AVK: options data unavailable from all sources
2026-06-30 15:34:47,178 WARNING src.options_filter: BRW: options data unavailable from all sources
2026-06-30 15:34:50,782 WARNING src.options_filter: BWMG: options data unavailable from all sources
2026-06-30 15:34:54,846 WARNING src.options_filter: EAD: options data unavailable from all sources
2026-06-30 15:34:58,448 WARNING src.options_filter: ERC: options data unavailable from all sources
2026-06-30 15:35:02,075 WARNING src.options_filter: FLYE: options data unavailable from all sources
2026-06-30 15:35:05,730 WARNING src.options_filter: HTD: options data unavailable from all sources
2026-06-30 15:35:09,415 WARNING src.options_filter: LEGT: options data unavailable from all sources
2026-06-30 15:35:13,010 WARNING src.options_filter: MOJO: options data unavailable from all sources
2026-06-30 15:35:16,627 WARNING src.options_filter: NTZ: options data unavailable from all sources
2026-06-30 15:35:20,428 WARNING src.options_filter: CURR: options data unavailable from all sources
2026-06-30 15:35:24,046 WARNING src.options_filter: UCFI: options data unavailable from all sources
2026-06-30 15:35:27,671 WARNING src.options_filter: ALPS: options data unavailable from all sources
2026-06-30 15:35:31,281 WARNING src.options_filter: AAME: options data unavailable from all sources
2026-06-30 15:35:34,893 WARNING src.options_filter: BRLS: options data unavailable from all sources
2026-06-30 15:35:38,491 WARNING src.options_filter: NRSN: options data unavailable from all sources
2026-06-30 15:35:42,103 WARNING src.options_filter: UTSI: options data unavailable from all sources
2026-06-30 15:35:45,713 WARNING src.options_filter: RGNT: options data unavailable from all sources
2026-06-30 15:35:49,314 WARNING src.options_filter: REBN: options data unavailable from all sources
2026-06-30 15:35:52,959 WARNING src.options_filter: GDTC: options data unavailable from all sources
2026-06-30 15:35:56,599 WARNING src.options_filter: CETY: options data unavailable from all sources
2026-06-30 15:36:00,190 WARNING src.options_filter: RVSN: options data unavailable from all sources
2026-06-30 15:36:03,790 WARNING src.options_filter: GAUZ: options data unavailable from all sources
2026-06-30 15:36:07,400 WARNING src.options_filter: GURE: options data unavailable from all sources
2026-06-30 15:36:10,995 WARNING src.options_filter: NIVF: options data unavailable from all sources
2026-06-30 15:36:14,626 WARNING src.options_filter: UK: options data unavailable from all sources
2026-06-30 15:36:18,252 WARNING src.options_filter: LOT: options data unavailable from all sources
2026-06-30 15:36:21,867 WARNING src.options_filter: MLGO: options data unavailable from all sources
2026-06-30 15:36:25,472 WARNING src.options_filter: VIOT: options data unavailable from all sources
2026-06-30 15:36:29,077 WARNING src.options_filter: NSRX: options data unavailable from all sources
2026-06-30 15:36:32,672 WARNING src.options_filter: PLRZ: options data unavailable from all sources
2026-06-30 15:36:36,280 WARNING src.options_filter: SEGG: options data unavailable from all sources
2026-06-30 15:36:39,916 WARNING src.options_filter: DTSS: options data unavailable from all sources
2026-06-30 15:36:43,565 WARNING src.options_filter: NEXR: options data unavailable from all sources
2026-06-30 15:36:47,156 WARNING src.options_filter: TOPS: options data unavailable from all sources
2026-06-30 15:36:50,749 WARNING src.options_filter: VRAX: options data unavailable from all sources
2026-06-30 15:36:54,344 WARNING src.options_filter: LRHC: options data unavailable from all sources
2026-06-30 15:36:57,927 WARNING src.options_filter: BNRG: options data unavailable from all sources
2026-06-30 15:37:01,531 WARNING src.options_filter: BTTC: options data unavailable from all sources
2026-06-30 15:37:05,160 WARNING src.options_filter: TLX: options data unavailable from all sources
2026-06-30 15:37:08,917 WARNING src.options_filter: MTC: options data unavailable from all sources
2026-06-30 15:37:12,523 WARNING src.options_filter: NAMM: options data unavailable from all sources
2026-06-30 15:37:16,131 WARNING src.options_filter: ICG: options data unavailable from all sources
2026-06-30 15:37:20,524 WARNING src.options_filter: QTEX: options data unavailable from all sources
2026-06-30 15:37:24,123 WARNING src.options_filter: BGDE: options data unavailable from all sources
2026-06-30 15:37:27,713 WARNING src.options_filter: CCG: options data unavailable from all sources
2026-06-30 15:37:31,347 WARNING src.options_filter: EONR: options data unavailable from all sources
2026-06-30 15:37:34,980 WARNING src.options_filter: BMR: options data unavailable from all sources
2026-06-30 15:37:38,596 WARNING src.options_filter: CRMT: options data unavailable from all sources
2026-06-30 15:37:42,782 WARNING src.options_filter: SVRN: options data unavailable from all sources
2026-06-30 15:37:46,986 WARNING src.options_filter: PRZO: options data unavailable from all sources
2026-06-30 15:37:50,573 WARNING src.options_filter: IFBD: options data unavailable from all sources
2026-06-30 15:37:54,167 WARNING src.options_filter: GLMD: options data unavailable from all sources
2026-06-30 15:37:58,387 WARNING src.options_filter: PRFX: options data unavailable from all sources
2026-06-30 15:38:01,975 WARNING src.options_filter: WLDSW: options data unavailable from all sources
2026-06-30 15:38:05,562 WARNING src.options_filter: CDT: options data unavailable from all sources
2026-06-30 15:38:09,156 WARNING src.options_filter: VIVS: options data unavailable from all sources
2026-06-30 15:38:13,361 WARNING src.options_filter: BDRX: options data unavailable from all sources
2026-06-30 15:38:16,965 WARNING src.options_filter: GDEV: options data unavailable from all sources
2026-06-30 15:38:20,592 WARNING src.options_filter: WALD: options data unavailable from all sources
2026-06-30 15:38:24,188 WARNING src.options_filter: BHM: options data unavailable from all sources
2026-06-30 15:38:27,818 WARNING src.options_filter: AUC: options data unavailable from all sources
2026-06-30 15:38:32,057 WARNING src.options_filter: SFWL: options data unavailable from all sources
2026-06-30 15:38:36,231 WARNING src.options_filter: ZOOZ: options data unavailable from all sources
2026-06-30 15:38:39,825 WARNING src.options_filter: AACG: options data unavailable from all sources
2026-06-30 15:38:43,998 WARNING src.options_filter: HOLO: options data unavailable from all sources
2026-06-30 15:38:47,746 WARNING src.options_filter: FMST: options data unavailable from all sources
2026-06-30 15:38:51,387 WARNING src.options_filter: HUIZ: options data unavailable from all sources
2026-06-30 15:38:55,556 WARNING src.options_filter: SFHG: options data unavailable from all sources
2026-06-30 15:38:59,773 WARNING src.options_filter: APM: options data unavailable from all sources
2026-06-30 15:39:03,377 WARNING src.options_filter: OLOX: options data unavailable from all sources
2026-06-30 15:39:06,988 WARNING src.options_filter: CHR: options data unavailable from all sources
2026-06-30 15:39:10,580 WARNING src.options_filter: RUBI: options data unavailable from all sources
2026-06-30 15:39:14,229 WARNING src.options_filter: FRGT: options data unavailable from all sources
2026-06-30 15:39:18,419 WARNING src.options_filter: ZCMD: options data unavailable from all sources
2026-06-30 15:39:22,019 WARNING src.options_filter: INLF: options data unavailable from all sources
2026-06-30 15:39:25,621 WARNING src.options_filter: GNS: options data unavailable from all sources
2026-06-30 15:39:29,222 WARNING src.options_filter: RYOJ: options data unavailable from all sources
2026-06-30 15:39:32,836 WARNING src.options_filter: VSTD: options data unavailable from all sources
2026-06-30 15:39:36,650 WARNING src.options_filter: IMTE: options data unavailable from all sources
2026-06-30 15:39:36,651 INFO run_daily: Passed options gate: 12 events
2026-06-30 15:39:36,651 INFO run_daily: Step 7: enriching 12 events
2026-06-30 15:39:40,558 INFO run_daily: Step 8: dedup
2026-06-30 15:39:40,558 INFO run_daily: Step 9: ranking
2026-06-30 15:39:40,558 INFO run_daily: Step 10: writing digest
2026-06-30 15:39:40,594 INFO src.digest_writer: digest written: output/market_radar_2026-06-30.html
2026-06-30 15:39:40,594 INFO run_daily: === Done: output/market_radar_2026-06-30.html ===
