2026-07-22 15:08:37,452 INFO run_daily: === Market Event Radar starting — 2026-07-22 ===
2026-07-22 15:08:37,454 INFO run_daily: Step 1: fetching earnings calendar
2026-07-22 15:08:50,189 INFO src.event_fetcher: nasdaq earnings: 552 entries across 7 days
2026-07-22 15:08:51,499 INFO src.event_fetcher: finnhub earnings: 942 entries
2026-07-22 15:08:51,500 INFO src.event_fetcher: merged earnings universe: 1026 unique tickers
2026-07-22 15:08:51,500 INFO run_daily: Step 2: fetching 8-K filings
2026-07-22 15:08:52,211 INFO src.event_fetcher: edgar 8-K filings: 100
2026-07-22 15:08:52,458 INFO run_daily: Step 3: building universe
2026-07-22 15:08:52,459 INFO src.universe: universe: 35 tickers (10 watchlist, 25 discovered)
2026-07-22 15:08:52,459 INFO run_daily: Universe: 35 tickers
2026-07-22 15:08:52,459 INFO run_daily: Step 4: yfinance cross-check for 35 tickers
2026-07-22 15:09:02,291 ERROR yfinance: HTTP Error 404: {"quoteSummary":{"result":null,"error":{"code":"Not Found","description":"Quote not found for symbol: HOLX"}}}
2026-07-22 15:09:07,941 ERROR yfinance: HTTP Error 404: {"quoteSummary":{"result":null,"error":{"code":"Not Found","description":"Quote not found for symbol: PGRE"}}}
2026-07-22 15:09:12,362 INFO run_daily: Step 5: building earnings events
2026-07-22 15:09:12,365 INFO src.source_merger: earnings events built: 1026
2026-07-22 15:09:12,365 INFO run_daily: Step 5b: building 8-K events
2026-07-22 15:09:12,367 INFO run_daily: Step 6: options filter (1126 candidates)
2026-07-22 15:09:34,747 WARNING src.options_filter: ALPIB: options data unavailable from all sources
2026-07-22 15:09:53,762 ERROR yfinance: HTTP Error 404: {"quoteSummary":{"result":null,"error":{"code":"Not Found","description":"Quote not found for symbol: APLS"}}}
2026-07-22 15:09:53,962 ERROR yfinance: $APLS: possibly delisted; no price data found  (period=1mo) (Yahoo error = "No data found, symbol may be delisted")
2026-07-22 15:09:58,044 WARNING src.options_filter: APLS: options data unavailable from all sources
2026-07-22 15:10:26,347 WARNING src.options_filter: ATGN: options data unavailable from all sources
2026-07-22 15:10:39,252 WARNING src.options_filter: AURX: options data unavailable from all sources
2026-07-22 15:11:06,206 WARNING src.options_filter: BBOT: options data unavailable from all sources
2026-07-22 15:11:12,813 WARNING src.options_filter: BELFA: options data unavailable from all sources
2026-07-22 15:11:24,510 WARNING src.options_filter: BIOF: options data unavailable from all sources
2026-07-22 15:11:38,563 WARNING src.options_filter: BSFO: options data unavailable from all sources
2026-07-22 15:11:50,916 WARNING src.options_filter: BYFC: options data unavailable from all sources
2026-07-22 15:12:07,099 WARNING src.options_filter: CCZ: options data unavailable from all sources
2026-07-22 15:12:11,372 WARNING src.options_filter: CFFI: options data unavailable from all sources
2026-07-22 15:12:23,881 ERROR yfinance: HTTP Error 404: {"quoteSummary":{"result":null,"error":{"code":"Not Found","description":"Quote not found for symbol: CIO"}}}
2026-07-22 15:12:24,197 ERROR yfinance: $CIO: possibly delisted; no price data found  (period=1mo) (Yahoo error = "No data found, symbol may be delisted")
2026-07-22 15:12:28,275 WARNING src.options_filter: CIO: options data unavailable from all sources
2026-07-22 15:12:37,902 WARNING src.options_filter: CLMB: options data unavailable from all sources
2026-07-22 15:12:53,086 ERROR yfinance: $CMS PR B: possibly delisted; no price data found  (period=1mo) (Yahoo error = "No data found, symbol may be delisted")
2026-07-22 15:12:57,215 WARNING src.options_filter: CMS PR B: options data unavailable from all sources
2026-07-22 15:13:09,277 WARNING src.options_filter: COFS: options data unavailable from all sources
2026-07-22 15:13:13,090 ERROR yfinance: $CRAWA: possibly delisted; no price data found  (period=1mo) (Yahoo error = "No data found, symbol may be delisted")
2026-07-22 15:13:17,179 WARNING src.options_filter: CRAWA: options data unavailable from all sources
2026-07-22 15:13:37,852 WARNING src.options_filter: CULL: options data unavailable from all sources
2026-07-22 15:13:57,628 WARNING src.options_filter: CWBK: options data unavailable from all sources
2026-07-22 15:14:01,371 ERROR yfinance: $DAWN: possibly delisted; no price data found  (period=1mo) (Yahoo error = "No data found, symbol may be delisted")
2026-07-22 15:14:05,462 WARNING src.options_filter: DAWN: options data unavailable from all sources
2026-07-22 15:14:19,934 WARNING src.options_filter: EFSI: options data unavailable from all sources
2026-07-22 15:15:02,232 WARNING src.options_filter: FDBC: options data unavailable from all sources
2026-07-22 15:15:06,556 WARNING src.options_filter: FFC: options data unavailable from all sources
2026-07-22 15:15:06,877 ERROR yfinance: $FFWM: possibly delisted; no price data found  (period=1mo) (Yahoo error = "No data found, symbol may be delisted")
2026-07-22 15:15:10,963 WARNING src.options_filter: FFWM: options data unavailable from all sources
2026-07-22 15:15:20,168 WARNING src.options_filter: FINW: options data unavailable from all sources
2026-07-22 15:15:24,409 WARNING src.options_filter: FLC: options data unavailable from all sources
2026-07-22 15:15:41,358 WARNING src.options_filter: FNWD: options data unavailable from all sources
2026-07-22 15:15:41,641 ERROR yfinance: $FOLD: possibly delisted; no price data found  (period=1mo) (Yahoo error = "No data found, symbol may be delisted")
2026-07-22 15:15:45,715 WARNING src.options_filter: FOLD: options data unavailable from all sources
2026-07-22 15:16:10,322 WARNING src.options_filter: FUSB: options data unavailable from all sources
2026-07-22 15:16:18,389 WARNING src.options_filter: FXNC: options data unavailable from all sources
2026-07-22 15:16:41,508 WARNING src.options_filter: GSIW: options data unavailable from all sources
2026-07-22 15:16:51,120 WARNING src.options_filter: GWOX: options data unavailable from all sources
2026-07-22 15:16:57,708 WARNING src.options_filter: HGYN: options data unavailable from all sources
2026-07-22 15:17:35,791 ERROR yfinance: $IGMS: possibly delisted; no price data found  (period=1mo) (Yahoo error = "No data found, symbol may be delisted")
2026-07-22 15:17:39,882 WARNING src.options_filter: IGMS: options data unavailable from all sources
2026-07-22 15:17:59,655 WARNING src.options_filter: JHG: options data unavailable from all sources
2026-07-22 15:17:59,979 ERROR yfinance: $JNPR: possibly delisted; no price data found  (period=1mo) (Yahoo error = "No data found, symbol may be delisted")
2026-07-22 15:18:04,078 WARNING src.options_filter: JNPR: options data unavailable from all sources
2026-07-22 15:18:07,183 ERROR yfinance: $K: possibly delisted; no price data found  (period=1mo) (Yahoo error = "No data found, symbol may be delisted")
2026-07-22 15:18:11,266 WARNING src.options_filter: K: options data unavailable from all sources
2026-07-22 15:18:23,194 WARNING src.options_filter: LARK: options data unavailable from all sources
2026-07-22 15:18:46,326 WARNING src.options_filter: LSBK: options data unavailable from all sources
2026-07-22 15:20:00,522 WARNING src.options_filter: NACB: options data unavailable from all sources
2026-07-22 15:20:09,714 WARNING src.options_filter: NBND: options data unavailable from all sources
2026-07-22 15:20:13,919 WARNING src.options_filter: NCSM: options data unavailable from all sources
2026-07-22 15:20:36,080 WARNING src.options_filter: NWPP: options data unavailable from all sources
2026-07-22 15:21:05,940 WARNING src.options_filter: OXBC: options data unavailable from all sources
2026-07-22 15:21:15,514 ERROR yfinance: $PCG PR A: possibly delisted; no price data found  (period=1mo) (Yahoo error = "No data found, symbol may be delisted")
2026-07-22 15:21:19,602 WARNING src.options_filter: PCG PR A: options data unavailable from all sources
2026-07-22 15:21:31,609 WARNING src.options_filter: PFHO: options data unavailable from all sources
2026-07-22 15:21:35,915 WARNING src.options_filter: PFIS: options data unavailable from all sources
2026-07-22 15:22:04,575 ERROR yfinance: $PRO: possibly delisted; no price data found  (period=1mo) (Yahoo error = "No data found, symbol may be delisted")
2026-07-22 15:22:08,666 WARNING src.options_filter: PRO: options data unavailable from all sources
2026-07-22 15:22:33,310 WARNING src.options_filter: QNTO: options data unavailable from all sources
2026-07-22 15:22:43,321 WARNING src.options_filter: RECT: options data unavailable from all sources
2026-07-22 15:22:58,505 WARNING src.options_filter: RMBI: options data unavailable from all sources
2026-07-22 15:23:17,006 WARNING src.options_filter: SCD: options data unavailable from all sources
2026-07-22 15:23:26,686 WARNING src.options_filter: SEM: options data unavailable from all sources
2026-07-22 15:23:30,958 WARNING src.options_filter: SFBC: options data unavailable from all sources
2026-07-22 15:23:42,778 WARNING src.options_filter: SILC: options data unavailable from all sources
2026-07-22 15:24:07,356 WARNING src.options_filter: SOMC: options data unavailable from all sources
2026-07-22 15:24:30,834 WARNING src.options_filter: TAKD: options data unavailable from all sources
2026-07-22 15:24:41,457 ERROR yfinance: $THS: possibly delisted; no price data found  (period=1mo) (Yahoo error = "No data found, symbol may be delisted")
2026-07-22 15:24:45,533 WARNING src.options_filter: THS: options data unavailable from all sources
2026-07-22 15:25:10,397 WARNING src.options_filter: UBCP: options data unavailable from all sources
2026-07-22 15:25:59,460 WARNING src.options_filter: WELX: options data unavailable from all sources
2026-07-22 15:26:20,903 ERROR yfinance: $ZEUS: possibly delisted; no price data found  (period=1mo) (Yahoo error = "No data found, symbol may be delisted")
2026-07-22 15:26:25,036 WARNING src.options_filter: ZEUS: options data unavailable from all sources
2026-07-22 15:26:25,331 ERROR yfinance: $ZYXI: possibly delisted; no price data found  (period=1mo) (Yahoo error = "No data found, symbol may be delisted")
2026-07-22 15:26:29,443 WARNING src.options_filter: ZYXI: options data unavailable from all sources
2026-07-22 15:26:33,044 WARNING src.options_filter: ALDF: options data unavailable from all sources
2026-07-22 15:26:37,238 WARNING src.options_filter: AXR: options data unavailable from all sources
2026-07-22 15:26:37,521 ERROR yfinance: $CFLT: possibly delisted; no price data found  (period=1mo) (Yahoo error = "No data found, symbol may be delisted")
2026-07-22 15:26:41,624 WARNING src.options_filter: CFLT: options data unavailable from all sources
2026-07-22 15:26:45,522 WARNING src.options_filter: CHR: options data unavailable from all sources
2026-07-22 15:26:49,094 WARNING src.options_filter: CLRI: options data unavailable from all sources
2026-07-22 15:26:52,751 WARNING src.options_filter: CMTV: options data unavailable from all sources
2026-07-22 15:26:56,322 WARNING src.options_filter: CSBB: options data unavailable from all sources
2026-07-22 15:26:56,656 ERROR yfinance: $DALN: possibly delisted; no price data found  (period=1mo) (Yahoo error = "No data found, symbol may be delisted")
2026-07-22 15:27:00,740 WARNING src.options_filter: DALN: options data unavailable from all sources
2026-07-22 15:27:04,379 WARNING src.options_filter: EDVR: options data unavailable from all sources
2026-07-22 15:27:07,960 WARNING src.options_filter: EMO: options data unavailable from all sources
2026-07-22 15:27:11,540 WARNING src.options_filter: FATAQ: options data unavailable from all sources
2026-07-22 15:27:15,121 WARNING src.options_filter: FCBC: options data unavailable from all sources
2026-07-22 15:27:18,709 WARNING src.options_filter: FKYS: options data unavailable from all sources
2026-07-22 15:27:22,295 WARNING src.options_filter: FMBM: options data unavailable from all sources
2026-07-22 15:27:25,900 WARNING src.options_filter: FRAF: options data unavailable from all sources
2026-07-22 15:27:29,479 WARNING src.options_filter: FSBW: options data unavailable from all sources
2026-07-22 15:27:29,748 ERROR yfinance: $HES: possibly delisted; no price data found  (period=1mo) (Yahoo error = "No data found, symbol may be delisted")
2026-07-22 15:27:33,826 WARNING src.options_filter: HES: options data unavailable from all sources
2026-07-22 15:27:34,124 ERROR yfinance: $HOLX: possibly delisted; no price data found  (period=1mo) (Yahoo error = "No data found, symbol may be delisted")
2026-07-22 15:27:38,205 WARNING src.options_filter: HOLX: options data unavailable from all sources
2026-07-22 15:27:45,439 WARNING src.options_filter: LKNCY: options data unavailable from all sources
2026-07-22 15:27:49,010 WARNING src.options_filter: MATH: options data unavailable from all sources
2026-07-22 15:27:49,104 ERROR yfinance: $MCW: possibly delisted; no price data found  (period=1mo)
2026-07-22 15:27:53,183 WARNING src.options_filter: MCW: options data unavailable from all sources
2026-07-22 15:27:56,756 WARNING src.options_filter: MIMI: options data unavailable from all sources
2026-07-22 15:28:00,347 WARNING src.options_filter: MMU: options data unavailable from all sources
2026-07-22 15:28:04,573 WARNING src.options_filter: NVR: options data unavailable from all sources
2026-07-22 15:28:08,185 WARNING src.options_filter: OFLX: options data unavailable from all sources
2026-07-22 15:28:11,757 WARNING src.options_filter: OPI: options data unavailable from all sources
2026-07-22 15:28:12,288 ERROR yfinance: $OPOF: possibly delisted; no price data found  (period=1mo) (Yahoo error = "No data found, symbol may be delisted")
2026-07-22 15:28:16,456 WARNING src.options_filter: OPOF: options data unavailable from all sources
2026-07-22 15:28:16,725 ERROR yfinance: $PGRE: possibly delisted; no price data found  (period=1mo) (Yahoo error = "No data found, symbol may be delisted")
2026-07-22 15:28:20,796 WARNING src.options_filter: PGRE: options data unavailable from all sources
2026-07-22 15:28:24,378 WARNING src.options_filter: PLPC: options data unavailable from all sources
2026-07-22 15:28:27,967 WARNING src.options_filter: PPBN: options data unavailable from all sources
2026-07-22 15:28:31,565 WARNING src.options_filter: PSHG: options data unavailable from all sources
2026-07-22 15:28:35,146 WARNING src.options_filter: PTBS: options data unavailable from all sources
2026-07-22 15:28:38,728 WARNING src.options_filter: RRBI: options data unavailable from all sources
2026-07-22 15:28:39,097 ERROR yfinance: $SAGE: possibly delisted; no price data found  (period=1mo) (Yahoo error = "No data found, symbol may be delisted")
2026-07-22 15:28:43,197 WARNING src.options_filter: SAGE: options data unavailable from all sources
2026-07-22 15:28:46,800 WARNING src.options_filter: SFDL: options data unavailable from all sources
2026-07-22 15:28:50,978 WARNING src.options_filter: SPWR: options data unavailable from all sources
2026-07-22 15:28:54,616 WARNING src.options_filter: SSBI: options data unavailable from all sources
2026-07-22 15:28:58,218 WARNING src.options_filter: SVCC: options data unavailable from all sources
2026-07-22 15:29:03,308 ERROR yfinance: $UDMY: possibly delisted; no price data found  (period=1mo) (Yahoo error = "No data found, symbol may be delisted")
2026-07-22 15:29:07,572 WARNING src.options_filter: UDMY: options data unavailable from all sources
2026-07-22 15:29:11,929 WARNING src.options_filter: UTMD: options data unavailable from all sources
2026-07-22 15:29:12,206 ERROR yfinance: $ZIMV: possibly delisted; no price data found  (period=1mo) (Yahoo error = "No data found, symbol may be delisted")
2026-07-22 15:29:16,308 WARNING src.options_filter: ZIMV: options data unavailable from all sources
2026-07-22 15:29:22,859 WARNING src.options_filter: AHT: options data unavailable from all sources
2026-07-22 15:29:25,478 ERROR yfinance: $AMED: possibly delisted; no price data found  (period=1mo) (Yahoo error = "No data found, symbol may be delisted")
2026-07-22 15:29:29,555 WARNING src.options_filter: AMED: options data unavailable from all sources
2026-07-22 15:29:37,415 WARNING src.options_filter: AMNF: options data unavailable from all sources
2026-07-22 15:29:52,663 WARNING src.options_filter: BCAL: options data unavailable from all sources
2026-07-22 15:29:55,331 ERROR yfinance: $BGFV: possibly delisted; no price data found  (period=1mo) (Yahoo error = "No data found, symbol may be delisted")
2026-07-22 15:29:59,476 WARNING src.options_filter: BGFV: options data unavailable from all sources
2026-07-22 15:30:20,823 WARNING src.options_filter: CBK: options data unavailable from all sources
2026-07-22 15:30:25,113 WARNING src.options_filter: CBKM: options data unavailable from all sources
2026-07-22 15:30:38,893 WARNING src.options_filter: CHRN: options data unavailable from all sources
2026-07-22 15:30:48,953 WARNING src.options_filter: CZWI: options data unavailable from all sources
2026-07-22 15:30:49,221 ERROR yfinance: $DHIL: possibly delisted; no price data found  (period=1mo) (Yahoo error = "No data found, symbol may be delisted")
2026-07-22 15:30:53,303 WARNING src.options_filter: DHIL: options data unavailable from all sources
2026-07-22 15:30:57,611 WARNING src.options_filter: DSM: options data unavailable from all sources
2026-07-22 15:31:05,404 WARNING src.options_filter: EBMT: options data unavailable from all sources
2026-07-22 15:31:12,818 WARNING src.options_filter: EXSR: options data unavailable from all sources
2026-07-22 15:31:22,099 WARNING src.options_filter: FFMH: options data unavailable from all sources
2026-07-22 15:31:27,874 WARNING src.options_filter: FUNC: options data unavailable from all sources
2026-07-22 15:31:28,135 ERROR yfinance: $FYBR: possibly delisted; no price data found  (period=1mo) (Yahoo error = "No data found, symbol may be delisted")
2026-07-22 15:31:32,213 WARNING src.options_filter: FYBR: options data unavailable from all sources
2026-07-22 15:31:39,172 WARNING src.options_filter: GAM: options data unavailable from all sources
2026-07-22 15:31:43,532 WARNING src.options_filter: GCBC: options data unavailable from all sources
2026-07-22 15:31:47,727 WARNING src.options_filter: GOVX: options data unavailable from all sources
2026-07-22 15:31:57,046 WARNING src.options_filter: GURE: options data unavailable from all sources
2026-07-22 15:32:09,173 WARNING src.options_filter: HFBL: options data unavailable from all sources
2026-07-22 15:32:13,436 WARNING src.options_filter: HGTXU: options data unavailable from all sources
2026-07-22 15:32:17,612 WARNING src.options_filter: HIT: options data unavailable from all sources
2026-07-22 15:32:20,187 ERROR yfinance: $HOUS: possibly delisted; no price data found  (period=1mo) (Yahoo error = "No data found, symbol may be delisted")
2026-07-22 15:32:24,266 WARNING src.options_filter: HOUS: options data unavailable from all sources
2026-07-22 15:32:33,184 WARNING src.options_filter: IBTN: options data unavailable from all sources
2026-07-22 15:32:37,425 WARNING src.options_filter: INBC: options data unavailable from all sources
2026-07-22 15:32:41,615 WARNING src.options_filter: INHD: options data unavailable from all sources
2026-07-22 15:32:45,827 WARNING src.options_filter: INTE: options data unavailable from all sources
2026-07-22 15:32:50,067 WARNING src.options_filter: ISTR: options data unavailable from all sources
2026-07-22 15:33:01,073 ERROR yfinance: $LNKB: possibly delisted; no price data found  (period=1mo) (Yahoo error = "No data found, symbol may be delisted")
2026-07-22 15:33:05,157 WARNING src.options_filter: LNKB: options data unavailable from all sources
2026-07-22 15:33:05,234 ERROR yfinance: $LSB: possibly delisted; no price data found  (period=1mo)
2026-07-22 15:33:09,332 WARNING src.options_filter: LSB: options data unavailable from all sources
2026-07-22 15:33:09,607 ERROR yfinance: $MBLU: possibly delisted; no price data found  (period=1mo) (Yahoo error = "No data found, symbol may be delisted")
2026-07-22 15:33:13,805 WARNING src.options_filter: MBLU: options data unavailable from all sources
2026-07-22 15:33:20,461 WARNING src.options_filter: MEGI: options data unavailable from all sources
2026-07-22 15:33:24,828 WARNING src.options_filter: MFBP: options data unavailable from all sources
2026-07-22 15:33:29,166 WARNING src.options_filter: MGF: options data unavailable from all sources
2026-07-22 15:33:29,483 ERROR yfinance: $MTSR: possibly delisted; no price data found  (period=1mo) (Yahoo error = "No data found, symbol may be delisted")
2026-07-22 15:33:33,579 WARNING src.options_filter: MTSR: options data unavailable from all sources
2026-07-22 15:33:37,846 WARNING src.options_filter: NBN: options data unavailable from all sources
2026-07-22 15:34:01,605 ERROR yfinance: $PCH: possibly delisted; no price data found  (period=1mo) (Yahoo error = "No data found, symbol may be delisted")
2026-07-22 15:34:05,693 WARNING src.options_filter: PCH: options data unavailable from all sources
2026-07-22 15:34:10,065 WARNING src.options_filter: PEBK: options data unavailable from all sources
2026-07-22 15:34:14,300 WARNING src.options_filter: PERF: options data unavailable from all sources
2026-07-22 15:34:26,312 WARNING src.options_filter: PVBK: options data unavailable from all sources
2026-07-22 15:34:30,469 WARNING src.options_filter: RFAI: options data unavailable from all sources
2026-07-22 15:35:01,463 WARNING src.options_filter: TPCS: options data unavailable from all sources
2026-07-22 15:35:16,097 WARNING src.options_filter: VALU: options data unavailable from all sources
2026-07-22 15:35:20,273 WARNING src.options_filter: WATT: options data unavailable from all sources
2026-07-22 15:35:32,418 WARNING src.options_filter: WIW: options data unavailable from all sources
2026-07-22 15:35:36,731 WARNING src.options_filter: WVFC: options data unavailable from all sources
2026-07-22 15:36:26,166 WARNING src.options_filter: MRBK: options data unavailable from all sources
2026-07-22 15:36:43,842 WARNING src.options_filter: SCIA: options data unavailable from all sources
2026-07-22 15:36:48,031 WARNING src.options_filter: SEGG: options data unavailable from all sources
2026-07-22 15:36:56,022 WARNING src.options_filter: SLRK: options data unavailable from all sources
2026-07-22 15:37:06,886 WARNING src.options_filter: VABK: options data unavailable from all sources
2026-07-22 15:37:14,933 WARNING src.options_filter: WRLD: options data unavailable from all sources
2026-07-22 15:37:31,508 WARNING src.options_filter: ACU: options data unavailable from all sources
2026-07-22 15:37:35,693 WARNING src.options_filter: AFBI: options data unavailable from all sources
2026-07-22 15:37:39,907 WARNING src.options_filter: ALBY: options data unavailable from all sources
2026-07-22 15:37:47,762 WARNING src.options_filter: ALP: options data unavailable from all sources
2026-07-22 15:38:17,095 WARNING src.options_filter: ASPS: options data unavailable from all sources
2026-07-22 15:38:23,524 WARNING src.options_filter: AVBH: options data unavailable from all sources
2026-07-22 15:38:33,318 WARNING src.options_filter: BORT: options data unavailable from all sources
2026-07-22 15:38:40,319 WARNING src.options_filter: BPRN: options data unavailable from all sources
2026-07-22 15:38:46,725 WARNING src.options_filter: BWFG: options data unavailable from all sources
2026-07-22 15:39:04,628 WARNING src.options_filter: CBBI: options data unavailable from all sources
2026-07-22 15:39:08,870 WARNING src.options_filter: CBFV: options data unavailable from all sources
2026-07-22 15:39:19,738 WARNING src.options_filter: CIZN: options data unavailable from all sources
2026-07-22 15:39:53,479 WARNING src.options_filter: CYDY: options data unavailable from all sources
2026-07-22 15:40:16,138 ERROR yfinance: $EMCG: possibly delisted; no price data found  (period=1mo)
2026-07-22 15:40:20,245 WARNING src.options_filter: EMCG: options data unavailable from all sources
2026-07-22 15:40:30,677 WARNING src.options_filter: ESQ: options data unavailable from all sources
2026-07-22 15:40:38,451 WARNING src.options_filter: FBTT: options data unavailable from all sources
2026-07-22 15:40:42,757 WARNING src.options_filter: FCAP: options data unavailable from all sources
2026-07-22 15:40:56,832 WARNING src.options_filter: FGMC: options data unavailable from all sources
2026-07-22 15:41:11,530 WARNING src.options_filter: FMN: options data unavailable from all sources
2026-07-22 15:41:15,732 WARNING src.options_filter: FNRN: options data unavailable from all sources
2026-07-22 15:41:19,957 WARNING src.options_filter: FNWB: options data unavailable from all sources
2026-07-22 15:41:26,726 WARNING src.options_filter: FRBA: options data unavailable from all sources
2026-07-22 15:41:30,962 WARNING src.options_filter: FRSB: options data unavailable from all sources
2026-07-22 15:41:37,446 WARNING src.options_filter: FSRL: options data unavailable from all sources
2026-07-22 15:41:44,639 ERROR yfinance: $GLOP PR A: possibly delisted; no price data found  (period=1mo) (Yahoo error = "No data found, symbol may be delisted")
2026-07-22 15:41:48,711 WARNING src.options_filter: GLOP PR A: options data unavailable from all sources
2026-07-22 15:41:56,431 WARNING src.options_filter: HCBN: options data unavailable from all sources
2026-07-22 15:42:16,159 WARNING src.options_filter: HWBK: options data unavailable from all sources
2026-07-22 15:42:56,114 WARNING src.options_filter: MGYR: options data unavailable from all sources
2026-07-22 15:43:05,425 WARNING src.options_filter: MUEL: options data unavailable from all sources
2026-07-22 15:43:28,658 WARNING src.options_filter: NPK: options data unavailable from all sources
2026-07-22 15:43:52,145 WARNING src.options_filter: OVBC: options data unavailable from all sources
2026-07-22 15:44:10,453 WARNING src.options_filter: PEVM: options data unavailable from all sources
2026-07-22 15:44:14,696 WARNING src.options_filter: PFLC: options data unavailable from all sources
2026-07-22 15:44:17,577 ERROR yfinance: $PMHG: possibly delisted; no price data found  (period=1mo) (Yahoo error = "No data found, symbol may be delisted")
2026-07-22 15:44:21,699 WARNING src.options_filter: PMHG: options data unavailable from all sources
2026-07-22 15:44:32,847 WARNING src.options_filter: RBKB: options data unavailable from all sources
2026-07-22 15:45:00,822 WARNING src.options_filter: SBFG: options data unavailable from all sources
2026-07-22 15:45:26,660 WARNING src.options_filter: SNBR: options data unavailable from all sources
2026-07-22 15:45:39,592 WARNING src.options_filter: STAI: options data unavailable from all sources
2026-07-22 15:45:45,407 WARNING src.options_filter: STEL: options data unavailable from all sources
2026-07-22 15:46:14,888 WARNING src.options_filter: ULH: options data unavailable from all sources
2026-07-22 15:46:25,968 WARNING src.options_filter: USCB: options data unavailable from all sources
2026-07-22 15:46:32,550 WARNING src.options_filter: UWHR: options data unavailable from all sources
2026-07-22 15:46:46,407 WARNING src.options_filter: WCFB: options data unavailable from all sources
2026-07-22 15:46:57,376 ERROR yfinance: $ALEX: possibly delisted; no price data found  (period=1mo) (Yahoo error = "No data found, symbol may be delisted")
2026-07-22 15:47:01,445 WARNING src.options_filter: ALEX: options data unavailable from all sources
2026-07-22 15:47:05,618 WARNING src.options_filter: AMBZ: options data unavailable from all sources
2026-07-22 15:47:14,967 WARNING src.options_filter: BCOW: options data unavailable from all sources
2026-07-22 15:47:21,975 WARNING src.options_filter: BHRB: options data unavailable from all sources
2026-07-22 15:47:31,999 WARNING src.options_filter: BURCA: options data unavailable from all sources
2026-07-22 15:48:08,921 WARNING src.options_filter: DIMC: options data unavailable from all sources
2026-07-22 15:48:38,203 WARNING src.options_filter: FCCO: options data unavailable from all sources
2026-07-22 15:48:38,373 ERROR yfinance: $FFIC: possibly delisted; no price data found  (period=1mo)
2026-07-22 15:48:42,575 WARNING src.options_filter: FFIC: options data unavailable from all sources
2026-07-22 15:48:54,971 ERROR yfinance: $FSFG: possibly delisted; no price data found  (period=1mo) (Yahoo error = "No data found, symbol may be delisted")
2026-07-22 15:48:59,092 WARNING src.options_filter: FSFG: options data unavailable from all sources
2026-07-22 15:49:27,906 ERROR yfinance: $HONE: possibly delisted; no price data found  (period=1mo) (Yahoo error = "No data found, symbol may be delisted")
2026-07-22 15:49:31,994 WARNING src.options_filter: HONE: options data unavailable from all sources
2026-07-22 15:49:36,154 WARNING src.options_filter: HSCS: options data unavailable from all sources
2026-07-22 15:49:36,403 ERROR yfinance: $HTBK: possibly delisted; no price data found  (period=1mo) (Yahoo error = "No data found, symbol may be delisted")
2026-07-22 15:49:40,493 WARNING src.options_filter: HTBK: options data unavailable from all sources
2026-07-22 15:49:51,948 WARNING src.options_filter: IMA: options data unavailable from all sources
2026-07-22 15:50:34,394 ERROR yfinance: $MOFG: possibly delisted; no price data found  (period=1mo) (Yahoo error = "No data found, symbol may be delisted")
2026-07-22 15:50:38,472 WARNING src.options_filter: MOFG: options data unavailable from all sources
2026-07-22 15:50:42,539 ERROR yfinance: $MPX: possibly delisted; no price data found  (period=1mo) (Yahoo error = "No data found, symbol may be delisted")
2026-07-22 15:50:46,609 WARNING src.options_filter: MPX: options data unavailable from all sources
2026-07-22 15:50:52,495 WARNING src.options_filter: NEPH: options data unavailable from all sources
2026-07-22 15:50:56,759 WARNING src.options_filter: NIDB: options data unavailable from all sources
2026-07-22 15:51:01,498 WARNING src.options_filter: NKSH: options data unavailable from all sources
2026-07-22 15:51:16,840 WARNING src.options_filter: NVEC: options data unavailable from all sources
2026-07-22 15:51:21,093 WARNING src.options_filter: NWFL: options data unavailable from all sources
2026-07-22 15:51:25,258 WARNING src.options_filter: OAKC: options data unavailable from all sources
2026-07-22 15:51:34,234 WARNING src.options_filter: OLOX: options data unavailable from all sources
2026-07-22 15:51:43,588 WARNING src.options_filter: ORPB: options data unavailable from all sources
2026-07-22 15:51:55,822 WARNING src.options_filter: PBNK: options data unavailable from all sources
2026-07-22 15:52:00,275 WARNING src.options_filter: PCLB: options data unavailable from all sources
2026-07-22 15:52:20,291 ERROR yfinance: $PPBI: possibly delisted; no price data found  (period=1mo) (Yahoo error = "No data found, symbol may be delisted")
2026-07-22 15:52:24,359 WARNING src.options_filter: PPBI: options data unavailable from all sources
2026-07-22 15:52:24,668 ERROR yfinance: $PVBC: possibly delisted; no price data found  (period=1mo) (Yahoo error = "No data found, symbol may be delisted")
2026-07-22 15:52:28,738 WARNING src.options_filter: PVBC: options data unavailable from all sources
2026-07-22 15:53:03,461 WARNING src.options_filter: SABK: options data unavailable from all sources
2026-07-22 15:53:42,592 ERROR yfinance: $TPH: possibly delisted; no price data found  (period=1mo) (Yahoo error = "No data found, symbol may be delisted")
2026-07-22 15:53:46,984 WARNING src.options_filter: TPH: options data unavailable from all sources
2026-07-22 15:54:02,064 WARNING src.options_filter: UNB: options data unavailable from all sources
2026-07-22 15:54:18,138 ERROR yfinance: $WNS: possibly delisted; no price data found  (period=1mo) (Yahoo error = "No data found, symbol may be delisted")
2026-07-22 15:54:22,212 WARNING src.options_filter: WNS: options data unavailable from all sources
2026-07-22 15:54:47,913 WARNING src.options_filter: VTMX: options data unavailable from all sources
2026-07-22 15:54:58,593 WARNING src.options_filter: HNVR: options data unavailable from all sources
2026-07-22 15:55:51,415 WARNING src.options_filter: AVBC: options data unavailable from all sources
2026-07-22 15:55:54,997 WARNING src.options_filter: CHMG: options data unavailable from all sources
2026-07-22 15:55:59,292 WARNING src.options_filter: ISBA: options data unavailable from all sources
2026-07-22 15:56:02,937 WARNING src.options_filter: BVFL: options data unavailable from all sources
2026-07-22 15:56:07,120 WARNING src.options_filter: ECBK: options data unavailable from all sources
2026-07-22 15:56:12,824 WARNING src.options_filter: CLST: options data unavailable from all sources
2026-07-22 15:56:28,352 WARNING src.options_filter: WF: options data unavailable from all sources
2026-07-22 15:56:32,576 WARNING src.options_filter: LBTYB: options data unavailable from all sources
2026-07-22 15:56:38,727 WARNING src.options_filter: BXBL: options data unavailable from all sources
2026-07-22 15:56:46,325 WARNING src.options_filter: PAMT: options data unavailable from all sources
2026-07-22 15:56:49,907 WARNING src.options_filter: OVLY: options data unavailable from all sources
2026-07-22 15:56:54,102 WARNING src.options_filter: AUC: options data unavailable from all sources
2026-07-22 15:56:58,328 WARNING src.options_filter: DIT: options data unavailable from all sources
2026-07-22 15:57:04,181 WARNING src.options_filter: CBNA: options data unavailable from all sources
2026-07-22 15:57:07,753 WARNING src.options_filter: PROV: options data unavailable from all sources
2026-07-22 15:57:34,627 WARNING src.options_filter: RUSHB: options data unavailable from all sources
2026-07-22 15:57:37,935 ERROR yfinance: $GEF.B: possibly delisted; no price data found  (period=1mo)
2026-07-22 15:57:42,006 WARNING src.options_filter: GEF.B: options data unavailable from all sources
2026-07-22 15:57:48,901 WARNING src.options_filter: OXLC: options data unavailable from all sources
2026-07-22 15:57:59,019 WARNING src.options_filter: AUBN: options data unavailable from all sources
2026-07-22 15:58:05,538 WARNING src.options_filter: ALZN: options data unavailable from all sources
2026-07-22 15:58:05,838 ERROR yfinance: $UNKNOWN: possibly delisted; no price data found  (period=1mo) (Yahoo error = "No data found, symbol may be delisted")
2026-07-22 15:58:09,911 WARNING src.options_filter: UNKNOWN: options data unavailable from all sources
2026-07-22 15:58:10,714 ERROR yfinance: $NWSLL: possibly delisted; no price data found  (period=1mo) (Yahoo error = "No data found, symbol may be delisted")
2026-07-22 15:58:15,009 WARNING src.options_filter: NWSLL: options data unavailable from all sources
2026-07-22 15:58:15,208 ERROR yfinance: $UNKNOWN: possibly delisted; no price data found  (period=1mo) (Yahoo error = "No data found, symbol may be delisted")
2026-07-22 15:58:19,286 WARNING src.options_filter: UNKNOWN: options data unavailable from all sources
2026-07-22 15:58:25,637 ERROR yfinance: $UNKNOWN: possibly delisted; no price data found  (period=1mo) (Yahoo error = "No data found, symbol may be delisted")
2026-07-22 15:58:29,707 WARNING src.options_filter: UNKNOWN: options data unavailable from all sources
2026-07-22 15:58:29,835 ERROR yfinance: $UNKNOWN: possibly delisted; no price data found  (period=1mo) (Yahoo error = "No data found, symbol may be delisted")
2026-07-22 15:58:33,904 WARNING src.options_filter: UNKNOWN: options data unavailable from all sources
2026-07-22 15:58:37,475 WARNING src.options_filter: AGNCZ: options data unavailable from all sources
2026-07-22 15:58:37,585 ERROR yfinance: $UNKNOWN: possibly delisted; no price data found  (period=1mo) (Yahoo error = "No data found, symbol may be delisted")
2026-07-22 15:58:41,662 WARNING src.options_filter: UNKNOWN: options data unavailable from all sources
2026-07-22 15:58:41,804 ERROR yfinance: $UNKNOWN: possibly delisted; no price data found  (period=1mo) (Yahoo error = "No data found, symbol may be delisted")
2026-07-22 15:58:45,882 WARNING src.options_filter: UNKNOWN: options data unavailable from all sources
2026-07-22 15:58:46,070 ERROR yfinance: $UNKNOWN: possibly delisted; no price data found  (period=1mo) (Yahoo error = "No data found, symbol may be delisted")
2026-07-22 15:58:50,155 WARNING src.options_filter: UNKNOWN: options data unavailable from all sources
2026-07-22 15:58:50,281 ERROR yfinance: $UNKNOWN: possibly delisted; no price data found  (period=1mo) (Yahoo error = "No data found, symbol may be delisted")
2026-07-22 15:58:54,356 WARNING src.options_filter: UNKNOWN: options data unavailable from all sources
2026-07-22 15:58:57,675 ERROR yfinance: $UNKNOWN: possibly delisted; no price data found  (period=1mo) (Yahoo error = "No data found, symbol may be delisted")
2026-07-22 15:59:01,778 WARNING src.options_filter: UNKNOWN: options data unavailable from all sources
2026-07-22 15:59:01,945 ERROR yfinance: $UNKNOWN: possibly delisted; no price data found  (period=1mo) (Yahoo error = "No data found, symbol may be delisted")
2026-07-22 15:59:06,037 WARNING src.options_filter: UNKNOWN: options data unavailable from all sources
2026-07-22 15:59:06,192 ERROR yfinance: $UNKNOWN: possibly delisted; no price data found  (period=1mo) (Yahoo error = "No data found, symbol may be delisted")
2026-07-22 15:59:10,270 WARNING src.options_filter: UNKNOWN: options data unavailable from all sources
2026-07-22 15:59:10,852 ERROR yfinance: $UNKNOWN: possibly delisted; no price data found  (period=1mo) (Yahoo error = "No data found, symbol may be delisted")
2026-07-22 15:59:14,929 WARNING src.options_filter: UNKNOWN: options data unavailable from all sources
2026-07-22 15:59:18,413 ERROR yfinance: $UNKNOWN: possibly delisted; no price data found  (period=1mo) (Yahoo error = "No data found, symbol may be delisted")
2026-07-22 15:59:22,503 WARNING src.options_filter: UNKNOWN: options data unavailable from all sources
2026-07-22 15:59:22,628 ERROR yfinance: $UNKNOWN: possibly delisted; no price data found  (period=1mo) (Yahoo error = "No data found, symbol may be delisted")
2026-07-22 15:59:26,752 WARNING src.options_filter: UNKNOWN: options data unavailable from all sources
2026-07-22 15:59:26,962 ERROR yfinance: $UNKNOWN: possibly delisted; no price data found  (period=1mo) (Yahoo error = "No data found, symbol may be delisted")
2026-07-22 15:59:31,035 WARNING src.options_filter: UNKNOWN: options data unavailable from all sources
2026-07-22 15:59:31,239 ERROR yfinance: $UNKNOWN: possibly delisted; no price data found  (period=1mo) (Yahoo error = "No data found, symbol may be delisted")
2026-07-22 15:59:35,308 WARNING src.options_filter: UNKNOWN: options data unavailable from all sources
2026-07-22 15:59:39,488 ERROR yfinance: $UNKNOWN: possibly delisted; no price data found  (period=1mo) (Yahoo error = "No data found, symbol may be delisted")
2026-07-22 15:59:43,557 WARNING src.options_filter: UNKNOWN: options data unavailable from all sources
2026-07-22 15:59:43,716 ERROR yfinance: $UNKNOWN: possibly delisted; no price data found  (period=1mo) (Yahoo error = "No data found, symbol may be delisted")
2026-07-22 15:59:47,807 WARNING src.options_filter: UNKNOWN: options data unavailable from all sources
2026-07-22 15:59:47,957 ERROR yfinance: $UNKNOWN: possibly delisted; no price data found  (period=1mo) (Yahoo error = "No data found, symbol may be delisted")
2026-07-22 15:59:52,027 WARNING src.options_filter: UNKNOWN: options data unavailable from all sources
2026-07-22 15:59:52,195 ERROR yfinance: $UNKNOWN: possibly delisted; no price data found  (period=1mo) (Yahoo error = "No data found, symbol may be delisted")
2026-07-22 15:59:56,269 WARNING src.options_filter: UNKNOWN: options data unavailable from all sources
2026-07-22 15:59:59,850 WARNING src.options_filter: COSO: options data unavailable from all sources
2026-07-22 15:59:59,984 ERROR yfinance: $UNKNOWN: possibly delisted; no price data found  (period=1mo) (Yahoo error = "No data found, symbol may be delisted")
2026-07-22 16:00:04,278 WARNING src.options_filter: UNKNOWN: options data unavailable from all sources
2026-07-22 16:00:04,393 ERROR yfinance: $UNKNOWN: possibly delisted; no price data found  (period=1mo) (Yahoo error = "No data found, symbol may be delisted")
2026-07-22 16:00:08,507 WARNING src.options_filter: UNKNOWN: options data unavailable from all sources
2026-07-22 16:00:08,629 ERROR yfinance: $UNKNOWN: possibly delisted; no price data found  (period=1mo) (Yahoo error = "No data found, symbol may be delisted")
2026-07-22 16:00:12,749 WARNING src.options_filter: UNKNOWN: options data unavailable from all sources
2026-07-22 16:00:12,889 ERROR yfinance: $UNKNOWN: possibly delisted; no price data found  (period=1mo) (Yahoo error = "No data found, symbol may be delisted")
2026-07-22 16:00:17,008 WARNING src.options_filter: UNKNOWN: options data unavailable from all sources
2026-07-22 16:00:22,161 ERROR yfinance: $UNKNOWN: possibly delisted; no price data found  (period=1mo) (Yahoo error = "No data found, symbol may be delisted")
2026-07-22 16:00:26,291 WARNING src.options_filter: UNKNOWN: options data unavailable from all sources
2026-07-22 16:00:29,912 WARNING src.options_filter: IMSRW: options data unavailable from all sources
2026-07-22 16:00:30,100 ERROR yfinance: $UNKNOWN: possibly delisted; no price data found  (period=1mo) (Yahoo error = "No data found, symbol may be delisted")
2026-07-22 16:00:34,173 WARNING src.options_filter: UNKNOWN: options data unavailable from all sources
2026-07-22 16:00:34,360 ERROR yfinance: $UNKNOWN: possibly delisted; no price data found  (period=1mo) (Yahoo error = "No data found, symbol may be delisted")
2026-07-22 16:00:38,437 WARNING src.options_filter: UNKNOWN: options data unavailable from all sources
2026-07-22 16:00:41,072 ERROR yfinance: $UNKNOWN: possibly delisted; no price data found  (period=1mo) (Yahoo error = "No data found, symbol may be delisted")
2026-07-22 16:00:45,294 WARNING src.options_filter: UNKNOWN: options data unavailable from all sources
2026-07-22 16:00:45,424 ERROR yfinance: $UNKNOWN: possibly delisted; no price data found  (period=1mo) (Yahoo error = "No data found, symbol may be delisted")
2026-07-22 16:00:49,503 WARNING src.options_filter: UNKNOWN: options data unavailable from all sources
2026-07-22 16:00:49,628 ERROR yfinance: $UNKNOWN: possibly delisted; no price data found  (period=1mo) (Yahoo error = "No data found, symbol may be delisted")
2026-07-22 16:00:53,710 WARNING src.options_filter: UNKNOWN: options data unavailable from all sources
2026-07-22 16:00:53,853 ERROR yfinance: $UNKNOWN: possibly delisted; no price data found  (period=1mo) (Yahoo error = "No data found, symbol may be delisted")
2026-07-22 16:00:58,051 WARNING src.options_filter: UNKNOWN: options data unavailable from all sources
2026-07-22 16:00:58,209 ERROR yfinance: $UNKNOWN: possibly delisted; no price data found  (period=1mo) (Yahoo error = "No data found, symbol may be delisted")
2026-07-22 16:01:02,303 WARNING src.options_filter: UNKNOWN: options data unavailable from all sources
2026-07-22 16:01:02,473 ERROR yfinance: $UNKNOWN: possibly delisted; no price data found  (period=1mo) (Yahoo error = "No data found, symbol may be delisted")
2026-07-22 16:01:06,589 WARNING src.options_filter: UNKNOWN: options data unavailable from all sources
2026-07-22 16:01:06,721 ERROR yfinance: $UNKNOWN: possibly delisted; no price data found  (period=1mo) (Yahoo error = "No data found, symbol may be delisted")
2026-07-22 16:01:10,832 WARNING src.options_filter: UNKNOWN: options data unavailable from all sources
2026-07-22 16:01:10,956 ERROR yfinance: $UNKNOWN: possibly delisted; no price data found  (period=1mo) (Yahoo error = "No data found, symbol may be delisted")
2026-07-22 16:01:15,028 WARNING src.options_filter: UNKNOWN: options data unavailable from all sources
2026-07-22 16:01:15,249 ERROR yfinance: $UNKNOWN: possibly delisted; no price data found  (period=1mo) (Yahoo error = "No data found, symbol may be delisted")
2026-07-22 16:01:19,331 WARNING src.options_filter: UNKNOWN: options data unavailable from all sources
2026-07-22 16:01:19,506 ERROR yfinance: $UNKNOWN: possibly delisted; no price data found  (period=1mo) (Yahoo error = "No data found, symbol may be delisted")
2026-07-22 16:01:23,577 WARNING src.options_filter: UNKNOWN: options data unavailable from all sources
2026-07-22 16:01:23,735 ERROR yfinance: $UNKNOWN: possibly delisted; no price data found  (period=1mo) (Yahoo error = "No data found, symbol may be delisted")
2026-07-22 16:01:27,821 WARNING src.options_filter: UNKNOWN: options data unavailable from all sources
2026-07-22 16:01:32,101 WARNING src.options_filter: COF-PN: options data unavailable from all sources
2026-07-22 16:01:32,308 ERROR yfinance: $UNKNOWN: possibly delisted; no price data found  (period=1mo) (Yahoo error = "No data found, symbol may be delisted")
2026-07-22 16:01:36,390 WARNING src.options_filter: UNKNOWN: options data unavailable from all sources
2026-07-22 16:01:36,514 ERROR yfinance: $UNKNOWN: possibly delisted; no price data found  (period=1mo) (Yahoo error = "No data found, symbol may be delisted")
2026-07-22 16:01:40,591 WARNING src.options_filter: UNKNOWN: options data unavailable from all sources
2026-07-22 16:01:40,718 ERROR yfinance: $UNKNOWN: possibly delisted; no price data found  (period=1mo) (Yahoo error = "No data found, symbol may be delisted")
2026-07-22 16:01:44,798 WARNING src.options_filter: UNKNOWN: options data unavailable from all sources
2026-07-22 16:01:45,039 ERROR yfinance: $UNKNOWN: possibly delisted; no price data found  (period=1mo) (Yahoo error = "No data found, symbol may be delisted")
2026-07-22 16:01:49,120 WARNING src.options_filter: UNKNOWN: options data unavailable from all sources
2026-07-22 16:01:52,689 WARNING src.options_filter: WRB-PH: options data unavailable from all sources
2026-07-22 16:01:52,906 ERROR yfinance: $UNKNOWN: possibly delisted; no price data found  (period=1mo) (Yahoo error = "No data found, symbol may be delisted")
2026-07-22 16:01:57,012 WARNING src.options_filter: UNKNOWN: options data unavailable from all sources
2026-07-22 16:01:57,133 ERROR yfinance: $UNKNOWN: possibly delisted; no price data found  (period=1mo) (Yahoo error = "No data found, symbol may be delisted")
2026-07-22 16:02:01,269 WARNING src.options_filter: UNKNOWN: options data unavailable from all sources
2026-07-22 16:02:01,390 ERROR yfinance: $UNKNOWN: possibly delisted; no price data found  (period=1mo) (Yahoo error = "No data found, symbol may be delisted")
2026-07-22 16:02:05,474 WARNING src.options_filter: UNKNOWN: options data unavailable from all sources
2026-07-22 16:02:05,676 ERROR yfinance: $UNKNOWN: possibly delisted; no price data found  (period=1mo) (Yahoo error = "No data found, symbol may be delisted")
2026-07-22 16:02:09,765 WARNING src.options_filter: UNKNOWN: options data unavailable from all sources
2026-07-22 16:02:09,967 ERROR yfinance: $UNKNOWN: possibly delisted; no price data found  (period=1mo) (Yahoo error = "No data found, symbol may be delisted")
2026-07-22 16:02:14,055 WARNING src.options_filter: UNKNOWN: options data unavailable from all sources
2026-07-22 16:02:14,215 ERROR yfinance: $UNKNOWN: possibly delisted; no price data found  (period=1mo) (Yahoo error = "No data found, symbol may be delisted")
2026-07-22 16:02:18,335 WARNING src.options_filter: UNKNOWN: options data unavailable from all sources
2026-07-22 16:02:18,469 ERROR yfinance: $UNKNOWN: possibly delisted; no price data found  (period=1mo) (Yahoo error = "No data found, symbol may be delisted")
2026-07-22 16:02:22,578 WARNING src.options_filter: UNKNOWN: options data unavailable from all sources
2026-07-22 16:02:22,758 ERROR yfinance: $UNKNOWN: possibly delisted; no price data found  (period=1mo) (Yahoo error = "No data found, symbol may be delisted")
2026-07-22 16:02:26,850 WARNING src.options_filter: UNKNOWN: options data unavailable from all sources
2026-07-22 16:02:27,479 ERROR yfinance: $NWSLL: possibly delisted; no price data found  (period=1mo) (Yahoo error = "No data found, symbol may be delisted")
2026-07-22 16:02:31,607 WARNING src.options_filter: NWSLL: options data unavailable from all sources
2026-07-22 16:02:31,804 ERROR yfinance: $UNKNOWN: possibly delisted; no price data found  (period=1mo) (Yahoo error = "No data found, symbol may be delisted")
2026-07-22 16:02:35,883 WARNING src.options_filter: UNKNOWN: options data unavailable from all sources
2026-07-22 16:02:40,065 WARNING src.options_filter: DX-PC: options data unavailable from all sources
2026-07-22 16:02:40,240 ERROR yfinance: $UNKNOWN: possibly delisted; no price data found  (period=1mo) (Yahoo error = "No data found, symbol may be delisted")
2026-07-22 16:02:44,324 WARNING src.options_filter: UNKNOWN: options data unavailable from all sources
2026-07-22 16:02:44,486 ERROR yfinance: $UNKNOWN: possibly delisted; no price data found  (period=1mo) (Yahoo error = "No data found, symbol may be delisted")
2026-07-22 16:02:48,556 WARNING src.options_filter: UNKNOWN: options data unavailable from all sources
2026-07-22 16:02:48,684 ERROR yfinance: $UNKNOWN: possibly delisted; no price data found  (period=1mo) (Yahoo error = "No data found, symbol may be delisted")
2026-07-22 16:02:52,771 WARNING src.options_filter: UNKNOWN: options data unavailable from all sources
2026-07-22 16:02:52,938 ERROR yfinance: $UNKNOWN: possibly delisted; no price data found  (period=1mo) (Yahoo error = "No data found, symbol may be delisted")
2026-07-22 16:02:57,008 WARNING src.options_filter: UNKNOWN: options data unavailable from all sources
2026-07-22 16:02:57,142 ERROR yfinance: $UNKNOWN: possibly delisted; no price data found  (period=1mo) (Yahoo error = "No data found, symbol may be delisted")
2026-07-22 16:03:01,246 WARNING src.options_filter: UNKNOWN: options data unavailable from all sources
2026-07-22 16:03:01,367 ERROR yfinance: $UNKNOWN: possibly delisted; no price data found  (period=1mo) (Yahoo error = "No data found, symbol may be delisted")
2026-07-22 16:03:05,442 WARNING src.options_filter: UNKNOWN: options data unavailable from all sources
2026-07-22 16:03:05,623 ERROR yfinance: $UNKNOWN: possibly delisted; no price data found  (period=1mo) (Yahoo error = "No data found, symbol may be delisted")
2026-07-22 16:03:09,723 WARNING src.options_filter: UNKNOWN: options data unavailable from all sources
2026-07-22 16:03:09,837 ERROR yfinance: $UNKNOWN: possibly delisted; no price data found  (period=1mo) (Yahoo error = "No data found, symbol may be delisted")
2026-07-22 16:03:13,906 WARNING src.options_filter: UNKNOWN: options data unavailable from all sources
2026-07-22 16:03:14,058 ERROR yfinance: $UNKNOWN: possibly delisted; no price data found  (period=1mo) (Yahoo error = "No data found, symbol may be delisted")
2026-07-22 16:03:18,165 WARNING src.options_filter: UNKNOWN: options data unavailable from all sources
2026-07-22 16:03:18,298 ERROR yfinance: $UNKNOWN: possibly delisted; no price data found  (period=1mo) (Yahoo error = "No data found, symbol may be delisted")
2026-07-22 16:03:22,370 WARNING src.options_filter: UNKNOWN: options data unavailable from all sources
2026-07-22 16:03:22,484 ERROR yfinance: $UNKNOWN: possibly delisted; no price data found  (period=1mo) (Yahoo error = "No data found, symbol may be delisted")
2026-07-22 16:03:26,566 WARNING src.options_filter: UNKNOWN: options data unavailable from all sources
2026-07-22 16:03:26,683 ERROR yfinance: $UNKNOWN: possibly delisted; no price data found  (period=1mo) (Yahoo error = "No data found, symbol may be delisted")
2026-07-22 16:03:30,765 WARNING src.options_filter: UNKNOWN: options data unavailable from all sources
2026-07-22 16:03:34,946 WARNING src.options_filter: EPR-PG: options data unavailable from all sources
2026-07-22 16:03:35,070 ERROR yfinance: $UNKNOWN: possibly delisted; no price data found  (period=1mo) (Yahoo error = "No data found, symbol may be delisted")
2026-07-22 16:03:39,142 WARNING src.options_filter: UNKNOWN: options data unavailable from all sources
2026-07-22 16:03:39,308 ERROR yfinance: $UNKNOWN: possibly delisted; no price data found  (period=1mo) (Yahoo error = "No data found, symbol may be delisted")
2026-07-22 16:03:43,402 WARNING src.options_filter: UNKNOWN: options data unavailable from all sources
2026-07-22 16:03:47,005 WARNING src.options_filter: KEY-PL: options data unavailable from all sources
2026-07-22 16:03:47,129 ERROR yfinance: $UNKNOWN: possibly delisted; no price data found  (period=1mo) (Yahoo error = "No data found, symbol may be delisted")
2026-07-22 16:03:51,195 WARNING src.options_filter: UNKNOWN: options data unavailable from all sources
2026-07-22 16:03:51,319 ERROR yfinance: $UNKNOWN: possibly delisted; no price data found  (period=1mo) (Yahoo error = "No data found, symbol may be delisted")
2026-07-22 16:03:55,394 WARNING src.options_filter: UNKNOWN: options data unavailable from all sources
2026-07-22 16:03:55,514 ERROR yfinance: $UNKNOWN: possibly delisted; no price data found  (period=1mo) (Yahoo error = "No data found, symbol may be delisted")
2026-07-22 16:03:59,586 WARNING src.options_filter: UNKNOWN: options data unavailable from all sources
2026-07-22 16:03:59,789 ERROR yfinance: $UNKNOWN: possibly delisted; no price data found  (period=1mo) (Yahoo error = "No data found, symbol may be delisted")
2026-07-22 16:04:03,868 WARNING src.options_filter: UNKNOWN: options data unavailable from all sources
2026-07-22 16:04:04,093 ERROR yfinance: $UNKNOWN: possibly delisted; no price data found  (period=1mo) (Yahoo error = "No data found, symbol may be delisted")
2026-07-22 16:04:08,234 WARNING src.options_filter: UNKNOWN: options data unavailable from all sources
2026-07-22 16:04:08,413 ERROR yfinance: $UNKNOWN: possibly delisted; no price data found  (period=1mo) (Yahoo error = "No data found, symbol may be delisted")
2026-07-22 16:04:12,496 WARNING src.options_filter: UNKNOWN: options data unavailable from all sources
2026-07-22 16:04:12,620 ERROR yfinance: $UNKNOWN: possibly delisted; no price data found  (period=1mo) (Yahoo error = "No data found, symbol may be delisted")
2026-07-22 16:04:16,701 WARNING src.options_filter: UNKNOWN: options data unavailable from all sources
2026-07-22 16:04:16,886 ERROR yfinance: $UNKNOWN: possibly delisted; no price data found  (period=1mo) (Yahoo error = "No data found, symbol may be delisted")
2026-07-22 16:04:21,040 WARNING src.options_filter: UNKNOWN: options data unavailable from all sources
2026-07-22 16:04:21,188 ERROR yfinance: $UNKNOWN: possibly delisted; no price data found  (period=1mo) (Yahoo error = "No data found, symbol may be delisted")
2026-07-22 16:04:25,271 WARNING src.options_filter: UNKNOWN: options data unavailable from all sources
2026-07-22 16:04:25,394 ERROR yfinance: $UNKNOWN: possibly delisted; no price data found  (period=1mo) (Yahoo error = "No data found, symbol may be delisted")
2026-07-22 16:04:29,499 WARNING src.options_filter: UNKNOWN: options data unavailable from all sources
2026-07-22 16:04:32,965 ERROR yfinance: $UNKNOWN: possibly delisted; no price data found  (period=1mo) (Yahoo error = "No data found, symbol may be delisted")
2026-07-22 16:04:37,086 WARNING src.options_filter: UNKNOWN: options data unavailable from all sources
2026-07-22 16:04:37,087 INFO run_daily: Passed options gate: 363 events
2026-07-22 16:04:37,087 INFO run_daily: Step 7: enriching 363 events
2026-07-22 16:06:11,117 INFO run_daily: Step 8: dedup
2026-07-22 16:06:11,118 INFO run_daily: Step 9: ranking
2026-07-22 16:06:11,119 INFO run_daily: Step 10: writing digest
2026-07-22 16:06:11,166 INFO src.digest_writer: digest written: output/market_radar_2026-07-22.html
2026-07-22 16:06:11,166 INFO run_daily: === Done: output/market_radar_2026-07-22.html ===
