2026-06-17 17:13:40,123 INFO run_daily: === Market Event Radar starting — 2026-06-17 ===
2026-06-17 17:13:40,125 INFO run_daily: Step 1: fetching earnings calendar
2026-06-17 17:13:54,831 INFO src.event_fetcher: nasdaq earnings: 96 entries across 7 days
2026-06-17 17:13:56,184 INFO src.event_fetcher: finnhub earnings: 77 entries
2026-06-17 17:13:56,184 INFO src.event_fetcher: merged earnings universe: 152 unique tickers
2026-06-17 17:13:56,184 INFO run_daily: Step 2: fetching 8-K filings
2026-06-17 17:13:57,615 INFO src.event_fetcher: edgar 8-K filings: 100
2026-06-17 17:13:57,872 INFO run_daily: Step 3: building universe
2026-06-17 17:13:57,873 INFO src.universe: universe: 35 tickers (10 watchlist, 25 discovered)
2026-06-17 17:13:57,873 INFO run_daily: Universe: 35 tickers
2026-06-17 17:13:57,873 INFO run_daily: Step 4: yfinance cross-check for 35 tickers
2026-06-17 17:14:09,378 INFO run_daily: Step 5: building earnings events
2026-06-17 17:14:09,379 INFO src.source_merger: earnings events built: 152
2026-06-17 17:14:09,379 INFO run_daily: Step 5b: building 8-K events
2026-06-17 17:14:09,381 INFO run_daily: Step 6: options filter (252 candidates)
2026-06-17 17:14:13,092 WARNING src.options_filter: AEMD: options data unavailable from all sources
2026-06-17 17:14:16,808 WARNING src.options_filter: AMEN: options data unavailable from all sources
2026-06-17 17:14:20,409 WARNING src.options_filter: BKHA: options data unavailable from all sources
2026-06-17 17:14:24,012 WARNING src.options_filter: FEDU: options data unavailable from all sources
2026-06-17 17:14:27,623 WARNING src.options_filter: IXAQF: options data unavailable from all sources
2026-06-17 17:14:31,245 WARNING src.options_filter: NROM: options data unavailable from all sources
2026-06-17 17:14:31,554 ERROR yfinance: HTTP Error 404: {"quoteSummary":{"result":null,"error":{"code":"Not Found","description":"Quote not found for symbol: OAKU"}}}
2026-06-17 17:14:31,818 ERROR yfinance: $OAKU: possibly delisted; no price data found  (period=1mo) (Yahoo error = "No data found, symbol may be delisted")
2026-06-17 17:14:35,941 WARNING src.options_filter: OAKU: options data unavailable from all sources
2026-06-17 17:14:39,594 WARNING src.options_filter: RYSMF: options data unavailable from all sources
2026-06-17 17:14:39,948 ERROR yfinance: HTTP Error 404: {"quoteSummary":{"result":null,"error":{"code":"Not Found","description":"Quote not found for symbol: WBA"}}}
2026-06-17 17:14:40,199 ERROR yfinance: $WBA: possibly delisted; no price data found  (period=1mo) (Yahoo error = "No data found, symbol may be delisted")
2026-06-17 17:14:44,298 WARNING src.options_filter: WBA: options data unavailable from all sources
2026-06-17 17:14:47,902 WARNING src.options_filter: ATXG: options data unavailable from all sources
2026-06-17 17:14:51,512 WARNING src.options_filter: BVC: options data unavailable from all sources
2026-06-17 17:14:51,795 ERROR yfinance: $CLRC: possibly delisted; no price data found  (period=1mo) (Yahoo error = "No data found, symbol may be delisted")
2026-06-17 17:14:55,929 WARNING src.options_filter: CLRC: options data unavailable from all sources
2026-06-17 17:14:59,536 WARNING src.options_filter: KEQU: options data unavailable from all sources
2026-06-17 17:15:03,148 WARNING src.options_filter: LOT: options data unavailable from all sources
2026-06-17 17:15:06,769 WARNING src.options_filter: MFM: options data unavailable from all sources
2026-06-17 17:15:10,393 WARNING src.options_filter: MMT: options data unavailable from all sources
2026-06-17 17:15:10,676 ERROR yfinance: $SCS: possibly delisted; no price data found  (period=1mo) (Yahoo error = "No data found, symbol may be delisted")
2026-06-17 17:15:14,779 WARNING src.options_filter: SCS: options data unavailable from all sources
2026-06-17 17:15:18,430 WARNING src.options_filter: UCLE: options data unavailable from all sources
2026-06-17 17:15:22,034 WARNING src.options_filter: ZNB: options data unavailable from all sources
2026-06-17 17:15:25,644 WARNING src.options_filter: BSFC: options data unavailable from all sources
2026-06-17 17:15:29,250 WARNING src.options_filter: CARV: options data unavailable from all sources
2026-06-17 17:15:32,909 WARNING src.options_filter: CHI: options data unavailable from all sources
2026-06-17 17:15:36,524 WARNING src.options_filter: GELS: options data unavailable from all sources
2026-06-17 17:15:40,199 WARNING src.options_filter: GURE: options data unavailable from all sources
2026-06-17 17:15:43,803 WARNING src.options_filter: HLEO: options data unavailable from all sources
2026-06-17 17:15:47,480 WARNING src.options_filter: MDRX: options data unavailable from all sources
2026-06-17 17:15:51,106 WARNING src.options_filter: MGIH: options data unavailable from all sources
2026-06-17 17:15:54,721 WARNING src.options_filter: MPU: options data unavailable from all sources
2026-06-17 17:15:58,358 WARNING src.options_filter: SEGG: options data unavailable from all sources
2026-06-17 17:15:58,619 ERROR yfinance: $AIMAU: possibly delisted; no price data found  (period=1mo) (Yahoo error = "No data found, symbol may be delisted")
2026-06-17 17:16:02,737 WARNING src.options_filter: AIMAU: options data unavailable from all sources
2026-06-17 17:16:06,570 WARNING src.options_filter: CRCW: options data unavailable from all sources
2026-06-17 17:16:10,225 WARNING src.options_filter: CYAN: options data unavailable from all sources
2026-06-17 17:16:13,835 WARNING src.options_filter: DPG: options data unavailable from all sources
2026-06-17 17:16:17,527 WARNING src.options_filter: DTF: options data unavailable from all sources
2026-06-17 17:16:21,135 WARNING src.options_filter: IHT: options data unavailable from all sources
2026-06-17 17:16:24,746 WARNING src.options_filter: MODD: options data unavailable from all sources
2026-06-17 17:16:28,374 WARNING src.options_filter: RTON: options data unavailable from all sources
2026-06-17 17:16:32,030 WARNING src.options_filter: SBSAA: options data unavailable from all sources
2026-06-17 17:16:35,646 WARNING src.options_filter: EFR: options data unavailable from all sources
2026-06-17 17:16:39,269 WARNING src.options_filter: EMCG: options data unavailable from all sources
2026-06-17 17:16:42,877 WARNING src.options_filter: FRD: options data unavailable from all sources
2026-06-17 17:16:46,500 WARNING src.options_filter: IZM: options data unavailable from all sources
2026-06-17 17:16:50,097 WARNING src.options_filter: PBSV: options data unavailable from all sources
2026-06-17 17:16:53,699 WARNING src.options_filter: QEPC: options data unavailable from all sources
2026-06-17 17:16:57,302 WARNING src.options_filter: YI: options data unavailable from all sources
2026-06-17 17:17:00,900 WARNING src.options_filter: DSWL: options data unavailable from all sources
2026-06-17 17:17:04,504 WARNING src.options_filter: DTSS: options data unavailable from all sources
2026-06-17 17:17:08,103 WARNING src.options_filter: LRHC: options data unavailable from all sources
2026-06-17 17:17:11,712 WARNING src.options_filter: BTTC: options data unavailable from all sources
2026-06-17 17:17:15,319 WARNING src.options_filter: TLX: options data unavailable from all sources
2026-06-17 17:17:18,928 WARNING src.options_filter: NAMM: options data unavailable from all sources
2026-06-17 17:17:22,540 WARNING src.options_filter: ICG: options data unavailable from all sources
2026-06-17 17:17:26,181 WARNING src.options_filter: BGDE: options data unavailable from all sources
2026-06-17 17:17:29,787 WARNING src.options_filter: EONR: options data unavailable from all sources
2026-06-17 17:17:33,428 WARNING src.options_filter: BMR: options data unavailable from all sources
2026-06-17 17:17:37,038 WARNING src.options_filter: CRMT: options data unavailable from all sources
2026-06-17 17:17:40,638 WARNING src.options_filter: WLDS: options data unavailable from all sources
2026-06-17 17:17:44,250 WARNING src.options_filter: GLMD: options data unavailable from all sources
2026-06-17 17:17:47,847 WARNING src.options_filter: CDT: options data unavailable from all sources
2026-06-17 17:17:51,452 WARNING src.options_filter: VIVS: options data unavailable from all sources
2026-06-17 17:17:55,051 WARNING src.options_filter: GDEV: options data unavailable from all sources
2026-06-17 17:17:58,666 WARNING src.options_filter: WALD: options data unavailable from all sources
2026-06-17 17:18:02,270 WARNING src.options_filter: BHM: options data unavailable from all sources
2026-06-17 17:18:05,888 WARNING src.options_filter: AUC: options data unavailable from all sources
2026-06-17 17:18:09,509 WARNING src.options_filter: INLF: options data unavailable from all sources
2026-06-17 17:18:13,166 WARNING src.options_filter: AACG: options data unavailable from all sources
2026-06-17 17:18:16,896 WARNING src.options_filter: FMST: options data unavailable from all sources
2026-06-17 17:18:20,508 WARNING src.options_filter: HUIZ: options data unavailable from all sources
2026-06-17 17:18:24,121 WARNING src.options_filter: RUBI: options data unavailable from all sources
2026-06-17 17:18:27,750 WARNING src.options_filter: OLOX: options data unavailable from all sources
2026-06-17 17:18:31,387 WARNING src.options_filter: CHR: options data unavailable from all sources
2026-06-17 17:18:35,001 WARNING src.options_filter: FRGT: options data unavailable from all sources
2026-06-17 17:18:38,608 WARNING src.options_filter: GNS: options data unavailable from all sources
2026-06-17 17:18:42,299 WARNING src.options_filter: RYOJ: options data unavailable from all sources
2026-06-17 17:18:45,898 WARNING src.options_filter: VSTD: options data unavailable from all sources
2026-06-17 17:18:49,502 WARNING src.options_filter: IMTE: options data unavailable from all sources
2026-06-17 17:18:53,139 WARNING src.options_filter: CURR: options data unavailable from all sources
2026-06-17 17:18:56,740 WARNING src.options_filter: ALPS: options data unavailable from all sources
2026-06-17 17:19:00,340 WARNING src.options_filter: ATLN: options data unavailable from all sources
2026-06-17 17:19:03,952 WARNING src.options_filter: AAME: options data unavailable from all sources
2026-06-17 17:19:07,571 WARNING src.options_filter: RGNT: options data unavailable from all sources
2026-06-17 17:19:11,175 WARNING src.options_filter: UTSI: options data unavailable from all sources
2026-06-17 17:19:14,809 WARNING src.options_filter: BRLS: options data unavailable from all sources
2026-06-17 17:19:18,431 WARNING src.options_filter: REBN: options data unavailable from all sources
2026-06-17 17:19:22,039 WARNING src.options_filter: GAUZ: options data unavailable from all sources
2026-06-17 17:19:25,655 WARNING src.options_filter: RTB: options data unavailable from all sources
2026-06-17 17:19:29,271 WARNING src.options_filter: CETY: options data unavailable from all sources
2026-06-17 17:19:32,879 WARNING src.options_filter: GITS: options data unavailable from all sources
2026-06-17 17:19:36,490 WARNING src.options_filter: IVF: options data unavailable from all sources
2026-06-17 17:19:40,114 WARNING src.options_filter: UK: options data unavailable from all sources
2026-06-17 17:19:40,440 ERROR yfinance: $UNKNOWN: possibly delisted; no price data found  (period=1mo) (Yahoo error = "No data found, symbol may be delisted")
2026-06-17 17:19:44,542 WARNING src.options_filter: UNKNOWN: options data unavailable from all sources
2026-06-17 17:19:44,696 ERROR yfinance: $UNKNOWN: possibly delisted; no price data found  (period=1mo) (Yahoo error = "No data found, symbol may be delisted")
2026-06-17 17:19:48,806 WARNING src.options_filter: UNKNOWN: options data unavailable from all sources
2026-06-17 17:19:48,982 ERROR yfinance: $UNKNOWN: possibly delisted; no price data found  (period=1mo) (Yahoo error = "No data found, symbol may be delisted")
2026-06-17 17:19:53,096 WARNING src.options_filter: UNKNOWN: options data unavailable from all sources
2026-06-17 17:19:56,705 WARNING src.options_filter: BUKS: options data unavailable from all sources
2026-06-17 17:19:56,831 ERROR yfinance: $UNKNOWN: possibly delisted; no price data found  (period=1mo) (Yahoo error = "No data found, symbol may be delisted")
2026-06-17 17:20:00,936 WARNING src.options_filter: UNKNOWN: options data unavailable from all sources
2026-06-17 17:20:01,160 ERROR yfinance: $UNKNOWN: possibly delisted; no price data found  (period=1mo) (Yahoo error = "No data found, symbol may be delisted")
2026-06-17 17:20:05,315 WARNING src.options_filter: UNKNOWN: options data unavailable from all sources
2026-06-17 17:20:05,448 ERROR yfinance: $UNKNOWN: possibly delisted; no price data found  (period=1mo) (Yahoo error = "No data found, symbol may be delisted")
2026-06-17 17:20:09,577 WARNING src.options_filter: UNKNOWN: options data unavailable from all sources
2026-06-17 17:20:09,777 ERROR yfinance: $UNKNOWN: possibly delisted; no price data found  (period=1mo) (Yahoo error = "No data found, symbol may be delisted")
2026-06-17 17:20:13,922 WARNING src.options_filter: UNKNOWN: options data unavailable from all sources
2026-06-17 17:20:14,055 ERROR yfinance: $UNKNOWN: possibly delisted; no price data found  (period=1mo) (Yahoo error = "No data found, symbol may be delisted")
2026-06-17 17:20:18,208 WARNING src.options_filter: UNKNOWN: options data unavailable from all sources
2026-06-17 17:20:18,340 ERROR yfinance: $UNKNOWN: possibly delisted; no price data found  (period=1mo) (Yahoo error = "No data found, symbol may be delisted")
2026-06-17 17:20:22,518 WARNING src.options_filter: UNKNOWN: options data unavailable from all sources
2026-06-17 17:20:22,712 ERROR yfinance: $UNKNOWN: possibly delisted; no price data found  (period=1mo) (Yahoo error = "No data found, symbol may be delisted")
2026-06-17 17:20:26,928 WARNING src.options_filter: UNKNOWN: options data unavailable from all sources
2026-06-17 17:20:27,083 ERROR yfinance: $UNKNOWN: possibly delisted; no price data found  (period=1mo) (Yahoo error = "No data found, symbol may be delisted")
2026-06-17 17:20:31,188 WARNING src.options_filter: UNKNOWN: options data unavailable from all sources
2026-06-17 17:20:34,788 WARNING src.options_filter: ISBA: options data unavailable from all sources
2026-06-17 17:20:38,394 WARNING src.options_filter: ONCY: options data unavailable from all sources
2026-06-17 17:20:38,583 ERROR yfinance: $UNKNOWN: possibly delisted; no price data found  (period=1mo) (Yahoo error = "No data found, symbol may be delisted")
2026-06-17 17:20:42,693 WARNING src.options_filter: UNKNOWN: options data unavailable from all sources
2026-06-17 17:20:42,817 ERROR yfinance: $UNKNOWN: possibly delisted; no price data found  (period=1mo) (Yahoo error = "No data found, symbol may be delisted")
2026-06-17 17:20:46,948 WARNING src.options_filter: UNKNOWN: options data unavailable from all sources
2026-06-17 17:20:47,071 ERROR yfinance: $UNKNOWN: possibly delisted; no price data found  (period=1mo) (Yahoo error = "No data found, symbol may be delisted")
2026-06-17 17:20:51,178 WARNING src.options_filter: UNKNOWN: options data unavailable from all sources
2026-06-17 17:20:51,348 ERROR yfinance: $UNKNOWN: possibly delisted; no price data found  (period=1mo) (Yahoo error = "No data found, symbol may be delisted")
2026-06-17 17:20:55,452 WARNING src.options_filter: UNKNOWN: options data unavailable from all sources
2026-06-17 17:20:55,589 ERROR yfinance: $UNKNOWN: possibly delisted; no price data found  (period=1mo) (Yahoo error = "No data found, symbol may be delisted")
2026-06-17 17:20:59,690 WARNING src.options_filter: UNKNOWN: options data unavailable from all sources
2026-06-17 17:20:59,834 ERROR yfinance: $UNKNOWN: possibly delisted; no price data found  (period=1mo) (Yahoo error = "No data found, symbol may be delisted")
2026-06-17 17:21:03,970 WARNING src.options_filter: UNKNOWN: options data unavailable from all sources
2026-06-17 17:21:04,142 ERROR yfinance: $UNKNOWN: possibly delisted; no price data found  (period=1mo) (Yahoo error = "No data found, symbol may be delisted")
2026-06-17 17:21:08,244 WARNING src.options_filter: UNKNOWN: options data unavailable from all sources
2026-06-17 17:21:08,418 ERROR yfinance: $UNKNOWN: possibly delisted; no price data found  (period=1mo) (Yahoo error = "No data found, symbol may be delisted")
2026-06-17 17:21:12,552 WARNING src.options_filter: UNKNOWN: options data unavailable from all sources
2026-06-17 17:21:12,674 ERROR yfinance: $UNKNOWN: possibly delisted; no price data found  (period=1mo) (Yahoo error = "No data found, symbol may be delisted")
2026-06-17 17:21:16,787 WARNING src.options_filter: UNKNOWN: options data unavailable from all sources
2026-06-17 17:21:16,909 ERROR yfinance: $UNKNOWN: possibly delisted; no price data found  (period=1mo) (Yahoo error = "No data found, symbol may be delisted")
2026-06-17 17:21:21,012 WARNING src.options_filter: UNKNOWN: options data unavailable from all sources
2026-06-17 17:21:21,140 ERROR yfinance: $UNKNOWN: possibly delisted; no price data found  (period=1mo) (Yahoo error = "No data found, symbol may be delisted")
2026-06-17 17:21:25,249 WARNING src.options_filter: UNKNOWN: options data unavailable from all sources
2026-06-17 17:21:25,374 ERROR yfinance: $UNKNOWN: possibly delisted; no price data found  (period=1mo) (Yahoo error = "No data found, symbol may be delisted")
2026-06-17 17:21:29,487 WARNING src.options_filter: UNKNOWN: options data unavailable from all sources
2026-06-17 17:21:29,634 ERROR yfinance: $UNKNOWN: possibly delisted; no price data found  (period=1mo) (Yahoo error = "No data found, symbol may be delisted")
2026-06-17 17:21:33,788 WARNING src.options_filter: UNKNOWN: options data unavailable from all sources
2026-06-17 17:21:37,437 ERROR yfinance: $UNKNOWN: possibly delisted; no price data found  (period=1mo) (Yahoo error = "No data found, symbol may be delisted")
2026-06-17 17:21:41,546 WARNING src.options_filter: UNKNOWN: options data unavailable from all sources
2026-06-17 17:21:41,721 ERROR yfinance: $UNKNOWN: possibly delisted; no price data found  (period=1mo) (Yahoo error = "No data found, symbol may be delisted")
2026-06-17 17:21:45,827 WARNING src.options_filter: UNKNOWN: options data unavailable from all sources
2026-06-17 17:21:46,359 ERROR yfinance: $UNKNOWN: possibly delisted; no price data found  (period=1mo) (Yahoo error = "No data found, symbol may be delisted")
2026-06-17 17:21:50,519 WARNING src.options_filter: UNKNOWN: options data unavailable from all sources
2026-06-17 17:21:50,677 ERROR yfinance: $UNKNOWN: possibly delisted; no price data found  (period=1mo) (Yahoo error = "No data found, symbol may be delisted")
2026-06-17 17:21:54,785 WARNING src.options_filter: UNKNOWN: options data unavailable from all sources
2026-06-17 17:21:54,952 ERROR yfinance: $UNKNOWN: possibly delisted; no price data found  (period=1mo) (Yahoo error = "No data found, symbol may be delisted")
2026-06-17 17:21:59,076 WARNING src.options_filter: UNKNOWN: options data unavailable from all sources
2026-06-17 17:21:59,206 ERROR yfinance: $UNKNOWN: possibly delisted; no price data found  (period=1mo) (Yahoo error = "No data found, symbol may be delisted")
2026-06-17 17:22:03,329 WARNING src.options_filter: UNKNOWN: options data unavailable from all sources
2026-06-17 17:22:03,461 ERROR yfinance: $UNKNOWN: possibly delisted; no price data found  (period=1mo) (Yahoo error = "No data found, symbol may be delisted")
2026-06-17 17:22:07,576 WARNING src.options_filter: UNKNOWN: options data unavailable from all sources
2026-06-17 17:22:07,722 ERROR yfinance: $UNKNOWN: possibly delisted; no price data found  (period=1mo) (Yahoo error = "No data found, symbol may be delisted")
2026-06-17 17:22:11,831 WARNING src.options_filter: UNKNOWN: options data unavailable from all sources
2026-06-17 17:22:11,970 ERROR yfinance: $UNKNOWN: possibly delisted; no price data found  (period=1mo) (Yahoo error = "No data found, symbol may be delisted")
2026-06-17 17:22:16,081 WARNING src.options_filter: UNKNOWN: options data unavailable from all sources
2026-06-17 17:22:16,232 ERROR yfinance: $UNKNOWN: possibly delisted; no price data found  (period=1mo) (Yahoo error = "No data found, symbol may be delisted")
2026-06-17 17:22:20,334 WARNING src.options_filter: UNKNOWN: options data unavailable from all sources
2026-06-17 17:22:20,511 ERROR yfinance: $UNKNOWN: possibly delisted; no price data found  (period=1mo) (Yahoo error = "No data found, symbol may be delisted")
2026-06-17 17:22:24,610 WARNING src.options_filter: UNKNOWN: options data unavailable from all sources
2026-06-17 17:22:24,958 ERROR yfinance: $UNKNOWN: possibly delisted; no price data found  (period=1mo) (Yahoo error = "No data found, symbol may be delisted")
2026-06-17 17:22:29,078 WARNING src.options_filter: UNKNOWN: options data unavailable from all sources
2026-06-17 17:22:29,243 ERROR yfinance: $UNKNOWN: possibly delisted; no price data found  (period=1mo) (Yahoo error = "No data found, symbol may be delisted")
2026-06-17 17:22:33,348 WARNING src.options_filter: UNKNOWN: options data unavailable from all sources
2026-06-17 17:22:33,509 ERROR yfinance: $UNKNOWN: possibly delisted; no price data found  (period=1mo) (Yahoo error = "No data found, symbol may be delisted")
2026-06-17 17:22:37,613 WARNING src.options_filter: UNKNOWN: options data unavailable from all sources
2026-06-17 17:22:37,734 ERROR yfinance: $UNKNOWN: possibly delisted; no price data found  (period=1mo) (Yahoo error = "No data found, symbol may be delisted")
2026-06-17 17:22:41,843 WARNING src.options_filter: UNKNOWN: options data unavailable from all sources
2026-06-17 17:22:45,459 WARNING src.options_filter: INBKZ: options data unavailable from all sources
2026-06-17 17:22:45,588 ERROR yfinance: $UNKNOWN: possibly delisted; no price data found  (period=1mo) (Yahoo error = "No data found, symbol may be delisted")
2026-06-17 17:22:50,046 WARNING src.options_filter: UNKNOWN: options data unavailable from all sources
2026-06-17 17:22:50,237 ERROR yfinance: $UNKNOWN: possibly delisted; no price data found  (period=1mo) (Yahoo error = "No data found, symbol may be delisted")
2026-06-17 17:22:54,371 WARNING src.options_filter: UNKNOWN: options data unavailable from all sources
2026-06-17 17:22:54,494 ERROR yfinance: $UNKNOWN: possibly delisted; no price data found  (period=1mo) (Yahoo error = "No data found, symbol may be delisted")
2026-06-17 17:22:58,662 WARNING src.options_filter: UNKNOWN: options data unavailable from all sources
2026-06-17 17:22:58,830 ERROR yfinance: $UNKNOWN: possibly delisted; no price data found  (period=1mo) (Yahoo error = "No data found, symbol may be delisted")
2026-06-17 17:23:02,934 WARNING src.options_filter: UNKNOWN: options data unavailable from all sources
2026-06-17 17:23:03,117 ERROR yfinance: $UNKNOWN: possibly delisted; no price data found  (period=1mo) (Yahoo error = "No data found, symbol may be delisted")
2026-06-17 17:23:07,311 WARNING src.options_filter: UNKNOWN: options data unavailable from all sources
2026-06-17 17:23:07,432 ERROR yfinance: $UNKNOWN: possibly delisted; no price data found  (period=1mo) (Yahoo error = "No data found, symbol may be delisted")
2026-06-17 17:23:11,571 WARNING src.options_filter: UNKNOWN: options data unavailable from all sources
2026-06-17 17:23:11,746 ERROR yfinance: $UNKNOWN: possibly delisted; no price data found  (period=1mo) (Yahoo error = "No data found, symbol may be delisted")
2026-06-17 17:23:15,905 WARNING src.options_filter: UNKNOWN: options data unavailable from all sources
2026-06-17 17:23:16,068 ERROR yfinance: $UNKNOWN: possibly delisted; no price data found  (period=1mo) (Yahoo error = "No data found, symbol may be delisted")
2026-06-17 17:23:20,186 WARNING src.options_filter: UNKNOWN: options data unavailable from all sources
2026-06-17 17:23:23,889 WARNING src.options_filter: ALCO: options data unavailable from all sources
2026-06-17 17:23:24,032 ERROR yfinance: $UNKNOWN: possibly delisted; no price data found  (period=1mo) (Yahoo error = "No data found, symbol may be delisted")
2026-06-17 17:23:28,176 WARNING src.options_filter: UNKNOWN: options data unavailable from all sources
2026-06-17 17:23:28,355 ERROR yfinance: $UNKNOWN: possibly delisted; no price data found  (period=1mo) (Yahoo error = "No data found, symbol may be delisted")
2026-06-17 17:23:32,507 WARNING src.options_filter: UNKNOWN: options data unavailable from all sources
2026-06-17 17:23:32,638 ERROR yfinance: $UNKNOWN: possibly delisted; no price data found  (period=1mo) (Yahoo error = "No data found, symbol may be delisted")
2026-06-17 17:23:36,772 WARNING src.options_filter: UNKNOWN: options data unavailable from all sources
2026-06-17 17:23:36,904 ERROR yfinance: $UNKNOWN: possibly delisted; no price data found  (period=1mo) (Yahoo error = "No data found, symbol may be delisted")
2026-06-17 17:23:41,011 WARNING src.options_filter: UNKNOWN: options data unavailable from all sources
2026-06-17 17:23:41,243 ERROR yfinance: $UNKNOWN: possibly delisted; no price data found  (period=1mo) (Yahoo error = "No data found, symbol may be delisted")
2026-06-17 17:23:45,355 WARNING src.options_filter: UNKNOWN: options data unavailable from all sources
2026-06-17 17:23:45,504 ERROR yfinance: $UNKNOWN: possibly delisted; no price data found  (period=1mo) (Yahoo error = "No data found, symbol may be delisted")
2026-06-17 17:23:49,623 WARNING src.options_filter: UNKNOWN: options data unavailable from all sources
2026-06-17 17:23:53,242 WARNING src.options_filter: MTB-PH: options data unavailable from all sources
2026-06-17 17:23:53,399 ERROR yfinance: $UNKNOWN: possibly delisted; no price data found  (period=1mo) (Yahoo error = "No data found, symbol may be delisted")
2026-06-17 17:23:57,503 WARNING src.options_filter: UNKNOWN: options data unavailable from all sources
2026-06-17 17:24:01,106 WARNING src.options_filter: ACGLO: options data unavailable from all sources
2026-06-17 17:24:01,237 ERROR yfinance: $UNKNOWN: possibly delisted; no price data found  (period=1mo) (Yahoo error = "No data found, symbol may be delisted")
2026-06-17 17:24:05,343 WARNING src.options_filter: UNKNOWN: options data unavailable from all sources
2026-06-17 17:24:05,518 ERROR yfinance: $UNKNOWN: possibly delisted; no price data found  (period=1mo) (Yahoo error = "No data found, symbol may be delisted")
2026-06-17 17:24:09,630 WARNING src.options_filter: UNKNOWN: options data unavailable from all sources
2026-06-17 17:24:09,770 ERROR yfinance: $UNKNOWN: possibly delisted; no price data found  (period=1mo) (Yahoo error = "No data found, symbol may be delisted")
2026-06-17 17:24:13,879 WARNING src.options_filter: UNKNOWN: options data unavailable from all sources
2026-06-17 17:24:14,086 ERROR yfinance: $UNKNOWN: possibly delisted; no price data found  (period=1mo) (Yahoo error = "No data found, symbol may be delisted")
2026-06-17 17:24:18,227 WARNING src.options_filter: UNKNOWN: options data unavailable from all sources
2026-06-17 17:24:18,416 ERROR yfinance: $UNKNOWN: possibly delisted; no price data found  (period=1mo) (Yahoo error = "No data found, symbol may be delisted")
2026-06-17 17:24:22,526 WARNING src.options_filter: UNKNOWN: options data unavailable from all sources
2026-06-17 17:24:22,732 ERROR yfinance: $UNKNOWN: possibly delisted; no price data found  (period=1mo) (Yahoo error = "No data found, symbol may be delisted")
2026-06-17 17:24:26,853 WARNING src.options_filter: UNKNOWN: options data unavailable from all sources
2026-06-17 17:24:27,008 ERROR yfinance: $UNKNOWN: possibly delisted; no price data found  (period=1mo) (Yahoo error = "No data found, symbol may be delisted")
2026-06-17 17:24:31,105 WARNING src.options_filter: UNKNOWN: options data unavailable from all sources
2026-06-17 17:24:31,238 ERROR yfinance: $UNKNOWN: possibly delisted; no price data found  (period=1mo) (Yahoo error = "No data found, symbol may be delisted")
2026-06-17 17:24:35,345 WARNING src.options_filter: UNKNOWN: options data unavailable from all sources
2026-06-17 17:24:35,540 ERROR yfinance: $UNKNOWN: possibly delisted; no price data found  (period=1mo) (Yahoo error = "No data found, symbol may be delisted")
2026-06-17 17:24:39,642 WARNING src.options_filter: UNKNOWN: options data unavailable from all sources
2026-06-17 17:24:39,771 ERROR yfinance: $UNKNOWN: possibly delisted; no price data found  (period=1mo) (Yahoo error = "No data found, symbol may be delisted")
2026-06-17 17:24:43,871 WARNING src.options_filter: UNKNOWN: options data unavailable from all sources
2026-06-17 17:24:44,001 ERROR yfinance: $UNKNOWN: possibly delisted; no price data found  (period=1mo) (Yahoo error = "No data found, symbol may be delisted")
2026-06-17 17:24:48,129 WARNING src.options_filter: UNKNOWN: options data unavailable from all sources
2026-06-17 17:24:48,254 ERROR yfinance: $UNKNOWN: possibly delisted; no price data found  (period=1mo) (Yahoo error = "No data found, symbol may be delisted")
2026-06-17 17:24:52,367 WARNING src.options_filter: UNKNOWN: options data unavailable from all sources
2026-06-17 17:24:56,139 ERROR yfinance: $UNKNOWN: possibly delisted; no price data found  (period=1mo) (Yahoo error = "No data found, symbol may be delisted")
2026-06-17 17:25:00,242 WARNING src.options_filter: UNKNOWN: options data unavailable from all sources
2026-06-17 17:25:00,371 ERROR yfinance: $UNKNOWN: possibly delisted; no price data found  (period=1mo) (Yahoo error = "No data found, symbol may be delisted")
2026-06-17 17:25:04,492 WARNING src.options_filter: UNKNOWN: options data unavailable from all sources
2026-06-17 17:25:04,661 ERROR yfinance: $UNKNOWN: possibly delisted; no price data found  (period=1mo) (Yahoo error = "No data found, symbol may be delisted")
2026-06-17 17:25:08,809 WARNING src.options_filter: UNKNOWN: options data unavailable from all sources
2026-06-17 17:25:08,937 ERROR yfinance: $UNKNOWN: possibly delisted; no price data found  (period=1mo) (Yahoo error = "No data found, symbol may be delisted")
2026-06-17 17:25:13,103 WARNING src.options_filter: UNKNOWN: options data unavailable from all sources
2026-06-17 17:25:13,238 ERROR yfinance: $UNKNOWN: possibly delisted; no price data found  (period=1mo) (Yahoo error = "No data found, symbol may be delisted")
2026-06-17 17:25:17,349 WARNING src.options_filter: UNKNOWN: options data unavailable from all sources
2026-06-17 17:25:17,497 ERROR yfinance: $UNKNOWN: possibly delisted; no price data found  (period=1mo) (Yahoo error = "No data found, symbol may be delisted")
2026-06-17 17:25:21,600 WARNING src.options_filter: UNKNOWN: options data unavailable from all sources
2026-06-17 17:25:21,768 ERROR yfinance: $UNKNOWN: possibly delisted; no price data found  (period=1mo) (Yahoo error = "No data found, symbol may be delisted")
2026-06-17 17:25:25,968 WARNING src.options_filter: UNKNOWN: options data unavailable from all sources
2026-06-17 17:25:26,088 ERROR yfinance: $UNKNOWN: possibly delisted; no price data found  (period=1mo) (Yahoo error = "No data found, symbol may be delisted")
2026-06-17 17:25:30,233 WARNING src.options_filter: UNKNOWN: options data unavailable from all sources
2026-06-17 17:25:30,370 ERROR yfinance: $UNKNOWN: possibly delisted; no price data found  (period=1mo) (Yahoo error = "No data found, symbol may be delisted")
2026-06-17 17:25:34,486 WARNING src.options_filter: UNKNOWN: options data unavailable from all sources
2026-06-17 17:25:34,638 ERROR yfinance: $UNKNOWN: possibly delisted; no price data found  (period=1mo) (Yahoo error = "No data found, symbol may be delisted")
2026-06-17 17:25:38,746 WARNING src.options_filter: UNKNOWN: options data unavailable from all sources
2026-06-17 17:25:39,001 ERROR yfinance: $UNKNOWN: possibly delisted; no price data found  (period=1mo) (Yahoo error = "No data found, symbol may be delisted")
2026-06-17 17:25:43,110 WARNING src.options_filter: UNKNOWN: options data unavailable from all sources
2026-06-17 17:25:43,110 INFO run_daily: Passed options gate: 36 events
2026-06-17 17:25:43,111 INFO run_daily: Step 7: enriching 36 events
2026-06-17 17:25:52,105 INFO run_daily: Step 8: dedup
2026-06-17 17:25:52,105 INFO run_daily: Step 9: ranking
2026-06-17 17:25:52,105 INFO run_daily: Step 10: writing digest
2026-06-17 17:25:52,139 INFO src.digest_writer: digest written: output/market_radar_2026-06-17.html
2026-06-17 17:25:52,139 INFO run_daily: === Done: output/market_radar_2026-06-17.html ===
