2026-07-17 14:46:02,258 INFO run_daily: === Market Event Radar starting — 2026-07-17 ===
2026-07-17 14:46:02,260 INFO run_daily: Step 1: fetching earnings calendar
2026-07-17 14:46:14,936 INFO src.event_fetcher: nasdaq earnings: 388 entries across 7 days
2026-07-17 14:46:16,204 INFO src.event_fetcher: finnhub earnings: 495 entries
2026-07-17 14:46:16,204 INFO src.event_fetcher: merged earnings universe: 568 unique tickers
2026-07-17 14:46:16,204 INFO run_daily: Step 2: fetching 8-K filings
2026-07-17 14:46:16,623 INFO src.event_fetcher: edgar 8-K filings: 100
2026-07-17 14:46:16,935 INFO run_daily: Step 3: building universe
2026-07-17 14:46:16,936 INFO src.universe: universe: 35 tickers (10 watchlist, 25 discovered)
2026-07-17 14:46:16,936 INFO run_daily: Universe: 35 tickers
2026-07-17 14:46:16,936 INFO run_daily: Step 4: yfinance cross-check for 35 tickers
2026-07-17 14:46:31,671 ERROR yfinance: HTTP Error 404: {"quoteSummary":{"result":null,"error":{"code":"Not Found","description":"Quote not found for symbol: PMHG"}}}
2026-07-17 14:46:36,192 INFO run_daily: Step 5: building earnings events
2026-07-17 14:46:36,194 INFO src.source_merger: earnings events built: 568
2026-07-17 14:46:36,194 INFO run_daily: Step 5b: building 8-K events
2026-07-17 14:46:36,196 INFO run_daily: Step 6: options filter (668 candidates)
2026-07-17 14:47:37,504 WARNING src.options_filter: MRBK: options data unavailable from all sources
2026-07-17 14:47:59,946 WARNING src.options_filter: SCIA: options data unavailable from all sources
2026-07-17 14:48:08,591 WARNING src.options_filter: SLRK: options data unavailable from all sources
2026-07-17 14:48:23,013 WARNING src.options_filter: VABK: options data unavailable from all sources
2026-07-17 14:48:35,456 WARNING src.options_filter: ACU: options data unavailable from all sources
2026-07-17 14:48:39,116 WARNING src.options_filter: AFBI: options data unavailable from all sources
2026-07-17 14:48:42,764 WARNING src.options_filter: ALBY: options data unavailable from all sources
2026-07-17 14:48:46,386 WARNING src.options_filter: ALP: options data unavailable from all sources
2026-07-17 14:48:50,107 WARNING src.options_filter: ASPS: options data unavailable from all sources
2026-07-17 14:48:53,703 WARNING src.options_filter: AVBH: options data unavailable from all sources
2026-07-17 14:48:57,385 WARNING src.options_filter: BORT: options data unavailable from all sources
2026-07-17 14:49:01,032 WARNING src.options_filter: BPRN: options data unavailable from all sources
2026-07-17 14:49:04,744 WARNING src.options_filter: BWFG: options data unavailable from all sources
2026-07-17 14:49:08,427 WARNING src.options_filter: CBBI: options data unavailable from all sources
2026-07-17 14:49:12,121 WARNING src.options_filter: CBFV: options data unavailable from all sources
2026-07-17 14:49:15,730 WARNING src.options_filter: CIZN: options data unavailable from all sources
2026-07-17 14:49:19,401 WARNING src.options_filter: CYDY: options data unavailable from all sources
2026-07-17 14:49:19,483 ERROR yfinance: $EMCG: possibly delisted; no price data found  (period=1mo)
2026-07-17 14:49:23,746 WARNING src.options_filter: EMCG: options data unavailable from all sources
2026-07-17 14:49:27,437 WARNING src.options_filter: ESQ: options data unavailable from all sources
2026-07-17 14:49:31,084 WARNING src.options_filter: FBTT: options data unavailable from all sources
2026-07-17 14:49:34,771 WARNING src.options_filter: FCAP: options data unavailable from all sources
2026-07-17 14:49:38,360 WARNING src.options_filter: FGMC: options data unavailable from all sources
2026-07-17 14:49:42,077 WARNING src.options_filter: FMN: options data unavailable from all sources
2026-07-17 14:49:45,753 WARNING src.options_filter: FNRN: options data unavailable from all sources
2026-07-17 14:49:49,437 WARNING src.options_filter: FNWB: options data unavailable from all sources
2026-07-17 14:49:53,161 WARNING src.options_filter: FRSB: options data unavailable from all sources
2026-07-17 14:49:56,760 WARNING src.options_filter: FSRL: options data unavailable from all sources
2026-07-17 14:49:57,076 ERROR yfinance: HTTP Error 404: {"quoteSummary":{"result":null,"error":{"code":"Not Found","description":"Quote not found for symbol: GLOP PR A"}}}
2026-07-17 14:49:57,284 ERROR yfinance: $GLOP PR A: possibly delisted; no price data found  (period=1mo) (Yahoo error = "No data found, symbol may be delisted")
2026-07-17 14:50:01,501 WARNING src.options_filter: GLOP PR A: options data unavailable from all sources
2026-07-17 14:50:05,192 WARNING src.options_filter: HCBN: options data unavailable from all sources
2026-07-17 14:50:11,680 WARNING src.options_filter: HWBK: options data unavailable from all sources
2026-07-17 14:50:15,417 WARNING src.options_filter: MGYR: options data unavailable from all sources
2026-07-17 14:50:19,114 WARNING src.options_filter: MUEL: options data unavailable from all sources
2026-07-17 14:50:22,723 WARNING src.options_filter: MYFW: options data unavailable from all sources
2026-07-17 14:50:26,515 WARNING src.options_filter: NPK: options data unavailable from all sources
2026-07-17 14:50:30,106 WARNING src.options_filter: OVBC: options data unavailable from all sources
2026-07-17 14:50:33,825 WARNING src.options_filter: PEVM: options data unavailable from all sources
2026-07-17 14:50:37,514 WARNING src.options_filter: PFLC: options data unavailable from all sources
2026-07-17 14:50:37,848 ERROR yfinance: HTTP Error 404: {"quoteSummary":{"result":null,"error":{"code":"Not Found","description":"Quote not found for symbol: PMHG"}}}
2026-07-17 14:50:38,237 ERROR yfinance: $PMHG: possibly delisted; no price data found  (period=1mo) (Yahoo error = "No data found, symbol may be delisted")
2026-07-17 14:50:42,399 WARNING src.options_filter: PMHG: options data unavailable from all sources
2026-07-17 14:50:46,072 WARNING src.options_filter: RBKB: options data unavailable from all sources
2026-07-17 14:50:49,669 WARNING src.options_filter: SBFG: options data unavailable from all sources
2026-07-17 14:50:53,695 ERROR yfinance: $SNBR: possibly delisted; no price data found  (period=1mo)
2026-07-17 14:50:58,586 WARNING src.options_filter: SNBR: options data unavailable from all sources
2026-07-17 14:51:02,288 WARNING src.options_filter: STAI: options data unavailable from all sources
2026-07-17 14:51:06,027 WARNING src.options_filter: STEL: options data unavailable from all sources
2026-07-17 14:51:09,714 WARNING src.options_filter: ULH: options data unavailable from all sources
2026-07-17 14:51:13,402 WARNING src.options_filter: USCB: options data unavailable from all sources
2026-07-17 14:51:16,997 WARNING src.options_filter: UWHR: options data unavailable from all sources
2026-07-17 14:51:20,693 WARNING src.options_filter: WCFB: options data unavailable from all sources
2026-07-17 14:51:24,472 WARNING src.options_filter: WRLD: options data unavailable from all sources
2026-07-17 14:51:24,739 ERROR yfinance: $ALEX: possibly delisted; no price data found  (period=1mo) (Yahoo error = "No data found, symbol may be delisted")
2026-07-17 14:51:28,824 WARNING src.options_filter: ALEX: options data unavailable from all sources
2026-07-17 14:51:33,018 WARNING src.options_filter: AMBZ: options data unavailable from all sources
2026-07-17 14:51:43,072 WARNING src.options_filter: BCOW: options data unavailable from all sources
2026-07-17 14:51:50,437 WARNING src.options_filter: BHRB: options data unavailable from all sources
2026-07-17 14:52:01,574 WARNING src.options_filter: BURCA: options data unavailable from all sources
2026-07-17 14:52:43,872 WARNING src.options_filter: DIMC: options data unavailable from all sources
2026-07-17 14:53:15,230 WARNING src.options_filter: FCCO: options data unavailable from all sources
2026-07-17 14:53:15,405 ERROR yfinance: $FFIC: possibly delisted; no price data found  (period=1mo)
2026-07-17 14:53:19,709 WARNING src.options_filter: FFIC: options data unavailable from all sources
2026-07-17 14:53:33,608 ERROR yfinance: $FSFG: possibly delisted; no price data found  (period=1mo) (Yahoo error = "No data found, symbol may be delisted")
2026-07-17 14:53:37,766 WARNING src.options_filter: FSFG: options data unavailable from all sources
2026-07-17 14:54:06,178 ERROR yfinance: $HONE: possibly delisted; no price data found  (period=1mo) (Yahoo error = "No data found, symbol may be delisted")
2026-07-17 14:54:10,284 WARNING src.options_filter: HONE: options data unavailable from all sources
2026-07-17 14:54:14,587 WARNING src.options_filter: HSCS: options data unavailable from all sources
2026-07-17 14:54:14,981 ERROR yfinance: $HTBK: possibly delisted; no price data found  (period=1mo) (Yahoo error = "No data found, symbol may be delisted")
2026-07-17 14:54:19,201 WARNING src.options_filter: HTBK: options data unavailable from all sources
2026-07-17 14:54:26,461 WARNING src.options_filter: IMA: options data unavailable from all sources
2026-07-17 14:55:13,187 ERROR yfinance: $MOFG: possibly delisted; no price data found  (period=1mo) (Yahoo error = "No data found, symbol may be delisted")
2026-07-17 14:55:17,299 WARNING src.options_filter: MOFG: options data unavailable from all sources
2026-07-17 14:55:21,515 ERROR yfinance: $MPX: possibly delisted; no price data found  (period=1mo) (Yahoo error = "No data found, symbol may be delisted")
2026-07-17 14:55:25,607 WARNING src.options_filter: MPX: options data unavailable from all sources
2026-07-17 14:55:33,160 WARNING src.options_filter: NIDB: options data unavailable from all sources
2026-07-17 14:55:37,636 WARNING src.options_filter: NKSH: options data unavailable from all sources
2026-07-17 14:55:52,936 WARNING src.options_filter: NVEC: options data unavailable from all sources
2026-07-17 14:55:57,296 WARNING src.options_filter: NWFL: options data unavailable from all sources
2026-07-17 14:56:01,631 WARNING src.options_filter: OAKC: options data unavailable from all sources
2026-07-17 14:56:18,158 WARNING src.options_filter: ORPB: options data unavailable from all sources
2026-07-17 14:56:30,916 WARNING src.options_filter: PBNK: options data unavailable from all sources
2026-07-17 14:56:35,236 WARNING src.options_filter: PCLB: options data unavailable from all sources
2026-07-17 14:56:52,293 WARNING src.options_filter: PLBC: options data unavailable from all sources
2026-07-17 14:57:00,695 ERROR yfinance: $PPBI: possibly delisted; no price data found  (period=1mo) (Yahoo error = "No data found, symbol may be delisted")
2026-07-17 14:57:04,882 WARNING src.options_filter: PPBI: options data unavailable from all sources
2026-07-17 14:57:05,177 ERROR yfinance: $PVBC: possibly delisted; no price data found  (period=1mo) (Yahoo error = "No data found, symbol may be delisted")
2026-07-17 14:57:09,390 WARNING src.options_filter: PVBC: options data unavailable from all sources
2026-07-17 14:57:44,217 WARNING src.options_filter: SABK: options data unavailable from all sources
2026-07-17 14:58:21,839 ERROR yfinance: $TPH: possibly delisted; no price data found  (period=1mo) (Yahoo error = "No data found, symbol may be delisted")
2026-07-17 14:58:26,001 WARNING src.options_filter: TPH: options data unavailable from all sources
2026-07-17 14:58:41,777 WARNING src.options_filter: UNB: options data unavailable from all sources
2026-07-17 14:58:58,714 WARNING src.options_filter: WINA: options data unavailable from all sources
2026-07-17 14:58:59,039 ERROR yfinance: $WNS: possibly delisted; no price data found  (period=1mo) (Yahoo error = "No data found, symbol may be delisted")
2026-07-17 14:59:03,133 WARNING src.options_filter: WNS: options data unavailable from all sources
2026-07-17 14:59:10,594 WARNING src.options_filter: AQUC: options data unavailable from all sources
2026-07-17 14:59:14,842 WARNING src.options_filter: BFC: options data unavailable from all sources
2026-07-17 14:59:18,581 WARNING src.options_filter: BRKL: options data unavailable from all sources
2026-07-17 14:59:18,887 ERROR yfinance: $CADE: possibly delisted; no price data found  (period=1mo) (Yahoo error = "No data found, symbol may be delisted")
2026-07-17 14:59:23,000 WARNING src.options_filter: CADE: options data unavailable from all sources
2026-07-17 14:59:26,600 WARNING src.options_filter: CCNB: options data unavailable from all sources
2026-07-17 14:59:26,910 ERROR yfinance: $CMA: possibly delisted; no price data found  (period=1mo) (Yahoo error = "No data found, symbol may be delisted")
2026-07-17 14:59:31,111 WARNING src.options_filter: CMA: options data unavailable from all sources
2026-07-17 14:59:31,407 ERROR yfinance: $COOP: possibly delisted; no price data found  (period=1mo) (Yahoo error = "No data found, symbol may be delisted")
2026-07-17 14:59:35,678 WARNING src.options_filter: COOP: options data unavailable from all sources
2026-07-17 14:59:39,414 WARNING src.options_filter: CSHX: options data unavailable from all sources
2026-07-17 14:59:43,004 WARNING src.options_filter: ESBS: options data unavailable from all sources
2026-07-17 14:59:47,383 WARNING src.options_filter: FABP: options data unavailable from all sources
2026-07-17 14:59:51,059 WARNING src.options_filter: FFBB: options data unavailable from all sources
2026-07-17 14:59:51,331 ERROR yfinance: $FRGE: possibly delisted; no price data found  (period=1mo) (Yahoo error = "No data found, symbol may be delisted")
2026-07-17 14:59:55,536 WARNING src.options_filter: FRGE: options data unavailable from all sources
2026-07-17 14:59:59,141 WARNING src.options_filter: HLFN: options data unavailable from all sources
2026-07-17 15:00:02,833 WARNING src.options_filter: HNVR: options data unavailable from all sources
2026-07-17 15:00:06,569 WARNING src.options_filter: KSBI: options data unavailable from all sources
2026-07-17 15:00:10,280 WARNING src.options_filter: MTAL: options data unavailable from all sources
2026-07-17 15:00:13,997 WARNING src.options_filter: NP: options data unavailable from all sources
2026-07-17 15:00:17,661 WARNING src.options_filter: NPB: options data unavailable from all sources
2026-07-17 15:00:21,319 WARNING src.options_filter: OXLC: options data unavailable from all sources
2026-07-17 15:00:21,686 ERROR yfinance: $PBBK: possibly delisted; no price data found  (period=1mo) (Yahoo error = "No data found, symbol may be delisted")
2026-07-17 15:00:25,794 WARNING src.options_filter: PBBK: options data unavailable from all sources
2026-07-17 15:00:29,584 WARNING src.options_filter: PFBX: options data unavailable from all sources
2026-07-17 15:00:33,450 WARNING src.options_filter: RVCB: options data unavailable from all sources
2026-07-17 15:00:33,743 ERROR yfinance: $SOND: possibly delisted; no price data found  (period=1mo) (Yahoo error = "No data found, symbol may be delisted")
2026-07-17 15:00:37,897 WARNING src.options_filter: SOND: options data unavailable from all sources
2026-07-17 15:00:41,587 WARNING src.options_filter: THVB: options data unavailable from all sources
2026-07-17 15:00:41,833 ERROR yfinance: $VRE: possibly delisted; no price data found  (period=1mo)
2026-07-17 15:00:46,026 WARNING src.options_filter: VRE: options data unavailable from all sources
2026-07-17 15:00:54,093 WARNING src.options_filter: ADMT: options data unavailable from all sources
2026-07-17 15:01:02,473 WARNING src.options_filter: ALZN: options data unavailable from all sources
2026-07-17 15:01:06,849 WARNING src.options_filter: AUBN: options data unavailable from all sources
2026-07-17 15:01:11,047 WARNING src.options_filter: AUSI: options data unavailable from all sources
2026-07-17 15:01:15,432 WARNING src.options_filter: BGI: options data unavailable from all sources
2026-07-17 15:01:24,856 WARNING src.options_filter: BMXI: options data unavailable from all sources
2026-07-17 15:01:32,689 WARNING src.options_filter: BRIA: options data unavailable from all sources
2026-07-17 15:01:39,744 ERROR yfinance: $DFCO: possibly delisted; no price data found  (period=1mo) (Yahoo error = "No data found, symbol may be delisted")
2026-07-17 15:01:43,927 WARNING src.options_filter: DFCO: options data unavailable from all sources
2026-07-17 15:01:48,366 WARNING src.options_filter: DIT: options data unavailable from all sources
2026-07-17 15:01:59,350 WARNING src.options_filter: ECBK: options data unavailable from all sources
2026-07-17 15:02:03,558 WARNING src.options_filter: FMHS: options data unavailable from all sources
2026-07-17 15:02:03,879 ERROR yfinance: $GNTY: possibly delisted; no price data found  (period=1mo) (Yahoo error = "No data found, symbol may be delisted")
2026-07-17 15:02:07,983 WARNING src.options_filter: GNTY: options data unavailable from all sources
2026-07-17 15:02:12,369 WARNING src.options_filter: GOVB: options data unavailable from all sources
2026-07-17 15:02:19,737 WARNING src.options_filter: HSTA: options data unavailable from all sources
2026-07-17 15:02:20,030 ERROR yfinance: $IPG: possibly delisted; no price data found  (period=1mo) (Yahoo error = "No data found, symbol may be delisted")
2026-07-17 15:02:24,211 WARNING src.options_filter: IPG: options data unavailable from all sources
2026-07-17 15:02:28,434 WARNING src.options_filter: JCTC: options data unavailable from all sources
2026-07-17 15:02:33,052 WARNING src.options_filter: KISB: options data unavailable from all sources
2026-07-17 15:02:37,335 WARNING src.options_filter: KTHN: options data unavailable from all sources
2026-07-17 15:02:37,616 ERROR yfinance: $MBCN: possibly delisted; no price data found  (period=1mo) (Yahoo error = "No data found, symbol may be delisted")
2026-07-17 15:02:41,719 WARNING src.options_filter: MBCN: options data unavailable from all sources
2026-07-17 15:02:42,048 ERROR yfinance: $MCBI: possibly delisted; no price data found  (period=1mo) (Yahoo error = "No data found, symbol may be delisted")
2026-07-17 15:02:46,226 WARNING src.options_filter: MCBI: options data unavailable from all sources
2026-07-17 15:02:53,458 WARNING src.options_filter: MNSB: options data unavailable from all sources
2026-07-17 15:03:00,694 WARNING src.options_filter: PMIR: options data unavailable from all sources
2026-07-17 15:03:05,118 WARNING src.options_filter: PSBQ: options data unavailable from all sources
2026-07-17 15:03:09,370 WARNING src.options_filter: QEPC: options data unavailable from all sources
2026-07-17 15:03:14,022 WARNING src.options_filter: QNBC: options data unavailable from all sources
2026-07-17 15:03:35,223 WARNING src.options_filter: SPWR: options data unavailable from all sources
2026-07-17 15:03:43,995 WARNING src.options_filter: TLNC: options data unavailable from all sources
2026-07-17 15:03:48,347 WARNING src.options_filter: TRCY: options data unavailable from all sources
2026-07-17 15:03:52,555 WARNING src.options_filter: UPC: options data unavailable from all sources
2026-07-17 15:03:52,862 ERROR yfinance: $VTYB: possibly delisted; no price data found  (period=1mo) (Yahoo error = "No data found, symbol may be delisted")
2026-07-17 15:03:57,032 WARNING src.options_filter: VTYB: options data unavailable from all sources
2026-07-17 15:04:04,662 WARNING src.options_filter: WELNF: options data unavailable from all sources
2026-07-17 15:04:14,241 WARNING src.options_filter: WTF: options data unavailable from all sources
2026-07-17 15:04:28,851 WARNING src.options_filter: BALY: options data unavailable from all sources
2026-07-17 15:04:33,101 WARNING src.options_filter: BOTJ: options data unavailable from all sources
2026-07-17 15:04:33,203 ERROR yfinance: $BTM: possibly delisted; no price data found  (period=1mo)
2026-07-17 15:04:37,289 WARNING src.options_filter: BTM: options data unavailable from all sources
2026-07-17 15:04:41,560 WARNING src.options_filter: CCBC: options data unavailable from all sources
2026-07-17 15:04:45,847 WARNING src.options_filter: CCFN: options data unavailable from all sources
2026-07-17 15:04:57,233 WARNING src.options_filter: NVVE: options data unavailable from all sources
2026-07-17 15:05:01,457 WARNING src.options_filter: ORBN: options data unavailable from all sources
2026-07-17 15:05:32,686 WARNING src.options_filter: HIFS: options data unavailable from all sources
2026-07-17 15:05:37,037 WARNING src.options_filter: OVLY: options data unavailable from all sources
2026-07-17 15:05:41,259 WARNING src.options_filter: AUC: options data unavailable from all sources
2026-07-17 15:05:45,554 WARNING src.options_filter: CSAI: options data unavailable from all sources
2026-07-17 15:05:49,228 WARNING src.options_filter: CPAC: options data unavailable from all sources
2026-07-17 15:05:52,915 WARNING src.options_filter: ISTR: options data unavailable from all sources
2026-07-17 15:05:56,527 WARNING src.options_filter: FUNC: options data unavailable from all sources
2026-07-17 15:06:00,157 WARNING src.options_filter: PEBK: options data unavailable from all sources
2026-07-17 15:06:03,862 WARNING src.options_filter: HIT: options data unavailable from all sources
2026-07-17 15:06:07,485 WARNING src.options_filter: PAPL: options data unavailable from all sources
2026-07-17 15:06:22,339 WARNING src.options_filter: NVR: options data unavailable from all sources
2026-07-17 15:06:25,938 WARNING src.options_filter: VTMX: options data unavailable from all sources
2026-07-17 15:06:29,621 WARNING src.options_filter: GCBC: options data unavailable from all sources
2026-07-17 15:06:33,324 WARNING src.options_filter: FDBC: options data unavailable from all sources
2026-07-17 15:06:36,981 WARNING src.options_filter: RMBI: options data unavailable from all sources
2026-07-17 15:06:40,643 WARNING src.options_filter: LSBK: options data unavailable from all sources
2026-07-17 15:07:47,395 ERROR yfinance: Failed to get ticker 'SRCE' reason: Failed to perform, curl: (28) Operation timed out after 10002 milliseconds with 0 bytes received. See https://curl.se/libcurl/c/libcurl-errors.html first for more details.
2026-07-17 15:08:03,703 WARNING src.options_filter: AVBC: options data unavailable from all sources
2026-07-17 15:08:08,079 WARNING src.options_filter: ISBA: options data unavailable from all sources
2026-07-17 15:08:12,449 WARNING src.options_filter: CFFI: options data unavailable from all sources
2026-07-17 15:08:17,231 WARNING src.options_filter: EFSI: options data unavailable from all sources
2026-07-17 15:08:21,566 WARNING src.options_filter: UTMD: options data unavailable from all sources
2026-07-17 15:08:26,802 WARNING src.options_filter: CLST: options data unavailable from all sources
2026-07-17 15:08:27,161 ERROR yfinance: $UNKNOWN: possibly delisted; no price data found  (period=1mo) (Yahoo error = "No data found, symbol may be delisted")
2026-07-17 15:08:31,317 WARNING src.options_filter: UNKNOWN: options data unavailable from all sources
2026-07-17 15:08:31,448 ERROR yfinance: $UNKNOWN: possibly delisted; no price data found  (period=1mo) (Yahoo error = "No data found, symbol may be delisted")
2026-07-17 15:08:35,587 WARNING src.options_filter: UNKNOWN: options data unavailable from all sources
2026-07-17 15:08:35,714 ERROR yfinance: $UNKNOWN: possibly delisted; no price data found  (period=1mo) (Yahoo error = "No data found, symbol may be delisted")
2026-07-17 15:08:39,876 WARNING src.options_filter: UNKNOWN: options data unavailable from all sources
2026-07-17 15:08:40,120 ERROR yfinance: $UNKNOWN: possibly delisted; no price data found  (period=1mo) (Yahoo error = "No data found, symbol may be delisted")
2026-07-17 15:08:44,217 WARNING src.options_filter: UNKNOWN: options data unavailable from all sources
2026-07-17 15:08:44,340 ERROR yfinance: $UNKNOWN: possibly delisted; no price data found  (period=1mo) (Yahoo error = "No data found, symbol may be delisted")
2026-07-17 15:08:48,429 WARNING src.options_filter: UNKNOWN: options data unavailable from all sources
2026-07-17 15:08:48,549 ERROR yfinance: $UNKNOWN: possibly delisted; no price data found  (period=1mo) (Yahoo error = "No data found, symbol may be delisted")
2026-07-17 15:08:52,756 WARNING src.options_filter: UNKNOWN: options data unavailable from all sources
2026-07-17 15:08:52,889 ERROR yfinance: $UNKNOWN: possibly delisted; no price data found  (period=1mo) (Yahoo error = "No data found, symbol may be delisted")
2026-07-17 15:08:57,073 WARNING src.options_filter: UNKNOWN: options data unavailable from all sources
2026-07-17 15:08:57,283 ERROR yfinance: $UNKNOWN: possibly delisted; no price data found  (period=1mo) (Yahoo error = "No data found, symbol may be delisted")
2026-07-17 15:09:01,404 WARNING src.options_filter: UNKNOWN: options data unavailable from all sources
2026-07-17 15:09:05,108 WARNING src.options_filter: STT-PG: options data unavailable from all sources
2026-07-17 15:09:08,790 WARNING src.options_filter: USB-PS: options data unavailable from all sources
2026-07-17 15:09:08,955 ERROR yfinance: $UNKNOWN: possibly delisted; no price data found  (period=1mo) (Yahoo error = "No data found, symbol may be delisted")
2026-07-17 15:09:13,066 WARNING src.options_filter: UNKNOWN: options data unavailable from all sources
2026-07-17 15:09:13,204 ERROR yfinance: $UNKNOWN: possibly delisted; no price data found  (period=1mo) (Yahoo error = "No data found, symbol may be delisted")
2026-07-17 15:09:17,344 WARNING src.options_filter: UNKNOWN: options data unavailable from all sources
2026-07-17 15:09:17,517 ERROR yfinance: $UNKNOWN: possibly delisted; no price data found  (period=1mo) (Yahoo error = "No data found, symbol may be delisted")
2026-07-17 15:09:21,695 WARNING src.options_filter: UNKNOWN: options data unavailable from all sources
2026-07-17 15:09:21,821 ERROR yfinance: $UNKNOWN: possibly delisted; no price data found  (period=1mo) (Yahoo error = "No data found, symbol may be delisted")
2026-07-17 15:09:25,917 WARNING src.options_filter: UNKNOWN: options data unavailable from all sources
2026-07-17 15:09:26,085 ERROR yfinance: $UNKNOWN: possibly delisted; no price data found  (period=1mo) (Yahoo error = "No data found, symbol may be delisted")
2026-07-17 15:09:30,174 WARNING src.options_filter: UNKNOWN: options data unavailable from all sources
2026-07-17 15:09:30,337 ERROR yfinance: $UNKNOWN: possibly delisted; no price data found  (period=1mo) (Yahoo error = "No data found, symbol may be delisted")
2026-07-17 15:09:34,487 WARNING src.options_filter: UNKNOWN: options data unavailable from all sources
2026-07-17 15:09:34,631 ERROR yfinance: $UNKNOWN: possibly delisted; no price data found  (period=1mo) (Yahoo error = "No data found, symbol may be delisted")
2026-07-17 15:09:38,818 WARNING src.options_filter: UNKNOWN: options data unavailable from all sources
2026-07-17 15:09:38,961 ERROR yfinance: $UNKNOWN: possibly delisted; no price data found  (period=1mo) (Yahoo error = "No data found, symbol may be delisted")
2026-07-17 15:09:43,082 WARNING src.options_filter: UNKNOWN: options data unavailable from all sources
2026-07-17 15:09:43,491 ERROR yfinance: $UNKNOWN: possibly delisted; no price data found  (period=1mo) (Yahoo error = "No data found, symbol may be delisted")
2026-07-17 15:09:47,641 WARNING src.options_filter: UNKNOWN: options data unavailable from all sources
2026-07-17 15:09:47,824 ERROR yfinance: $UNKNOWN: possibly delisted; no price data found  (period=1mo) (Yahoo error = "No data found, symbol may be delisted")
2026-07-17 15:09:52,013 WARNING src.options_filter: UNKNOWN: options data unavailable from all sources
2026-07-17 15:09:52,171 ERROR yfinance: $UNKNOWN: possibly delisted; no price data found  (period=1mo) (Yahoo error = "No data found, symbol may be delisted")
2026-07-17 15:09:56,330 WARNING src.options_filter: UNKNOWN: options data unavailable from all sources
2026-07-17 15:09:56,459 ERROR yfinance: $UNKNOWN: possibly delisted; no price data found  (period=1mo) (Yahoo error = "No data found, symbol may be delisted")
2026-07-17 15:10:00,641 WARNING src.options_filter: UNKNOWN: options data unavailable from all sources
2026-07-17 15:10:00,781 ERROR yfinance: $UNKNOWN: possibly delisted; no price data found  (period=1mo) (Yahoo error = "No data found, symbol may be delisted")
2026-07-17 15:10:04,967 WARNING src.options_filter: UNKNOWN: options data unavailable from all sources
2026-07-17 15:10:05,108 ERROR yfinance: $UNKNOWN: possibly delisted; no price data found  (period=1mo) (Yahoo error = "No data found, symbol may be delisted")
2026-07-17 15:10:09,287 WARNING src.options_filter: UNKNOWN: options data unavailable from all sources
2026-07-17 15:10:09,455 ERROR yfinance: $UNKNOWN: possibly delisted; no price data found  (period=1mo) (Yahoo error = "No data found, symbol may be delisted")
2026-07-17 15:10:13,551 WARNING src.options_filter: UNKNOWN: options data unavailable from all sources
2026-07-17 15:10:13,682 ERROR yfinance: $UNKNOWN: possibly delisted; no price data found  (period=1mo) (Yahoo error = "No data found, symbol may be delisted")
2026-07-17 15:10:17,780 WARNING src.options_filter: UNKNOWN: options data unavailable from all sources
2026-07-17 15:10:21,966 ERROR yfinance: $UNKNOWN: possibly delisted; no price data found  (period=1mo) (Yahoo error = "No data found, symbol may be delisted")
2026-07-17 15:10:26,104 WARNING src.options_filter: UNKNOWN: options data unavailable from all sources
2026-07-17 15:10:26,238 ERROR yfinance: $UNKNOWN: possibly delisted; no price data found  (period=1mo) (Yahoo error = "No data found, symbol may be delisted")
2026-07-17 15:10:30,485 WARNING src.options_filter: UNKNOWN: options data unavailable from all sources
2026-07-17 15:10:30,613 ERROR yfinance: $UNKNOWN: possibly delisted; no price data found  (period=1mo) (Yahoo error = "No data found, symbol may be delisted")
2026-07-17 15:10:34,821 WARNING src.options_filter: UNKNOWN: options data unavailable from all sources
2026-07-17 15:10:34,944 ERROR yfinance: $UNKNOWN: possibly delisted; no price data found  (period=1mo) (Yahoo error = "No data found, symbol may be delisted")
2026-07-17 15:10:39,171 WARNING src.options_filter: UNKNOWN: options data unavailable from all sources
2026-07-17 15:10:39,447 ERROR yfinance: $UNKNOWN: possibly delisted; no price data found  (period=1mo) (Yahoo error = "No data found, symbol may be delisted")
2026-07-17 15:10:43,539 WARNING src.options_filter: UNKNOWN: options data unavailable from all sources
2026-07-17 15:10:43,694 ERROR yfinance: $UNKNOWN: possibly delisted; no price data found  (period=1mo) (Yahoo error = "No data found, symbol may be delisted")
2026-07-17 15:10:47,785 WARNING src.options_filter: UNKNOWN: options data unavailable from all sources
2026-07-17 15:10:47,970 ERROR yfinance: $UNKNOWN: possibly delisted; no price data found  (period=1mo) (Yahoo error = "No data found, symbol may be delisted")
2026-07-17 15:10:52,186 WARNING src.options_filter: UNKNOWN: options data unavailable from all sources
2026-07-17 15:10:52,355 ERROR yfinance: $UNKNOWN: possibly delisted; no price data found  (period=1mo) (Yahoo error = "No data found, symbol may be delisted")
2026-07-17 15:10:56,436 WARNING src.options_filter: UNKNOWN: options data unavailable from all sources
2026-07-17 15:10:56,594 ERROR yfinance: $UNKNOWN: possibly delisted; no price data found  (period=1mo) (Yahoo error = "No data found, symbol may be delisted")
2026-07-17 15:11:00,772 WARNING src.options_filter: UNKNOWN: options data unavailable from all sources
2026-07-17 15:11:00,980 ERROR yfinance: $UNKNOWN: possibly delisted; no price data found  (period=1mo) (Yahoo error = "No data found, symbol may be delisted")
2026-07-17 15:11:05,071 WARNING src.options_filter: UNKNOWN: options data unavailable from all sources
2026-07-17 15:11:11,937 ERROR yfinance: $UNKNOWN: possibly delisted; no price data found  (period=1mo) (Yahoo error = "No data found, symbol may be delisted")
2026-07-17 15:11:16,145 WARNING src.options_filter: UNKNOWN: options data unavailable from all sources
2026-07-17 15:11:16,292 ERROR yfinance: $UNKNOWN: possibly delisted; no price data found  (period=1mo) (Yahoo error = "No data found, symbol may be delisted")
2026-07-17 15:11:20,463 WARNING src.options_filter: UNKNOWN: options data unavailable from all sources
2026-07-17 15:11:20,634 ERROR yfinance: $UNKNOWN: possibly delisted; no price data found  (period=1mo) (Yahoo error = "No data found, symbol may be delisted")
2026-07-17 15:11:24,758 WARNING src.options_filter: UNKNOWN: options data unavailable from all sources
2026-07-17 15:11:24,988 ERROR yfinance: $UNKNOWN: possibly delisted; no price data found  (period=1mo) (Yahoo error = "No data found, symbol may be delisted")
2026-07-17 15:11:29,149 WARNING src.options_filter: UNKNOWN: options data unavailable from all sources
2026-07-17 15:11:29,284 ERROR yfinance: $UNKNOWN: possibly delisted; no price data found  (period=1mo) (Yahoo error = "No data found, symbol may be delisted")
2026-07-17 15:11:33,472 WARNING src.options_filter: UNKNOWN: options data unavailable from all sources
2026-07-17 15:11:33,636 ERROR yfinance: $UNKNOWN: possibly delisted; no price data found  (period=1mo) (Yahoo error = "No data found, symbol may be delisted")
2026-07-17 15:11:37,878 WARNING src.options_filter: UNKNOWN: options data unavailable from all sources
2026-07-17 15:11:38,074 ERROR yfinance: $UNKNOWN: possibly delisted; no price data found  (period=1mo) (Yahoo error = "No data found, symbol may be delisted")
2026-07-17 15:11:42,291 WARNING src.options_filter: UNKNOWN: options data unavailable from all sources
2026-07-17 15:11:42,460 ERROR yfinance: $UNKNOWN: possibly delisted; no price data found  (period=1mo) (Yahoo error = "No data found, symbol may be delisted")
2026-07-17 15:11:46,549 WARNING src.options_filter: UNKNOWN: options data unavailable from all sources
2026-07-17 15:11:46,708 ERROR yfinance: $UNKNOWN: possibly delisted; no price data found  (period=1mo) (Yahoo error = "No data found, symbol may be delisted")
2026-07-17 15:11:50,794 WARNING src.options_filter: UNKNOWN: options data unavailable from all sources
2026-07-17 15:11:51,058 ERROR yfinance: $UNKNOWN: possibly delisted; no price data found  (period=1mo) (Yahoo error = "No data found, symbol may be delisted")
2026-07-17 15:11:55,272 WARNING src.options_filter: UNKNOWN: options data unavailable from all sources
2026-07-17 15:11:58,530 ERROR yfinance: $UNKNOWN: possibly delisted; no price data found  (period=1mo) (Yahoo error = "No data found, symbol may be delisted")
2026-07-17 15:12:02,747 WARNING src.options_filter: UNKNOWN: options data unavailable from all sources
2026-07-17 15:12:02,906 ERROR yfinance: $UNKNOWN: possibly delisted; no price data found  (period=1mo) (Yahoo error = "No data found, symbol may be delisted")
2026-07-17 15:12:07,025 WARNING src.options_filter: UNKNOWN: options data unavailable from all sources
2026-07-17 15:12:07,152 ERROR yfinance: $UNKNOWN: possibly delisted; no price data found  (period=1mo) (Yahoo error = "No data found, symbol may be delisted")
2026-07-17 15:12:11,424 WARNING src.options_filter: UNKNOWN: options data unavailable from all sources
2026-07-17 15:12:11,564 ERROR yfinance: $UNKNOWN: possibly delisted; no price data found  (period=1mo) (Yahoo error = "No data found, symbol may be delisted")
2026-07-17 15:12:15,667 WARNING src.options_filter: UNKNOWN: options data unavailable from all sources
2026-07-17 15:12:15,904 ERROR yfinance: $UNKNOWN: possibly delisted; no price data found  (period=1mo) (Yahoo error = "No data found, symbol may be delisted")
2026-07-17 15:12:20,128 WARNING src.options_filter: UNKNOWN: options data unavailable from all sources
2026-07-17 15:12:24,540 ERROR yfinance: $UNKNOWN: possibly delisted; no price data found  (period=1mo) (Yahoo error = "No data found, symbol may be delisted")
2026-07-17 15:12:28,634 WARNING src.options_filter: UNKNOWN: options data unavailable from all sources
2026-07-17 15:12:28,788 ERROR yfinance: $UNKNOWN: possibly delisted; no price data found  (period=1mo) (Yahoo error = "No data found, symbol may be delisted")
2026-07-17 15:12:32,944 WARNING src.options_filter: UNKNOWN: options data unavailable from all sources
2026-07-17 15:12:33,084 ERROR yfinance: $UNKNOWN: possibly delisted; no price data found  (period=1mo) (Yahoo error = "No data found, symbol may be delisted")
2026-07-17 15:12:37,359 WARNING src.options_filter: UNKNOWN: options data unavailable from all sources
2026-07-17 15:12:37,507 ERROR yfinance: $UNKNOWN: possibly delisted; no price data found  (period=1mo) (Yahoo error = "No data found, symbol may be delisted")
2026-07-17 15:12:41,593 WARNING src.options_filter: UNKNOWN: options data unavailable from all sources
2026-07-17 15:12:45,834 WARNING src.options_filter: BNY-PK: options data unavailable from all sources
2026-07-17 15:12:46,009 ERROR yfinance: $UNKNOWN: possibly delisted; no price data found  (period=1mo) (Yahoo error = "No data found, symbol may be delisted")
2026-07-17 15:12:50,217 WARNING src.options_filter: UNKNOWN: options data unavailable from all sources
2026-07-17 15:12:50,408 ERROR yfinance: $UNKNOWN: possibly delisted; no price data found  (period=1mo) (Yahoo error = "No data found, symbol may be delisted")
2026-07-17 15:12:54,582 WARNING src.options_filter: UNKNOWN: options data unavailable from all sources
2026-07-17 15:12:58,197 WARNING src.options_filter: AWHL: options data unavailable from all sources
2026-07-17 15:13:01,883 WARNING src.options_filter: AEON: options data unavailable from all sources
2026-07-17 15:13:05,180 ERROR yfinance: $UNKNOWN: possibly delisted; no price data found  (period=1mo) (Yahoo error = "No data found, symbol may be delisted")
2026-07-17 15:13:09,334 WARNING src.options_filter: UNKNOWN: options data unavailable from all sources
2026-07-17 15:13:13,025 WARNING src.options_filter: STT-PG: options data unavailable from all sources
2026-07-17 15:13:13,168 ERROR yfinance: $UNKNOWN: possibly delisted; no price data found  (period=1mo) (Yahoo error = "No data found, symbol may be delisted")
2026-07-17 15:13:17,294 WARNING src.options_filter: UNKNOWN: options data unavailable from all sources
2026-07-17 15:13:17,459 ERROR yfinance: $UNKNOWN: possibly delisted; no price data found  (period=1mo) (Yahoo error = "No data found, symbol may be delisted")
2026-07-17 15:13:21,671 WARNING src.options_filter: UNKNOWN: options data unavailable from all sources
2026-07-17 15:13:21,809 ERROR yfinance: $UNKNOWN: possibly delisted; no price data found  (period=1mo) (Yahoo error = "No data found, symbol may be delisted")
2026-07-17 15:13:25,982 WARNING src.options_filter: UNKNOWN: options data unavailable from all sources
2026-07-17 15:13:26,108 ERROR yfinance: $UNKNOWN: possibly delisted; no price data found  (period=1mo) (Yahoo error = "No data found, symbol may be delisted")
2026-07-17 15:13:30,193 WARNING src.options_filter: UNKNOWN: options data unavailable from all sources
2026-07-17 15:13:30,315 ERROR yfinance: $UNKNOWN: possibly delisted; no price data found  (period=1mo) (Yahoo error = "No data found, symbol may be delisted")
2026-07-17 15:13:34,402 WARNING src.options_filter: UNKNOWN: options data unavailable from all sources
2026-07-17 15:13:38,724 ERROR yfinance: $UNKNOWN: possibly delisted; no price data found  (period=1mo) (Yahoo error = "No data found, symbol may be delisted")
2026-07-17 15:13:42,812 WARNING src.options_filter: UNKNOWN: options data unavailable from all sources
2026-07-17 15:13:42,972 ERROR yfinance: $UNKNOWN: possibly delisted; no price data found  (period=1mo) (Yahoo error = "No data found, symbol may be delisted")
2026-07-17 15:13:47,100 WARNING src.options_filter: UNKNOWN: options data unavailable from all sources
2026-07-17 15:13:47,273 ERROR yfinance: $UNKNOWN: possibly delisted; no price data found  (period=1mo) (Yahoo error = "No data found, symbol may be delisted")
2026-07-17 15:13:51,523 WARNING src.options_filter: UNKNOWN: options data unavailable from all sources
2026-07-17 15:13:51,683 ERROR yfinance: $UNKNOWN: possibly delisted; no price data found  (period=1mo) (Yahoo error = "No data found, symbol may be delisted")
2026-07-17 15:13:55,765 WARNING src.options_filter: UNKNOWN: options data unavailable from all sources
2026-07-17 15:14:00,077 WARNING src.options_filter: RF-PF: options data unavailable from all sources
2026-07-17 15:14:00,203 ERROR yfinance: $UNKNOWN: possibly delisted; no price data found  (period=1mo) (Yahoo error = "No data found, symbol may be delisted")
2026-07-17 15:14:04,421 WARNING src.options_filter: UNKNOWN: options data unavailable from all sources
2026-07-17 15:14:04,571 ERROR yfinance: $UNKNOWN: possibly delisted; no price data found  (period=1mo) (Yahoo error = "No data found, symbol may be delisted")
2026-07-17 15:14:08,677 WARNING src.options_filter: UNKNOWN: options data unavailable from all sources
2026-07-17 15:14:08,801 ERROR yfinance: $UNKNOWN: possibly delisted; no price data found  (period=1mo) (Yahoo error = "No data found, symbol may be delisted")
2026-07-17 15:14:13,028 WARNING src.options_filter: UNKNOWN: options data unavailable from all sources
2026-07-17 15:14:13,267 ERROR yfinance: $UNKNOWN: possibly delisted; no price data found  (period=1mo) (Yahoo error = "No data found, symbol may be delisted")
2026-07-17 15:14:17,353 WARNING src.options_filter: UNKNOWN: options data unavailable from all sources
2026-07-17 15:14:17,500 ERROR yfinance: $UNKNOWN: possibly delisted; no price data found  (period=1mo) (Yahoo error = "No data found, symbol may be delisted")
2026-07-17 15:14:21,586 WARNING src.options_filter: UNKNOWN: options data unavailable from all sources
2026-07-17 15:14:25,579 ERROR yfinance: $UNKNOWN: possibly delisted; no price data found  (period=1mo) (Yahoo error = "No data found, symbol may be delisted")
2026-07-17 15:14:29,669 WARNING src.options_filter: UNKNOWN: options data unavailable from all sources
2026-07-17 15:14:29,824 ERROR yfinance: $UNKNOWN: possibly delisted; no price data found  (period=1mo) (Yahoo error = "No data found, symbol may be delisted")
2026-07-17 15:14:33,997 WARNING src.options_filter: UNKNOWN: options data unavailable from all sources
2026-07-17 15:14:34,181 ERROR yfinance: $UNKNOWN: possibly delisted; no price data found  (period=1mo) (Yahoo error = "No data found, symbol may be delisted")
2026-07-17 15:14:38,393 WARNING src.options_filter: UNKNOWN: options data unavailable from all sources
2026-07-17 15:14:38,608 ERROR yfinance: $UNKNOWN: possibly delisted; no price data found  (period=1mo) (Yahoo error = "No data found, symbol may be delisted")
2026-07-17 15:14:42,779 WARNING src.options_filter: UNKNOWN: options data unavailable from all sources
2026-07-17 15:14:43,009 ERROR yfinance: $UNKNOWN: possibly delisted; no price data found  (period=1mo) (Yahoo error = "No data found, symbol may be delisted")
2026-07-17 15:14:47,163 WARNING src.options_filter: UNKNOWN: options data unavailable from all sources
2026-07-17 15:14:47,287 ERROR yfinance: $UNKNOWN: possibly delisted; no price data found  (period=1mo) (Yahoo error = "No data found, symbol may be delisted")
2026-07-17 15:14:51,433 WARNING src.options_filter: UNKNOWN: options data unavailable from all sources
2026-07-17 15:14:51,685 ERROR yfinance: $UNKNOWN: possibly delisted; no price data found  (period=1mo) (Yahoo error = "No data found, symbol may be delisted")
2026-07-17 15:14:55,782 WARNING src.options_filter: UNKNOWN: options data unavailable from all sources
2026-07-17 15:14:59,493 WARNING src.options_filter: MS-PA: options data unavailable from all sources
2026-07-17 15:14:59,614 ERROR yfinance: $UNKNOWN: possibly delisted; no price data found  (period=1mo) (Yahoo error = "No data found, symbol may be delisted")
2026-07-17 15:15:03,710 WARNING src.options_filter: UNKNOWN: options data unavailable from all sources
2026-07-17 15:15:03,941 ERROR yfinance: $UNKNOWN: possibly delisted; no price data found  (period=1mo) (Yahoo error = "No data found, symbol may be delisted")
2026-07-17 15:15:08,171 WARNING src.options_filter: UNKNOWN: options data unavailable from all sources
2026-07-17 15:15:08,308 ERROR yfinance: $UNKNOWN: possibly delisted; no price data found  (period=1mo) (Yahoo error = "No data found, symbol may be delisted")
2026-07-17 15:15:12,490 WARNING src.options_filter: UNKNOWN: options data unavailable from all sources
2026-07-17 15:15:12,635 ERROR yfinance: $UNKNOWN: possibly delisted; no price data found  (period=1mo) (Yahoo error = "No data found, symbol may be delisted")
2026-07-17 15:15:16,766 WARNING src.options_filter: UNKNOWN: options data unavailable from all sources
2026-07-17 15:15:16,766 INFO run_daily: Passed options gate: 198 events
2026-07-17 15:15:16,766 INFO run_daily: Step 7: enriching 198 events
2026-07-17 15:15:59,760 INFO run_daily: Step 8: dedup
2026-07-17 15:15:59,761 INFO run_daily: Step 9: ranking
2026-07-17 15:15:59,761 INFO run_daily: Step 10: writing digest
2026-07-17 15:15:59,802 INFO src.digest_writer: digest written: output/market_radar_2026-07-17.html
2026-07-17 15:15:59,802 INFO run_daily: === Done: output/market_radar_2026-07-17.html ===
