2026-07-23 15:11:28,057 INFO run_daily: === Market Event Radar starting — 2026-07-23 ===
2026-07-23 15:11:28,059 INFO run_daily: Step 1: fetching earnings calendar
2026-07-23 15:11:41,697 INFO src.event_fetcher: nasdaq earnings: 707 entries across 7 days
2026-07-23 15:11:43,480 INFO src.event_fetcher: finnhub earnings: 1165 entries
2026-07-23 15:11:43,481 INFO src.event_fetcher: merged earnings universe: 1278 unique tickers
2026-07-23 15:11:43,481 INFO run_daily: Step 2: fetching 8-K filings
2026-07-23 15:11:44,131 INFO src.event_fetcher: edgar 8-K filings: 100
2026-07-23 15:11:44,396 INFO run_daily: Step 3: building universe
2026-07-23 15:11:44,398 INFO src.universe: universe: 35 tickers (10 watchlist, 25 discovered)
2026-07-23 15:11:44,398 INFO run_daily: Universe: 35 tickers
2026-07-23 15:11:44,398 INFO run_daily: Step 4: yfinance cross-check for 35 tickers
2026-07-23 15:11:59,647 INFO run_daily: Step 5: building earnings events
2026-07-23 15:11:59,650 INFO src.source_merger: earnings events built: 1278
2026-07-23 15:11:59,650 INFO run_daily: Step 5b: building 8-K events
2026-07-23 15:11:59,652 INFO run_daily: Step 6: options filter (1378 candidates)
2026-07-23 15:12:19,336 WARNING src.options_filter: ACCS: options data unavailable from all sources
2026-07-23 15:12:31,914 WARNING src.options_filter: ADNH: options data unavailable from all sources
2026-07-23 15:12:55,053 WARNING src.options_filter: AHRO: options data unavailable from all sources
2026-07-23 15:13:05,399 WARNING src.options_filter: ALCO: options data unavailable from all sources
2026-07-23 15:14:16,461 WARNING src.options_filter: BAFN: options data unavailable from all sources
2026-07-23 15:15:11,906 WARNING src.options_filter: CABO: options data unavailable from all sources
2026-07-23 15:15:24,026 WARNING src.options_filter: CDRO: options data unavailable from all sources
2026-07-23 15:16:57,647 WARNING src.options_filter: CZFS: options data unavailable from all sources
2026-07-23 15:17:03,526 ERROR yfinance: HTTP Error 404: {"quoteSummary":{"result":null,"error":{"code":"Not Found","description":"Quote not found for symbol: DFCO"}}}
2026-07-23 15:17:03,777 ERROR yfinance: $DFCO: possibly delisted; no price data found  (period=1mo) (Yahoo error = "No data found, symbol may be delisted")
2026-07-23 15:17:07,909 WARNING src.options_filter: DFCO: options data unavailable from all sources
2026-07-23 15:18:04,682 WARNING src.options_filter: ELC: options data unavailable from all sources
2026-07-23 15:18:23,334 WARNING src.options_filter: ERKH: options data unavailable from all sources
2026-07-23 15:18:45,083 WARNING src.options_filter: FATN: options data unavailable from all sources
2026-07-23 15:18:51,387 WARNING src.options_filter: FBLG: options data unavailable from all sources
2026-07-23 15:19:19,003 WARNING src.options_filter: FSHP: options data unavailable from all sources
2026-07-23 15:19:35,907 WARNING src.options_filter: GCL: options data unavailable from all sources
2026-07-23 15:19:49,674 WARNING src.options_filter: GECC: options data unavailable from all sources
2026-07-23 15:20:05,956 WARNING src.options_filter: GOAI: options data unavailable from all sources
2026-07-23 15:20:29,237 WARNING src.options_filter: GVFF: options data unavailable from all sources
2026-07-23 15:21:03,216 WARNING src.options_filter: HYI: options data unavailable from all sources
2026-07-23 15:21:44,726 WARNING src.options_filter: JANL: options data unavailable from all sources
2026-07-23 15:21:51,977 WARNING src.options_filter: JSDA: options data unavailable from all sources
2026-07-23 15:21:59,650 WARNING src.options_filter: KCLI: options data unavailable from all sources
2026-07-23 15:22:36,560 WARNING src.options_filter: LEE: options data unavailable from all sources
2026-07-23 15:23:26,496 WARNING src.options_filter: MDRX: options data unavailable from all sources
2026-07-23 15:23:42,947 WARNING src.options_filter: MLAB: options data unavailable from all sources
2026-07-23 15:24:54,191 WARNING src.options_filter: NRSN: options data unavailable from all sources
2026-07-23 15:25:51,524 WARNING src.options_filter: PFO: options data unavailable from all sources
2026-07-23 15:27:18,201 ERROR yfinance: $SBSAA: possibly delisted; no price data found  (period=1mo)
2026-07-23 15:27:22,481 WARNING src.options_filter: SBSAA: options data unavailable from all sources
2026-07-23 15:27:33,494 ERROR yfinance: HTTP Error 404: {"quoteSummary":{"result":null,"error":{"code":"Not Found","description":"Quote not found for symbol: SNCY"}}}
2026-07-23 15:27:34,086 ERROR yfinance: $SNCY: possibly delisted; no price data found  (period=1mo) (Yahoo error = "No data found, symbol may be delisted")
2026-07-23 15:27:38,276 WARNING src.options_filter: SNCY: options data unavailable from all sources
2026-07-23 15:29:01,756 WARNING src.options_filter: TRS: options data unavailable from all sources
2026-07-23 15:29:02,107 ERROR yfinance: $TRTN PR A: possibly delisted; no price data found  (period=1mo) (Yahoo error = "No data found, symbol may be delisted")
2026-07-23 15:29:06,225 WARNING src.options_filter: TRTN PR A: options data unavailable from all sources
2026-07-23 15:29:47,595 WARNING src.options_filter: VRTS: options data unavailable from all sources
2026-07-23 15:29:51,848 WARNING src.options_filter: VXRT: options data unavailable from all sources
2026-07-23 15:29:58,738 WARNING src.options_filter: VYST: options data unavailable from all sources
2026-07-23 15:30:44,701 WARNING src.options_filter: XTNT: options data unavailable from all sources
2026-07-23 15:31:01,232 WARNING src.options_filter: ALPIB: options data unavailable from all sources
2026-07-23 15:31:01,613 ERROR yfinance: $APLS: possibly delisted; no price data found  (period=1mo) (Yahoo error = "No data found, symbol may be delisted")
2026-07-23 15:31:05,741 WARNING src.options_filter: APLS: options data unavailable from all sources
2026-07-23 15:31:09,356 WARNING src.options_filter: ATGN: options data unavailable from all sources
2026-07-23 15:31:12,970 WARNING src.options_filter: AURX: options data unavailable from all sources
2026-07-23 15:31:16,650 WARNING src.options_filter: BBOT: options data unavailable from all sources
2026-07-23 15:31:20,327 WARNING src.options_filter: BELFA: options data unavailable from all sources
2026-07-23 15:31:23,988 WARNING src.options_filter: BIOF: options data unavailable from all sources
2026-07-23 15:31:30,485 WARNING src.options_filter: BSFO: options data unavailable from all sources
2026-07-23 15:31:34,157 WARNING src.options_filter: BYFC: options data unavailable from all sources
2026-07-23 15:31:37,827 WARNING src.options_filter: CCZ: options data unavailable from all sources
2026-07-23 15:31:41,520 WARNING src.options_filter: CFFI: options data unavailable from all sources
2026-07-23 15:31:42,100 ERROR yfinance: $CIO: possibly delisted; no price data found  (period=1mo) (Yahoo error = "No data found, symbol may be delisted")
2026-07-23 15:31:46,298 WARNING src.options_filter: CIO: options data unavailable from all sources
2026-07-23 15:31:49,910 WARNING src.options_filter: CLMB: options data unavailable from all sources
2026-07-23 15:31:50,290 ERROR yfinance: $CMS PR B: possibly delisted; no price data found  (period=1mo) (Yahoo error = "No data found, symbol may be delisted")
2026-07-23 15:31:54,451 WARNING src.options_filter: CMS PR B: options data unavailable from all sources
2026-07-23 15:31:58,187 WARNING src.options_filter: COFS: options data unavailable from all sources
2026-07-23 15:31:58,527 ERROR yfinance: $CRAWA: possibly delisted; no price data found  (period=1mo) (Yahoo error = "No data found, symbol may be delisted")
2026-07-23 15:32:02,725 WARNING src.options_filter: CRAWA: options data unavailable from all sources
2026-07-23 15:32:06,395 WARNING src.options_filter: CULL: options data unavailable from all sources
2026-07-23 15:32:10,465 WARNING src.options_filter: CWBK: options data unavailable from all sources
2026-07-23 15:32:10,826 ERROR yfinance: $DAWN: possibly delisted; no price data found  (period=1mo) (Yahoo error = "No data found, symbol may be delisted")
2026-07-23 15:32:15,009 WARNING src.options_filter: DAWN: options data unavailable from all sources
2026-07-23 15:32:18,721 WARNING src.options_filter: EFSI: options data unavailable from all sources
2026-07-23 15:32:22,399 WARNING src.options_filter: FDBC: options data unavailable from all sources
2026-07-23 15:32:26,071 WARNING src.options_filter: FFC: options data unavailable from all sources
2026-07-23 15:32:26,490 ERROR yfinance: $FFWM: possibly delisted; no price data found  (period=1mo) (Yahoo error = "No data found, symbol may be delisted")
2026-07-23 15:32:30,609 WARNING src.options_filter: FFWM: options data unavailable from all sources
2026-07-23 15:32:34,281 WARNING src.options_filter: FINW: options data unavailable from all sources
2026-07-23 15:32:37,889 WARNING src.options_filter: FLC: options data unavailable from all sources
2026-07-23 15:32:41,599 WARNING src.options_filter: FNWD: options data unavailable from all sources
2026-07-23 15:32:42,039 ERROR yfinance: $FOLD: possibly delisted; no price data found  (period=1mo) (Yahoo error = "No data found, symbol may be delisted")
2026-07-23 15:32:46,215 WARNING src.options_filter: FOLD: options data unavailable from all sources
2026-07-23 15:32:49,997 WARNING src.options_filter: FUSB: options data unavailable from all sources
2026-07-23 15:32:53,606 WARNING src.options_filter: FXNC: options data unavailable from all sources
2026-07-23 15:33:00,435 WARNING src.options_filter: GSIW: options data unavailable from all sources
2026-07-23 15:33:04,086 WARNING src.options_filter: GWOX: options data unavailable from all sources
2026-07-23 15:33:07,756 WARNING src.options_filter: HGYN: options data unavailable from all sources
2026-07-23 15:33:08,128 ERROR yfinance: $IGMS: possibly delisted; no price data found  (period=1mo) (Yahoo error = "No data found, symbol may be delisted")
2026-07-23 15:33:12,293 WARNING src.options_filter: IGMS: options data unavailable from all sources
2026-07-23 15:33:16,054 WARNING src.options_filter: JHG: options data unavailable from all sources
2026-07-23 15:33:16,473 ERROR yfinance: $JNPR: possibly delisted; no price data found  (period=1mo) (Yahoo error = "No data found, symbol may be delisted")
2026-07-23 15:33:20,659 WARNING src.options_filter: JNPR: options data unavailable from all sources
2026-07-23 15:33:21,014 ERROR yfinance: $K: possibly delisted; no price data found  (period=1mo) (Yahoo error = "No data found, symbol may be delisted")
2026-07-23 15:33:25,200 WARNING src.options_filter: K: options data unavailable from all sources
2026-07-23 15:33:28,817 WARNING src.options_filter: LARK: options data unavailable from all sources
2026-07-23 15:33:32,482 WARNING src.options_filter: LSBK: options data unavailable from all sources
2026-07-23 15:33:39,065 WARNING src.options_filter: NACB: options data unavailable from all sources
2026-07-23 15:33:42,741 WARNING src.options_filter: NBND: options data unavailable from all sources
2026-07-23 15:33:46,350 WARNING src.options_filter: NCSM: options data unavailable from all sources
2026-07-23 15:33:52,507 WARNING src.options_filter: NWPP: options data unavailable from all sources
2026-07-23 15:33:58,380 WARNING src.options_filter: OXBC: options data unavailable from all sources
2026-07-23 15:33:58,718 ERROR yfinance: $PCG PR A: possibly delisted; no price data found  (period=1mo) (Yahoo error = "No data found, symbol may be delisted")
2026-07-23 15:34:02,844 WARNING src.options_filter: PCG PR A: options data unavailable from all sources
2026-07-23 15:34:06,551 WARNING src.options_filter: PFHO: options data unavailable from all sources
2026-07-23 15:34:10,219 WARNING src.options_filter: PFIS: options data unavailable from all sources
2026-07-23 15:34:10,606 ERROR yfinance: $PRO: possibly delisted; no price data found  (period=1mo) (Yahoo error = "No data found, symbol may be delisted")
2026-07-23 15:34:14,722 WARNING src.options_filter: PRO: options data unavailable from all sources
2026-07-23 15:34:18,508 WARNING src.options_filter: QNTO: options data unavailable from all sources
2026-07-23 15:34:26,057 WARNING src.options_filter: RECT: options data unavailable from all sources
2026-07-23 15:34:29,783 WARNING src.options_filter: RMBI: options data unavailable from all sources
2026-07-23 15:34:33,447 WARNING src.options_filter: SCD: options data unavailable from all sources
2026-07-23 15:34:37,070 WARNING src.options_filter: SEM: options data unavailable from all sources
2026-07-23 15:34:40,758 WARNING src.options_filter: SFBC: options data unavailable from all sources
2026-07-23 15:34:44,381 WARNING src.options_filter: SILC: options data unavailable from all sources
2026-07-23 15:34:48,036 WARNING src.options_filter: SOMC: options data unavailable from all sources
2026-07-23 15:34:51,741 WARNING src.options_filter: TAKD: options data unavailable from all sources
2026-07-23 15:34:52,038 ERROR yfinance: $THS: possibly delisted; no price data found  (period=1mo) (Yahoo error = "No data found, symbol may be delisted")
2026-07-23 15:34:56,186 WARNING src.options_filter: THS: options data unavailable from all sources
2026-07-23 15:34:59,854 WARNING src.options_filter: UBCP: options data unavailable from all sources
2026-07-23 15:35:06,753 WARNING src.options_filter: WELX: options data unavailable from all sources
2026-07-23 15:35:07,171 ERROR yfinance: $ZEUS: possibly delisted; no price data found  (period=1mo) (Yahoo error = "No data found, symbol may be delisted")
2026-07-23 15:35:11,368 WARNING src.options_filter: ZEUS: options data unavailable from all sources
2026-07-23 15:35:11,799 ERROR yfinance: $ZYXI: possibly delisted; no price data found  (period=1mo) (Yahoo error = "No data found, symbol may be delisted")
2026-07-23 15:35:16,184 WARNING src.options_filter: ZYXI: options data unavailable from all sources
2026-07-23 15:35:40,029 WARNING src.options_filter: ALDF: options data unavailable from all sources
2026-07-23 15:36:02,552 WARNING src.options_filter: AXR: options data unavailable from all sources
2026-07-23 15:36:44,898 ERROR yfinance: $CFLT: possibly delisted; no price data found  (period=1mo) (Yahoo error = "No data found, symbol may be delisted")
2026-07-23 15:36:49,028 WARNING src.options_filter: CFLT: options data unavailable from all sources
2026-07-23 15:36:58,292 WARNING src.options_filter: CHR: options data unavailable from all sources
2026-07-23 15:37:02,635 WARNING src.options_filter: CLRI: options data unavailable from all sources
2026-07-23 15:37:10,091 WARNING src.options_filter: CMTV: options data unavailable from all sources
2026-07-23 15:37:28,419 WARNING src.options_filter: CSBB: options data unavailable from all sources
2026-07-23 15:37:47,622 ERROR yfinance: $DALN: possibly delisted; no price data found  (period=1mo) (Yahoo error = "No data found, symbol may be delisted")
2026-07-23 15:37:51,775 WARNING src.options_filter: DALN: options data unavailable from all sources
2026-07-23 15:38:12,270 WARNING src.options_filter: EDVR: options data unavailable from all sources
2026-07-23 15:38:16,531 WARNING src.options_filter: EMO: options data unavailable from all sources
2026-07-23 15:38:37,122 WARNING src.options_filter: FATAQ: options data unavailable from all sources
2026-07-23 15:38:41,609 WARNING src.options_filter: FCBC: options data unavailable from all sources
2026-07-23 15:38:54,562 WARNING src.options_filter: FKYS: options data unavailable from all sources
2026-07-23 15:38:58,904 WARNING src.options_filter: FMBM: options data unavailable from all sources
2026-07-23 15:39:03,495 WARNING src.options_filter: FRAF: options data unavailable from all sources
2026-07-23 15:39:07,779 WARNING src.options_filter: FSBW: options data unavailable from all sources
2026-07-23 15:39:19,620 ERROR yfinance: $HES: possibly delisted; no price data found  (period=1mo) (Yahoo error = "No data found, symbol may be delisted")
2026-07-23 15:39:23,788 WARNING src.options_filter: HES: options data unavailable from all sources
2026-07-23 15:39:30,498 ERROR yfinance: $HOLX: possibly delisted; no price data found  (period=1mo) (Yahoo error = "No data found, symbol may be delisted")
2026-07-23 15:39:34,629 WARNING src.options_filter: HOLX: options data unavailable from all sources
2026-07-23 15:40:21,241 WARNING src.options_filter: LKNCY: options data unavailable from all sources
2026-07-23 15:40:31,118 WARNING src.options_filter: MATH: options data unavailable from all sources
2026-07-23 15:40:33,598 ERROR yfinance: $MCW: possibly delisted; no price data found  (period=1mo)
2026-07-23 15:40:37,720 WARNING src.options_filter: MCW: options data unavailable from all sources
2026-07-23 15:40:45,797 WARNING src.options_filter: MIMI: options data unavailable from all sources
2026-07-23 15:40:56,544 WARNING src.options_filter: MMU: options data unavailable from all sources
2026-07-23 15:41:16,660 WARNING src.options_filter: NVR: options data unavailable from all sources
2026-07-23 15:41:27,655 WARNING src.options_filter: OFLX: options data unavailable from all sources
2026-07-23 15:41:39,850 WARNING src.options_filter: OPI: options data unavailable from all sources
2026-07-23 15:41:40,183 ERROR yfinance: $OPOF: possibly delisted; no price data found  (period=1mo) (Yahoo error = "No data found, symbol may be delisted")
2026-07-23 15:41:44,363 WARNING src.options_filter: OPOF: options data unavailable from all sources
2026-07-23 15:41:59,581 ERROR yfinance: $PGRE: possibly delisted; no price data found  (period=1mo) (Yahoo error = "No data found, symbol may be delisted")
2026-07-23 15:42:03,765 WARNING src.options_filter: PGRE: options data unavailable from all sources
2026-07-23 15:42:15,335 WARNING src.options_filter: PLPC: options data unavailable from all sources
2026-07-23 15:42:23,294 WARNING src.options_filter: PPBN: options data unavailable from all sources
2026-07-23 15:42:31,527 WARNING src.options_filter: PROV: options data unavailable from all sources
2026-07-23 15:42:35,893 WARNING src.options_filter: PSHG: options data unavailable from all sources
2026-07-23 15:42:40,233 WARNING src.options_filter: PTBS: options data unavailable from all sources
2026-07-23 15:42:57,220 WARNING src.options_filter: RCKY: options data unavailable from all sources
2026-07-23 15:43:19,139 WARNING src.options_filter: RRBI: options data unavailable from all sources
2026-07-23 15:43:24,915 ERROR yfinance: $SAGE: possibly delisted; no price data found  (period=1mo) (Yahoo error = "No data found, symbol may be delisted")
2026-07-23 15:43:29,087 WARNING src.options_filter: SAGE: options data unavailable from all sources
2026-07-23 15:43:38,792 WARNING src.options_filter: SFDL: options data unavailable from all sources
2026-07-23 15:43:56,107 WARNING src.options_filter: SPWR: options data unavailable from all sources
2026-07-23 15:44:00,453 WARNING src.options_filter: SSBI: options data unavailable from all sources
2026-07-23 15:44:12,114 WARNING src.options_filter: SVCC: options data unavailable from all sources
2026-07-23 15:44:48,207 ERROR yfinance: $UDMY: possibly delisted; no price data found  (period=1mo) (Yahoo error = "No data found, symbol may be delisted")
2026-07-23 15:44:52,555 WARNING src.options_filter: UDMY: options data unavailable from all sources
2026-07-23 15:45:09,519 WARNING src.options_filter: UTMD: options data unavailable from all sources
2026-07-23 15:45:36,654 WARNING src.options_filter: WSR: options data unavailable from all sources
2026-07-23 15:45:50,046 ERROR yfinance: $ZIMV: possibly delisted; no price data found  (period=1mo) (Yahoo error = "No data found, symbol may be delisted")
2026-07-23 15:45:54,262 WARNING src.options_filter: ZIMV: options data unavailable from all sources
2026-07-23 15:46:01,018 WARNING src.options_filter: AHT: options data unavailable from all sources
2026-07-23 15:46:01,385 ERROR yfinance: $AMED: possibly delisted; no price data found  (period=1mo) (Yahoo error = "No data found, symbol may be delisted")
2026-07-23 15:46:05,596 WARNING src.options_filter: AMED: options data unavailable from all sources
2026-07-23 15:46:09,314 WARNING src.options_filter: AMNF: options data unavailable from all sources
2026-07-23 15:46:13,004 WARNING src.options_filter: BCAL: options data unavailable from all sources
2026-07-23 15:46:13,296 ERROR yfinance: $BGFV: possibly delisted; no price data found  (period=1mo) (Yahoo error = "No data found, symbol may be delisted")
2026-07-23 15:46:17,468 WARNING src.options_filter: BGFV: options data unavailable from all sources
2026-07-23 15:46:21,150 WARNING src.options_filter: CBK: options data unavailable from all sources
2026-07-23 15:46:24,811 WARNING src.options_filter: CBKM: options data unavailable from all sources
2026-07-23 15:46:28,512 WARNING src.options_filter: CHRN: options data unavailable from all sources
2026-07-23 15:46:32,192 WARNING src.options_filter: CZWI: options data unavailable from all sources
2026-07-23 15:46:32,682 ERROR yfinance: $DHIL: possibly delisted; no price data found  (period=1mo) (Yahoo error = "No data found, symbol may be delisted")
2026-07-23 15:46:36,851 WARNING src.options_filter: DHIL: options data unavailable from all sources
2026-07-23 15:46:40,551 WARNING src.options_filter: DSM: options data unavailable from all sources
2026-07-23 15:46:44,196 WARNING src.options_filter: EBMT: options data unavailable from all sources
2026-07-23 15:46:47,886 WARNING src.options_filter: EXSR: options data unavailable from all sources
2026-07-23 15:46:51,547 WARNING src.options_filter: FFMH: options data unavailable from all sources
2026-07-23 15:46:55,194 WARNING src.options_filter: FUNC: options data unavailable from all sources
2026-07-23 15:46:55,598 ERROR yfinance: $FYBR: possibly delisted; no price data found  (period=1mo) (Yahoo error = "No data found, symbol may be delisted")
2026-07-23 15:46:59,725 WARNING src.options_filter: FYBR: options data unavailable from all sources
2026-07-23 15:47:03,351 WARNING src.options_filter: GAM: options data unavailable from all sources
2026-07-23 15:47:07,054 WARNING src.options_filter: GCBC: options data unavailable from all sources
2026-07-23 15:47:10,687 WARNING src.options_filter: GOVX: options data unavailable from all sources
2026-07-23 15:47:14,389 WARNING src.options_filter: GURE: options data unavailable from all sources
2026-07-23 15:47:18,035 WARNING src.options_filter: HFBL: options data unavailable from all sources
2026-07-23 15:47:21,704 WARNING src.options_filter: HGTXU: options data unavailable from all sources
2026-07-23 15:47:25,453 WARNING src.options_filter: HIT: options data unavailable from all sources
2026-07-23 15:47:25,780 ERROR yfinance: $HOUS: possibly delisted; no price data found  (period=1mo) (Yahoo error = "No data found, symbol may be delisted")
2026-07-23 15:47:29,929 WARNING src.options_filter: HOUS: options data unavailable from all sources
2026-07-23 15:47:33,557 WARNING src.options_filter: IBTN: options data unavailable from all sources
2026-07-23 15:47:37,238 WARNING src.options_filter: INBC: options data unavailable from all sources
2026-07-23 15:47:40,891 WARNING src.options_filter: INHD: options data unavailable from all sources
2026-07-23 15:47:44,591 WARNING src.options_filter: INTE: options data unavailable from all sources
2026-07-23 15:47:48,217 WARNING src.options_filter: ISTR: options data unavailable from all sources
2026-07-23 15:47:48,559 ERROR yfinance: $LNKB: possibly delisted; no price data found  (period=1mo) (Yahoo error = "No data found, symbol may be delisted")
2026-07-23 15:47:52,741 WARNING src.options_filter: LNKB: options data unavailable from all sources
2026-07-23 15:47:52,884 ERROR yfinance: $LSB: possibly delisted; no price data found  (period=1mo)
2026-07-23 15:47:57,073 WARNING src.options_filter: LSB: options data unavailable from all sources
2026-07-23 15:47:57,533 ERROR yfinance: $MBLU: possibly delisted; no price data found  (period=1mo) (Yahoo error = "No data found, symbol may be delisted")
2026-07-23 15:48:01,658 WARNING src.options_filter: MBLU: options data unavailable from all sources
2026-07-23 15:48:05,321 WARNING src.options_filter: MEGI: options data unavailable from all sources
2026-07-23 15:48:08,936 WARNING src.options_filter: MFBP: options data unavailable from all sources
2026-07-23 15:48:12,624 WARNING src.options_filter: MGF: options data unavailable from all sources
2026-07-23 15:48:13,288 ERROR yfinance: $MTSR: possibly delisted; no price data found  (period=1mo) (Yahoo error = "No data found, symbol may be delisted")
2026-07-23 15:48:17,461 WARNING src.options_filter: MTSR: options data unavailable from all sources
2026-07-23 15:48:21,137 WARNING src.options_filter: NBN: options data unavailable from all sources
2026-07-23 15:48:21,557 ERROR yfinance: $PCH: possibly delisted; no price data found  (period=1mo) (Yahoo error = "No data found, symbol may be delisted")
2026-07-23 15:48:25,758 WARNING src.options_filter: PCH: options data unavailable from all sources
2026-07-23 15:48:29,430 WARNING src.options_filter: PEBK: options data unavailable from all sources
2026-07-23 15:48:33,116 WARNING src.options_filter: PERF: options data unavailable from all sources
2026-07-23 15:48:36,877 WARNING src.options_filter: PVBK: options data unavailable from all sources
2026-07-23 15:48:40,547 WARNING src.options_filter: RFAI: options data unavailable from all sources
2026-07-23 15:48:44,279 WARNING src.options_filter: TPCS: options data unavailable from all sources
2026-07-23 15:48:47,987 WARNING src.options_filter: VALU: options data unavailable from all sources
2026-07-23 15:48:51,613 WARNING src.options_filter: WATT: options data unavailable from all sources
2026-07-23 15:48:55,232 WARNING src.options_filter: WIW: options data unavailable from all sources
2026-07-23 15:48:58,895 WARNING src.options_filter: WVFC: options data unavailable from all sources
2026-07-23 15:49:02,567 WARNING src.options_filter: MRBK: options data unavailable from all sources
2026-07-23 15:49:06,194 WARNING src.options_filter: SCIA: options data unavailable from all sources
2026-07-23 15:49:09,929 WARNING src.options_filter: SEGG: options data unavailable from all sources
2026-07-23 15:49:13,552 WARNING src.options_filter: SLRK: options data unavailable from all sources
2026-07-23 15:49:17,182 WARNING src.options_filter: VABK: options data unavailable from all sources
2026-07-23 15:49:20,803 WARNING src.options_filter: WRLD: options data unavailable from all sources
2026-07-23 15:49:24,425 WARNING src.options_filter: ACU: options data unavailable from all sources
2026-07-23 15:49:28,107 WARNING src.options_filter: AFBI: options data unavailable from all sources
2026-07-23 15:49:31,883 WARNING src.options_filter: ALBY: options data unavailable from all sources
2026-07-23 15:49:35,498 WARNING src.options_filter: ALP: options data unavailable from all sources
2026-07-23 15:49:39,111 WARNING src.options_filter: ASPS: options data unavailable from all sources
2026-07-23 15:49:42,918 WARNING src.options_filter: AVBH: options data unavailable from all sources
2026-07-23 15:49:46,531 WARNING src.options_filter: BORT: options data unavailable from all sources
2026-07-23 15:49:50,193 WARNING src.options_filter: BPRN: options data unavailable from all sources
2026-07-23 15:49:53,917 WARNING src.options_filter: BWFG: options data unavailable from all sources
2026-07-23 15:49:57,891 WARNING src.options_filter: CBBI: options data unavailable from all sources
2026-07-23 15:50:01,574 WARNING src.options_filter: CBFV: options data unavailable from all sources
2026-07-23 15:50:05,193 WARNING src.options_filter: CIZN: options data unavailable from all sources
2026-07-23 15:50:08,867 WARNING src.options_filter: CYDY: options data unavailable from all sources
2026-07-23 15:50:09,053 ERROR yfinance: $EMCG: possibly delisted; no price data found  (period=1mo)
2026-07-23 15:50:13,250 WARNING src.options_filter: EMCG: options data unavailable from all sources
2026-07-23 15:50:16,895 WARNING src.options_filter: ESQ: options data unavailable from all sources
2026-07-23 15:50:20,570 WARNING src.options_filter: FBTT: options data unavailable from all sources
2026-07-23 15:50:24,250 WARNING src.options_filter: FCAP: options data unavailable from all sources
2026-07-23 15:50:27,961 WARNING src.options_filter: FGMC: options data unavailable from all sources
2026-07-23 15:50:31,576 WARNING src.options_filter: FMN: options data unavailable from all sources
2026-07-23 15:50:35,186 WARNING src.options_filter: FNRN: options data unavailable from all sources
2026-07-23 15:50:39,027 WARNING src.options_filter: FNWB: options data unavailable from all sources
2026-07-23 15:50:42,693 WARNING src.options_filter: FRBA: options data unavailable from all sources
2026-07-23 15:50:46,379 WARNING src.options_filter: FRSB: options data unavailable from all sources
2026-07-23 15:50:49,996 WARNING src.options_filter: FSRL: options data unavailable from all sources
2026-07-23 15:50:50,539 ERROR yfinance: $GLOP PR A: possibly delisted; no price data found  (period=1mo) (Yahoo error = "No data found, symbol may be delisted")
2026-07-23 15:50:54,684 WARNING src.options_filter: GLOP PR A: options data unavailable from all sources
2026-07-23 15:50:58,384 WARNING src.options_filter: HCBN: options data unavailable from all sources
2026-07-23 15:51:01,996 WARNING src.options_filter: HWBK: options data unavailable from all sources
2026-07-23 15:51:05,616 WARNING src.options_filter: MGYR: options data unavailable from all sources
2026-07-23 15:51:09,287 WARNING src.options_filter: MUEL: options data unavailable from all sources
2026-07-23 15:51:12,943 WARNING src.options_filter: NPK: options data unavailable from all sources
2026-07-23 15:51:16,556 WARNING src.options_filter: OVBC: options data unavailable from all sources
2026-07-23 15:51:20,202 WARNING src.options_filter: PEVM: options data unavailable from all sources
2026-07-23 15:51:23,816 WARNING src.options_filter: PFLC: options data unavailable from all sources
2026-07-23 15:51:24,055 ERROR yfinance: $PMHG: possibly delisted; no price data found  (period=1mo) (Yahoo error = "No data found, symbol may be delisted")
2026-07-23 15:51:28,223 WARNING src.options_filter: PMHG: options data unavailable from all sources
2026-07-23 15:51:31,898 WARNING src.options_filter: RBKB: options data unavailable from all sources
2026-07-23 15:51:35,572 WARNING src.options_filter: SBFG: options data unavailable from all sources
2026-07-23 15:51:39,256 WARNING src.options_filter: SNBR: options data unavailable from all sources
2026-07-23 15:51:42,872 WARNING src.options_filter: STAI: options data unavailable from all sources
2026-07-23 15:51:46,488 WARNING src.options_filter: STEL: options data unavailable from all sources
2026-07-23 15:51:50,157 WARNING src.options_filter: ULH: options data unavailable from all sources
2026-07-23 15:51:53,840 WARNING src.options_filter: USCB: options data unavailable from all sources
2026-07-23 15:51:57,454 WARNING src.options_filter: UWHR: options data unavailable from all sources
2026-07-23 15:52:01,125 WARNING src.options_filter: WCFB: options data unavailable from all sources
2026-07-23 15:52:07,222 WARNING src.options_filter: BHRB: options data unavailable from all sources
2026-07-23 15:52:14,088 WARNING src.options_filter: AVBC: options data unavailable from all sources
2026-07-23 15:52:20,761 WARNING src.options_filter: ISBA: options data unavailable from all sources
2026-07-23 15:52:25,148 WARNING src.options_filter: BVFL: options data unavailable from all sources
2026-07-23 15:52:28,784 WARNING src.options_filter: CLST: options data unavailable from all sources
2026-07-23 15:52:32,404 WARNING src.options_filter: IMA: options data unavailable from all sources
2026-07-23 15:52:36,033 WARNING src.options_filter: HSCS: options data unavailable from all sources
2026-07-23 15:52:39,703 WARNING src.options_filter: WF: options data unavailable from all sources
2026-07-23 15:52:43,388 WARNING src.options_filter: LBTYB: options data unavailable from all sources
2026-07-23 15:52:50,042 WARNING src.options_filter: BXBL: options data unavailable from all sources
2026-07-23 15:52:56,070 WARNING src.options_filter: PAMT: options data unavailable from all sources
2026-07-23 15:52:59,757 WARNING src.options_filter: AUC: options data unavailable from all sources
2026-07-23 15:53:03,430 WARNING src.options_filter: DIT: options data unavailable from all sources
2026-07-23 15:53:47,239 WARNING src.options_filter: CBNA: options data unavailable from all sources
2026-07-23 15:53:50,857 WARNING src.options_filter: RUSHB: options data unavailable from all sources
2026-07-23 15:53:51,048 ERROR yfinance: $GEF.B: possibly delisted; no price data found  (period=1mo)
2026-07-23 15:53:55,400 WARNING src.options_filter: GEF.B: options data unavailable from all sources
2026-07-23 15:53:59,014 WARNING src.options_filter: OXLC: options data unavailable from all sources
2026-07-23 15:54:02,667 WARNING src.options_filter: AUBN: options data unavailable from all sources
2026-07-23 15:54:44,308 ERROR yfinance: $WSO.B: possibly delisted; no price data found  (period=1mo) (Yahoo error = "No data found, symbol may be delisted")
2026-07-23 15:54:48,430 WARNING src.options_filter: WSO.B: options data unavailable from all sources
2026-07-23 15:55:12,852 WARNING src.options_filter: GHC: options data unavailable from all sources
2026-07-23 15:55:17,177 WARNING src.options_filter: SIM: options data unavailable from all sources
2026-07-23 15:55:46,603 WARNING src.options_filter: OBT: options data unavailable from all sources
2026-07-23 15:55:49,402 ERROR yfinance: $HVT.A: possibly delisted; no price data found  (period=1mo) (Yahoo error = "No data found, symbol may be delisted")
2026-07-23 15:55:53,568 WARNING src.options_filter: HVT.A: options data unavailable from all sources
2026-07-23 15:56:05,326 WARNING src.options_filter: PBHC: options data unavailable from all sources
2026-07-23 15:56:05,757 ERROR yfinance: $UNKNOWN: possibly delisted; no price data found  (period=1mo) (Yahoo error = "No data found, symbol may be delisted")
2026-07-23 15:56:09,866 WARNING src.options_filter: UNKNOWN: options data unavailable from all sources
2026-07-23 15:56:10,113 ERROR yfinance: $UNKNOWN: possibly delisted; no price data found  (period=1mo) (Yahoo error = "No data found, symbol may be delisted")
2026-07-23 15:56:14,268 WARNING src.options_filter: UNKNOWN: options data unavailable from all sources
2026-07-23 15:56:14,507 ERROR yfinance: $UNKNOWN: possibly delisted; no price data found  (period=1mo) (Yahoo error = "No data found, symbol may be delisted")
2026-07-23 15:56:18,724 WARNING src.options_filter: UNKNOWN: options data unavailable from all sources
2026-07-23 15:56:18,944 ERROR yfinance: $UNKNOWN: possibly delisted; no price data found  (period=1mo) (Yahoo error = "No data found, symbol may be delisted")
2026-07-23 15:56:23,051 WARNING src.options_filter: UNKNOWN: options data unavailable from all sources
2026-07-23 15:56:23,292 ERROR yfinance: $UNKNOWN: possibly delisted; no price data found  (period=1mo) (Yahoo error = "No data found, symbol may be delisted")
2026-07-23 15:56:27,459 WARNING src.options_filter: UNKNOWN: options data unavailable from all sources
2026-07-23 15:56:27,720 ERROR yfinance: $UNKNOWN: possibly delisted; no price data found  (period=1mo) (Yahoo error = "No data found, symbol may be delisted")
2026-07-23 15:56:31,897 WARNING src.options_filter: UNKNOWN: options data unavailable from all sources
2026-07-23 15:56:32,179 ERROR yfinance: $UNKNOWN: possibly delisted; no price data found  (period=1mo) (Yahoo error = "No data found, symbol may be delisted")
2026-07-23 15:56:36,325 WARNING src.options_filter: UNKNOWN: options data unavailable from all sources
2026-07-23 15:56:41,109 WARNING src.options_filter: LOB-PA: options data unavailable from all sources
2026-07-23 15:56:41,273 ERROR yfinance: $UNKNOWN: possibly delisted; no price data found  (period=1mo) (Yahoo error = "No data found, symbol may be delisted")
2026-07-23 15:56:45,376 WARNING src.options_filter: UNKNOWN: options data unavailable from all sources
2026-07-23 15:56:45,484 ERROR yfinance: $UNKNOWN: possibly delisted; no price data found  (period=1mo) (Yahoo error = "No data found, symbol may be delisted")
2026-07-23 15:56:49,680 WARNING src.options_filter: UNKNOWN: options data unavailable from all sources
2026-07-23 15:56:50,002 ERROR yfinance: $UNKNOWN: possibly delisted; no price data found  (period=1mo) (Yahoo error = "No data found, symbol may be delisted")
2026-07-23 15:56:54,169 WARNING src.options_filter: UNKNOWN: options data unavailable from all sources
2026-07-23 15:56:54,357 ERROR yfinance: $UNKNOWN: possibly delisted; no price data found  (period=1mo) (Yahoo error = "No data found, symbol may be delisted")
2026-07-23 15:56:58,461 WARNING src.options_filter: UNKNOWN: options data unavailable from all sources
2026-07-23 15:57:02,241 ERROR yfinance: $UNKNOWN: possibly delisted; no price data found  (period=1mo) (Yahoo error = "No data found, symbol may be delisted")
2026-07-23 15:57:06,411 WARNING src.options_filter: UNKNOWN: options data unavailable from all sources
2026-07-23 15:57:10,727 WARNING src.options_filter: HBANP: options data unavailable from all sources
2026-07-23 15:57:10,962 ERROR yfinance: $UNKNOWN: possibly delisted; no price data found  (period=1mo) (Yahoo error = "No data found, symbol may be delisted")
2026-07-23 15:57:15,146 WARNING src.options_filter: UNKNOWN: options data unavailable from all sources
2026-07-23 15:57:15,341 ERROR yfinance: $UNKNOWN: possibly delisted; no price data found  (period=1mo) (Yahoo error = "No data found, symbol may be delisted")
2026-07-23 15:57:19,512 WARNING src.options_filter: UNKNOWN: options data unavailable from all sources
2026-07-23 15:57:23,880 WARNING src.options_filter: BFH-PB: options data unavailable from all sources
2026-07-23 15:57:24,054 ERROR yfinance: $UNKNOWN: possibly delisted; no price data found  (period=1mo) (Yahoo error = "No data found, symbol may be delisted")
2026-07-23 15:57:28,172 WARNING src.options_filter: UNKNOWN: options data unavailable from all sources
2026-07-23 15:57:28,385 ERROR yfinance: $UNKNOWN: possibly delisted; no price data found  (period=1mo) (Yahoo error = "No data found, symbol may be delisted")
2026-07-23 15:57:32,556 WARNING src.options_filter: UNKNOWN: options data unavailable from all sources
2026-07-23 15:57:32,832 ERROR yfinance: $UNKNOWN: possibly delisted; no price data found  (period=1mo) (Yahoo error = "No data found, symbol may be delisted")
2026-07-23 15:57:36,977 WARNING src.options_filter: UNKNOWN: options data unavailable from all sources
2026-07-23 15:57:37,220 ERROR yfinance: $UNKNOWN: possibly delisted; no price data found  (period=1mo) (Yahoo error = "No data found, symbol may be delisted")
2026-07-23 15:57:41,406 WARNING src.options_filter: UNKNOWN: options data unavailable from all sources
2026-07-23 15:57:45,655 WARNING src.options_filter: IMSRW: options data unavailable from all sources
2026-07-23 15:57:45,935 ERROR yfinance: $UNKNOWN: possibly delisted; no price data found  (period=1mo) (Yahoo error = "No data found, symbol may be delisted")
2026-07-23 15:57:50,080 WARNING src.options_filter: UNKNOWN: options data unavailable from all sources
2026-07-23 15:57:50,367 ERROR yfinance: $UNKNOWN: possibly delisted; no price data found  (period=1mo) (Yahoo error = "No data found, symbol may be delisted")
2026-07-23 15:57:54,481 WARNING src.options_filter: UNKNOWN: options data unavailable from all sources
2026-07-23 15:57:54,661 ERROR yfinance: $UNKNOWN: possibly delisted; no price data found  (period=1mo) (Yahoo error = "No data found, symbol may be delisted")
2026-07-23 15:57:58,763 WARNING src.options_filter: UNKNOWN: options data unavailable from all sources
2026-07-23 15:57:59,003 ERROR yfinance: $UNKNOWN: possibly delisted; no price data found  (period=1mo) (Yahoo error = "No data found, symbol may be delisted")
2026-07-23 15:58:03,126 WARNING src.options_filter: UNKNOWN: options data unavailable from all sources
2026-07-23 15:58:03,391 ERROR yfinance: $UNKNOWN: possibly delisted; no price data found  (period=1mo) (Yahoo error = "No data found, symbol may be delisted")
2026-07-23 15:58:07,532 WARNING src.options_filter: UNKNOWN: options data unavailable from all sources
2026-07-23 15:58:07,742 ERROR yfinance: $UNKNOWN: possibly delisted; no price data found  (period=1mo) (Yahoo error = "No data found, symbol may be delisted")
2026-07-23 15:58:11,914 WARNING src.options_filter: UNKNOWN: options data unavailable from all sources
2026-07-23 15:58:12,127 ERROR yfinance: $UNKNOWN: possibly delisted; no price data found  (period=1mo) (Yahoo error = "No data found, symbol may be delisted")
2026-07-23 15:58:16,249 WARNING src.options_filter: UNKNOWN: options data unavailable from all sources
2026-07-23 15:58:16,373 ERROR yfinance: $UNKNOWN: possibly delisted; no price data found  (period=1mo) (Yahoo error = "No data found, symbol may be delisted")
2026-07-23 15:58:20,485 WARNING src.options_filter: UNKNOWN: options data unavailable from all sources
2026-07-23 15:58:24,822 WARNING src.options_filter: RNR-PG: options data unavailable from all sources
2026-07-23 15:58:25,127 ERROR yfinance: $UNKNOWN: possibly delisted; no price data found  (period=1mo) (Yahoo error = "No data found, symbol may be delisted")
2026-07-23 15:58:29,292 WARNING src.options_filter: UNKNOWN: options data unavailable from all sources
2026-07-23 15:58:29,470 ERROR yfinance: $UNKNOWN: possibly delisted; no price data found  (period=1mo) (Yahoo error = "No data found, symbol may be delisted")
2026-07-23 15:58:33,638 WARNING src.options_filter: UNKNOWN: options data unavailable from all sources
2026-07-23 15:58:33,850 ERROR yfinance: $UNKNOWN: possibly delisted; no price data found  (period=1mo) (Yahoo error = "No data found, symbol may be delisted")
2026-07-23 15:58:38,004 WARNING src.options_filter: UNKNOWN: options data unavailable from all sources
2026-07-23 15:58:38,216 ERROR yfinance: $UNKNOWN: possibly delisted; no price data found  (period=1mo) (Yahoo error = "No data found, symbol may be delisted")
2026-07-23 15:58:42,325 WARNING src.options_filter: UNKNOWN: options data unavailable from all sources
2026-07-23 15:58:42,488 ERROR yfinance: $UNKNOWN: possibly delisted; no price data found  (period=1mo) (Yahoo error = "No data found, symbol may be delisted")
2026-07-23 15:58:46,755 WARNING src.options_filter: UNKNOWN: options data unavailable from all sources
2026-07-23 15:58:46,866 ERROR yfinance: $UNKNOWN: possibly delisted; no price data found  (period=1mo) (Yahoo error = "No data found, symbol may be delisted")
2026-07-23 15:58:50,993 WARNING src.options_filter: UNKNOWN: options data unavailable from all sources
2026-07-23 15:58:51,233 ERROR yfinance: $UNKNOWN: possibly delisted; no price data found  (period=1mo) (Yahoo error = "No data found, symbol may be delisted")
2026-07-23 15:58:55,410 WARNING src.options_filter: UNKNOWN: options data unavailable from all sources
2026-07-23 15:58:55,622 ERROR yfinance: $UNKNOWN: possibly delisted; no price data found  (period=1mo) (Yahoo error = "No data found, symbol may be delisted")
2026-07-23 15:58:59,808 WARNING src.options_filter: UNKNOWN: options data unavailable from all sources
2026-07-23 15:58:59,973 ERROR yfinance: $UNKNOWN: possibly delisted; no price data found  (period=1mo) (Yahoo error = "No data found, symbol may be delisted")
2026-07-23 15:59:04,146 WARNING src.options_filter: UNKNOWN: options data unavailable from all sources
2026-07-23 15:59:04,338 ERROR yfinance: $UNKNOWN: possibly delisted; no price data found  (period=1mo) (Yahoo error = "No data found, symbol may be delisted")
2026-07-23 15:59:08,512 WARNING src.options_filter: UNKNOWN: options data unavailable from all sources
2026-07-23 15:59:12,208 WARNING src.options_filter: COF-PN: options data unavailable from all sources
2026-07-23 15:59:12,319 ERROR yfinance: $UNKNOWN: possibly delisted; no price data found  (period=1mo) (Yahoo error = "No data found, symbol may be delisted")
2026-07-23 15:59:16,474 WARNING src.options_filter: UNKNOWN: options data unavailable from all sources
2026-07-23 15:59:16,601 ERROR yfinance: $UNKNOWN: possibly delisted; no price data found  (period=1mo) (Yahoo error = "No data found, symbol may be delisted")
2026-07-23 15:59:20,800 WARNING src.options_filter: UNKNOWN: options data unavailable from all sources
2026-07-23 15:59:21,033 ERROR yfinance: $UNKNOWN: possibly delisted; no price data found  (period=1mo) (Yahoo error = "No data found, symbol may be delisted")
2026-07-23 15:59:25,145 WARNING src.options_filter: UNKNOWN: options data unavailable from all sources
2026-07-23 15:59:25,450 ERROR yfinance: $UNKNOWN: possibly delisted; no price data found  (period=1mo) (Yahoo error = "No data found, symbol may be delisted")
2026-07-23 15:59:29,590 WARNING src.options_filter: UNKNOWN: options data unavailable from all sources
2026-07-23 15:59:29,706 ERROR yfinance: $UNKNOWN: possibly delisted; no price data found  (period=1mo) (Yahoo error = "No data found, symbol may be delisted")
2026-07-23 15:59:33,817 WARNING src.options_filter: UNKNOWN: options data unavailable from all sources
2026-07-23 15:59:34,014 ERROR yfinance: $UNKNOWN: possibly delisted; no price data found  (period=1mo) (Yahoo error = "No data found, symbol may be delisted")
2026-07-23 15:59:38,208 WARNING src.options_filter: UNKNOWN: options data unavailable from all sources
2026-07-23 15:59:38,467 ERROR yfinance: $UNKNOWN: possibly delisted; no price data found  (period=1mo) (Yahoo error = "No data found, symbol may be delisted")
2026-07-23 15:59:42,596 WARNING src.options_filter: UNKNOWN: options data unavailable from all sources
2026-07-23 15:59:42,854 ERROR yfinance: $UNKNOWN: possibly delisted; no price data found  (period=1mo) (Yahoo error = "No data found, symbol may be delisted")
2026-07-23 15:59:47,026 WARNING src.options_filter: UNKNOWN: options data unavailable from all sources
2026-07-23 15:59:47,352 ERROR yfinance: $UNKNOWN: possibly delisted; no price data found  (period=1mo) (Yahoo error = "No data found, symbol may be delisted")
2026-07-23 15:59:51,461 WARNING src.options_filter: UNKNOWN: options data unavailable from all sources
2026-07-23 15:59:51,766 ERROR yfinance: $UNKNOWN: possibly delisted; no price data found  (period=1mo) (Yahoo error = "No data found, symbol may be delisted")
2026-07-23 15:59:55,934 WARNING src.options_filter: UNKNOWN: options data unavailable from all sources
2026-07-23 15:59:56,272 ERROR yfinance: $UNKNOWN: possibly delisted; no price data found  (period=1mo) (Yahoo error = "No data found, symbol may be delisted")
2026-07-23 16:00:00,420 WARNING src.options_filter: UNKNOWN: options data unavailable from all sources
2026-07-23 16:00:00,705 ERROR yfinance: $UNKNOWN: possibly delisted; no price data found  (period=1mo) (Yahoo error = "No data found, symbol may be delisted")
2026-07-23 16:00:04,842 WARNING src.options_filter: UNKNOWN: options data unavailable from all sources
2026-07-23 16:00:05,128 ERROR yfinance: $UNKNOWN: possibly delisted; no price data found  (period=1mo) (Yahoo error = "No data found, symbol may be delisted")
2026-07-23 16:00:10,490 WARNING src.options_filter: UNKNOWN: options data unavailable from all sources
2026-07-23 16:00:10,648 ERROR yfinance: $UNKNOWN: possibly delisted; no price data found  (period=1mo) (Yahoo error = "No data found, symbol may be delisted")
2026-07-23 16:00:14,842 WARNING src.options_filter: UNKNOWN: options data unavailable from all sources
2026-07-23 16:00:15,140 ERROR yfinance: $UNKNOWN: possibly delisted; no price data found  (period=1mo) (Yahoo error = "No data found, symbol may be delisted")
2026-07-23 16:00:19,311 WARNING src.options_filter: UNKNOWN: options data unavailable from all sources
2026-07-23 16:00:19,669 ERROR yfinance: $UNKNOWN: possibly delisted; no price data found  (period=1mo) (Yahoo error = "No data found, symbol may be delisted")
2026-07-23 16:00:23,851 WARNING src.options_filter: UNKNOWN: options data unavailable from all sources
2026-07-23 16:00:24,012 ERROR yfinance: $UNKNOWN: possibly delisted; no price data found  (period=1mo) (Yahoo error = "No data found, symbol may be delisted")
2026-07-23 16:00:28,171 WARNING src.options_filter: UNKNOWN: options data unavailable from all sources
2026-07-23 16:00:32,447 WARNING src.options_filter: EFSCP: options data unavailable from all sources
2026-07-23 16:00:32,577 ERROR yfinance: $UNKNOWN: possibly delisted; no price data found  (period=1mo) (Yahoo error = "No data found, symbol may be delisted")
2026-07-23 16:00:36,749 WARNING src.options_filter: UNKNOWN: options data unavailable from all sources
2026-07-23 16:00:36,886 ERROR yfinance: $UNKNOWN: possibly delisted; no price data found  (period=1mo) (Yahoo error = "No data found, symbol may be delisted")
2026-07-23 16:00:41,090 WARNING src.options_filter: UNKNOWN: options data unavailable from all sources
2026-07-23 16:00:41,226 ERROR yfinance: $UNKNOWN: possibly delisted; no price data found  (period=1mo) (Yahoo error = "No data found, symbol may be delisted")
2026-07-23 16:00:45,351 WARNING src.options_filter: UNKNOWN: options data unavailable from all sources
2026-07-23 16:00:45,523 ERROR yfinance: $UNKNOWN: possibly delisted; no price data found  (period=1mo) (Yahoo error = "No data found, symbol may be delisted")
2026-07-23 16:00:49,710 WARNING src.options_filter: UNKNOWN: options data unavailable from all sources
2026-07-23 16:00:49,854 ERROR yfinance: $UNKNOWN: possibly delisted; no price data found  (period=1mo) (Yahoo error = "No data found, symbol may be delisted")
2026-07-23 16:00:54,056 WARNING src.options_filter: UNKNOWN: options data unavailable from all sources
2026-07-23 16:00:54,236 ERROR yfinance: $UNKNOWN: possibly delisted; no price data found  (period=1mo) (Yahoo error = "No data found, symbol may be delisted")
2026-07-23 16:00:58,410 WARNING src.options_filter: UNKNOWN: options data unavailable from all sources
2026-07-23 16:00:58,644 ERROR yfinance: $UNKNOWN: possibly delisted; no price data found  (period=1mo) (Yahoo error = "No data found, symbol may be delisted")
2026-07-23 16:01:02,845 WARNING src.options_filter: UNKNOWN: options data unavailable from all sources
2026-07-23 16:01:02,980 ERROR yfinance: $UNKNOWN: possibly delisted; no price data found  (period=1mo) (Yahoo error = "No data found, symbol may be delisted")
2026-07-23 16:01:07,141 WARNING src.options_filter: UNKNOWN: options data unavailable from all sources
2026-07-23 16:01:07,324 ERROR yfinance: $UNKNOWN: possibly delisted; no price data found  (period=1mo) (Yahoo error = "No data found, symbol may be delisted")
2026-07-23 16:01:11,466 WARNING src.options_filter: UNKNOWN: options data unavailable from all sources
2026-07-23 16:01:16,141 WARNING src.options_filter: KEY-PL: options data unavailable from all sources
2026-07-23 16:01:16,260 ERROR yfinance: $UNKNOWN: possibly delisted; no price data found  (period=1mo) (Yahoo error = "No data found, symbol may be delisted")
2026-07-23 16:01:20,468 WARNING src.options_filter: UNKNOWN: options data unavailable from all sources
2026-07-23 16:01:20,718 ERROR yfinance: $UNKNOWN: possibly delisted; no price data found  (period=1mo) (Yahoo error = "No data found, symbol may be delisted")
2026-07-23 16:01:24,840 WARNING src.options_filter: UNKNOWN: options data unavailable from all sources
2026-07-23 16:01:24,971 ERROR yfinance: $UNKNOWN: possibly delisted; no price data found  (period=1mo) (Yahoo error = "No data found, symbol may be delisted")
2026-07-23 16:01:29,161 WARNING src.options_filter: UNKNOWN: options data unavailable from all sources
2026-07-23 16:01:29,331 ERROR yfinance: $UNKNOWN: possibly delisted; no price data found  (period=1mo) (Yahoo error = "No data found, symbol may be delisted")
2026-07-23 16:01:33,513 WARNING src.options_filter: UNKNOWN: options data unavailable from all sources
2026-07-23 16:01:33,715 ERROR yfinance: $UNKNOWN: possibly delisted; no price data found  (period=1mo) (Yahoo error = "No data found, symbol may be delisted")
2026-07-23 16:01:37,850 WARNING src.options_filter: UNKNOWN: options data unavailable from all sources
2026-07-23 16:01:41,543 WARNING src.options_filter: RBKB: options data unavailable from all sources
2026-07-23 16:01:41,544 INFO run_daily: Passed options gate: 508 events
2026-07-23 16:01:41,544 INFO run_daily: Step 7: enriching 508 events
2026-07-23 16:04:26,442 INFO run_daily: Step 8: dedup
2026-07-23 16:04:26,444 INFO run_daily: Step 9: ranking
2026-07-23 16:04:26,444 INFO run_daily: Step 10: writing digest
2026-07-23 16:04:26,494 INFO src.digest_writer: digest written: output/market_radar_2026-07-23.html
2026-07-23 16:04:26,495 INFO run_daily: === Done: output/market_radar_2026-07-23.html ===
