2026-07-16 15:05:29,479 INFO run_daily: === Market Event Radar starting — 2026-07-16 ===
2026-07-16 15:05:29,481 INFO run_daily: Step 1: fetching earnings calendar
2026-07-16 15:05:42,123 INFO src.event_fetcher: nasdaq earnings: 261 entries across 7 days
2026-07-16 15:05:43,504 INFO src.event_fetcher: finnhub earnings: 529 entries
2026-07-16 15:05:43,505 INFO src.event_fetcher: merged earnings universe: 579 unique tickers
2026-07-16 15:05:43,505 INFO run_daily: Step 2: fetching 8-K filings
2026-07-16 15:05:45,723 INFO src.event_fetcher: edgar 8-K filings: 100
2026-07-16 15:05:46,016 INFO run_daily: Step 3: building universe
2026-07-16 15:05:46,016 INFO src.universe: universe: 35 tickers (10 watchlist, 25 discovered)
2026-07-16 15:05:46,016 INFO run_daily: Universe: 35 tickers
2026-07-16 15:05:46,016 INFO run_daily: Step 4: yfinance cross-check for 35 tickers
2026-07-16 15:05:51,345 ERROR yfinance: HTTP Error 404: {"quoteSummary":{"result":null,"error":{"code":"Not Found","description":"Quote not found for symbol: FSFG"}}}
2026-07-16 15:05:59,547 INFO run_daily: Step 5: building earnings events
2026-07-16 15:05:59,549 INFO src.source_merger: earnings events built: 579
2026-07-16 15:05:59,549 INFO run_daily: Step 5b: building 8-K events
2026-07-16 15:05:59,551 INFO run_daily: Step 6: options filter (679 candidates)
2026-07-16 15:06:12,895 WARNING src.options_filter: ACU: options data unavailable from all sources
2026-07-16 15:06:17,136 WARNING src.options_filter: AFBI: options data unavailable from all sources
2026-07-16 15:06:21,396 WARNING src.options_filter: ALBY: options data unavailable from all sources
2026-07-16 15:06:28,597 WARNING src.options_filter: ALP: options data unavailable from all sources
2026-07-16 15:07:04,698 WARNING src.options_filter: ASPS: options data unavailable from all sources
2026-07-16 15:07:12,112 WARNING src.options_filter: AVBH: options data unavailable from all sources
2026-07-16 15:07:26,554 WARNING src.options_filter: BORT: options data unavailable from all sources
2026-07-16 15:07:34,133 WARNING src.options_filter: BPRN: options data unavailable from all sources
2026-07-16 15:07:41,074 WARNING src.options_filter: BWFG: options data unavailable from all sources
2026-07-16 15:08:01,902 WARNING src.options_filter: CBBI: options data unavailable from all sources
2026-07-16 15:08:06,156 WARNING src.options_filter: CBFV: options data unavailable from all sources
2026-07-16 15:08:21,209 WARNING src.options_filter: CIZN: options data unavailable from all sources
2026-07-16 15:08:58,941 WARNING src.options_filter: CYDY: options data unavailable from all sources
2026-07-16 15:09:27,578 ERROR yfinance: $EMCG: possibly delisted; no price data found  (period=1mo)
2026-07-16 15:09:31,782 WARNING src.options_filter: EMCG: options data unavailable from all sources
2026-07-16 15:09:49,250 WARNING src.options_filter: ESQ: options data unavailable from all sources
2026-07-16 15:09:57,442 WARNING src.options_filter: FBTT: options data unavailable from all sources
2026-07-16 15:10:01,788 WARNING src.options_filter: FCAP: options data unavailable from all sources
2026-07-16 15:10:17,750 WARNING src.options_filter: FGMC: options data unavailable from all sources
2026-07-16 15:10:28,190 WARNING src.options_filter: FMN: options data unavailable from all sources
2026-07-16 15:10:32,450 WARNING src.options_filter: FNRN: options data unavailable from all sources
2026-07-16 15:10:36,779 WARNING src.options_filter: FNWB: options data unavailable from all sources
2026-07-16 15:10:45,218 WARNING src.options_filter: FRSB: options data unavailable from all sources
2026-07-16 15:10:56,396 WARNING src.options_filter: FSRL: options data unavailable from all sources
2026-07-16 15:11:08,075 ERROR yfinance: HTTP Error 404: {"quoteSummary":{"result":null,"error":{"code":"Not Found","description":"Quote not found for symbol: GLOP PR A"}}}
2026-07-16 15:11:08,356 ERROR yfinance: $GLOP PR A: possibly delisted; no price data found  (period=1mo) (Yahoo error = "No data found, symbol may be delisted")
2026-07-16 15:11:12,574 WARNING src.options_filter: GLOP PR A: options data unavailable from all sources
2026-07-16 15:11:24,489 WARNING src.options_filter: HCBN: options data unavailable from all sources
2026-07-16 15:11:42,681 WARNING src.options_filter: HWBK: options data unavailable from all sources
2026-07-16 15:12:27,831 WARNING src.options_filter: MGYR: options data unavailable from all sources
2026-07-16 15:12:38,763 WARNING src.options_filter: MUEL: options data unavailable from all sources
2026-07-16 15:12:47,231 WARNING src.options_filter: MYFW: options data unavailable from all sources
2026-07-16 15:13:08,282 WARNING src.options_filter: NPK: options data unavailable from all sources
2026-07-16 15:13:35,560 WARNING src.options_filter: OVBC: options data unavailable from all sources
2026-07-16 15:13:58,985 WARNING src.options_filter: PEVM: options data unavailable from all sources
2026-07-16 15:14:03,355 WARNING src.options_filter: PFLC: options data unavailable from all sources
2026-07-16 15:14:06,368 ERROR yfinance: HTTP Error 404: {"quoteSummary":{"result":null,"error":{"code":"Not Found","description":"Quote not found for symbol: PMHG"}}}
2026-07-16 15:14:06,657 ERROR yfinance: $PMHG: possibly delisted; no price data found  (period=1mo) (Yahoo error = "No data found, symbol may be delisted")
2026-07-16 15:14:10,885 WARNING src.options_filter: PMHG: options data unavailable from all sources
2026-07-16 15:14:21,890 WARNING src.options_filter: RBKB: options data unavailable from all sources
2026-07-16 15:14:52,002 WARNING src.options_filter: SBFG: options data unavailable from all sources
2026-07-16 15:15:13,354 ERROR yfinance: $SNBR: possibly delisted; no price data found  (period=1mo)
2026-07-16 15:15:17,512 WARNING src.options_filter: SNBR: options data unavailable from all sources
2026-07-16 15:15:27,691 WARNING src.options_filter: STAI: options data unavailable from all sources
2026-07-16 15:15:33,885 WARNING src.options_filter: STEL: options data unavailable from all sources
2026-07-16 15:16:08,399 WARNING src.options_filter: ULH: options data unavailable from all sources
2026-07-16 15:16:24,822 WARNING src.options_filter: USCB: options data unavailable from all sources
2026-07-16 15:16:32,039 WARNING src.options_filter: UWHR: options data unavailable from all sources
2026-07-16 15:16:47,905 WARNING src.options_filter: WCFB: options data unavailable from all sources
2026-07-16 15:16:55,301 WARNING src.options_filter: WRLD: options data unavailable from all sources
2026-07-16 15:17:04,083 ERROR yfinance: $ALEX: possibly delisted; no price data found  (period=1mo) (Yahoo error = "No data found, symbol may be delisted")
2026-07-16 15:17:08,188 WARNING src.options_filter: ALEX: options data unavailable from all sources
2026-07-16 15:17:11,855 WARNING src.options_filter: AMBZ: options data unavailable from all sources
2026-07-16 15:17:15,450 WARNING src.options_filter: BCOW: options data unavailable from all sources
2026-07-16 15:17:19,032 WARNING src.options_filter: BHRB: options data unavailable from all sources
2026-07-16 15:17:22,605 WARNING src.options_filter: BURCA: options data unavailable from all sources
2026-07-16 15:17:26,266 WARNING src.options_filter: DIMC: options data unavailable from all sources
2026-07-16 15:17:29,853 WARNING src.options_filter: FCCO: options data unavailable from all sources
2026-07-16 15:17:30,041 ERROR yfinance: $FFIC: possibly delisted; no price data found  (period=1mo)
2026-07-16 15:17:34,245 WARNING src.options_filter: FFIC: options data unavailable from all sources
2026-07-16 15:17:34,482 ERROR yfinance: $FSFG: possibly delisted; no price data found  (period=1mo) (Yahoo error = "No data found, symbol may be delisted")
2026-07-16 15:17:38,658 WARNING src.options_filter: FSFG: options data unavailable from all sources
2026-07-16 15:17:41,715 ERROR yfinance: $HONE: possibly delisted; no price data found  (period=1mo) (Yahoo error = "No data found, symbol may be delisted")
2026-07-16 15:17:45,792 WARNING src.options_filter: HONE: options data unavailable from all sources
2026-07-16 15:17:49,450 WARNING src.options_filter: HSCS: options data unavailable from all sources
2026-07-16 15:17:49,728 ERROR yfinance: $HTBK: possibly delisted; no price data found  (period=1mo) (Yahoo error = "No data found, symbol may be delisted")
2026-07-16 15:17:53,852 WARNING src.options_filter: HTBK: options data unavailable from all sources
2026-07-16 15:17:57,425 WARNING src.options_filter: IMA: options data unavailable from all sources
2026-07-16 15:17:57,710 ERROR yfinance: $MOFG: possibly delisted; no price data found  (period=1mo) (Yahoo error = "No data found, symbol may be delisted")
2026-07-16 15:18:01,894 WARNING src.options_filter: MOFG: options data unavailable from all sources
2026-07-16 15:18:02,119 ERROR yfinance: $MPX: possibly delisted; no price data found  (period=1mo)
2026-07-16 15:18:06,300 WARNING src.options_filter: MPX: options data unavailable from all sources
2026-07-16 15:18:09,876 WARNING src.options_filter: NIDB: options data unavailable from all sources
2026-07-16 15:18:13,536 WARNING src.options_filter: NKSH: options data unavailable from all sources
2026-07-16 15:18:17,207 WARNING src.options_filter: NVEC: options data unavailable from all sources
2026-07-16 15:18:20,862 WARNING src.options_filter: NWFL: options data unavailable from all sources
2026-07-16 15:18:24,459 WARNING src.options_filter: OAKC: options data unavailable from all sources
2026-07-16 15:18:28,046 WARNING src.options_filter: ORPB: options data unavailable from all sources
2026-07-16 15:18:31,630 WARNING src.options_filter: PBNK: options data unavailable from all sources
2026-07-16 15:18:35,373 WARNING src.options_filter: PCLB: options data unavailable from all sources
2026-07-16 15:18:39,046 WARNING src.options_filter: PLBC: options data unavailable from all sources
2026-07-16 15:18:39,340 ERROR yfinance: $PPBI: possibly delisted; no price data found  (period=1mo) (Yahoo error = "No data found, symbol may be delisted")
2026-07-16 15:18:43,439 WARNING src.options_filter: PPBI: options data unavailable from all sources
2026-07-16 15:18:43,698 ERROR yfinance: $PVBC: possibly delisted; no price data found  (period=1mo) (Yahoo error = "No data found, symbol may be delisted")
2026-07-16 15:18:47,902 WARNING src.options_filter: PVBC: options data unavailable from all sources
2026-07-16 15:18:51,585 WARNING src.options_filter: SABK: options data unavailable from all sources
2026-07-16 15:18:56,158 ERROR yfinance: $TPH: possibly delisted; no price data found  (period=1mo) (Yahoo error = "No data found, symbol may be delisted")
2026-07-16 15:19:00,315 WARNING src.options_filter: TPH: options data unavailable from all sources
2026-07-16 15:19:03,887 WARNING src.options_filter: UNB: options data unavailable from all sources
2026-07-16 15:19:07,460 WARNING src.options_filter: WINA: options data unavailable from all sources
2026-07-16 15:19:07,698 ERROR yfinance: $WNS: possibly delisted; no price data found  (period=1mo) (Yahoo error = "No data found, symbol may be delisted")
2026-07-16 15:19:11,858 WARNING src.options_filter: WNS: options data unavailable from all sources
2026-07-16 15:19:27,105 WARNING src.options_filter: AQUC: options data unavailable from all sources
2026-07-16 15:19:41,512 WARNING src.options_filter: BFC: options data unavailable from all sources
2026-07-16 15:19:45,753 WARNING src.options_filter: BRKL: options data unavailable from all sources
2026-07-16 15:19:48,999 ERROR yfinance: $CADE: possibly delisted; no price data found  (period=1mo) (Yahoo error = "No data found, symbol may be delisted")
2026-07-16 15:19:53,162 WARNING src.options_filter: CADE: options data unavailable from all sources
2026-07-16 15:20:04,464 WARNING src.options_filter: CCNB: options data unavailable from all sources
2026-07-16 15:20:07,084 ERROR yfinance: $CMA: possibly delisted; no price data found  (period=1mo) (Yahoo error = "No data found, symbol may be delisted")
2026-07-16 15:20:11,181 WARNING src.options_filter: CMA: options data unavailable from all sources
2026-07-16 15:20:15,807 ERROR yfinance: $COOP: possibly delisted; no price data found  (period=1mo) (Yahoo error = "No data found, symbol may be delisted")
2026-07-16 15:20:20,060 WARNING src.options_filter: COOP: options data unavailable from all sources
2026-07-16 15:20:24,336 WARNING src.options_filter: CSHX: options data unavailable from all sources
2026-07-16 15:20:44,992 WARNING src.options_filter: ESBS: options data unavailable from all sources
2026-07-16 15:20:51,928 WARNING src.options_filter: FABP: options data unavailable from all sources
2026-07-16 15:20:56,143 WARNING src.options_filter: FFBB: options data unavailable from all sources
2026-07-16 15:21:03,154 ERROR yfinance: $FRGE: possibly delisted; no price data found  (period=1mo) (Yahoo error = "No data found, symbol may be delisted")
2026-07-16 15:21:07,263 WARNING src.options_filter: FRGE: options data unavailable from all sources
2026-07-16 15:21:39,014 WARNING src.options_filter: HLFN: options data unavailable from all sources
2026-07-16 15:21:43,207 WARNING src.options_filter: HNVR: options data unavailable from all sources
2026-07-16 15:22:06,178 WARNING src.options_filter: KSBI: options data unavailable from all sources
2026-07-16 15:22:27,314 WARNING src.options_filter: MTAL: options data unavailable from all sources
2026-07-16 15:22:46,743 WARNING src.options_filter: NP: options data unavailable from all sources
2026-07-16 15:22:51,084 WARNING src.options_filter: NPB: options data unavailable from all sources
2026-07-16 15:23:01,318 WARNING src.options_filter: OXLC: options data unavailable from all sources
2026-07-16 15:23:05,285 ERROR yfinance: $PBBK: possibly delisted; no price data found  (period=1mo) (Yahoo error = "No data found, symbol may be delisted")
2026-07-16 15:23:09,362 WARNING src.options_filter: PBBK: options data unavailable from all sources
2026-07-16 15:23:20,921 WARNING src.options_filter: PFBX: options data unavailable from all sources
2026-07-16 15:23:29,062 WARNING src.options_filter: RVCB: options data unavailable from all sources
2026-07-16 15:23:33,999 ERROR yfinance: $SOND: possibly delisted; no price data found  (period=1mo) (Yahoo error = "No data found, symbol may be delisted")
2026-07-16 15:23:38,080 WARNING src.options_filter: SOND: options data unavailable from all sources
2026-07-16 15:23:49,137 WARNING src.options_filter: THVB: options data unavailable from all sources
2026-07-16 15:24:02,696 ERROR yfinance: $VRE: possibly delisted; no price data found  (period=1mo)
2026-07-16 15:24:06,828 WARNING src.options_filter: VRE: options data unavailable from all sources
2026-07-16 15:24:20,843 WARNING src.options_filter: ADMT: options data unavailable from all sources
2026-07-16 15:24:24,622 WARNING src.options_filter: ALZN: options data unavailable from all sources
2026-07-16 15:24:32,378 WARNING src.options_filter: AUBN: options data unavailable from all sources
2026-07-16 15:24:36,051 WARNING src.options_filter: AUSI: options data unavailable from all sources
2026-07-16 15:24:39,627 WARNING src.options_filter: BGI: options data unavailable from all sources
2026-07-16 15:24:43,314 WARNING src.options_filter: BMXI: options data unavailable from all sources
2026-07-16 15:24:46,946 WARNING src.options_filter: BRIA: options data unavailable from all sources
2026-07-16 15:24:47,172 ERROR yfinance: $DFCO: possibly delisted; no price data found  (period=1mo) (Yahoo error = "No data found, symbol may be delisted")
2026-07-16 15:24:51,272 WARNING src.options_filter: DFCO: options data unavailable from all sources
2026-07-16 15:24:54,852 WARNING src.options_filter: DIT: options data unavailable from all sources
2026-07-16 15:24:58,424 WARNING src.options_filter: ECBK: options data unavailable from all sources
2026-07-16 15:25:02,036 WARNING src.options_filter: FMHS: options data unavailable from all sources
2026-07-16 15:25:02,319 ERROR yfinance: $GNTY: possibly delisted; no price data found  (period=1mo) (Yahoo error = "No data found, symbol may be delisted")
2026-07-16 15:25:06,485 WARNING src.options_filter: GNTY: options data unavailable from all sources
2026-07-16 15:25:10,064 WARNING src.options_filter: GOVB: options data unavailable from all sources
2026-07-16 15:25:13,734 WARNING src.options_filter: HSTA: options data unavailable from all sources
2026-07-16 15:25:14,067 ERROR yfinance: $IPG: possibly delisted; no price data found  (period=1mo) (Yahoo error = "No data found, symbol may be delisted")
2026-07-16 15:25:18,193 WARNING src.options_filter: IPG: options data unavailable from all sources
2026-07-16 15:25:22,032 WARNING src.options_filter: JCTC: options data unavailable from all sources
2026-07-16 15:25:25,669 WARNING src.options_filter: KISB: options data unavailable from all sources
2026-07-16 15:25:29,364 WARNING src.options_filter: KTHN: options data unavailable from all sources
2026-07-16 15:25:29,622 ERROR yfinance: $MBCN: possibly delisted; no price data found  (period=1mo) (Yahoo error = "No data found, symbol may be delisted")
2026-07-16 15:25:33,827 WARNING src.options_filter: MBCN: options data unavailable from all sources
2026-07-16 15:25:34,113 ERROR yfinance: $MCBI: possibly delisted; no price data found  (period=1mo) (Yahoo error = "No data found, symbol may be delisted")
2026-07-16 15:25:38,193 WARNING src.options_filter: MCBI: options data unavailable from all sources
2026-07-16 15:25:41,777 WARNING src.options_filter: MNSB: options data unavailable from all sources
2026-07-16 15:25:45,403 WARNING src.options_filter: PMIR: options data unavailable from all sources
2026-07-16 15:25:49,062 WARNING src.options_filter: PSBQ: options data unavailable from all sources
2026-07-16 15:25:52,751 WARNING src.options_filter: QEPC: options data unavailable from all sources
2026-07-16 15:25:56,371 WARNING src.options_filter: QNBC: options data unavailable from all sources
2026-07-16 15:26:00,005 WARNING src.options_filter: SPWR: options data unavailable from all sources
2026-07-16 15:26:04,083 WARNING src.options_filter: TLNC: options data unavailable from all sources
2026-07-16 15:26:07,664 WARNING src.options_filter: TRCY: options data unavailable from all sources
2026-07-16 15:26:11,269 WARNING src.options_filter: UPC: options data unavailable from all sources
2026-07-16 15:26:11,511 ERROR yfinance: $VTYB: possibly delisted; no price data found  (period=1mo) (Yahoo error = "No data found, symbol may be delisted")
2026-07-16 15:26:15,650 WARNING src.options_filter: VTYB: options data unavailable from all sources
2026-07-16 15:26:19,283 WARNING src.options_filter: WELNF: options data unavailable from all sources
2026-07-16 15:26:22,945 WARNING src.options_filter: WTF: options data unavailable from all sources
2026-07-16 15:26:26,547 WARNING src.options_filter: BALY: options data unavailable from all sources
2026-07-16 15:26:30,287 WARNING src.options_filter: BOTJ: options data unavailable from all sources
2026-07-16 15:26:30,396 ERROR yfinance: $BTM: possibly delisted; no price data found  (period=1mo)
2026-07-16 15:26:34,612 WARNING src.options_filter: BTM: options data unavailable from all sources
2026-07-16 15:26:38,237 WARNING src.options_filter: CCBC: options data unavailable from all sources
2026-07-16 15:26:41,873 WARNING src.options_filter: CCFN: options data unavailable from all sources
2026-07-16 15:26:45,585 WARNING src.options_filter: NVVE: options data unavailable from all sources
2026-07-16 15:26:49,238 WARNING src.options_filter: ORBN: options data unavailable from all sources
2026-07-16 15:26:49,585 ERROR yfinance: $ADN: possibly delisted; no price data found  (period=1mo) (Yahoo error = "No data found, symbol may be delisted")
2026-07-16 15:26:53,680 WARNING src.options_filter: ADN: options data unavailable from all sources
2026-07-16 15:26:57,334 WARNING src.options_filter: ASII: options data unavailable from all sources
2026-07-16 15:27:00,920 WARNING src.options_filter: AXXA: options data unavailable from all sources
2026-07-16 15:27:04,553 WARNING src.options_filter: BSVN: options data unavailable from all sources
2026-07-16 15:27:08,143 WARNING src.options_filter: BZYR: options data unavailable from all sources
2026-07-16 15:27:11,713 WARNING src.options_filter: CAHO: options data unavailable from all sources
2026-07-16 15:27:15,397 WARNING src.options_filter: CBFC: options data unavailable from all sources
2026-07-16 15:27:18,996 WARNING src.options_filter: CHMG: options data unavailable from all sources
2026-07-16 15:27:22,595 WARNING src.options_filter: CPKF: options data unavailable from all sources
2026-07-16 15:27:26,176 WARNING src.options_filter: CTM: options data unavailable from all sources
2026-07-16 15:27:29,832 WARNING src.options_filter: ENBP: options data unavailable from all sources
2026-07-16 15:27:33,505 WARNING src.options_filter: FMCB: options data unavailable from all sources
2026-07-16 15:27:37,136 WARNING src.options_filter: GTPS: options data unavailable from all sources
2026-07-16 15:27:40,792 WARNING src.options_filter: HOVR: options data unavailable from all sources
2026-07-16 15:27:44,463 WARNING src.options_filter: JUVF: options data unavailable from all sources
2026-07-16 15:27:48,041 WARNING src.options_filter: NCL: options data unavailable from all sources
2026-07-16 15:27:51,746 WARNING src.options_filter: OVLY: options data unavailable from all sources
2026-07-16 15:27:55,399 WARNING src.options_filter: PFIS: options data unavailable from all sources
2026-07-16 15:27:59,004 WARNING src.options_filter: PUBC: options data unavailable from all sources
2026-07-16 15:28:02,658 WARNING src.options_filter: SEGG: options data unavailable from all sources
2026-07-16 15:28:06,268 WARNING src.options_filter: TETEF: options data unavailable from all sources
2026-07-16 15:28:09,944 WARNING src.options_filter: TRUX: options data unavailable from all sources
2026-07-16 15:28:13,661 WARNING src.options_filter: USMT: options data unavailable from all sources
2026-07-16 15:28:13,991 ERROR yfinance: $VBTX: possibly delisted; no price data found  (period=1mo) (Yahoo error = "No data found, symbol may be delisted")
2026-07-16 15:28:18,191 WARNING src.options_filter: VBTX: options data unavailable from all sources
2026-07-16 15:28:21,861 WARNING src.options_filter: WTER: options data unavailable from all sources
2026-07-16 15:28:26,104 WARNING src.options_filter: DBVT: options data unavailable from all sources
2026-07-16 15:28:29,744 WARNING src.options_filter: BVFL: options data unavailable from all sources
2026-07-16 15:28:37,686 WARNING src.options_filter: HIFS: options data unavailable from all sources
2026-07-16 15:28:41,358 WARNING src.options_filter: AUC: options data unavailable from all sources
2026-07-16 15:28:48,284 WARNING src.options_filter: CPAC: options data unavailable from all sources
2026-07-16 15:28:52,668 WARNING src.options_filter: ISTR: options data unavailable from all sources
2026-07-16 15:28:57,011 WARNING src.options_filter: FUNC: options data unavailable from all sources
2026-07-16 15:29:01,402 WARNING src.options_filter: PEBK: options data unavailable from all sources
2026-07-16 15:29:05,652 WARNING src.options_filter: HIT: options data unavailable from all sources
2026-07-16 15:29:09,991 WARNING src.options_filter: PAPL: options data unavailable from all sources
2026-07-16 15:29:32,739 WARNING src.options_filter: NVR: options data unavailable from all sources
2026-07-16 15:30:16,209 WARNING src.options_filter: VTMX: options data unavailable from all sources
2026-07-16 15:30:37,838 WARNING src.options_filter: GCBC: options data unavailable from all sources
2026-07-16 15:30:45,871 WARNING src.options_filter: FDBC: options data unavailable from all sources
2026-07-16 15:30:50,124 WARNING src.options_filter: RMBI: options data unavailable from all sources
2026-07-16 15:30:54,546 WARNING src.options_filter: LSBK: options data unavailable from all sources
2026-07-16 15:30:57,674 ERROR yfinance: $UNKNOWN: possibly delisted; no price data found  (period=1mo) (Yahoo error = "No data found, symbol may be delisted")
2026-07-16 15:31:01,856 WARNING src.options_filter: UNKNOWN: options data unavailable from all sources
2026-07-16 15:31:01,979 ERROR yfinance: $UNKNOWN: possibly delisted; no price data found  (period=1mo) (Yahoo error = "No data found, symbol may be delisted")
2026-07-16 15:31:06,121 WARNING src.options_filter: UNKNOWN: options data unavailable from all sources
2026-07-16 15:31:06,236 ERROR yfinance: $UNKNOWN: possibly delisted; no price data found  (period=1mo) (Yahoo error = "No data found, symbol may be delisted")
2026-07-16 15:31:10,425 WARNING src.options_filter: UNKNOWN: options data unavailable from all sources
2026-07-16 15:31:10,551 ERROR yfinance: $UNKNOWN: possibly delisted; no price data found  (period=1mo) (Yahoo error = "No data found, symbol may be delisted")
2026-07-16 15:31:14,633 WARNING src.options_filter: UNKNOWN: options data unavailable from all sources
2026-07-16 15:31:19,142 WARNING src.options_filter: BML-PJ: options data unavailable from all sources
2026-07-16 15:31:19,290 ERROR yfinance: $UNKNOWN: possibly delisted; no price data found  (period=1mo) (Yahoo error = "No data found, symbol may be delisted")
2026-07-16 15:31:23,385 WARNING src.options_filter: UNKNOWN: options data unavailable from all sources
2026-07-16 15:31:23,520 ERROR yfinance: $UNKNOWN: possibly delisted; no price data found  (period=1mo) (Yahoo error = "No data found, symbol may be delisted")
2026-07-16 15:31:27,716 WARNING src.options_filter: UNKNOWN: options data unavailable from all sources
2026-07-16 15:31:27,894 ERROR yfinance: $UNKNOWN: possibly delisted; no price data found  (period=1mo) (Yahoo error = "No data found, symbol may be delisted")
2026-07-16 15:31:32,088 WARNING src.options_filter: UNKNOWN: options data unavailable from all sources
2026-07-16 15:31:32,219 ERROR yfinance: $UNKNOWN: possibly delisted; no price data found  (period=1mo) (Yahoo error = "No data found, symbol may be delisted")
2026-07-16 15:31:36,297 WARNING src.options_filter: UNKNOWN: options data unavailable from all sources
2026-07-16 15:31:36,410 ERROR yfinance: $UNKNOWN: possibly delisted; no price data found  (period=1mo) (Yahoo error = "No data found, symbol may be delisted")
2026-07-16 15:31:40,576 WARNING src.options_filter: UNKNOWN: options data unavailable from all sources
2026-07-16 15:31:40,705 ERROR yfinance: $UNKNOWN: possibly delisted; no price data found  (period=1mo) (Yahoo error = "No data found, symbol may be delisted")
2026-07-16 15:31:44,789 WARNING src.options_filter: UNKNOWN: options data unavailable from all sources
2026-07-16 15:31:49,032 WARNING src.options_filter: STT-PG: options data unavailable from all sources
2026-07-16 15:31:53,333 WARNING src.options_filter: USB-PS: options data unavailable from all sources
2026-07-16 15:31:53,505 ERROR yfinance: $UNKNOWN: possibly delisted; no price data found  (period=1mo) (Yahoo error = "No data found, symbol may be delisted")
2026-07-16 15:31:57,710 WARNING src.options_filter: UNKNOWN: options data unavailable from all sources
2026-07-16 15:31:57,824 ERROR yfinance: $UNKNOWN: possibly delisted; no price data found  (period=1mo) (Yahoo error = "No data found, symbol may be delisted")
2026-07-16 15:32:01,923 WARNING src.options_filter: UNKNOWN: options data unavailable from all sources
2026-07-16 15:32:02,123 ERROR yfinance: $UNKNOWN: possibly delisted; no price data found  (period=1mo) (Yahoo error = "No data found, symbol may be delisted")
2026-07-16 15:32:06,310 WARNING src.options_filter: UNKNOWN: options data unavailable from all sources
2026-07-16 15:32:06,612 ERROR yfinance: $UNKNOWN: possibly delisted; no price data found  (period=1mo) (Yahoo error = "No data found, symbol may be delisted")
2026-07-16 15:32:10,793 WARNING src.options_filter: UNKNOWN: options data unavailable from all sources
2026-07-16 15:32:10,942 ERROR yfinance: $UNKNOWN: possibly delisted; no price data found  (period=1mo) (Yahoo error = "No data found, symbol may be delisted")
2026-07-16 15:32:15,165 WARNING src.options_filter: UNKNOWN: options data unavailable from all sources
2026-07-16 15:32:15,308 ERROR yfinance: $UNKNOWN: possibly delisted; no price data found  (period=1mo) (Yahoo error = "No data found, symbol may be delisted")
2026-07-16 15:32:19,485 WARNING src.options_filter: UNKNOWN: options data unavailable from all sources
2026-07-16 15:32:23,920 WARNING src.options_filter: CLST: options data unavailable from all sources
2026-07-16 15:32:24,046 ERROR yfinance: $UNKNOWN: possibly delisted; no price data found  (period=1mo) (Yahoo error = "No data found, symbol may be delisted")
2026-07-16 15:32:28,304 WARNING src.options_filter: UNKNOWN: options data unavailable from all sources
2026-07-16 15:32:28,416 ERROR yfinance: $UNKNOWN: possibly delisted; no price data found  (period=1mo) (Yahoo error = "No data found, symbol may be delisted")
2026-07-16 15:32:32,913 WARNING src.options_filter: UNKNOWN: options data unavailable from all sources
2026-07-16 15:32:33,059 ERROR yfinance: $UNKNOWN: possibly delisted; no price data found  (period=1mo) (Yahoo error = "No data found, symbol may be delisted")
2026-07-16 15:32:37,240 WARNING src.options_filter: UNKNOWN: options data unavailable from all sources
2026-07-16 15:32:37,445 ERROR yfinance: $UNKNOWN: possibly delisted; no price data found  (period=1mo) (Yahoo error = "No data found, symbol may be delisted")
2026-07-16 15:32:41,585 WARNING src.options_filter: UNKNOWN: options data unavailable from all sources
2026-07-16 15:32:41,742 ERROR yfinance: $UNKNOWN: possibly delisted; no price data found  (period=1mo) (Yahoo error = "No data found, symbol may be delisted")
2026-07-16 15:32:45,939 WARNING src.options_filter: UNKNOWN: options data unavailable from all sources
2026-07-16 15:32:46,086 ERROR yfinance: $UNKNOWN: possibly delisted; no price data found  (period=1mo) (Yahoo error = "No data found, symbol may be delisted")
2026-07-16 15:32:50,186 WARNING src.options_filter: UNKNOWN: options data unavailable from all sources
2026-07-16 15:32:50,331 ERROR yfinance: $UNKNOWN: possibly delisted; no price data found  (period=1mo) (Yahoo error = "No data found, symbol may be delisted")
2026-07-16 15:32:54,441 WARNING src.options_filter: UNKNOWN: options data unavailable from all sources
2026-07-16 15:32:54,592 ERROR yfinance: $UNKNOWN: possibly delisted; no price data found  (period=1mo) (Yahoo error = "No data found, symbol may be delisted")
2026-07-16 15:32:58,685 WARNING src.options_filter: UNKNOWN: options data unavailable from all sources
2026-07-16 15:32:59,031 ERROR yfinance: $UNKNOWN: possibly delisted; no price data found  (period=1mo) (Yahoo error = "No data found, symbol may be delisted")
2026-07-16 15:33:03,215 WARNING src.options_filter: UNKNOWN: options data unavailable from all sources
2026-07-16 15:33:03,337 ERROR yfinance: $UNKNOWN: possibly delisted; no price data found  (period=1mo) (Yahoo error = "No data found, symbol may be delisted")
2026-07-16 15:33:07,538 WARNING src.options_filter: UNKNOWN: options data unavailable from all sources
2026-07-16 15:33:07,700 ERROR yfinance: $UNKNOWN: possibly delisted; no price data found  (period=1mo) (Yahoo error = "No data found, symbol may be delisted")
2026-07-16 15:33:11,794 WARNING src.options_filter: UNKNOWN: options data unavailable from all sources
2026-07-16 15:33:11,945 ERROR yfinance: $UNKNOWN: possibly delisted; no price data found  (period=1mo) (Yahoo error = "No data found, symbol may be delisted")
2026-07-16 15:33:16,181 WARNING src.options_filter: UNKNOWN: options data unavailable from all sources
2026-07-16 15:33:16,311 ERROR yfinance: $UNKNOWN: possibly delisted; no price data found  (period=1mo) (Yahoo error = "No data found, symbol may be delisted")
2026-07-16 15:33:20,509 WARNING src.options_filter: UNKNOWN: options data unavailable from all sources
2026-07-16 15:33:20,662 ERROR yfinance: $UNKNOWN: possibly delisted; no price data found  (period=1mo) (Yahoo error = "No data found, symbol may be delisted")
2026-07-16 15:33:24,746 WARNING src.options_filter: UNKNOWN: options data unavailable from all sources
2026-07-16 15:33:24,896 ERROR yfinance: $UNKNOWN: possibly delisted; no price data found  (period=1mo) (Yahoo error = "No data found, symbol may be delisted")
2026-07-16 15:33:29,113 WARNING src.options_filter: UNKNOWN: options data unavailable from all sources
2026-07-16 15:33:29,273 ERROR yfinance: $UNKNOWN: possibly delisted; no price data found  (period=1mo) (Yahoo error = "No data found, symbol may be delisted")
2026-07-16 15:33:33,446 WARNING src.options_filter: UNKNOWN: options data unavailable from all sources
2026-07-16 15:33:33,576 ERROR yfinance: $UNKNOWN: possibly delisted; no price data found  (period=1mo) (Yahoo error = "No data found, symbol may be delisted")
2026-07-16 15:33:37,737 WARNING src.options_filter: UNKNOWN: options data unavailable from all sources
2026-07-16 15:33:37,856 ERROR yfinance: $UNKNOWN: possibly delisted; no price data found  (period=1mo) (Yahoo error = "No data found, symbol may be delisted")
2026-07-16 15:33:41,988 WARNING src.options_filter: UNKNOWN: options data unavailable from all sources
2026-07-16 15:33:42,144 ERROR yfinance: $UNKNOWN: possibly delisted; no price data found  (period=1mo) (Yahoo error = "No data found, symbol may be delisted")
2026-07-16 15:33:46,337 WARNING src.options_filter: UNKNOWN: options data unavailable from all sources
2026-07-16 15:33:46,491 ERROR yfinance: $UNKNOWN: possibly delisted; no price data found  (period=1mo) (Yahoo error = "No data found, symbol may be delisted")
2026-07-16 15:33:50,721 WARNING src.options_filter: UNKNOWN: options data unavailable from all sources
2026-07-16 15:33:50,891 ERROR yfinance: $UNKNOWN: possibly delisted; no price data found  (period=1mo) (Yahoo error = "No data found, symbol may be delisted")
2026-07-16 15:33:55,050 WARNING src.options_filter: UNKNOWN: options data unavailable from all sources
2026-07-16 15:33:59,458 WARNING src.options_filter: GS-PD: options data unavailable from all sources
2026-07-16 15:34:03,143 WARNING src.options_filter: WHLRL: options data unavailable from all sources
2026-07-16 15:34:03,482 ERROR yfinance: $UNKNOWN: possibly delisted; no price data found  (period=1mo) (Yahoo error = "No data found, symbol may be delisted")
2026-07-16 15:34:07,709 WARNING src.options_filter: UNKNOWN: options data unavailable from all sources
2026-07-16 15:34:07,830 ERROR yfinance: $UNKNOWN: possibly delisted; no price data found  (period=1mo) (Yahoo error = "No data found, symbol may be delisted")
2026-07-16 15:34:12,031 WARNING src.options_filter: UNKNOWN: options data unavailable from all sources
2026-07-16 15:34:12,150 ERROR yfinance: $UNKNOWN: possibly delisted; no price data found  (period=1mo) (Yahoo error = "No data found, symbol may be delisted")
2026-07-16 15:34:16,262 WARNING src.options_filter: UNKNOWN: options data unavailable from all sources
2026-07-16 15:34:16,475 ERROR yfinance: $UNKNOWN: possibly delisted; no price data found  (period=1mo) (Yahoo error = "No data found, symbol may be delisted")
2026-07-16 15:34:20,552 WARNING src.options_filter: UNKNOWN: options data unavailable from all sources
2026-07-16 15:34:20,697 ERROR yfinance: $UNKNOWN: possibly delisted; no price data found  (period=1mo) (Yahoo error = "No data found, symbol may be delisted")
2026-07-16 15:34:24,787 WARNING src.options_filter: UNKNOWN: options data unavailable from all sources
2026-07-16 15:34:24,955 ERROR yfinance: $UNKNOWN: possibly delisted; no price data found  (period=1mo) (Yahoo error = "No data found, symbol may be delisted")
2026-07-16 15:34:29,138 WARNING src.options_filter: UNKNOWN: options data unavailable from all sources
2026-07-16 15:34:29,277 ERROR yfinance: $UNKNOWN: possibly delisted; no price data found  (period=1mo) (Yahoo error = "No data found, symbol may be delisted")
2026-07-16 15:34:33,389 WARNING src.options_filter: UNKNOWN: options data unavailable from all sources
2026-07-16 15:34:33,515 ERROR yfinance: $UNKNOWN: possibly delisted; no price data found  (period=1mo) (Yahoo error = "No data found, symbol may be delisted")
2026-07-16 15:34:37,619 WARNING src.options_filter: UNKNOWN: options data unavailable from all sources
2026-07-16 15:34:38,018 ERROR yfinance: $NWSLL: possibly delisted; no price data found  (period=1mo) (Yahoo error = "No data found, symbol may be delisted")
2026-07-16 15:34:42,183 WARNING src.options_filter: NWSLL: options data unavailable from all sources
2026-07-16 15:34:42,311 ERROR yfinance: $UNKNOWN: possibly delisted; no price data found  (period=1mo) (Yahoo error = "No data found, symbol may be delisted")
2026-07-16 15:34:46,387 WARNING src.options_filter: UNKNOWN: options data unavailable from all sources
2026-07-16 15:34:46,522 ERROR yfinance: $UNKNOWN: possibly delisted; no price data found  (period=1mo) (Yahoo error = "No data found, symbol may be delisted")
2026-07-16 15:34:50,763 WARNING src.options_filter: UNKNOWN: options data unavailable from all sources
2026-07-16 15:34:50,879 ERROR yfinance: $UNKNOWN: possibly delisted; no price data found  (period=1mo) (Yahoo error = "No data found, symbol may be delisted")
2026-07-16 15:34:55,093 WARNING src.options_filter: UNKNOWN: options data unavailable from all sources
2026-07-16 15:34:55,296 ERROR yfinance: $UNKNOWN: possibly delisted; no price data found  (period=1mo) (Yahoo error = "No data found, symbol may be delisted")
2026-07-16 15:34:59,384 WARNING src.options_filter: UNKNOWN: options data unavailable from all sources
2026-07-16 15:34:59,545 ERROR yfinance: $UNKNOWN: possibly delisted; no price data found  (period=1mo) (Yahoo error = "No data found, symbol may be delisted")
2026-07-16 15:35:03,714 WARNING src.options_filter: UNKNOWN: options data unavailable from all sources
2026-07-16 15:35:03,831 ERROR yfinance: $UNKNOWN: possibly delisted; no price data found  (period=1mo) (Yahoo error = "No data found, symbol may be delisted")
2026-07-16 15:35:08,387 WARNING src.options_filter: UNKNOWN: options data unavailable from all sources
2026-07-16 15:35:08,518 ERROR yfinance: $UNKNOWN: possibly delisted; no price data found  (period=1mo) (Yahoo error = "No data found, symbol may be delisted")
2026-07-16 15:35:12,624 WARNING src.options_filter: UNKNOWN: options data unavailable from all sources
2026-07-16 15:35:16,411 WARNING src.options_filter: DEC: options data unavailable from all sources
2026-07-16 15:35:20,023 WARNING src.options_filter: BNY-PK: options data unavailable from all sources
2026-07-16 15:35:20,207 ERROR yfinance: $UNKNOWN: possibly delisted; no price data found  (period=1mo) (Yahoo error = "No data found, symbol may be delisted")
2026-07-16 15:35:24,332 WARNING src.options_filter: UNKNOWN: options data unavailable from all sources
2026-07-16 15:35:24,484 ERROR yfinance: $UNKNOWN: possibly delisted; no price data found  (period=1mo) (Yahoo error = "No data found, symbol may be delisted")
2026-07-16 15:35:28,654 WARNING src.options_filter: UNKNOWN: options data unavailable from all sources
2026-07-16 15:35:32,916 WARNING src.options_filter: AWHL: options data unavailable from all sources
2026-07-16 15:35:37,133 WARNING src.options_filter: AEON: options data unavailable from all sources
2026-07-16 15:35:37,295 ERROR yfinance: $UNKNOWN: possibly delisted; no price data found  (period=1mo) (Yahoo error = "No data found, symbol may be delisted")
2026-07-16 15:35:41,461 WARNING src.options_filter: UNKNOWN: options data unavailable from all sources
2026-07-16 15:35:41,576 ERROR yfinance: $UNKNOWN: possibly delisted; no price data found  (period=1mo) (Yahoo error = "No data found, symbol may be delisted")
2026-07-16 15:35:45,653 WARNING src.options_filter: UNKNOWN: options data unavailable from all sources
2026-07-16 15:35:49,345 WARNING src.options_filter: STT-PG: options data unavailable from all sources
2026-07-16 15:35:52,342 ERROR yfinance: $UNKNOWN: possibly delisted; no price data found  (period=1mo) (Yahoo error = "No data found, symbol may be delisted")
2026-07-16 15:35:56,525 WARNING src.options_filter: UNKNOWN: options data unavailable from all sources
2026-07-16 15:35:56,639 ERROR yfinance: $UNKNOWN: possibly delisted; no price data found  (period=1mo) (Yahoo error = "No data found, symbol may be delisted")
2026-07-16 15:36:00,867 WARNING src.options_filter: UNKNOWN: options data unavailable from all sources
2026-07-16 15:36:05,292 WARNING src.options_filter: MS-PA: options data unavailable from all sources
2026-07-16 15:36:05,439 ERROR yfinance: $UNKNOWN: possibly delisted; no price data found  (period=1mo) (Yahoo error = "No data found, symbol may be delisted")
2026-07-16 15:36:09,606 WARNING src.options_filter: UNKNOWN: options data unavailable from all sources
2026-07-16 15:36:09,902 ERROR yfinance: $UNKNOWN: possibly delisted; no price data found  (period=1mo) (Yahoo error = "No data found, symbol may be delisted")
2026-07-16 15:36:14,023 WARNING src.options_filter: UNKNOWN: options data unavailable from all sources
2026-07-16 15:36:14,271 ERROR yfinance: $UNKNOWN: possibly delisted; no price data found  (period=1mo) (Yahoo error = "No data found, symbol may be delisted")
2026-07-16 15:36:18,457 WARNING src.options_filter: UNKNOWN: options data unavailable from all sources
2026-07-16 15:36:18,744 ERROR yfinance: $UNKNOWN: possibly delisted; no price data found  (period=1mo) (Yahoo error = "No data found, symbol may be delisted")
2026-07-16 15:36:22,990 WARNING src.options_filter: UNKNOWN: options data unavailable from all sources
2026-07-16 15:36:23,104 ERROR yfinance: $UNKNOWN: possibly delisted; no price data found  (period=1mo) (Yahoo error = "No data found, symbol may be delisted")
2026-07-16 15:36:27,200 WARNING src.options_filter: UNKNOWN: options data unavailable from all sources
2026-07-16 15:36:27,348 ERROR yfinance: $UNKNOWN: possibly delisted; no price data found  (period=1mo) (Yahoo error = "No data found, symbol may be delisted")
2026-07-16 15:36:31,452 WARNING src.options_filter: UNKNOWN: options data unavailable from all sources
2026-07-16 15:36:31,641 ERROR yfinance: $UNKNOWN: possibly delisted; no price data found  (period=1mo) (Yahoo error = "No data found, symbol may be delisted")
2026-07-16 15:36:35,833 WARNING src.options_filter: UNKNOWN: options data unavailable from all sources
2026-07-16 15:36:39,539 WARNING src.options_filter: CCNEP: options data unavailable from all sources
2026-07-16 15:36:39,776 ERROR yfinance: $UNKNOWN: possibly delisted; no price data found  (period=1mo) (Yahoo error = "No data found, symbol may be delisted")
2026-07-16 15:36:43,920 WARNING src.options_filter: UNKNOWN: options data unavailable from all sources
2026-07-16 15:36:44,027 ERROR yfinance: $UNKNOWN: possibly delisted; no price data found  (period=1mo) (Yahoo error = "No data found, symbol may be delisted")
2026-07-16 15:36:48,175 WARNING src.options_filter: UNKNOWN: options data unavailable from all sources
2026-07-16 15:36:48,284 ERROR yfinance: $UNKNOWN: possibly delisted; no price data found  (period=1mo) (Yahoo error = "No data found, symbol may be delisted")
2026-07-16 15:36:52,375 WARNING src.options_filter: UNKNOWN: options data unavailable from all sources
2026-07-16 15:36:52,494 ERROR yfinance: $UNKNOWN: possibly delisted; no price data found  (period=1mo) (Yahoo error = "No data found, symbol may be delisted")
2026-07-16 15:36:56,591 WARNING src.options_filter: UNKNOWN: options data unavailable from all sources
2026-07-16 15:36:56,703 ERROR yfinance: $UNKNOWN: possibly delisted; no price data found  (period=1mo) (Yahoo error = "No data found, symbol may be delisted")
2026-07-16 15:37:00,947 WARNING src.options_filter: UNKNOWN: options data unavailable from all sources
2026-07-16 15:37:01,055 ERROR yfinance: $UNKNOWN: possibly delisted; no price data found  (period=1mo) (Yahoo error = "No data found, symbol may be delisted")
2026-07-16 15:37:05,237 WARNING src.options_filter: UNKNOWN: options data unavailable from all sources
2026-07-16 15:37:05,366 ERROR yfinance: $UNKNOWN: possibly delisted; no price data found  (period=1mo) (Yahoo error = "No data found, symbol may be delisted")
2026-07-16 15:37:09,502 WARNING src.options_filter: UNKNOWN: options data unavailable from all sources
2026-07-16 15:37:09,630 ERROR yfinance: $UNKNOWN: possibly delisted; no price data found  (period=1mo) (Yahoo error = "No data found, symbol may be delisted")
2026-07-16 15:37:13,797 WARNING src.options_filter: UNKNOWN: options data unavailable from all sources
2026-07-16 15:37:13,798 INFO run_daily: Passed options gate: 191 events
2026-07-16 15:37:13,798 INFO run_daily: Step 7: enriching 191 events
2026-07-16 15:38:18,107 INFO run_daily: Step 8: dedup
2026-07-16 15:38:18,108 INFO run_daily: Step 9: ranking
2026-07-16 15:38:18,108 INFO run_daily: Step 10: writing digest
2026-07-16 15:38:18,150 INFO src.digest_writer: digest written: output/market_radar_2026-07-16.html
2026-07-16 15:38:18,150 INFO run_daily: === Done: output/market_radar_2026-07-16.html ===
