2026-07-09 16:01:10,932 INFO run_daily: === Market Event Radar starting — 2026-07-09 ===
2026-07-09 16:01:10,934 INFO run_daily: Step 1: fetching earnings calendar
2026-07-09 16:01:24,579 INFO src.event_fetcher: nasdaq earnings: 63 entries across 7 days
2026-07-09 16:01:26,090 INFO src.event_fetcher: finnhub earnings: 185 entries
2026-07-09 16:01:26,090 INFO src.event_fetcher: merged earnings universe: 203 unique tickers
2026-07-09 16:01:26,090 INFO run_daily: Step 2: fetching 8-K filings
2026-07-09 16:01:27,286 INFO src.event_fetcher: edgar 8-K filings: 100
2026-07-09 16:01:27,501 INFO run_daily: Step 3: building universe
2026-07-09 16:01:27,502 INFO src.universe: universe: 35 tickers (10 watchlist, 25 discovered)
2026-07-09 16:01:27,502 INFO run_daily: Universe: 35 tickers
2026-07-09 16:01:27,502 INFO run_daily: Step 4: yfinance cross-check for 35 tickers
2026-07-09 16:01:29,569 ERROR yfinance: HTTP Error 404: {"quoteSummary":{"result":null,"error":{"code":"Not Found","description":"Quote not found for symbol: CANB"}}}
2026-07-09 16:01:35,675 ERROR yfinance: HTTP Error 404: {"quoteSummary":{"result":null,"error":{"code":"Not Found","description":"Quote not found for symbol: UBFO"}}}
2026-07-09 16:01:40,026 INFO run_daily: Step 5: building earnings events
2026-07-09 16:01:40,027 INFO src.source_merger: earnings events built: 203
2026-07-09 16:01:40,027 INFO run_daily: Step 5b: building 8-K events
2026-07-09 16:01:40,030 INFO run_daily: Step 6: options filter (303 candidates)
2026-07-09 16:01:51,164 ERROR yfinance: $ADN: possibly delisted; no price data found  (period=1mo) (Yahoo error = "No data found, symbol may be delisted")
2026-07-09 16:01:55,583 WARNING src.options_filter: ADN: options data unavailable from all sources
2026-07-09 16:02:06,907 WARNING src.options_filter: ASII: options data unavailable from all sources
2026-07-09 16:02:25,250 WARNING src.options_filter: BSVN: options data unavailable from all sources
2026-07-09 16:02:41,863 WARNING src.options_filter: CHMG: options data unavailable from all sources
2026-07-09 16:02:46,300 WARNING src.options_filter: CPKF: options data unavailable from all sources
2026-07-09 16:02:55,659 WARNING src.options_filter: ENBP: options data unavailable from all sources
2026-07-09 16:03:02,731 WARNING src.options_filter: FMCB: options data unavailable from all sources
2026-07-09 16:03:13,779 WARNING src.options_filter: HOVR: options data unavailable from all sources
2026-07-09 16:03:32,143 WARNING src.options_filter: JUVF: options data unavailable from all sources
2026-07-09 16:03:44,491 WARNING src.options_filter: NCL: options data unavailable from all sources
2026-07-09 16:03:52,370 WARNING src.options_filter: OVLY: options data unavailable from all sources
2026-07-09 16:03:56,765 WARNING src.options_filter: PFIS: options data unavailable from all sources
2026-07-09 16:04:08,012 WARNING src.options_filter: SBSAA: options data unavailable from all sources
2026-07-09 16:04:36,398 WARNING src.options_filter: TRUX: options data unavailable from all sources
2026-07-09 16:04:47,779 WARNING src.options_filter: USMT: options data unavailable from all sources
2026-07-09 16:04:48,333 ERROR yfinance: $VBTX: possibly delisted; no price data found  (period=1mo) (Yahoo error = "No data found, symbol may be delisted")
2026-07-09 16:04:52,603 WARNING src.options_filter: VBTX: options data unavailable from all sources
2026-07-09 16:05:02,160 WARNING src.options_filter: ADX: options data unavailable from all sources
2026-07-09 16:05:05,920 WARNING src.options_filter: BVFL: options data unavailable from all sources
2026-07-09 16:05:09,686 WARNING src.options_filter: CCTG: options data unavailable from all sources
2026-07-09 16:05:13,434 WARNING src.options_filter: CZBT: options data unavailable from all sources
2026-07-09 16:05:17,198 WARNING src.options_filter: EVN: options data unavailable from all sources
2026-07-09 16:05:20,947 WARNING src.options_filter: GURE: options data unavailable from all sources
2026-07-09 16:05:25,325 WARNING src.options_filter: KARO: options data unavailable from all sources
2026-07-09 16:05:29,092 WARNING src.options_filter: LOGN: options data unavailable from all sources
2026-07-09 16:05:32,846 WARNING src.options_filter: SBI: options data unavailable from all sources
2026-07-09 16:05:36,595 WARNING src.options_filter: SGRP: options data unavailable from all sources
2026-07-09 16:05:36,907 ERROR yfinance: $UBFO: possibly delisted; no price data found  (period=1mo) (Yahoo error = "No data found, symbol may be delisted")
2026-07-09 16:05:41,253 WARNING src.options_filter: UBFO: options data unavailable from all sources
2026-07-09 16:05:45,002 WARNING src.options_filter: UBOH: options data unavailable from all sources
2026-07-09 16:05:58,653 WARNING src.options_filter: BRLL: options data unavailable from all sources
2026-07-09 16:06:02,634 ERROR yfinance: $CANB: possibly delisted; no price data found  (period=1mo) (Yahoo error = "No data found, symbol may be delisted")
2026-07-09 16:06:06,891 WARNING src.options_filter: CANB: options data unavailable from all sources
2026-07-09 16:06:07,154 ERROR yfinance: $CRSB: possibly delisted; no price data found  (period=1mo) (Yahoo error = "No data found, symbol may be delisted")
2026-07-09 16:06:11,407 WARNING src.options_filter: CRSB: options data unavailable from all sources
2026-07-09 16:06:11,655 ERROR yfinance: $CXH: possibly delisted; no price data found  (period=1mo)
2026-07-09 16:06:15,912 WARNING src.options_filter: CXH: options data unavailable from all sources
2026-07-09 16:06:26,568 WARNING src.options_filter: HARL: options data unavailable from all sources
2026-07-09 16:06:34,751 WARNING src.options_filter: KMTS: options data unavailable from all sources
2026-07-09 16:06:39,131 WARNING src.options_filter: PBNC: options data unavailable from all sources
2026-07-09 16:06:43,500 WARNING src.options_filter: PXED: options data unavailable from all sources
2026-07-09 16:06:43,809 ERROR yfinance: $SNV: possibly delisted; no price data found  (period=1mo) (Yahoo error = "No data found, symbol may be delisted")
2026-07-09 16:06:48,070 WARNING src.options_filter: SNV: options data unavailable from all sources
2026-07-09 16:06:55,398 WARNING src.options_filter: AMFC: options data unavailable from all sources
2026-07-09 16:06:59,168 WARNING src.options_filter: ANVI: options data unavailable from all sources
2026-07-09 16:07:02,930 WARNING src.options_filter: ASRE: options data unavailable from all sources
2026-07-09 16:07:06,710 WARNING src.options_filter: AXXA: options data unavailable from all sources
2026-07-09 16:07:10,496 WARNING src.options_filter: BSFC: options data unavailable from all sources
2026-07-09 16:07:14,293 WARNING src.options_filter: BTCY: options data unavailable from all sources
2026-07-09 16:07:18,072 WARNING src.options_filter: BZYR: options data unavailable from all sources
2026-07-09 16:07:21,860 WARNING src.options_filter: CAHO: options data unavailable from all sources
2026-07-09 16:07:25,625 WARNING src.options_filter: CAWW: options data unavailable from all sources
2026-07-09 16:07:29,388 WARNING src.options_filter: CEFC: options data unavailable from all sources
2026-07-09 16:07:33,156 WARNING src.options_filter: CNAF: options data unavailable from all sources
2026-07-09 16:07:36,925 WARNING src.options_filter: CTM: options data unavailable from all sources
2026-07-09 16:07:40,682 WARNING src.options_filter: ENRT: options data unavailable from all sources
2026-07-09 16:07:44,443 WARNING src.options_filter: GTI: options data unavailable from all sources
2026-07-09 16:07:48,253 WARNING src.options_filter: GTPS: options data unavailable from all sources
2026-07-09 16:07:52,013 WARNING src.options_filter: KOAN: options data unavailable from all sources
2026-07-09 16:07:55,773 WARNING src.options_filter: LEXX: options data unavailable from all sources
2026-07-09 16:07:59,536 WARNING src.options_filter: NFTM: options data unavailable from all sources
2026-07-09 16:08:03,328 WARNING src.options_filter: NRIS: options data unavailable from all sources
2026-07-09 16:08:07,093 WARNING src.options_filter: NTRP: options data unavailable from all sources
2026-07-09 16:08:10,857 WARNING src.options_filter: OTGA: options data unavailable from all sources
2026-07-09 16:08:14,672 WARNING src.options_filter: PUBC: options data unavailable from all sources
2026-07-09 16:08:18,439 WARNING src.options_filter: QSEA: options data unavailable from all sources
2026-07-09 16:08:22,205 WARNING src.options_filter: RAY: options data unavailable from all sources
2026-07-09 16:08:26,000 WARNING src.options_filter: RJDG: options data unavailable from all sources
2026-07-09 16:08:29,868 WARNING src.options_filter: ROMA: options data unavailable from all sources
2026-07-09 16:08:33,666 WARNING src.options_filter: SCGY: options data unavailable from all sources
2026-07-09 16:08:37,431 WARNING src.options_filter: SIGL: options data unavailable from all sources
2026-07-09 16:08:41,223 WARNING src.options_filter: SPRS: options data unavailable from all sources
2026-07-09 16:08:45,157 WARNING src.options_filter: SVIN: options data unavailable from all sources
2026-07-09 16:08:48,907 WARNING src.options_filter: TETEF: options data unavailable from all sources
2026-07-09 16:08:52,662 WARNING src.options_filter: UNTN: options data unavailable from all sources
2026-07-09 16:08:56,413 WARNING src.options_filter: YAAS: options data unavailable from all sources
2026-07-09 16:09:00,168 WARNING src.options_filter: YDES: options data unavailable from all sources
2026-07-09 16:09:03,927 WARNING src.options_filter: AMBK: options data unavailable from all sources
2026-07-09 16:09:07,682 WARNING src.options_filter: BUKS: options data unavailable from all sources
2026-07-09 16:09:11,443 WARNING src.options_filter: FGFH: options data unavailable from all sources
2026-07-09 16:09:15,197 WARNING src.options_filter: GDHG: options data unavailable from all sources
2026-07-09 16:09:18,953 WARNING src.options_filter: GDST: options data unavailable from all sources
2026-07-09 16:09:22,705 WARNING src.options_filter: HIFS: options data unavailable from all sources
2026-07-09 16:09:26,455 WARNING src.options_filter: KISB: options data unavailable from all sources
2026-07-09 16:09:30,212 WARNING src.options_filter: MLGF: options data unavailable from all sources
2026-07-09 16:09:33,963 WARNING src.options_filter: UUU: options data unavailable from all sources
2026-07-09 16:09:37,715 WARNING src.options_filter: CBFC: options data unavailable from all sources
2026-07-09 16:09:41,479 WARNING src.options_filter: CCEL: options data unavailable from all sources
2026-07-09 16:09:45,236 WARNING src.options_filter: CIBH: options data unavailable from all sources
2026-07-09 16:09:48,991 WARNING src.options_filter: CNBB: options data unavailable from all sources
2026-07-09 16:09:52,741 WARNING src.options_filter: EDUC: options data unavailable from all sources
2026-07-09 16:09:56,498 WARNING src.options_filter: EVOH: options data unavailable from all sources
2026-07-09 16:10:00,246 WARNING src.options_filter: FBSI: options data unavailable from all sources
2026-07-09 16:10:03,994 WARNING src.options_filter: FMBL: options data unavailable from all sources
2026-07-09 16:10:07,789 WARNING src.options_filter: NTIC: options data unavailable from all sources
2026-07-09 16:10:11,620 WARNING src.options_filter: PGTK: options data unavailable from all sources
2026-07-09 16:10:15,383 WARNING src.options_filter: RMCF: options data unavailable from all sources
2026-07-09 16:10:19,140 WARNING src.options_filter: SBEV: options data unavailable from all sources
2026-07-09 16:10:22,912 WARNING src.options_filter: SENR: options data unavailable from all sources
2026-07-09 16:10:26,671 WARNING src.options_filter: SODI: options data unavailable from all sources
2026-07-09 16:10:30,427 WARNING src.options_filter: SOTK: options data unavailable from all sources
2026-07-09 16:10:34,192 WARNING src.options_filter: VMAR: options data unavailable from all sources
2026-07-09 16:10:38,001 WARNING src.options_filter: WHLT: options data unavailable from all sources
2026-07-09 16:10:41,766 WARNING src.options_filter: WNDW: options data unavailable from all sources
2026-07-09 16:10:45,576 WARNING src.options_filter: ARTW: options data unavailable from all sources
2026-07-09 16:10:49,330 WARNING src.options_filter: AUC: options data unavailable from all sources
2026-07-09 16:10:53,258 WARNING src.options_filter: LEDS: options data unavailable from all sources
2026-07-09 16:11:00,206 WARNING src.options_filter: GLDG: options data unavailable from all sources
2026-07-09 16:11:04,559 WARNING src.options_filter: PAPL: options data unavailable from all sources
2026-07-09 16:11:08,914 WARNING src.options_filter: JCTC: options data unavailable from all sources
2026-07-09 16:11:12,678 WARNING src.options_filter: CRMT: options data unavailable from all sources
2026-07-09 16:11:38,195 WARNING src.options_filter: PLBC: options data unavailable from all sources
2026-07-09 16:11:48,147 WARNING src.options_filter: UNB: options data unavailable from all sources
2026-07-09 16:11:48,574 ERROR yfinance: $UNKNOWN: possibly delisted; no price data found  (period=1mo) (Yahoo error = "No data found, symbol may be delisted")
2026-07-09 16:11:52,838 WARNING src.options_filter: UNKNOWN: options data unavailable from all sources
2026-07-09 16:11:52,965 ERROR yfinance: $UNKNOWN: possibly delisted; no price data found  (period=1mo) (Yahoo error = "No data found, symbol may be delisted")
2026-07-09 16:11:57,244 WARNING src.options_filter: UNKNOWN: options data unavailable from all sources
2026-07-09 16:11:57,381 ERROR yfinance: $UNKNOWN: possibly delisted; no price data found  (period=1mo) (Yahoo error = "No data found, symbol may be delisted")
2026-07-09 16:12:01,650 WARNING src.options_filter: UNKNOWN: options data unavailable from all sources
2026-07-09 16:12:01,781 ERROR yfinance: $UNKNOWN: possibly delisted; no price data found  (period=1mo) (Yahoo error = "No data found, symbol may be delisted")
2026-07-09 16:12:06,034 WARNING src.options_filter: UNKNOWN: options data unavailable from all sources
2026-07-09 16:12:06,188 ERROR yfinance: $UNKNOWN: possibly delisted; no price data found  (period=1mo) (Yahoo error = "No data found, symbol may be delisted")
2026-07-09 16:12:10,446 WARNING src.options_filter: UNKNOWN: options data unavailable from all sources
2026-07-09 16:12:10,575 ERROR yfinance: $UNKNOWN: possibly delisted; no price data found  (period=1mo) (Yahoo error = "No data found, symbol may be delisted")
2026-07-09 16:12:14,829 WARNING src.options_filter: UNKNOWN: options data unavailable from all sources
2026-07-09 16:12:14,968 ERROR yfinance: $UNKNOWN: possibly delisted; no price data found  (period=1mo) (Yahoo error = "No data found, symbol may be delisted")
2026-07-09 16:12:19,239 WARNING src.options_filter: UNKNOWN: options data unavailable from all sources
2026-07-09 16:12:19,377 ERROR yfinance: $UNKNOWN: possibly delisted; no price data found  (period=1mo) (Yahoo error = "No data found, symbol may be delisted")
2026-07-09 16:12:23,630 WARNING src.options_filter: UNKNOWN: options data unavailable from all sources
2026-07-09 16:12:23,758 ERROR yfinance: $UNKNOWN: possibly delisted; no price data found  (period=1mo) (Yahoo error = "No data found, symbol may be delisted")
2026-07-09 16:12:28,014 WARNING src.options_filter: UNKNOWN: options data unavailable from all sources
2026-07-09 16:12:28,148 ERROR yfinance: $UNKNOWN: possibly delisted; no price data found  (period=1mo) (Yahoo error = "No data found, symbol may be delisted")
2026-07-09 16:12:32,399 WARNING src.options_filter: UNKNOWN: options data unavailable from all sources
2026-07-09 16:12:32,526 ERROR yfinance: $UNKNOWN: possibly delisted; no price data found  (period=1mo) (Yahoo error = "No data found, symbol may be delisted")
2026-07-09 16:12:36,784 WARNING src.options_filter: UNKNOWN: options data unavailable from all sources
2026-07-09 16:12:36,971 ERROR yfinance: $UNKNOWN: possibly delisted; no price data found  (period=1mo) (Yahoo error = "No data found, symbol may be delisted")
2026-07-09 16:12:41,242 WARNING src.options_filter: UNKNOWN: options data unavailable from all sources
2026-07-09 16:12:41,401 ERROR yfinance: $UNKNOWN: possibly delisted; no price data found  (period=1mo) (Yahoo error = "No data found, symbol may be delisted")
2026-07-09 16:12:45,701 WARNING src.options_filter: UNKNOWN: options data unavailable from all sources
2026-07-09 16:12:45,886 ERROR yfinance: $UNKNOWN: possibly delisted; no price data found  (period=1mo) (Yahoo error = "No data found, symbol may be delisted")
2026-07-09 16:12:50,147 WARNING src.options_filter: UNKNOWN: options data unavailable from all sources
2026-07-09 16:12:50,330 ERROR yfinance: $UNKNOWN: possibly delisted; no price data found  (period=1mo) (Yahoo error = "No data found, symbol may be delisted")
2026-07-09 16:12:54,587 WARNING src.options_filter: UNKNOWN: options data unavailable from all sources
2026-07-09 16:12:54,717 ERROR yfinance: $UNKNOWN: possibly delisted; no price data found  (period=1mo) (Yahoo error = "No data found, symbol may be delisted")
2026-07-09 16:12:58,973 WARNING src.options_filter: UNKNOWN: options data unavailable from all sources
2026-07-09 16:12:59,148 ERROR yfinance: $UNKNOWN: possibly delisted; no price data found  (period=1mo) (Yahoo error = "No data found, symbol may be delisted")
2026-07-09 16:13:03,422 WARNING src.options_filter: UNKNOWN: options data unavailable from all sources
2026-07-09 16:13:03,551 ERROR yfinance: $UNKNOWN: possibly delisted; no price data found  (period=1mo) (Yahoo error = "No data found, symbol may be delisted")
2026-07-09 16:13:07,819 WARNING src.options_filter: UNKNOWN: options data unavailable from all sources
2026-07-09 16:13:07,949 ERROR yfinance: $UNKNOWN: possibly delisted; no price data found  (period=1mo) (Yahoo error = "No data found, symbol may be delisted")
2026-07-09 16:13:12,204 WARNING src.options_filter: UNKNOWN: options data unavailable from all sources
2026-07-09 16:13:12,429 ERROR yfinance: $UNKNOWN: possibly delisted; no price data found  (period=1mo) (Yahoo error = "No data found, symbol may be delisted")
2026-07-09 16:13:16,694 WARNING src.options_filter: UNKNOWN: options data unavailable from all sources
2026-07-09 16:13:16,874 ERROR yfinance: $UNKNOWN: possibly delisted; no price data found  (period=1mo) (Yahoo error = "No data found, symbol may be delisted")
2026-07-09 16:13:21,122 WARNING src.options_filter: UNKNOWN: options data unavailable from all sources
2026-07-09 16:13:21,300 ERROR yfinance: $UNKNOWN: possibly delisted; no price data found  (period=1mo) (Yahoo error = "No data found, symbol may be delisted")
2026-07-09 16:13:25,552 WARNING src.options_filter: UNKNOWN: options data unavailable from all sources
2026-07-09 16:13:25,677 ERROR yfinance: $UNKNOWN: possibly delisted; no price data found  (period=1mo) (Yahoo error = "No data found, symbol may be delisted")
2026-07-09 16:13:29,930 WARNING src.options_filter: UNKNOWN: options data unavailable from all sources
2026-07-09 16:13:30,057 ERROR yfinance: $UNKNOWN: possibly delisted; no price data found  (period=1mo) (Yahoo error = "No data found, symbol may be delisted")
2026-07-09 16:13:34,308 WARNING src.options_filter: UNKNOWN: options data unavailable from all sources
2026-07-09 16:13:38,059 WARNING src.options_filter: CPPTL: options data unavailable from all sources
2026-07-09 16:13:38,235 ERROR yfinance: $UNKNOWN: possibly delisted; no price data found  (period=1mo) (Yahoo error = "No data found, symbol may be delisted")
2026-07-09 16:13:42,486 WARNING src.options_filter: UNKNOWN: options data unavailable from all sources
2026-07-09 16:13:42,632 ERROR yfinance: $UNKNOWN: possibly delisted; no price data found  (period=1mo) (Yahoo error = "No data found, symbol may be delisted")
2026-07-09 16:13:47,049 WARNING src.options_filter: UNKNOWN: options data unavailable from all sources
2026-07-09 16:13:47,182 ERROR yfinance: $UNKNOWN: possibly delisted; no price data found  (period=1mo) (Yahoo error = "No data found, symbol may be delisted")
2026-07-09 16:13:51,434 WARNING src.options_filter: UNKNOWN: options data unavailable from all sources
2026-07-09 16:13:51,561 ERROR yfinance: $UNKNOWN: possibly delisted; no price data found  (period=1mo) (Yahoo error = "No data found, symbol may be delisted")
2026-07-09 16:13:55,911 WARNING src.options_filter: UNKNOWN: options data unavailable from all sources
2026-07-09 16:13:56,045 ERROR yfinance: $UNKNOWN: possibly delisted; no price data found  (period=1mo) (Yahoo error = "No data found, symbol may be delisted")
2026-07-09 16:14:00,307 WARNING src.options_filter: UNKNOWN: options data unavailable from all sources
2026-07-09 16:14:00,436 ERROR yfinance: $UNKNOWN: possibly delisted; no price data found  (period=1mo) (Yahoo error = "No data found, symbol may be delisted")
2026-07-09 16:14:04,691 WARNING src.options_filter: UNKNOWN: options data unavailable from all sources
2026-07-09 16:14:04,823 ERROR yfinance: $UNKNOWN: possibly delisted; no price data found  (period=1mo) (Yahoo error = "No data found, symbol may be delisted")
2026-07-09 16:14:09,083 WARNING src.options_filter: UNKNOWN: options data unavailable from all sources
2026-07-09 16:14:09,262 ERROR yfinance: $UNKNOWN: possibly delisted; no price data found  (period=1mo) (Yahoo error = "No data found, symbol may be delisted")
2026-07-09 16:14:13,522 WARNING src.options_filter: UNKNOWN: options data unavailable from all sources
2026-07-09 16:14:13,701 ERROR yfinance: $UNKNOWN: possibly delisted; no price data found  (period=1mo) (Yahoo error = "No data found, symbol may be delisted")
2026-07-09 16:14:17,952 WARNING src.options_filter: UNKNOWN: options data unavailable from all sources
2026-07-09 16:14:18,076 ERROR yfinance: $UNKNOWN: possibly delisted; no price data found  (period=1mo) (Yahoo error = "No data found, symbol may be delisted")
2026-07-09 16:14:22,343 WARNING src.options_filter: UNKNOWN: options data unavailable from all sources
2026-07-09 16:14:22,474 ERROR yfinance: $UNKNOWN: possibly delisted; no price data found  (period=1mo) (Yahoo error = "No data found, symbol may be delisted")
2026-07-09 16:14:26,761 WARNING src.options_filter: UNKNOWN: options data unavailable from all sources
2026-07-09 16:14:26,951 ERROR yfinance: $UNKNOWN: possibly delisted; no price data found  (period=1mo) (Yahoo error = "No data found, symbol may be delisted")
2026-07-09 16:14:31,201 WARNING src.options_filter: UNKNOWN: options data unavailable from all sources
2026-07-09 16:14:31,334 ERROR yfinance: $UNKNOWN: possibly delisted; no price data found  (period=1mo) (Yahoo error = "No data found, symbol may be delisted")
2026-07-09 16:14:35,590 WARNING src.options_filter: UNKNOWN: options data unavailable from all sources
2026-07-09 16:14:35,718 ERROR yfinance: $UNKNOWN: possibly delisted; no price data found  (period=1mo) (Yahoo error = "No data found, symbol may be delisted")
2026-07-09 16:14:39,968 WARNING src.options_filter: UNKNOWN: options data unavailable from all sources
2026-07-09 16:14:40,129 ERROR yfinance: $UNKNOWN: possibly delisted; no price data found  (period=1mo) (Yahoo error = "No data found, symbol may be delisted")
2026-07-09 16:14:44,394 WARNING src.options_filter: UNKNOWN: options data unavailable from all sources
2026-07-09 16:14:44,532 ERROR yfinance: $UNKNOWN: possibly delisted; no price data found  (period=1mo) (Yahoo error = "No data found, symbol may be delisted")
2026-07-09 16:14:48,794 WARNING src.options_filter: UNKNOWN: options data unavailable from all sources
2026-07-09 16:14:48,926 ERROR yfinance: $UNKNOWN: possibly delisted; no price data found  (period=1mo) (Yahoo error = "No data found, symbol may be delisted")
2026-07-09 16:14:53,232 WARNING src.options_filter: UNKNOWN: options data unavailable from all sources
2026-07-09 16:14:53,488 ERROR yfinance: $UNKNOWN: possibly delisted; no price data found  (period=1mo) (Yahoo error = "No data found, symbol may be delisted")
2026-07-09 16:14:57,741 WARNING src.options_filter: UNKNOWN: options data unavailable from all sources
2026-07-09 16:14:57,926 ERROR yfinance: $UNKNOWN: possibly delisted; no price data found  (period=1mo) (Yahoo error = "No data found, symbol may be delisted")
2026-07-09 16:15:02,209 WARNING src.options_filter: UNKNOWN: options data unavailable from all sources
2026-07-09 16:15:06,646 WARNING src.options_filter: VATE: options data unavailable from all sources
2026-07-09 16:15:09,539 ERROR yfinance: $UNKNOWN: possibly delisted; no price data found  (period=1mo) (Yahoo error = "No data found, symbol may be delisted")
2026-07-09 16:15:13,799 WARNING src.options_filter: UNKNOWN: options data unavailable from all sources
2026-07-09 16:15:13,981 ERROR yfinance: $UNKNOWN: possibly delisted; no price data found  (period=1mo) (Yahoo error = "No data found, symbol may be delisted")
2026-07-09 16:15:18,235 WARNING src.options_filter: UNKNOWN: options data unavailable from all sources
2026-07-09 16:15:18,371 ERROR yfinance: $UNKNOWN: possibly delisted; no price data found  (period=1mo) (Yahoo error = "No data found, symbol may be delisted")
2026-07-09 16:15:22,625 WARNING src.options_filter: UNKNOWN: options data unavailable from all sources
2026-07-09 16:15:22,763 ERROR yfinance: $UNKNOWN: possibly delisted; no price data found  (period=1mo) (Yahoo error = "No data found, symbol may be delisted")
2026-07-09 16:15:27,030 WARNING src.options_filter: UNKNOWN: options data unavailable from all sources
2026-07-09 16:15:27,253 ERROR yfinance: $UNKNOWN: possibly delisted; no price data found  (period=1mo) (Yahoo error = "No data found, symbol may be delisted")
2026-07-09 16:15:31,511 WARNING src.options_filter: UNKNOWN: options data unavailable from all sources
2026-07-09 16:15:31,731 ERROR yfinance: $UNKNOWN: possibly delisted; no price data found  (period=1mo) (Yahoo error = "No data found, symbol may be delisted")
2026-07-09 16:15:35,992 WARNING src.options_filter: UNKNOWN: options data unavailable from all sources
2026-07-09 16:15:36,197 ERROR yfinance: $UNKNOWN: possibly delisted; no price data found  (period=1mo) (Yahoo error = "No data found, symbol may be delisted")
2026-07-09 16:15:40,474 WARNING src.options_filter: UNKNOWN: options data unavailable from all sources
2026-07-09 16:15:40,716 ERROR yfinance: $UNKNOWN: possibly delisted; no price data found  (period=1mo) (Yahoo error = "No data found, symbol may be delisted")
2026-07-09 16:15:44,982 WARNING src.options_filter: UNKNOWN: options data unavailable from all sources
2026-07-09 16:15:45,108 ERROR yfinance: $UNKNOWN: possibly delisted; no price data found  (period=1mo) (Yahoo error = "No data found, symbol may be delisted")
2026-07-09 16:15:49,386 WARNING src.options_filter: UNKNOWN: options data unavailable from all sources
2026-07-09 16:15:52,847 ERROR yfinance: $UNKNOWN: possibly delisted; no price data found  (period=1mo) (Yahoo error = "No data found, symbol may be delisted")
2026-07-09 16:15:57,111 WARNING src.options_filter: UNKNOWN: options data unavailable from all sources
2026-07-09 16:15:57,352 ERROR yfinance: $UNKNOWN: possibly delisted; no price data found  (period=1mo) (Yahoo error = "No data found, symbol may be delisted")
2026-07-09 16:16:01,616 WARNING src.options_filter: UNKNOWN: options data unavailable from all sources
2026-07-09 16:16:01,745 ERROR yfinance: $UNKNOWN: possibly delisted; no price data found  (period=1mo) (Yahoo error = "No data found, symbol may be delisted")
2026-07-09 16:16:06,009 WARNING src.options_filter: UNKNOWN: options data unavailable from all sources
2026-07-09 16:16:06,144 ERROR yfinance: $UNKNOWN: possibly delisted; no price data found  (period=1mo) (Yahoo error = "No data found, symbol may be delisted")
2026-07-09 16:16:10,392 WARNING src.options_filter: UNKNOWN: options data unavailable from all sources
2026-07-09 16:16:10,519 ERROR yfinance: $UNKNOWN: possibly delisted; no price data found  (period=1mo) (Yahoo error = "No data found, symbol may be delisted")
2026-07-09 16:16:14,770 WARNING src.options_filter: UNKNOWN: options data unavailable from all sources
2026-07-09 16:16:14,961 ERROR yfinance: $UNKNOWN: possibly delisted; no price data found  (period=1mo) (Yahoo error = "No data found, symbol may be delisted")
2026-07-09 16:16:19,402 WARNING src.options_filter: UNKNOWN: options data unavailable from all sources
2026-07-09 16:16:27,229 WARNING src.options_filter: WHLRL: options data unavailable from all sources
2026-07-09 16:16:30,924 ERROR yfinance: $UNKNOWN: possibly delisted; no price data found  (period=1mo) (Yahoo error = "No data found, symbol may be delisted")
2026-07-09 16:16:35,192 WARNING src.options_filter: UNKNOWN: options data unavailable from all sources
2026-07-09 16:16:35,335 ERROR yfinance: $UNKNOWN: possibly delisted; no price data found  (period=1mo) (Yahoo error = "No data found, symbol may be delisted")
2026-07-09 16:16:39,586 WARNING src.options_filter: UNKNOWN: options data unavailable from all sources
2026-07-09 16:16:39,764 ERROR yfinance: $UNKNOWN: possibly delisted; no price data found  (period=1mo) (Yahoo error = "No data found, symbol may be delisted")
2026-07-09 16:16:44,013 WARNING src.options_filter: UNKNOWN: options data unavailable from all sources
2026-07-09 16:16:44,140 ERROR yfinance: $UNKNOWN: possibly delisted; no price data found  (period=1mo) (Yahoo error = "No data found, symbol may be delisted")
2026-07-09 16:16:48,391 WARNING src.options_filter: UNKNOWN: options data unavailable from all sources
2026-07-09 16:16:48,580 ERROR yfinance: $UNKNOWN: possibly delisted; no price data found  (period=1mo) (Yahoo error = "No data found, symbol may be delisted")
2026-07-09 16:16:52,833 WARNING src.options_filter: UNKNOWN: options data unavailable from all sources
2026-07-09 16:16:52,969 ERROR yfinance: $UNKNOWN: possibly delisted; no price data found  (period=1mo) (Yahoo error = "No data found, symbol may be delisted")
2026-07-09 16:16:57,225 WARNING src.options_filter: UNKNOWN: options data unavailable from all sources
2026-07-09 16:16:57,403 ERROR yfinance: $UNKNOWN: possibly delisted; no price data found  (period=1mo) (Yahoo error = "No data found, symbol may be delisted")
2026-07-09 16:17:01,650 WARNING src.options_filter: UNKNOWN: options data unavailable from all sources
2026-07-09 16:17:01,777 ERROR yfinance: $UNKNOWN: possibly delisted; no price data found  (period=1mo) (Yahoo error = "No data found, symbol may be delisted")
2026-07-09 16:17:06,031 WARNING src.options_filter: UNKNOWN: options data unavailable from all sources
2026-07-09 16:17:06,176 ERROR yfinance: $UNKNOWN: possibly delisted; no price data found  (period=1mo) (Yahoo error = "No data found, symbol may be delisted")
2026-07-09 16:17:10,442 WARNING src.options_filter: UNKNOWN: options data unavailable from all sources
2026-07-09 16:17:10,629 ERROR yfinance: $UNKNOWN: possibly delisted; no price data found  (period=1mo) (Yahoo error = "No data found, symbol may be delisted")
2026-07-09 16:17:14,877 WARNING src.options_filter: UNKNOWN: options data unavailable from all sources
2026-07-09 16:17:15,004 ERROR yfinance: $UNKNOWN: possibly delisted; no price data found  (period=1mo) (Yahoo error = "No data found, symbol may be delisted")
2026-07-09 16:17:19,252 WARNING src.options_filter: UNKNOWN: options data unavailable from all sources
2026-07-09 16:17:19,386 ERROR yfinance: $UNKNOWN: possibly delisted; no price data found  (period=1mo) (Yahoo error = "No data found, symbol may be delisted")
2026-07-09 16:17:23,675 WARNING src.options_filter: UNKNOWN: options data unavailable from all sources
2026-07-09 16:17:23,803 ERROR yfinance: $UNKNOWN: possibly delisted; no price data found  (period=1mo) (Yahoo error = "No data found, symbol may be delisted")
2026-07-09 16:17:28,065 WARNING src.options_filter: UNKNOWN: options data unavailable from all sources
2026-07-09 16:17:28,211 ERROR yfinance: $UNKNOWN: possibly delisted; no price data found  (period=1mo) (Yahoo error = "No data found, symbol may be delisted")
2026-07-09 16:17:32,473 WARNING src.options_filter: UNKNOWN: options data unavailable from all sources
2026-07-09 16:17:32,599 ERROR yfinance: $UNKNOWN: possibly delisted; no price data found  (period=1mo) (Yahoo error = "No data found, symbol may be delisted")
2026-07-09 16:17:36,859 WARNING src.options_filter: UNKNOWN: options data unavailable from all sources
2026-07-09 16:17:40,030 ERROR yfinance: $UNKNOWN: possibly delisted; no price data found  (period=1mo) (Yahoo error = "No data found, symbol may be delisted")
2026-07-09 16:17:44,334 WARNING src.options_filter: UNKNOWN: options data unavailable from all sources
2026-07-09 16:17:44,470 ERROR yfinance: $UNKNOWN: possibly delisted; no price data found  (period=1mo) (Yahoo error = "No data found, symbol may be delisted")
2026-07-09 16:17:48,718 WARNING src.options_filter: UNKNOWN: options data unavailable from all sources
2026-07-09 16:17:48,847 ERROR yfinance: $UNKNOWN: possibly delisted; no price data found  (period=1mo) (Yahoo error = "No data found, symbol may be delisted")
2026-07-09 16:17:53,098 WARNING src.options_filter: UNKNOWN: options data unavailable from all sources
2026-07-09 16:17:53,277 ERROR yfinance: $UNKNOWN: possibly delisted; no price data found  (period=1mo) (Yahoo error = "No data found, symbol may be delisted")
2026-07-09 16:17:57,529 WARNING src.options_filter: UNKNOWN: options data unavailable from all sources
2026-07-09 16:17:57,660 ERROR yfinance: $UNKNOWN: possibly delisted; no price data found  (period=1mo) (Yahoo error = "No data found, symbol may be delisted")
2026-07-09 16:18:01,930 WARNING src.options_filter: UNKNOWN: options data unavailable from all sources
2026-07-09 16:18:02,136 ERROR yfinance: $UNKNOWN: possibly delisted; no price data found  (period=1mo) (Yahoo error = "No data found, symbol may be delisted")
2026-07-09 16:18:06,393 WARNING src.options_filter: UNKNOWN: options data unavailable from all sources
2026-07-09 16:18:06,522 ERROR yfinance: $UNKNOWN: possibly delisted; no price data found  (period=1mo) (Yahoo error = "No data found, symbol may be delisted")
2026-07-09 16:18:10,830 WARNING src.options_filter: UNKNOWN: options data unavailable from all sources
2026-07-09 16:18:16,383 ERROR yfinance: $UNKNOWN: possibly delisted; no price data found  (period=1mo) (Yahoo error = "No data found, symbol may be delisted")
2026-07-09 16:18:20,651 WARNING src.options_filter: UNKNOWN: options data unavailable from all sources
2026-07-09 16:18:20,783 ERROR yfinance: $UNKNOWN: possibly delisted; no price data found  (period=1mo) (Yahoo error = "No data found, symbol may be delisted")
2026-07-09 16:18:25,038 WARNING src.options_filter: UNKNOWN: options data unavailable from all sources
2026-07-09 16:18:25,233 ERROR yfinance: $UNKNOWN: possibly delisted; no price data found  (period=1mo) (Yahoo error = "No data found, symbol may be delisted")
2026-07-09 16:18:29,491 WARNING src.options_filter: UNKNOWN: options data unavailable from all sources
2026-07-09 16:18:29,617 ERROR yfinance: $UNKNOWN: possibly delisted; no price data found  (period=1mo) (Yahoo error = "No data found, symbol may be delisted")
2026-07-09 16:18:33,916 WARNING src.options_filter: UNKNOWN: options data unavailable from all sources
2026-07-09 16:18:34,046 ERROR yfinance: $UNKNOWN: possibly delisted; no price data found  (period=1mo) (Yahoo error = "No data found, symbol may be delisted")
2026-07-09 16:18:38,299 WARNING src.options_filter: UNKNOWN: options data unavailable from all sources
2026-07-09 16:18:41,806 ERROR yfinance: $UNKNOWN: possibly delisted; no price data found  (period=1mo) (Yahoo error = "No data found, symbol may be delisted")
2026-07-09 16:18:46,055 WARNING src.options_filter: UNKNOWN: options data unavailable from all sources
2026-07-09 16:18:46,180 ERROR yfinance: $UNKNOWN: possibly delisted; no price data found  (period=1mo) (Yahoo error = "No data found, symbol may be delisted")
2026-07-09 16:18:50,468 WARNING src.options_filter: UNKNOWN: options data unavailable from all sources
2026-07-09 16:18:50,469 INFO run_daily: Passed options gate: 60 events
2026-07-09 16:18:50,469 INFO run_daily: Step 7: enriching 60 events
2026-07-09 16:19:18,658 INFO run_daily: Step 8: dedup
2026-07-09 16:19:18,659 INFO run_daily: Step 9: ranking
2026-07-09 16:19:18,659 INFO run_daily: Step 10: writing digest
2026-07-09 16:19:18,696 INFO src.digest_writer: digest written: output/market_radar_2026-07-09.html
2026-07-09 16:19:18,696 INFO run_daily: === Done: output/market_radar_2026-07-09.html ===
