2026-07-01 16:33:16,230 INFO run_daily: === Market Event Radar starting — 2026-07-01 ===
2026-07-01 16:33:16,232 INFO run_daily: Step 1: fetching earnings calendar
2026-07-01 16:33:27,896 INFO src.event_fetcher: nasdaq earnings: 87 entries across 7 days
2026-07-01 16:33:29,493 INFO src.event_fetcher: finnhub earnings: 60 entries
2026-07-01 16:33:29,494 INFO src.event_fetcher: merged earnings universe: 134 unique tickers
2026-07-01 16:33:29,494 INFO run_daily: Step 2: fetching 8-K filings
2026-07-01 16:33:31,411 INFO src.event_fetcher: edgar 8-K filings: 100
2026-07-01 16:33:31,655 INFO run_daily: Step 3: building universe
2026-07-01 16:33:31,655 INFO src.universe: universe: 35 tickers (10 watchlist, 25 discovered)
2026-07-01 16:33:31,655 INFO run_daily: Universe: 35 tickers
2026-07-01 16:33:31,656 INFO run_daily: Step 4: yfinance cross-check for 35 tickers
2026-07-01 16:33:44,141 INFO run_daily: Step 5: building earnings events
2026-07-01 16:33:44,142 INFO src.source_merger: earnings events built: 134
2026-07-01 16:33:44,142 INFO run_daily: Step 5b: building 8-K events
2026-07-01 16:33:44,144 INFO run_daily: Step 6: options filter (234 candidates)
2026-07-01 16:33:44,244 ERROR yfinance: $ACZT: possibly delisted; no price data found  (period=1mo)
2026-07-01 16:33:48,574 WARNING src.options_filter: ACZT: options data unavailable from all sources
2026-07-01 16:33:52,178 WARNING src.options_filter: AIHS: options data unavailable from all sources
2026-07-01 16:33:55,832 WARNING src.options_filter: ARTW: options data unavailable from all sources
2026-07-01 16:33:59,494 WARNING src.options_filter: BKSC: options data unavailable from all sources
2026-07-01 16:34:03,114 WARNING src.options_filter: DVTC: options data unavailable from all sources
2026-07-01 16:34:03,430 ERROR yfinance: HTTP Error 404: {"quoteSummary":{"result":null,"error":{"code":"Not Found","description":"Quote not found for symbol: ETWO"}}}
2026-07-01 16:34:03,705 ERROR yfinance: $ETWO: possibly delisted; no price data found  (period=1mo) (Yahoo error = "No data found, symbol may be delisted")
2026-07-01 16:34:07,844 WARNING src.options_filter: ETWO: options data unavailable from all sources
2026-07-01 16:34:11,449 WARNING src.options_filter: RBTK: options data unavailable from all sources
2026-07-01 16:34:11,892 ERROR yfinance: $AIDG: possibly delisted; no price data found  (period=1mo) (Yahoo error = "No data found, symbol may be delisted")
2026-07-01 16:34:15,994 WARNING src.options_filter: AIDG: options data unavailable from all sources
2026-07-01 16:34:19,662 WARNING src.options_filter: CEV: options data unavailable from all sources
2026-07-01 16:34:23,269 WARNING src.options_filter: CHBH: options data unavailable from all sources
2026-07-01 16:34:26,869 WARNING src.options_filter: CHSCP: options data unavailable from all sources
2026-07-01 16:34:30,476 WARNING src.options_filter: FPF: options data unavailable from all sources
2026-07-01 16:34:34,074 WARNING src.options_filter: KRUS: options data unavailable from all sources
2026-07-01 16:34:34,420 ERROR yfinance: $MHI: possibly delisted; no price data found  (period=1mo) (Yahoo error = "No data found, symbol may be delisted")
2026-07-01 16:34:38,517 WARNING src.options_filter: MHI: options data unavailable from all sources
2026-07-01 16:34:42,121 WARNING src.options_filter: ACP: options data unavailable from all sources
2026-07-01 16:34:45,759 WARNING src.options_filter: AOD: options data unavailable from all sources
2026-07-01 16:34:49,362 WARNING src.options_filter: ASII: options data unavailable from all sources
2026-07-01 16:34:52,967 WARNING src.options_filter: CET: options data unavailable from all sources
2026-07-01 16:34:56,567 WARNING src.options_filter: CYBL: options data unavailable from all sources
2026-07-01 16:35:00,167 WARNING src.options_filter: FAX: options data unavailable from all sources
2026-07-01 16:35:00,404 ERROR yfinance: $FCO: possibly delisted; no price data found  (period=1mo)
2026-07-01 16:35:04,511 WARNING src.options_filter: FCO: options data unavailable from all sources
2026-07-01 16:35:08,115 WARNING src.options_filter: HBSI: options data unavailable from all sources
2026-07-01 16:35:11,719 WARNING src.options_filter: HIX: options data unavailable from all sources
2026-07-01 16:35:15,352 WARNING src.options_filter: IAF: options data unavailable from all sources
2026-07-01 16:35:18,948 WARNING src.options_filter: NAD: options data unavailable from all sources
2026-07-01 16:35:22,556 WARNING src.options_filter: NEA: options data unavailable from all sources
2026-07-01 16:35:26,160 WARNING src.options_filter: NMZ: options data unavailable from all sources
2026-07-01 16:35:29,771 WARNING src.options_filter: NUV: options data unavailable from all sources
2026-07-01 16:35:33,379 WARNING src.options_filter: NVG: options data unavailable from all sources
2026-07-01 16:35:36,980 WARNING src.options_filter: RDZN: options data unavailable from all sources
2026-07-01 16:35:40,582 WARNING src.options_filter: SANW: options data unavailable from all sources
2026-07-01 16:35:44,291 WARNING src.options_filter: SBSAA: options data unavailable from all sources
2026-07-01 16:35:47,900 WARNING src.options_filter: BABB: options data unavailable from all sources
2026-07-01 16:35:51,789 WARNING src.options_filter: EACO: options data unavailable from all sources
2026-07-01 16:35:55,403 WARNING src.options_filter: ELLO: options data unavailable from all sources
2026-07-01 16:35:59,030 WARNING src.options_filter: HGYN: options data unavailable from all sources
2026-07-01 16:36:02,628 WARNING src.options_filter: HIRU: options data unavailable from all sources
2026-07-01 16:36:06,275 WARNING src.options_filter: JHI: options data unavailable from all sources
2026-07-01 16:36:09,872 WARNING src.options_filter: NZF: options data unavailable from all sources
2026-07-01 16:36:13,475 WARNING src.options_filter: PDT: options data unavailable from all sources
2026-07-01 16:36:17,082 WARNING src.options_filter: LOT: options data unavailable from all sources
2026-07-01 16:36:20,686 WARNING src.options_filter: VIOT: options data unavailable from all sources
2026-07-01 16:36:24,295 WARNING src.options_filter: MLGO: options data unavailable from all sources
2026-07-01 16:36:27,907 WARNING src.options_filter: NSRX: options data unavailable from all sources
2026-07-01 16:36:31,523 WARNING src.options_filter: PLRZ: options data unavailable from all sources
2026-07-01 16:36:35,125 WARNING src.options_filter: SEGG: options data unavailable from all sources
2026-07-01 16:36:38,847 WARNING src.options_filter: DTSS: options data unavailable from all sources
2026-07-01 16:36:42,481 WARNING src.options_filter: TOPS: options data unavailable from all sources
2026-07-01 16:36:46,081 WARNING src.options_filter: NEXR: options data unavailable from all sources
2026-07-01 16:36:49,688 WARNING src.options_filter: VRAX: options data unavailable from all sources
2026-07-01 16:36:53,320 WARNING src.options_filter: LRHC: options data unavailable from all sources
2026-07-01 16:36:56,926 WARNING src.options_filter: BNRG: options data unavailable from all sources
2026-07-01 16:37:00,538 WARNING src.options_filter: BTTC: options data unavailable from all sources
2026-07-01 16:37:04,151 WARNING src.options_filter: TLX: options data unavailable from all sources
2026-07-01 16:37:07,755 WARNING src.options_filter: MTC: options data unavailable from all sources
2026-07-01 16:37:11,357 WARNING src.options_filter: NAMM: options data unavailable from all sources
2026-07-01 16:37:14,954 WARNING src.options_filter: ICG: options data unavailable from all sources
2026-07-01 16:37:18,565 WARNING src.options_filter: QTEX: options data unavailable from all sources
2026-07-01 16:37:22,164 WARNING src.options_filter: BGDE: options data unavailable from all sources
2026-07-01 16:37:25,842 WARNING src.options_filter: CCG: options data unavailable from all sources
2026-07-01 16:37:29,445 WARNING src.options_filter: CRMT: options data unavailable from all sources
2026-07-01 16:37:33,054 WARNING src.options_filter: EONR: options data unavailable from all sources
2026-07-01 16:37:36,661 WARNING src.options_filter: BMR: options data unavailable from all sources
2026-07-01 16:37:40,265 WARNING src.options_filter: SVRN: options data unavailable from all sources
2026-07-01 16:37:43,877 WARNING src.options_filter: PRZO: options data unavailable from all sources
2026-07-01 16:37:47,517 WARNING src.options_filter: IFBD: options data unavailable from all sources
2026-07-01 16:37:51,183 WARNING src.options_filter: GLMD: options data unavailable from all sources
2026-07-01 16:37:54,806 WARNING src.options_filter: PRFX: options data unavailable from all sources
2026-07-01 16:37:58,414 WARNING src.options_filter: WLDSW: options data unavailable from all sources
2026-07-01 16:38:02,016 WARNING src.options_filter: VIVS: options data unavailable from all sources
2026-07-01 16:38:05,621 WARNING src.options_filter: CDT: options data unavailable from all sources
2026-07-01 16:38:09,261 WARNING src.options_filter: BDRX: options data unavailable from all sources
2026-07-01 16:38:12,867 WARNING src.options_filter: GDEV: options data unavailable from all sources
2026-07-01 16:38:16,512 WARNING src.options_filter: WALD: options data unavailable from all sources
2026-07-01 16:38:20,132 WARNING src.options_filter: BHM: options data unavailable from all sources
2026-07-01 16:38:23,748 WARNING src.options_filter: AUC: options data unavailable from all sources
2026-07-01 16:38:27,365 WARNING src.options_filter: SFWL: options data unavailable from all sources
2026-07-01 16:38:30,975 WARNING src.options_filter: ZOOZ: options data unavailable from all sources
2026-07-01 16:38:34,584 WARNING src.options_filter: AACG: options data unavailable from all sources
2026-07-01 16:38:38,184 WARNING src.options_filter: HOLO: options data unavailable from all sources
2026-07-01 16:38:41,798 WARNING src.options_filter: HUIZ: options data unavailable from all sources
2026-07-01 16:38:45,432 WARNING src.options_filter: SFHG: options data unavailable from all sources
2026-07-01 16:38:49,025 WARNING src.options_filter: APM: options data unavailable from all sources
2026-07-01 16:38:52,634 WARNING src.options_filter: OLOX: options data unavailable from all sources
2026-07-01 16:38:56,238 WARNING src.options_filter: CHR: options data unavailable from all sources
2026-07-01 16:38:59,890 WARNING src.options_filter: RUBI: options data unavailable from all sources
2026-07-01 16:39:03,501 WARNING src.options_filter: FRGT: options data unavailable from all sources
2026-07-01 16:39:07,101 WARNING src.options_filter: ZCMD: options data unavailable from all sources
2026-07-01 16:39:10,742 WARNING src.options_filter: INLF: options data unavailable from all sources
2026-07-01 16:39:14,355 WARNING src.options_filter: GNS: options data unavailable from all sources
2026-07-01 16:39:17,958 WARNING src.options_filter: RYOJ: options data unavailable from all sources
2026-07-01 16:39:21,562 WARNING src.options_filter: VSTD: options data unavailable from all sources
2026-07-01 16:39:25,167 WARNING src.options_filter: IMTE: options data unavailable from all sources
2026-07-01 16:39:28,783 WARNING src.options_filter: NNNN: options data unavailable from all sources
2026-07-01 16:39:32,386 WARNING src.options_filter: KXIN: options data unavailable from all sources
2026-07-01 16:39:35,987 WARNING src.options_filter: HIHO: options data unavailable from all sources
2026-07-01 16:39:36,281 ERROR yfinance: $UNKNOWN: possibly delisted; no price data found  (period=1mo) (Yahoo error = "No data found, symbol may be delisted")
2026-07-01 16:39:40,384 WARNING src.options_filter: UNKNOWN: options data unavailable from all sources
2026-07-01 16:39:40,584 ERROR yfinance: $UNKNOWN: possibly delisted; no price data found  (period=1mo) (Yahoo error = "No data found, symbol may be delisted")
2026-07-01 16:39:44,689 WARNING src.options_filter: UNKNOWN: options data unavailable from all sources
2026-07-01 16:39:44,818 ERROR yfinance: $UNKNOWN: possibly delisted; no price data found  (period=1mo) (Yahoo error = "No data found, symbol may be delisted")
2026-07-01 16:39:48,931 WARNING src.options_filter: UNKNOWN: options data unavailable from all sources
2026-07-01 16:39:49,113 ERROR yfinance: $UNKNOWN: possibly delisted; no price data found  (period=1mo) (Yahoo error = "No data found, symbol may be delisted")
2026-07-01 16:39:53,217 WARNING src.options_filter: UNKNOWN: options data unavailable from all sources
2026-07-01 16:39:57,077 WARNING src.options_filter: AIRTP: options data unavailable from all sources
2026-07-01 16:39:57,200 ERROR yfinance: $UNKNOWN: possibly delisted; no price data found  (period=1mo) (Yahoo error = "No data found, symbol may be delisted")
2026-07-01 16:40:01,309 WARNING src.options_filter: UNKNOWN: options data unavailable from all sources
2026-07-01 16:40:01,437 ERROR yfinance: $UNKNOWN: possibly delisted; no price data found  (period=1mo) (Yahoo error = "No data found, symbol may be delisted")
2026-07-01 16:40:05,570 WARNING src.options_filter: UNKNOWN: options data unavailable from all sources
2026-07-01 16:40:05,718 ERROR yfinance: $UNKNOWN: possibly delisted; no price data found  (period=1mo) (Yahoo error = "No data found, symbol may be delisted")
2026-07-01 16:40:09,829 WARNING src.options_filter: UNKNOWN: options data unavailable from all sources
2026-07-01 16:40:09,993 ERROR yfinance: $UNKNOWN: possibly delisted; no price data found  (period=1mo) (Yahoo error = "No data found, symbol may be delisted")
2026-07-01 16:40:14,178 WARNING src.options_filter: UNKNOWN: options data unavailable from all sources
2026-07-01 16:40:14,309 ERROR yfinance: $UNKNOWN: possibly delisted; no price data found  (period=1mo) (Yahoo error = "No data found, symbol may be delisted")
2026-07-01 16:40:18,419 WARNING src.options_filter: UNKNOWN: options data unavailable from all sources
2026-07-01 16:40:18,557 ERROR yfinance: $UNKNOWN: possibly delisted; no price data found  (period=1mo) (Yahoo error = "No data found, symbol may be delisted")
2026-07-01 16:40:22,670 WARNING src.options_filter: UNKNOWN: options data unavailable from all sources
2026-07-01 16:40:22,802 ERROR yfinance: $UNKNOWN: possibly delisted; no price data found  (period=1mo) (Yahoo error = "No data found, symbol may be delisted")
2026-07-01 16:40:26,922 WARNING src.options_filter: UNKNOWN: options data unavailable from all sources
2026-07-01 16:40:27,056 ERROR yfinance: $UNKNOWN: possibly delisted; no price data found  (period=1mo) (Yahoo error = "No data found, symbol may be delisted")
2026-07-01 16:40:31,199 WARNING src.options_filter: UNKNOWN: options data unavailable from all sources
2026-07-01 16:40:31,320 ERROR yfinance: $UNKNOWN: possibly delisted; no price data found  (period=1mo) (Yahoo error = "No data found, symbol may be delisted")
2026-07-01 16:40:35,436 WARNING src.options_filter: UNKNOWN: options data unavailable from all sources
2026-07-01 16:40:35,596 ERROR yfinance: $UNKNOWN: possibly delisted; no price data found  (period=1mo) (Yahoo error = "No data found, symbol may be delisted")
2026-07-01 16:40:39,707 WARNING src.options_filter: UNKNOWN: options data unavailable from all sources
2026-07-01 16:40:39,863 ERROR yfinance: $UNKNOWN: possibly delisted; no price data found  (period=1mo) (Yahoo error = "No data found, symbol may be delisted")
2026-07-01 16:40:43,997 WARNING src.options_filter: UNKNOWN: options data unavailable from all sources
2026-07-01 16:40:47,773 WARNING src.options_filter: MSIF: options data unavailable from all sources
2026-07-01 16:40:47,923 ERROR yfinance: $UNKNOWN: possibly delisted; no price data found  (period=1mo) (Yahoo error = "No data found, symbol may be delisted")
2026-07-01 16:40:52,040 WARNING src.options_filter: UNKNOWN: options data unavailable from all sources
2026-07-01 16:40:52,191 ERROR yfinance: $UNKNOWN: possibly delisted; no price data found  (period=1mo) (Yahoo error = "No data found, symbol may be delisted")
2026-07-01 16:40:56,296 WARNING src.options_filter: UNKNOWN: options data unavailable from all sources
2026-07-01 16:40:56,484 ERROR yfinance: $UNKNOWN: possibly delisted; no price data found  (period=1mo) (Yahoo error = "No data found, symbol may be delisted")
2026-07-01 16:41:00,592 WARNING src.options_filter: UNKNOWN: options data unavailable from all sources
2026-07-01 16:41:00,720 ERROR yfinance: $UNKNOWN: possibly delisted; no price data found  (period=1mo) (Yahoo error = "No data found, symbol may be delisted")
2026-07-01 16:41:04,865 WARNING src.options_filter: UNKNOWN: options data unavailable from all sources
2026-07-01 16:41:04,998 ERROR yfinance: $UNKNOWN: possibly delisted; no price data found  (period=1mo) (Yahoo error = "No data found, symbol may be delisted")
2026-07-01 16:41:09,108 WARNING src.options_filter: UNKNOWN: options data unavailable from all sources
2026-07-01 16:41:09,263 ERROR yfinance: $UNKNOWN: possibly delisted; no price data found  (period=1mo) (Yahoo error = "No data found, symbol may be delisted")
2026-07-01 16:41:13,367 WARNING src.options_filter: UNKNOWN: options data unavailable from all sources
2026-07-01 16:41:13,492 ERROR yfinance: $UNKNOWN: possibly delisted; no price data found  (period=1mo) (Yahoo error = "No data found, symbol may be delisted")
2026-07-01 16:41:17,609 WARNING src.options_filter: UNKNOWN: options data unavailable from all sources
2026-07-01 16:41:17,820 ERROR yfinance: $UNKNOWN: possibly delisted; no price data found  (period=1mo) (Yahoo error = "No data found, symbol may be delisted")
2026-07-01 16:41:21,926 WARNING src.options_filter: UNKNOWN: options data unavailable from all sources
2026-07-01 16:41:22,093 ERROR yfinance: $UNKNOWN: possibly delisted; no price data found  (period=1mo) (Yahoo error = "No data found, symbol may be delisted")
2026-07-01 16:41:26,208 WARNING src.options_filter: UNKNOWN: options data unavailable from all sources
2026-07-01 16:41:29,826 WARNING src.options_filter: ACHR-WT: options data unavailable from all sources
2026-07-01 16:41:29,944 ERROR yfinance: $UNKNOWN: possibly delisted; no price data found  (period=1mo) (Yahoo error = "No data found, symbol may be delisted")
2026-07-01 16:41:34,070 WARNING src.options_filter: UNKNOWN: options data unavailable from all sources
2026-07-01 16:41:38,367 WARNING src.options_filter: SQLLW: options data unavailable from all sources
2026-07-01 16:41:38,487 ERROR yfinance: $UNKNOWN: possibly delisted; no price data found  (period=1mo) (Yahoo error = "No data found, symbol may be delisted")
2026-07-01 16:41:42,594 WARNING src.options_filter: UNKNOWN: options data unavailable from all sources
2026-07-01 16:41:42,714 ERROR yfinance: $UNKNOWN: possibly delisted; no price data found  (period=1mo) (Yahoo error = "No data found, symbol may be delisted")
2026-07-01 16:41:46,830 WARNING src.options_filter: UNKNOWN: options data unavailable from all sources
2026-07-01 16:41:50,349 ERROR yfinance: $UNKNOWN: possibly delisted; no price data found  (period=1mo) (Yahoo error = "No data found, symbol may be delisted")
2026-07-01 16:41:54,526 WARNING src.options_filter: UNKNOWN: options data unavailable from all sources
2026-07-01 16:41:54,647 ERROR yfinance: $UNKNOWN: possibly delisted; no price data found  (period=1mo) (Yahoo error = "No data found, symbol may be delisted")
2026-07-01 16:41:58,796 WARNING src.options_filter: UNKNOWN: options data unavailable from all sources
2026-07-01 16:41:58,920 ERROR yfinance: $UNKNOWN: possibly delisted; no price data found  (period=1mo) (Yahoo error = "No data found, symbol may be delisted")
2026-07-01 16:42:03,030 WARNING src.options_filter: UNKNOWN: options data unavailable from all sources
2026-07-01 16:42:03,204 ERROR yfinance: $UNKNOWN: possibly delisted; no price data found  (period=1mo) (Yahoo error = "No data found, symbol may be delisted")
2026-07-01 16:42:07,307 WARNING src.options_filter: UNKNOWN: options data unavailable from all sources
2026-07-01 16:42:07,488 ERROR yfinance: $UNKNOWN: possibly delisted; no price data found  (period=1mo) (Yahoo error = "No data found, symbol may be delisted")
2026-07-01 16:42:11,596 WARNING src.options_filter: UNKNOWN: options data unavailable from all sources
2026-07-01 16:42:11,714 ERROR yfinance: $UNKNOWN: possibly delisted; no price data found  (period=1mo) (Yahoo error = "No data found, symbol may be delisted")
2026-07-01 16:42:15,822 WARNING src.options_filter: UNKNOWN: options data unavailable from all sources
2026-07-01 16:42:15,980 ERROR yfinance: $UNKNOWN: possibly delisted; no price data found  (period=1mo) (Yahoo error = "No data found, symbol may be delisted")
2026-07-01 16:42:20,242 WARNING src.options_filter: UNKNOWN: options data unavailable from all sources
2026-07-01 16:42:20,366 ERROR yfinance: $UNKNOWN: possibly delisted; no price data found  (period=1mo) (Yahoo error = "No data found, symbol may be delisted")
2026-07-01 16:42:24,466 WARNING src.options_filter: UNKNOWN: options data unavailable from all sources
2026-07-01 16:42:24,593 ERROR yfinance: $UNKNOWN: possibly delisted; no price data found  (period=1mo) (Yahoo error = "No data found, symbol may be delisted")
2026-07-01 16:42:28,714 WARNING src.options_filter: UNKNOWN: options data unavailable from all sources
2026-07-01 16:42:28,902 ERROR yfinance: $UNKNOWN: possibly delisted; no price data found  (period=1mo) (Yahoo error = "No data found, symbol may be delisted")
2026-07-01 16:42:33,022 WARNING src.options_filter: UNKNOWN: options data unavailable from all sources
2026-07-01 16:42:33,145 ERROR yfinance: $UNKNOWN: possibly delisted; no price data found  (period=1mo) (Yahoo error = "No data found, symbol may be delisted")
2026-07-01 16:42:37,260 WARNING src.options_filter: UNKNOWN: options data unavailable from all sources
2026-07-01 16:42:37,423 ERROR yfinance: $UNKNOWN: possibly delisted; no price data found  (period=1mo) (Yahoo error = "No data found, symbol may be delisted")
2026-07-01 16:42:41,541 WARNING src.options_filter: UNKNOWN: options data unavailable from all sources
2026-07-01 16:42:41,714 ERROR yfinance: $UNKNOWN: possibly delisted; no price data found  (period=1mo) (Yahoo error = "No data found, symbol may be delisted")
2026-07-01 16:42:45,821 WARNING src.options_filter: UNKNOWN: options data unavailable from all sources
2026-07-01 16:42:45,970 ERROR yfinance: $UNKNOWN: possibly delisted; no price data found  (period=1mo) (Yahoo error = "No data found, symbol may be delisted")
2026-07-01 16:42:50,077 WARNING src.options_filter: UNKNOWN: options data unavailable from all sources
2026-07-01 16:42:50,219 ERROR yfinance: $UNKNOWN: possibly delisted; no price data found  (period=1mo) (Yahoo error = "No data found, symbol may be delisted")
2026-07-01 16:42:54,330 WARNING src.options_filter: UNKNOWN: options data unavailable from all sources
2026-07-01 16:42:54,518 ERROR yfinance: $UNKNOWN: possibly delisted; no price data found  (period=1mo) (Yahoo error = "No data found, symbol may be delisted")
2026-07-01 16:42:58,746 WARNING src.options_filter: UNKNOWN: options data unavailable from all sources
2026-07-01 16:42:58,879 ERROR yfinance: $UNKNOWN: possibly delisted; no price data found  (period=1mo) (Yahoo error = "No data found, symbol may be delisted")
2026-07-01 16:43:02,997 WARNING src.options_filter: UNKNOWN: options data unavailable from all sources
2026-07-01 16:43:03,140 ERROR yfinance: $UNKNOWN: possibly delisted; no price data found  (period=1mo) (Yahoo error = "No data found, symbol may be delisted")
2026-07-01 16:43:07,284 WARNING src.options_filter: UNKNOWN: options data unavailable from all sources
2026-07-01 16:43:07,452 ERROR yfinance: $UNKNOWN: possibly delisted; no price data found  (period=1mo) (Yahoo error = "No data found, symbol may be delisted")
2026-07-01 16:43:11,551 WARNING src.options_filter: UNKNOWN: options data unavailable from all sources
2026-07-01 16:43:11,690 ERROR yfinance: $UNKNOWN: possibly delisted; no price data found  (period=1mo) (Yahoo error = "No data found, symbol may be delisted")
2026-07-01 16:43:15,797 WARNING src.options_filter: UNKNOWN: options data unavailable from all sources
2026-07-01 16:43:15,946 ERROR yfinance: $UNKNOWN: possibly delisted; no price data found  (period=1mo) (Yahoo error = "No data found, symbol may be delisted")
2026-07-01 16:43:20,048 WARNING src.options_filter: UNKNOWN: options data unavailable from all sources
2026-07-01 16:43:20,209 ERROR yfinance: $UNKNOWN: possibly delisted; no price data found  (period=1mo) (Yahoo error = "No data found, symbol may be delisted")
2026-07-01 16:43:24,328 WARNING src.options_filter: UNKNOWN: options data unavailable from all sources
2026-07-01 16:43:24,456 ERROR yfinance: $UNKNOWN: possibly delisted; no price data found  (period=1mo) (Yahoo error = "No data found, symbol may be delisted")
2026-07-01 16:43:28,578 WARNING src.options_filter: UNKNOWN: options data unavailable from all sources
2026-07-01 16:43:28,745 ERROR yfinance: $UNKNOWN: possibly delisted; no price data found  (period=1mo) (Yahoo error = "No data found, symbol may be delisted")
2026-07-01 16:43:32,844 WARNING src.options_filter: UNKNOWN: options data unavailable from all sources
2026-07-01 16:43:32,996 ERROR yfinance: $UNKNOWN: possibly delisted; no price data found  (period=1mo) (Yahoo error = "No data found, symbol may be delisted")
2026-07-01 16:43:37,097 WARNING src.options_filter: UNKNOWN: options data unavailable from all sources
2026-07-01 16:43:37,249 ERROR yfinance: $UNKNOWN: possibly delisted; no price data found  (period=1mo) (Yahoo error = "No data found, symbol may be delisted")
2026-07-01 16:43:41,367 WARNING src.options_filter: UNKNOWN: options data unavailable from all sources
2026-07-01 16:43:41,486 ERROR yfinance: $UNKNOWN: possibly delisted; no price data found  (period=1mo) (Yahoo error = "No data found, symbol may be delisted")
2026-07-01 16:43:45,583 WARNING src.options_filter: UNKNOWN: options data unavailable from all sources
2026-07-01 16:43:45,794 ERROR yfinance: $UNKNOWN: possibly delisted; no price data found  (period=1mo) (Yahoo error = "No data found, symbol may be delisted")
2026-07-01 16:43:50,054 WARNING src.options_filter: UNKNOWN: options data unavailable from all sources
2026-07-01 16:43:50,175 ERROR yfinance: $UNKNOWN: possibly delisted; no price data found  (period=1mo) (Yahoo error = "No data found, symbol may be delisted")
2026-07-01 16:43:54,348 WARNING src.options_filter: UNKNOWN: options data unavailable from all sources
2026-07-01 16:43:54,697 ERROR yfinance: $UNKNOWN: possibly delisted; no price data found  (period=1mo) (Yahoo error = "No data found, symbol may be delisted")
2026-07-01 16:43:58,836 WARNING src.options_filter: UNKNOWN: options data unavailable from all sources
2026-07-01 16:43:58,963 ERROR yfinance: $UNKNOWN: possibly delisted; no price data found  (period=1mo) (Yahoo error = "No data found, symbol may be delisted")
2026-07-01 16:44:03,137 WARNING src.options_filter: UNKNOWN: options data unavailable from all sources
2026-07-01 16:44:03,488 ERROR yfinance: $UNKNOWN: possibly delisted; no price data found  (period=1mo) (Yahoo error = "No data found, symbol may be delisted")
2026-07-01 16:44:07,601 WARNING src.options_filter: UNKNOWN: options data unavailable from all sources
2026-07-01 16:44:07,740 ERROR yfinance: $UNKNOWN: possibly delisted; no price data found  (period=1mo) (Yahoo error = "No data found, symbol may be delisted")
2026-07-01 16:44:11,876 WARNING src.options_filter: UNKNOWN: options data unavailable from all sources
2026-07-01 16:44:12,013 ERROR yfinance: $UNKNOWN: possibly delisted; no price data found  (period=1mo) (Yahoo error = "No data found, symbol may be delisted")
2026-07-01 16:44:16,113 WARNING src.options_filter: UNKNOWN: options data unavailable from all sources
2026-07-01 16:44:18,907 ERROR yfinance: $UNKNOWN: possibly delisted; no price data found  (period=1mo) (Yahoo error = "No data found, symbol may be delisted")
2026-07-01 16:44:23,007 WARNING src.options_filter: UNKNOWN: options data unavailable from all sources
2026-07-01 16:44:23,201 ERROR yfinance: $UNKNOWN: possibly delisted; no price data found  (period=1mo) (Yahoo error = "No data found, symbol may be delisted")
2026-07-01 16:44:27,301 WARNING src.options_filter: UNKNOWN: options data unavailable from all sources
2026-07-01 16:44:27,521 ERROR yfinance: $UNKNOWN: possibly delisted; no price data found  (period=1mo) (Yahoo error = "No data found, symbol may be delisted")
2026-07-01 16:44:31,628 WARNING src.options_filter: UNKNOWN: options data unavailable from all sources
2026-07-01 16:44:31,808 ERROR yfinance: $UNKNOWN: possibly delisted; no price data found  (period=1mo) (Yahoo error = "No data found, symbol may be delisted")
2026-07-01 16:44:35,948 WARNING src.options_filter: UNKNOWN: options data unavailable from all sources
2026-07-01 16:44:41,285 ERROR yfinance: $UNKNOWN: possibly delisted; no price data found  (period=1mo) (Yahoo error = "No data found, symbol may be delisted")
2026-07-01 16:44:45,389 WARNING src.options_filter: UNKNOWN: options data unavailable from all sources
2026-07-01 16:44:45,521 ERROR yfinance: $UNKNOWN: possibly delisted; no price data found  (period=1mo) (Yahoo error = "No data found, symbol may be delisted")
2026-07-01 16:44:49,694 WARNING src.options_filter: UNKNOWN: options data unavailable from all sources
2026-07-01 16:44:49,826 ERROR yfinance: $UNKNOWN: possibly delisted; no price data found  (period=1mo) (Yahoo error = "No data found, symbol may be delisted")
2026-07-01 16:44:53,965 WARNING src.options_filter: UNKNOWN: options data unavailable from all sources
2026-07-01 16:44:54,121 ERROR yfinance: $UNKNOWN: possibly delisted; no price data found  (period=1mo) (Yahoo error = "No data found, symbol may be delisted")
2026-07-01 16:44:58,230 WARNING src.options_filter: UNKNOWN: options data unavailable from all sources
2026-07-01 16:44:58,401 ERROR yfinance: $UNKNOWN: possibly delisted; no price data found  (period=1mo) (Yahoo error = "No data found, symbol may be delisted")
2026-07-01 16:45:02,512 WARNING src.options_filter: UNKNOWN: options data unavailable from all sources
2026-07-01 16:45:02,708 ERROR yfinance: $UNKNOWN: possibly delisted; no price data found  (period=1mo) (Yahoo error = "No data found, symbol may be delisted")
2026-07-01 16:45:06,835 WARNING src.options_filter: UNKNOWN: options data unavailable from all sources
2026-07-01 16:45:06,960 ERROR yfinance: $UNKNOWN: possibly delisted; no price data found  (period=1mo) (Yahoo error = "No data found, symbol may be delisted")
2026-07-01 16:45:11,089 WARNING src.options_filter: UNKNOWN: options data unavailable from all sources
2026-07-01 16:45:11,220 ERROR yfinance: $UNKNOWN: possibly delisted; no price data found  (period=1mo) (Yahoo error = "No data found, symbol may be delisted")
2026-07-01 16:45:15,331 WARNING src.options_filter: UNKNOWN: options data unavailable from all sources
2026-07-01 16:45:15,489 ERROR yfinance: $UNKNOWN: possibly delisted; no price data found  (period=1mo) (Yahoo error = "No data found, symbol may be delisted")
2026-07-01 16:45:19,586 WARNING src.options_filter: UNKNOWN: options data unavailable from all sources
2026-07-01 16:45:19,762 ERROR yfinance: $UNKNOWN: possibly delisted; no price data found  (period=1mo) (Yahoo error = "No data found, symbol may be delisted")
2026-07-01 16:45:23,861 WARNING src.options_filter: UNKNOWN: options data unavailable from all sources
2026-07-01 16:45:24,051 ERROR yfinance: $UNKNOWN: possibly delisted; no price data found  (period=1mo) (Yahoo error = "No data found, symbol may be delisted")
2026-07-01 16:45:28,154 WARNING src.options_filter: UNKNOWN: options data unavailable from all sources
2026-07-01 16:45:28,311 ERROR yfinance: $UNKNOWN: possibly delisted; no price data found  (period=1mo) (Yahoo error = "No data found, symbol may be delisted")
2026-07-01 16:45:32,412 WARNING src.options_filter: UNKNOWN: options data unavailable from all sources
2026-07-01 16:45:32,570 ERROR yfinance: $UNKNOWN: possibly delisted; no price data found  (period=1mo) (Yahoo error = "No data found, symbol may be delisted")
2026-07-01 16:45:36,666 WARNING src.options_filter: UNKNOWN: options data unavailable from all sources
2026-07-01 16:45:40,305 WARNING src.options_filter: BHR-PD: options data unavailable from all sources
2026-07-01 16:45:43,913 WARNING src.options_filter: BZFDW: options data unavailable from all sources
2026-07-01 16:45:47,943 WARNING src.options_filter: SYF-PB: options data unavailable from all sources
2026-07-01 16:45:48,060 ERROR yfinance: $UNKNOWN: possibly delisted; no price data found  (period=1mo) (Yahoo error = "No data found, symbol may be delisted")
2026-07-01 16:45:52,173 WARNING src.options_filter: UNKNOWN: options data unavailable from all sources
2026-07-01 16:45:52,297 ERROR yfinance: $UNKNOWN: possibly delisted; no price data found  (period=1mo) (Yahoo error = "No data found, symbol may be delisted")
2026-07-01 16:45:56,428 WARNING src.options_filter: UNKNOWN: options data unavailable from all sources
2026-07-01 16:45:56,637 ERROR yfinance: $UNKNOWN: possibly delisted; no price data found  (period=1mo) (Yahoo error = "No data found, symbol may be delisted")
2026-07-01 16:46:00,742 WARNING src.options_filter: UNKNOWN: options data unavailable from all sources
2026-07-01 16:46:00,742 INFO run_daily: Passed options gate: 14 events
2026-07-01 16:46:00,742 INFO run_daily: Step 7: enriching 14 events
2026-07-01 16:46:05,921 INFO run_daily: Step 8: dedup
2026-07-01 16:46:05,922 INFO run_daily: Step 9: ranking
2026-07-01 16:46:05,922 INFO run_daily: Step 10: writing digest
2026-07-01 16:46:05,955 INFO src.digest_writer: digest written: output/market_radar_2026-07-01.html
2026-07-01 16:46:05,955 INFO run_daily: === Done: output/market_radar_2026-07-01.html ===
