2026-06-18 17:20:07,087 INFO run_daily: === Market Event Radar starting — 2026-06-18 ===
2026-06-18 17:20:07,089 INFO run_daily: Step 1: fetching earnings calendar
2026-06-18 17:20:20,886 INFO src.event_fetcher: nasdaq earnings: 106 entries across 7 days
2026-06-18 17:20:22,191 INFO src.event_fetcher: finnhub earnings: 99 entries
2026-06-18 17:20:22,191 INFO src.event_fetcher: merged earnings universe: 176 unique tickers
2026-06-18 17:20:22,191 INFO run_daily: Step 2: fetching 8-K filings
2026-06-18 17:20:24,289 INFO src.event_fetcher: edgar 8-K filings: 100
2026-06-18 17:20:24,592 INFO run_daily: Step 3: building universe
2026-06-18 17:20:24,593 INFO src.universe: universe: 35 tickers (10 watchlist, 25 discovered)
2026-06-18 17:20:24,593 INFO run_daily: Universe: 35 tickers
2026-06-18 17:20:24,593 INFO run_daily: Step 4: yfinance cross-check for 35 tickers
2026-06-18 17:20:39,614 INFO run_daily: Step 5: building earnings events
2026-06-18 17:20:39,615 INFO src.source_merger: earnings events built: 176
2026-06-18 17:20:39,615 INFO run_daily: Step 5b: building 8-K events
2026-06-18 17:20:39,617 INFO run_daily: Step 6: options filter (276 candidates)
2026-06-18 17:20:43,598 WARNING src.options_filter: AFB: options data unavailable from all sources
2026-06-18 17:20:47,486 WARNING src.options_filter: CCD: options data unavailable from all sources
2026-06-18 17:20:51,241 WARNING src.options_filter: CHW: options data unavailable from all sources
2026-06-18 17:20:55,029 WARNING src.options_filter: ETO: options data unavailable from all sources
2026-06-18 17:20:58,853 WARNING src.options_filter: EVT: options data unavailable from all sources
2026-06-18 17:21:02,616 WARNING src.options_filter: EXG: options data unavailable from all sources
2026-06-18 17:21:06,389 WARNING src.options_filter: MSN: options data unavailable from all sources
2026-06-18 17:21:10,285 WARNING src.options_filter: MXC: options data unavailable from all sources
2026-06-18 17:21:14,071 WARNING src.options_filter: NGTF: options data unavailable from all sources
2026-06-18 17:21:17,834 WARNING src.options_filter: PEVM: options data unavailable from all sources
2026-06-18 17:21:21,600 WARNING src.options_filter: PMO: options data unavailable from all sources
2026-06-18 17:21:25,364 WARNING src.options_filter: TTRX: options data unavailable from all sources
2026-06-18 17:21:29,181 WARNING src.options_filter: VTIX: options data unavailable from all sources
2026-06-18 17:21:32,948 WARNING src.options_filter: XCUR: options data unavailable from all sources
2026-06-18 17:21:36,739 WARNING src.options_filter: XITO: options data unavailable from all sources
2026-06-18 17:21:40,507 WARNING src.options_filter: BKHA: options data unavailable from all sources
2026-06-18 17:21:44,263 WARNING src.options_filter: IXAQF: options data unavailable from all sources
2026-06-18 17:21:44,699 ERROR yfinance: HTTP Error 404: {"quoteSummary":{"result":null,"error":{"code":"Not Found","description":"Quote not found for symbol: OAKU"}}}
2026-06-18 17:21:45,103 ERROR yfinance: $OAKU: possibly delisted; no price data found  (period=1mo) (Yahoo error = "No data found, symbol may be delisted")
2026-06-18 17:21:49,360 WARNING src.options_filter: OAKU: options data unavailable from all sources
2026-06-18 17:21:53,132 WARNING src.options_filter: PODC: options data unavailable from all sources
2026-06-18 17:21:56,903 WARNING src.options_filter: RYSMF: options data unavailable from all sources
2026-06-18 17:21:57,370 ERROR yfinance: HTTP Error 404: {"quoteSummary":{"result":null,"error":{"code":"Not Found","description":"Quote not found for symbol: WBA"}}}
2026-06-18 17:21:57,773 ERROR yfinance: $WBA: possibly delisted; no price data found  (period=1mo) (Yahoo error = "No data found, symbol may be delisted")
2026-06-18 17:22:02,028 WARNING src.options_filter: WBA: options data unavailable from all sources
2026-06-18 17:22:05,845 WARNING src.options_filter: ATXG: options data unavailable from all sources
2026-06-18 17:22:06,315 ERROR yfinance: $CLRC: possibly delisted; no price data found  (period=1mo) (Yahoo error = "No data found, symbol may be delisted")
2026-06-18 17:22:10,619 WARNING src.options_filter: CLRC: options data unavailable from all sources
2026-06-18 17:22:14,406 WARNING src.options_filter: KEQU: options data unavailable from all sources
2026-06-18 17:22:18,513 WARNING src.options_filter: LOT: options data unavailable from all sources
2026-06-18 17:22:22,300 WARNING src.options_filter: MFM: options data unavailable from all sources
2026-06-18 17:22:26,300 WARNING src.options_filter: MMT: options data unavailable from all sources
2026-06-18 17:22:26,812 ERROR yfinance: $SCS: possibly delisted; no price data found  (period=1mo) (Yahoo error = "No data found, symbol may be delisted")
2026-06-18 17:22:31,389 WARNING src.options_filter: SCS: options data unavailable from all sources
2026-06-18 17:22:35,170 WARNING src.options_filter: UCLE: options data unavailable from all sources
2026-06-18 17:22:38,944 WARNING src.options_filter: ZNB: options data unavailable from all sources
2026-06-18 17:22:42,708 WARNING src.options_filter: BSFC: options data unavailable from all sources
2026-06-18 17:22:46,465 WARNING src.options_filter: CARV: options data unavailable from all sources
2026-06-18 17:22:50,235 WARNING src.options_filter: CHI: options data unavailable from all sources
2026-06-18 17:22:54,195 WARNING src.options_filter: GELS: options data unavailable from all sources
2026-06-18 17:22:57,954 WARNING src.options_filter: GURE: options data unavailable from all sources
2026-06-18 17:23:01,726 WARNING src.options_filter: INTE: options data unavailable from all sources
2026-06-18 17:23:05,557 WARNING src.options_filter: MDRX: options data unavailable from all sources
2026-06-18 17:23:09,329 WARNING src.options_filter: MGIH: options data unavailable from all sources
2026-06-18 17:23:13,089 WARNING src.options_filter: MPU: options data unavailable from all sources
2026-06-18 17:23:16,922 WARNING src.options_filter: SEGG: options data unavailable from all sources
2026-06-18 17:23:20,691 WARNING src.options_filter: WINT: options data unavailable from all sources
2026-06-18 17:23:21,085 ERROR yfinance: $ADN: possibly delisted; no price data found  (period=1mo) (Yahoo error = "No data found, symbol may be delisted")
2026-06-18 17:23:25,346 WARNING src.options_filter: ADN: options data unavailable from all sources
2026-06-18 17:23:29,174 WARNING src.options_filter: AUSI: options data unavailable from all sources
2026-06-18 17:23:32,930 WARNING src.options_filter: BTOG: options data unavailable from all sources
2026-06-18 17:23:36,694 WARNING src.options_filter: KOAN: options data unavailable from all sources
2026-06-18 17:23:40,461 WARNING src.options_filter: SKKY: options data unavailable from all sources
2026-06-18 17:23:44,226 WARNING src.options_filter: XAIR: options data unavailable from all sources
2026-06-18 17:23:44,787 ERROR yfinance: $AIMAU: possibly delisted; no price data found  (period=1mo) (Yahoo error = "No data found, symbol may be delisted")
2026-06-18 17:23:49,074 WARNING src.options_filter: AIMAU: options data unavailable from all sources
2026-06-18 17:23:52,834 WARNING src.options_filter: CRCW: options data unavailable from all sources
2026-06-18 17:23:56,627 WARNING src.options_filter: CYAN: options data unavailable from all sources
2026-06-18 17:24:00,461 WARNING src.options_filter: DPG: options data unavailable from all sources
2026-06-18 17:24:04,267 WARNING src.options_filter: DTF: options data unavailable from all sources
2026-06-18 17:24:08,039 WARNING src.options_filter: IHT: options data unavailable from all sources
2026-06-18 17:24:11,805 WARNING src.options_filter: MODD: options data unavailable from all sources
2026-06-18 17:24:15,563 WARNING src.options_filter: RTON: options data unavailable from all sources
2026-06-18 17:24:19,326 WARNING src.options_filter: WTER: options data unavailable from all sources
2026-06-18 17:24:23,092 WARNING src.options_filter: TLX: options data unavailable from all sources
2026-06-18 17:24:26,848 WARNING src.options_filter: NAMM: options data unavailable from all sources
2026-06-18 17:24:30,613 WARNING src.options_filter: ICG: options data unavailable from all sources
2026-06-18 17:24:34,394 WARNING src.options_filter: BGDE: options data unavailable from all sources
2026-06-18 17:24:38,155 WARNING src.options_filter: EONR: options data unavailable from all sources
2026-06-18 17:24:41,916 WARNING src.options_filter: BMR: options data unavailable from all sources
2026-06-18 17:24:45,675 WARNING src.options_filter: CRMT: options data unavailable from all sources
2026-06-18 17:24:49,441 WARNING src.options_filter: WLDS: options data unavailable from all sources
2026-06-18 17:24:53,230 WARNING src.options_filter: GLMD: options data unavailable from all sources
2026-06-18 17:24:56,988 WARNING src.options_filter: CDT: options data unavailable from all sources
2026-06-18 17:25:00,907 WARNING src.options_filter: VIVS: options data unavailable from all sources
2026-06-18 17:25:04,665 WARNING src.options_filter: GDEV: options data unavailable from all sources
2026-06-18 17:25:08,495 WARNING src.options_filter: WALD: options data unavailable from all sources
2026-06-18 17:25:12,259 WARNING src.options_filter: BHM: options data unavailable from all sources
2026-06-18 17:25:16,020 WARNING src.options_filter: AUC: options data unavailable from all sources
2026-06-18 17:25:19,784 WARNING src.options_filter: AACG: options data unavailable from all sources
2026-06-18 17:25:23,532 WARNING src.options_filter: FMST: options data unavailable from all sources
2026-06-18 17:25:27,289 WARNING src.options_filter: HUIZ: options data unavailable from all sources
2026-06-18 17:25:31,057 WARNING src.options_filter: RUBI: options data unavailable from all sources
2026-06-18 17:25:34,819 WARNING src.options_filter: INLF: options data unavailable from all sources
2026-06-18 17:25:38,577 WARNING src.options_filter: OLOX: options data unavailable from all sources
2026-06-18 17:25:42,408 WARNING src.options_filter: CHR: options data unavailable from all sources
2026-06-18 17:25:46,160 WARNING src.options_filter: FRGT: options data unavailable from all sources
2026-06-18 17:25:49,916 WARNING src.options_filter: GNS: options data unavailable from all sources
2026-06-18 17:25:53,681 WARNING src.options_filter: RYOJ: options data unavailable from all sources
2026-06-18 17:25:57,422 WARNING src.options_filter: VSTD: options data unavailable from all sources
2026-06-18 17:26:01,199 WARNING src.options_filter: IMTE: options data unavailable from all sources
2026-06-18 17:26:04,950 WARNING src.options_filter: CURR: options data unavailable from all sources
2026-06-18 17:26:08,789 WARNING src.options_filter: ALPS: options data unavailable from all sources
2026-06-18 17:26:12,543 WARNING src.options_filter: ATLN: options data unavailable from all sources
2026-06-18 17:26:16,293 WARNING src.options_filter: AAME: options data unavailable from all sources
2026-06-18 17:26:20,046 WARNING src.options_filter: BRLS: options data unavailable from all sources
2026-06-18 17:26:23,815 WARNING src.options_filter: UTSI: options data unavailable from all sources
2026-06-18 17:26:27,584 WARNING src.options_filter: RGNT: options data unavailable from all sources
2026-06-18 17:26:31,397 WARNING src.options_filter: REBN: options data unavailable from all sources
2026-06-18 17:26:35,150 WARNING src.options_filter: GAUZ: options data unavailable from all sources
2026-06-18 17:26:38,897 WARNING src.options_filter: RTB: options data unavailable from all sources
2026-06-18 17:26:42,646 WARNING src.options_filter: CETY: options data unavailable from all sources
2026-06-18 17:26:46,409 WARNING src.options_filter: GITS: options data unavailable from all sources
2026-06-18 17:26:50,163 WARNING src.options_filter: IVF: options data unavailable from all sources
2026-06-18 17:26:53,915 WARNING src.options_filter: UK: options data unavailable from all sources
2026-06-18 17:26:57,672 WARNING src.options_filter: VIOT: options data unavailable from all sources
2026-06-18 17:27:01,429 WARNING src.options_filter: NSRX: options data unavailable from all sources
2026-06-18 17:27:05,192 WARNING src.options_filter: PLRZ: options data unavailable from all sources
2026-06-18 17:27:09,151 WARNING src.options_filter: DTSS: options data unavailable from all sources
2026-06-18 17:27:13,057 WARNING src.options_filter: PBM: options data unavailable from all sources
2026-06-18 17:27:16,821 WARNING src.options_filter: BNRG: options data unavailable from all sources
2026-06-18 17:27:20,584 WARNING src.options_filter: LRHC: options data unavailable from all sources
2026-06-18 17:27:24,353 WARNING src.options_filter: BTTC: options data unavailable from all sources
2026-06-18 17:27:24,932 ERROR yfinance: $UNKNOWN: possibly delisted; no price data found  (period=1mo) (Yahoo error = "No data found, symbol may be delisted")
2026-06-18 17:27:29,205 WARNING src.options_filter: UNKNOWN: options data unavailable from all sources
2026-06-18 17:27:29,403 ERROR yfinance: $UNKNOWN: possibly delisted; no price data found  (period=1mo) (Yahoo error = "No data found, symbol may be delisted")
2026-06-18 17:27:33,666 WARNING src.options_filter: UNKNOWN: options data unavailable from all sources
2026-06-18 17:27:33,939 ERROR yfinance: $UNKNOWN: possibly delisted; no price data found  (period=1mo) (Yahoo error = "No data found, symbol may be delisted")
2026-06-18 17:27:38,203 WARNING src.options_filter: UNKNOWN: options data unavailable from all sources
2026-06-18 17:27:38,398 ERROR yfinance: $UNKNOWN: possibly delisted; no price data found  (period=1mo) (Yahoo error = "No data found, symbol may be delisted")
2026-06-18 17:27:42,654 WARNING src.options_filter: UNKNOWN: options data unavailable from all sources
2026-06-18 17:27:43,018 ERROR yfinance: $UNKNOWN: possibly delisted; no price data found  (period=1mo) (Yahoo error = "No data found, symbol may be delisted")
2026-06-18 17:27:47,280 WARNING src.options_filter: UNKNOWN: options data unavailable from all sources
2026-06-18 17:27:47,544 ERROR yfinance: $UNKNOWN: possibly delisted; no price data found  (period=1mo) (Yahoo error = "No data found, symbol may be delisted")
2026-06-18 17:27:51,868 WARNING src.options_filter: UNKNOWN: options data unavailable from all sources
2026-06-18 17:27:52,075 ERROR yfinance: $UNKNOWN: possibly delisted; no price data found  (period=1mo) (Yahoo error = "No data found, symbol may be delisted")
2026-06-18 17:27:56,404 WARNING src.options_filter: UNKNOWN: options data unavailable from all sources
2026-06-18 17:27:56,667 ERROR yfinance: $UNKNOWN: possibly delisted; no price data found  (period=1mo) (Yahoo error = "No data found, symbol may be delisted")
2026-06-18 17:28:00,998 WARNING src.options_filter: UNKNOWN: options data unavailable from all sources
2026-06-18 17:28:01,199 ERROR yfinance: $UNKNOWN: possibly delisted; no price data found  (period=1mo) (Yahoo error = "No data found, symbol may be delisted")
2026-06-18 17:28:05,469 WARNING src.options_filter: UNKNOWN: options data unavailable from all sources
2026-06-18 17:28:05,664 ERROR yfinance: $UNKNOWN: possibly delisted; no price data found  (period=1mo) (Yahoo error = "No data found, symbol may be delisted")
2026-06-18 17:28:09,989 WARNING src.options_filter: UNKNOWN: options data unavailable from all sources
2026-06-18 17:28:10,270 ERROR yfinance: $UNKNOWN: possibly delisted; no price data found  (period=1mo) (Yahoo error = "No data found, symbol may be delisted")
2026-06-18 17:28:14,526 WARNING src.options_filter: UNKNOWN: options data unavailable from all sources
2026-06-18 17:28:14,744 ERROR yfinance: $UNKNOWN: possibly delisted; no price data found  (period=1mo) (Yahoo error = "No data found, symbol may be delisted")
2026-06-18 17:28:19,019 WARNING src.options_filter: UNKNOWN: options data unavailable from all sources
2026-06-18 17:28:19,239 ERROR yfinance: $UNKNOWN: possibly delisted; no price data found  (period=1mo) (Yahoo error = "No data found, symbol may be delisted")
2026-06-18 17:28:23,537 WARNING src.options_filter: UNKNOWN: options data unavailable from all sources
2026-06-18 17:28:27,301 WARNING src.options_filter: ISBA: options data unavailable from all sources
2026-06-18 17:28:27,626 ERROR yfinance: $UNKNOWN: possibly delisted; no price data found  (period=1mo) (Yahoo error = "No data found, symbol may be delisted")
2026-06-18 17:28:31,886 WARNING src.options_filter: UNKNOWN: options data unavailable from all sources
2026-06-18 17:28:35,713 WARNING src.options_filter: ONCY: options data unavailable from all sources
2026-06-18 17:28:36,024 ERROR yfinance: $UNKNOWN: possibly delisted; no price data found  (period=1mo) (Yahoo error = "No data found, symbol may be delisted")
2026-06-18 17:28:40,281 WARNING src.options_filter: UNKNOWN: options data unavailable from all sources
2026-06-18 17:28:40,540 ERROR yfinance: $UNKNOWN: possibly delisted; no price data found  (period=1mo) (Yahoo error = "No data found, symbol may be delisted")
2026-06-18 17:28:44,801 WARNING src.options_filter: UNKNOWN: options data unavailable from all sources
2026-06-18 17:28:45,004 ERROR yfinance: $UNKNOWN: possibly delisted; no price data found  (period=1mo) (Yahoo error = "No data found, symbol may be delisted")
2026-06-18 17:28:49,269 WARNING src.options_filter: UNKNOWN: options data unavailable from all sources
2026-06-18 17:28:49,524 ERROR yfinance: $UNKNOWN: possibly delisted; no price data found  (period=1mo) (Yahoo error = "No data found, symbol may be delisted")
2026-06-18 17:28:53,853 WARNING src.options_filter: UNKNOWN: options data unavailable from all sources
2026-06-18 17:28:54,053 ERROR yfinance: $UNKNOWN: possibly delisted; no price data found  (period=1mo) (Yahoo error = "No data found, symbol may be delisted")
2026-06-18 17:28:58,317 WARNING src.options_filter: UNKNOWN: options data unavailable from all sources
2026-06-18 17:28:58,587 ERROR yfinance: $UNKNOWN: possibly delisted; no price data found  (period=1mo) (Yahoo error = "No data found, symbol may be delisted")
2026-06-18 17:29:02,846 WARNING src.options_filter: UNKNOWN: options data unavailable from all sources
2026-06-18 17:29:03,046 ERROR yfinance: $UNKNOWN: possibly delisted; no price data found  (period=1mo) (Yahoo error = "No data found, symbol may be delisted")
2026-06-18 17:29:07,308 WARNING src.options_filter: UNKNOWN: options data unavailable from all sources
2026-06-18 17:29:07,578 ERROR yfinance: $UNKNOWN: possibly delisted; no price data found  (period=1mo) (Yahoo error = "No data found, symbol may be delisted")
2026-06-18 17:29:11,844 WARNING src.options_filter: UNKNOWN: options data unavailable from all sources
2026-06-18 17:29:15,668 WARNING src.options_filter: NWFL: options data unavailable from all sources
2026-06-18 17:29:15,925 ERROR yfinance: $UNKNOWN: possibly delisted; no price data found  (period=1mo) (Yahoo error = "No data found, symbol may be delisted")
2026-06-18 17:29:20,184 WARNING src.options_filter: UNKNOWN: options data unavailable from all sources
2026-06-18 17:29:20,392 ERROR yfinance: $UNKNOWN: possibly delisted; no price data found  (period=1mo) (Yahoo error = "No data found, symbol may be delisted")
2026-06-18 17:29:24,650 WARNING src.options_filter: UNKNOWN: options data unavailable from all sources
2026-06-18 17:29:24,888 ERROR yfinance: $UNKNOWN: possibly delisted; no price data found  (period=1mo) (Yahoo error = "No data found, symbol may be delisted")
2026-06-18 17:29:29,158 WARNING src.options_filter: UNKNOWN: options data unavailable from all sources
2026-06-18 17:29:29,353 ERROR yfinance: $UNKNOWN: possibly delisted; no price data found  (period=1mo) (Yahoo error = "No data found, symbol may be delisted")
2026-06-18 17:29:33,850 WARNING src.options_filter: UNKNOWN: options data unavailable from all sources
2026-06-18 17:29:34,053 ERROR yfinance: $UNKNOWN: possibly delisted; no price data found  (period=1mo) (Yahoo error = "No data found, symbol may be delisted")
2026-06-18 17:29:38,306 WARNING src.options_filter: UNKNOWN: options data unavailable from all sources
2026-06-18 17:29:38,503 ERROR yfinance: $UNKNOWN: possibly delisted; no price data found  (period=1mo) (Yahoo error = "No data found, symbol may be delisted")
2026-06-18 17:29:42,759 WARNING src.options_filter: UNKNOWN: options data unavailable from all sources
2026-06-18 17:29:43,030 ERROR yfinance: $UNKNOWN: possibly delisted; no price data found  (period=1mo) (Yahoo error = "No data found, symbol may be delisted")
2026-06-18 17:29:47,280 WARNING src.options_filter: UNKNOWN: options data unavailable from all sources
2026-06-18 17:29:47,471 ERROR yfinance: $UNKNOWN: possibly delisted; no price data found  (period=1mo) (Yahoo error = "No data found, symbol may be delisted")
2026-06-18 17:29:51,743 WARNING src.options_filter: UNKNOWN: options data unavailable from all sources
2026-06-18 17:29:51,941 ERROR yfinance: $UNKNOWN: possibly delisted; no price data found  (period=1mo) (Yahoo error = "No data found, symbol may be delisted")
2026-06-18 17:29:56,193 WARNING src.options_filter: UNKNOWN: options data unavailable from all sources
2026-06-18 17:29:56,399 ERROR yfinance: $UNKNOWN: possibly delisted; no price data found  (period=1mo) (Yahoo error = "No data found, symbol may be delisted")
2026-06-18 17:30:00,648 WARNING src.options_filter: UNKNOWN: options data unavailable from all sources
2026-06-18 17:30:04,418 WARNING src.options_filter: INBKZ: options data unavailable from all sources
2026-06-18 17:30:04,623 ERROR yfinance: $UNKNOWN: possibly delisted; no price data found  (period=1mo) (Yahoo error = "No data found, symbol may be delisted")
2026-06-18 17:30:08,904 WARNING src.options_filter: UNKNOWN: options data unavailable from all sources
2026-06-18 17:30:09,160 ERROR yfinance: $UNKNOWN: possibly delisted; no price data found  (period=1mo) (Yahoo error = "No data found, symbol may be delisted")
2026-06-18 17:30:13,500 WARNING src.options_filter: UNKNOWN: options data unavailable from all sources
2026-06-18 17:30:13,705 ERROR yfinance: $UNKNOWN: possibly delisted; no price data found  (period=1mo) (Yahoo error = "No data found, symbol may be delisted")
2026-06-18 17:30:17,967 WARNING src.options_filter: UNKNOWN: options data unavailable from all sources
2026-06-18 17:30:18,162 ERROR yfinance: $UNKNOWN: possibly delisted; no price data found  (period=1mo) (Yahoo error = "No data found, symbol may be delisted")
2026-06-18 17:30:22,428 WARNING src.options_filter: UNKNOWN: options data unavailable from all sources
2026-06-18 17:30:22,664 ERROR yfinance: $UNKNOWN: possibly delisted; no price data found  (period=1mo) (Yahoo error = "No data found, symbol may be delisted")
2026-06-18 17:30:26,992 WARNING src.options_filter: UNKNOWN: options data unavailable from all sources
2026-06-18 17:30:27,345 ERROR yfinance: $UNKNOWN: possibly delisted; no price data found  (period=1mo) (Yahoo error = "No data found, symbol may be delisted")
2026-06-18 17:30:31,602 WARNING src.options_filter: UNKNOWN: options data unavailable from all sources
2026-06-18 17:30:31,859 ERROR yfinance: $UNKNOWN: possibly delisted; no price data found  (period=1mo) (Yahoo error = "No data found, symbol may be delisted")
2026-06-18 17:30:36,114 WARNING src.options_filter: UNKNOWN: options data unavailable from all sources
2026-06-18 17:30:36,332 ERROR yfinance: $UNKNOWN: possibly delisted; no price data found  (period=1mo) (Yahoo error = "No data found, symbol may be delisted")
2026-06-18 17:30:40,589 WARNING src.options_filter: UNKNOWN: options data unavailable from all sources
2026-06-18 17:30:40,838 ERROR yfinance: $UNKNOWN: possibly delisted; no price data found  (period=1mo) (Yahoo error = "No data found, symbol may be delisted")
2026-06-18 17:30:45,100 WARNING src.options_filter: UNKNOWN: options data unavailable from all sources
2026-06-18 17:30:45,355 ERROR yfinance: $UNKNOWN: possibly delisted; no price data found  (period=1mo) (Yahoo error = "No data found, symbol may be delisted")
2026-06-18 17:30:49,617 WARNING src.options_filter: UNKNOWN: options data unavailable from all sources
2026-06-18 17:30:50,023 ERROR yfinance: $UNKNOWN: possibly delisted; no price data found  (period=1mo) (Yahoo error = "No data found, symbol may be delisted")
2026-06-18 17:30:54,349 WARNING src.options_filter: UNKNOWN: options data unavailable from all sources
2026-06-18 17:30:54,543 ERROR yfinance: $UNKNOWN: possibly delisted; no price data found  (period=1mo) (Yahoo error = "No data found, symbol may be delisted")
2026-06-18 17:30:58,808 WARNING src.options_filter: UNKNOWN: options data unavailable from all sources
2026-06-18 17:30:59,033 ERROR yfinance: $UNKNOWN: possibly delisted; no price data found  (period=1mo) (Yahoo error = "No data found, symbol may be delisted")
2026-06-18 17:31:03,302 WARNING src.options_filter: UNKNOWN: options data unavailable from all sources
2026-06-18 17:31:03,563 ERROR yfinance: $UNKNOWN: possibly delisted; no price data found  (period=1mo) (Yahoo error = "No data found, symbol may be delisted")
2026-06-18 17:31:07,839 WARNING src.options_filter: UNKNOWN: options data unavailable from all sources
2026-06-18 17:31:08,035 ERROR yfinance: $UNKNOWN: possibly delisted; no price data found  (period=1mo) (Yahoo error = "No data found, symbol may be delisted")
2026-06-18 17:31:12,301 WARNING src.options_filter: UNKNOWN: options data unavailable from all sources
2026-06-18 17:31:12,522 ERROR yfinance: $UNKNOWN: possibly delisted; no price data found  (period=1mo) (Yahoo error = "No data found, symbol may be delisted")
2026-06-18 17:31:16,863 WARNING src.options_filter: UNKNOWN: options data unavailable from all sources
2026-06-18 17:31:17,359 ERROR yfinance: $UNKNOWN: possibly delisted; no price data found  (period=1mo) (Yahoo error = "No data found, symbol may be delisted")
2026-06-18 17:31:21,692 WARNING src.options_filter: UNKNOWN: options data unavailable from all sources
2026-06-18 17:31:25,454 WARNING src.options_filter: MTB-PH: options data unavailable from all sources
2026-06-18 17:31:25,732 ERROR yfinance: $UNKNOWN: possibly delisted; no price data found  (period=1mo) (Yahoo error = "No data found, symbol may be delisted")
2026-06-18 17:31:30,006 WARNING src.options_filter: UNKNOWN: options data unavailable from all sources
2026-06-18 17:31:33,806 WARNING src.options_filter: ACGLO: options data unavailable from all sources
2026-06-18 17:31:34,067 ERROR yfinance: $UNKNOWN: possibly delisted; no price data found  (period=1mo) (Yahoo error = "No data found, symbol may be delisted")
2026-06-18 17:31:38,336 WARNING src.options_filter: UNKNOWN: options data unavailable from all sources
2026-06-18 17:31:38,530 ERROR yfinance: $UNKNOWN: possibly delisted; no price data found  (period=1mo) (Yahoo error = "No data found, symbol may be delisted")
2026-06-18 17:31:42,865 WARNING src.options_filter: UNKNOWN: options data unavailable from all sources
2026-06-18 17:31:43,061 ERROR yfinance: $UNKNOWN: possibly delisted; no price data found  (period=1mo) (Yahoo error = "No data found, symbol may be delisted")
2026-06-18 17:31:47,337 WARNING src.options_filter: UNKNOWN: options data unavailable from all sources
2026-06-18 17:31:47,545 ERROR yfinance: $UNKNOWN: possibly delisted; no price data found  (period=1mo) (Yahoo error = "No data found, symbol may be delisted")
2026-06-18 17:31:51,877 WARNING src.options_filter: UNKNOWN: options data unavailable from all sources
2026-06-18 17:31:52,080 ERROR yfinance: $UNKNOWN: possibly delisted; no price data found  (period=1mo) (Yahoo error = "No data found, symbol may be delisted")
2026-06-18 17:31:56,408 WARNING src.options_filter: UNKNOWN: options data unavailable from all sources
2026-06-18 17:31:56,677 ERROR yfinance: $UNKNOWN: possibly delisted; no price data found  (period=1mo) (Yahoo error = "No data found, symbol may be delisted")
2026-06-18 17:32:01,125 WARNING src.options_filter: UNKNOWN: options data unavailable from all sources
2026-06-18 17:32:01,322 ERROR yfinance: $UNKNOWN: possibly delisted; no price data found  (period=1mo) (Yahoo error = "No data found, symbol may be delisted")
2026-06-18 17:32:05,595 WARNING src.options_filter: UNKNOWN: options data unavailable from all sources
2026-06-18 17:32:09,367 WARNING src.options_filter: AEON: options data unavailable from all sources
2026-06-18 17:32:09,560 ERROR yfinance: $UNKNOWN: possibly delisted; no price data found  (period=1mo) (Yahoo error = "No data found, symbol may be delisted")
2026-06-18 17:32:13,816 WARNING src.options_filter: UNKNOWN: options data unavailable from all sources
2026-06-18 17:32:14,064 ERROR yfinance: $UNKNOWN: possibly delisted; no price data found  (period=1mo) (Yahoo error = "No data found, symbol may be delisted")
2026-06-18 17:32:18,330 WARNING src.options_filter: UNKNOWN: options data unavailable from all sources
2026-06-18 17:32:18,520 ERROR yfinance: $UNKNOWN: possibly delisted; no price data found  (period=1mo) (Yahoo error = "No data found, symbol may be delisted")
2026-06-18 17:32:22,787 WARNING src.options_filter: UNKNOWN: options data unavailable from all sources
2026-06-18 17:32:22,987 ERROR yfinance: $UNKNOWN: possibly delisted; no price data found  (period=1mo) (Yahoo error = "No data found, symbol may be delisted")
2026-06-18 17:32:27,316 WARNING src.options_filter: UNKNOWN: options data unavailable from all sources
2026-06-18 17:32:27,516 ERROR yfinance: $UNKNOWN: possibly delisted; no price data found  (period=1mo) (Yahoo error = "No data found, symbol may be delisted")
2026-06-18 17:32:31,853 WARNING src.options_filter: UNKNOWN: options data unavailable from all sources
2026-06-18 17:32:35,607 WARNING src.options_filter: CMCT: options data unavailable from all sources
2026-06-18 17:32:35,932 ERROR yfinance: $UNKNOWN: possibly delisted; no price data found  (period=1mo) (Yahoo error = "No data found, symbol may be delisted")
2026-06-18 17:32:40,211 WARNING src.options_filter: UNKNOWN: options data unavailable from all sources
2026-06-18 17:32:40,513 ERROR yfinance: $UNKNOWN: possibly delisted; no price data found  (period=1mo) (Yahoo error = "No data found, symbol may be delisted")
2026-06-18 17:32:44,767 WARNING src.options_filter: UNKNOWN: options data unavailable from all sources
2026-06-18 17:32:45,038 ERROR yfinance: $UNKNOWN: possibly delisted; no price data found  (period=1mo) (Yahoo error = "No data found, symbol may be delisted")
2026-06-18 17:32:49,301 WARNING src.options_filter: UNKNOWN: options data unavailable from all sources
2026-06-18 17:32:49,493 ERROR yfinance: $UNKNOWN: possibly delisted; no price data found  (period=1mo) (Yahoo error = "No data found, symbol may be delisted")
2026-06-18 17:32:53,747 WARNING src.options_filter: UNKNOWN: options data unavailable from all sources
2026-06-18 17:32:53,948 ERROR yfinance: $UNKNOWN: possibly delisted; no price data found  (period=1mo) (Yahoo error = "No data found, symbol may be delisted")
2026-06-18 17:32:58,209 WARNING src.options_filter: UNKNOWN: options data unavailable from all sources
2026-06-18 17:32:58,402 ERROR yfinance: $UNKNOWN: possibly delisted; no price data found  (period=1mo) (Yahoo error = "No data found, symbol may be delisted")
2026-06-18 17:33:02,681 WARNING src.options_filter: UNKNOWN: options data unavailable from all sources
2026-06-18 17:33:02,927 ERROR yfinance: $UNKNOWN: possibly delisted; no price data found  (period=1mo) (Yahoo error = "No data found, symbol may be delisted")
2026-06-18 17:33:07,182 WARNING src.options_filter: UNKNOWN: options data unavailable from all sources
2026-06-18 17:33:07,445 ERROR yfinance: $UNKNOWN: possibly delisted; no price data found  (period=1mo) (Yahoo error = "No data found, symbol may be delisted")
2026-06-18 17:33:11,734 WARNING src.options_filter: UNKNOWN: options data unavailable from all sources
2026-06-18 17:33:11,993 ERROR yfinance: $UNKNOWN: possibly delisted; no price data found  (period=1mo) (Yahoo error = "No data found, symbol may be delisted")
2026-06-18 17:33:16,271 WARNING src.options_filter: UNKNOWN: options data unavailable from all sources
2026-06-18 17:33:16,466 ERROR yfinance: $UNKNOWN: possibly delisted; no price data found  (period=1mo) (Yahoo error = "No data found, symbol may be delisted")
2026-06-18 17:33:20,729 WARNING src.options_filter: UNKNOWN: options data unavailable from all sources
2026-06-18 17:33:20,999 ERROR yfinance: $UNKNOWN: possibly delisted; no price data found  (period=1mo) (Yahoo error = "No data found, symbol may be delisted")
2026-06-18 17:33:25,299 WARNING src.options_filter: UNKNOWN: options data unavailable from all sources
2026-06-18 17:33:25,569 ERROR yfinance: $UNKNOWN: possibly delisted; no price data found  (period=1mo) (Yahoo error = "No data found, symbol may be delisted")
2026-06-18 17:33:29,832 WARNING src.options_filter: UNKNOWN: options data unavailable from all sources
2026-06-18 17:33:30,043 ERROR yfinance: $UNKNOWN: possibly delisted; no price data found  (period=1mo) (Yahoo error = "No data found, symbol may be delisted")
2026-06-18 17:33:34,373 WARNING src.options_filter: UNKNOWN: options data unavailable from all sources
2026-06-18 17:33:34,634 ERROR yfinance: $UNKNOWN: possibly delisted; no price data found  (period=1mo) (Yahoo error = "No data found, symbol may be delisted")
2026-06-18 17:33:38,901 WARNING src.options_filter: UNKNOWN: options data unavailable from all sources
2026-06-18 17:33:39,097 ERROR yfinance: $UNKNOWN: possibly delisted; no price data found  (period=1mo) (Yahoo error = "No data found, symbol may be delisted")
2026-06-18 17:33:43,433 WARNING src.options_filter: UNKNOWN: options data unavailable from all sources
2026-06-18 17:33:43,714 ERROR yfinance: $UNKNOWN: possibly delisted; no price data found  (period=1mo) (Yahoo error = "No data found, symbol may be delisted")
2026-06-18 17:33:47,983 WARNING src.options_filter: UNKNOWN: options data unavailable from all sources
2026-06-18 17:33:48,187 ERROR yfinance: $UNKNOWN: possibly delisted; no price data found  (period=1mo) (Yahoo error = "No data found, symbol may be delisted")
2026-06-18 17:33:52,450 WARNING src.options_filter: UNKNOWN: options data unavailable from all sources
2026-06-18 17:33:52,814 ERROR yfinance: $UNKNOWN: possibly delisted; no price data found  (period=1mo) (Yahoo error = "No data found, symbol may be delisted")
2026-06-18 17:33:57,075 WARNING src.options_filter: UNKNOWN: options data unavailable from all sources
2026-06-18 17:33:57,269 ERROR yfinance: $UNKNOWN: possibly delisted; no price data found  (period=1mo) (Yahoo error = "No data found, symbol may be delisted")
2026-06-18 17:34:01,528 WARNING src.options_filter: UNKNOWN: options data unavailable from all sources
2026-06-18 17:34:01,528 INFO run_daily: Passed options gate: 38 events
2026-06-18 17:34:01,528 INFO run_daily: Step 7: enriching 38 events
2026-06-18 17:34:09,625 INFO run_daily: Step 8: dedup
2026-06-18 17:34:09,626 INFO run_daily: Step 9: ranking
2026-06-18 17:34:09,626 INFO run_daily: Step 10: writing digest
2026-06-18 17:34:09,663 INFO src.digest_writer: digest written: output/market_radar_2026-06-18.html
2026-06-18 17:34:09,663 INFO run_daily: === Done: output/market_radar_2026-06-18.html ===
