2026-07-14 14:56:05,187 INFO run_daily: === Market Event Radar starting — 2026-07-14 ===
2026-07-14 14:56:05,189 INFO run_daily: Step 1: fetching earnings calendar
2026-07-14 14:56:18,851 INFO src.event_fetcher: nasdaq earnings: 114 entries across 7 days
2026-07-14 14:56:20,144 INFO src.event_fetcher: finnhub earnings: 256 entries
2026-07-14 14:56:20,145 INFO src.event_fetcher: merged earnings universe: 283 unique tickers
2026-07-14 14:56:20,145 INFO run_daily: Step 2: fetching 8-K filings
2026-07-14 14:56:20,476 INFO src.event_fetcher: edgar 8-K filings: 100
2026-07-14 14:56:20,785 INFO run_daily: Step 3: building universe
2026-07-14 14:56:20,786 INFO src.universe: universe: 35 tickers (10 watchlist, 25 discovered)
2026-07-14 14:56:20,786 INFO run_daily: Universe: 35 tickers
2026-07-14 14:56:20,786 INFO run_daily: Step 4: yfinance cross-check for 35 tickers
2026-07-14 14:56:23,357 ERROR yfinance: HTTP Error 404: {"quoteSummary":{"result":null,"error":{"code":"Not Found","description":"Quote not found for symbol: COOP"}}}
2026-07-14 14:56:34,372 INFO run_daily: Step 5: building earnings events
2026-07-14 14:56:34,373 INFO src.source_merger: earnings events built: 283
2026-07-14 14:56:34,373 INFO run_daily: Step 5b: building 8-K events
2026-07-14 14:56:34,376 INFO run_daily: Step 6: options filter (383 candidates)
2026-07-14 14:56:49,984 WARNING src.options_filter: AQUC: options data unavailable from all sources
2026-07-14 14:57:02,400 WARNING src.options_filter: BFC: options data unavailable from all sources
2026-07-14 14:57:06,720 WARNING src.options_filter: BRKL: options data unavailable from all sources
2026-07-14 14:57:09,802 ERROR yfinance: HTTP Error 404: {"quoteSummary":{"result":null,"error":{"code":"Not Found","description":"Quote not found for symbol: CADE"}}}
2026-07-14 14:57:10,163 ERROR yfinance: $CADE: possibly delisted; no price data found  (period=1mo) (Yahoo error = "No data found, symbol may be delisted")
2026-07-14 14:57:14,334 WARNING src.options_filter: CADE: options data unavailable from all sources
2026-07-14 14:57:25,356 WARNING src.options_filter: CCNB: options data unavailable from all sources
2026-07-14 14:57:27,723 ERROR yfinance: HTTP Error 404: {"quoteSummary":{"result":null,"error":{"code":"Not Found","description":"Quote not found for symbol: CMA"}}}
2026-07-14 14:57:27,974 ERROR yfinance: $CMA: possibly delisted; no price data found  (period=1mo) (Yahoo error = "No data found, symbol may be delisted")
2026-07-14 14:57:32,174 WARNING src.options_filter: CMA: options data unavailable from all sources
2026-07-14 14:57:36,387 ERROR yfinance: $COOP: possibly delisted; no price data found  (period=1mo) (Yahoo error = "No data found, symbol may be delisted")
2026-07-14 14:57:40,678 WARNING src.options_filter: COOP: options data unavailable from all sources
2026-07-14 14:57:45,014 WARNING src.options_filter: CSHX: options data unavailable from all sources
2026-07-14 14:58:05,037 WARNING src.options_filter: ESBS: options data unavailable from all sources
2026-07-14 14:58:12,888 WARNING src.options_filter: FFBB: options data unavailable from all sources
2026-07-14 14:58:19,652 ERROR yfinance: $FRGE: possibly delisted; no price data found  (period=1mo) (Yahoo error = "No data found, symbol may be delisted")
2026-07-14 14:58:23,814 WARNING src.options_filter: FRGE: options data unavailable from all sources
2026-07-14 14:58:54,443 WARNING src.options_filter: HLFN: options data unavailable from all sources
2026-07-14 14:58:58,706 WARNING src.options_filter: HNVR: options data unavailable from all sources
2026-07-14 14:59:20,605 WARNING src.options_filter: KSBI: options data unavailable from all sources
2026-07-14 14:59:41,354 WARNING src.options_filter: MTAL: options data unavailable from all sources
2026-07-14 15:00:01,390 WARNING src.options_filter: NP: options data unavailable from all sources
2026-07-14 15:00:05,826 WARNING src.options_filter: NPB: options data unavailable from all sources
2026-07-14 15:00:16,172 WARNING src.options_filter: OXLC: options data unavailable from all sources
2026-07-14 15:00:20,904 ERROR yfinance: $PBBK: possibly delisted; no price data found  (period=1mo) (Yahoo error = "No data found, symbol may be delisted")
2026-07-14 15:00:25,211 WARNING src.options_filter: PBBK: options data unavailable from all sources
2026-07-14 15:00:36,513 WARNING src.options_filter: PFBX: options data unavailable from all sources
2026-07-14 15:00:45,078 WARNING src.options_filter: RVCB: options data unavailable from all sources
2026-07-14 15:00:50,996 ERROR yfinance: $SOND: possibly delisted; no price data found  (period=1mo) (Yahoo error = "No data found, symbol may be delisted")
2026-07-14 15:00:55,230 WARNING src.options_filter: SOND: options data unavailable from all sources
2026-07-14 15:01:06,643 WARNING src.options_filter: THVB: options data unavailable from all sources
2026-07-14 15:01:19,659 ERROR yfinance: $VRE: possibly delisted; no price data found  (period=1mo)
2026-07-14 15:01:23,833 WARNING src.options_filter: VRE: options data unavailable from all sources
2026-07-14 15:01:37,749 WARNING src.options_filter: ADMT: options data unavailable from all sources
2026-07-14 15:01:41,437 WARNING src.options_filter: ALZN: options data unavailable from all sources
2026-07-14 15:01:45,124 WARNING src.options_filter: AUBN: options data unavailable from all sources
2026-07-14 15:01:48,832 WARNING src.options_filter: AUSI: options data unavailable from all sources
2026-07-14 15:01:52,520 WARNING src.options_filter: BGI: options data unavailable from all sources
2026-07-14 15:01:56,232 WARNING src.options_filter: BMXI: options data unavailable from all sources
2026-07-14 15:01:59,960 WARNING src.options_filter: BQ: options data unavailable from all sources
2026-07-14 15:02:03,646 WARNING src.options_filter: BRIA: options data unavailable from all sources
2026-07-14 15:02:03,994 ERROR yfinance: $DFCO: possibly delisted; no price data found  (period=1mo) (Yahoo error = "No data found, symbol may be delisted")
2026-07-14 15:02:08,202 WARNING src.options_filter: DFCO: options data unavailable from all sources
2026-07-14 15:02:12,088 WARNING src.options_filter: DIT: options data unavailable from all sources
2026-07-14 15:02:15,755 WARNING src.options_filter: DSNY: options data unavailable from all sources
2026-07-14 15:02:19,378 WARNING src.options_filter: ECBK: options data unavailable from all sources
2026-07-14 15:02:23,093 WARNING src.options_filter: FMHS: options data unavailable from all sources
2026-07-14 15:02:23,475 ERROR yfinance: $GNTY: possibly delisted; no price data found  (period=1mo) (Yahoo error = "No data found, symbol may be delisted")
2026-07-14 15:02:27,596 WARNING src.options_filter: GNTY: options data unavailable from all sources
2026-07-14 15:02:31,295 WARNING src.options_filter: GOVB: options data unavailable from all sources
2026-07-14 15:02:34,951 WARNING src.options_filter: HSTA: options data unavailable from all sources
2026-07-14 15:02:35,392 ERROR yfinance: $IPG: possibly delisted; no price data found  (period=1mo) (Yahoo error = "No data found, symbol may be delisted")
2026-07-14 15:02:39,536 WARNING src.options_filter: IPG: options data unavailable from all sources
2026-07-14 15:02:43,200 WARNING src.options_filter: JCTC: options data unavailable from all sources
2026-07-14 15:02:46,816 WARNING src.options_filter: KTHN: options data unavailable from all sources
2026-07-14 15:02:47,228 ERROR yfinance: $MBCN: possibly delisted; no price data found  (period=1mo) (Yahoo error = "No data found, symbol may be delisted")
2026-07-14 15:02:51,408 WARNING src.options_filter: MBCN: options data unavailable from all sources
2026-07-14 15:02:51,931 ERROR yfinance: $MCBI: possibly delisted; no price data found  (period=1mo) (Yahoo error = "No data found, symbol may be delisted")
2026-07-14 15:02:56,057 WARNING src.options_filter: MCBI: options data unavailable from all sources
2026-07-14 15:02:59,759 WARNING src.options_filter: MNSB: options data unavailable from all sources
2026-07-14 15:03:03,445 WARNING src.options_filter: PMIR: options data unavailable from all sources
2026-07-14 15:03:07,183 WARNING src.options_filter: PSBQ: options data unavailable from all sources
2026-07-14 15:03:10,872 WARNING src.options_filter: QEPC: options data unavailable from all sources
2026-07-14 15:03:14,539 WARNING src.options_filter: QNBC: options data unavailable from all sources
2026-07-14 15:03:18,242 WARNING src.options_filter: SPWR: options data unavailable from all sources
2026-07-14 15:03:21,928 WARNING src.options_filter: TLNC: options data unavailable from all sources
2026-07-14 15:03:25,558 WARNING src.options_filter: TRCY: options data unavailable from all sources
2026-07-14 15:03:29,226 WARNING src.options_filter: UPC: options data unavailable from all sources
2026-07-14 15:03:29,657 ERROR yfinance: $VTYB: possibly delisted; no price data found  (period=1mo) (Yahoo error = "No data found, symbol may be delisted")
2026-07-14 15:03:33,787 WARNING src.options_filter: VTYB: options data unavailable from all sources
2026-07-14 15:03:37,407 WARNING src.options_filter: WELNF: options data unavailable from all sources
2026-07-14 15:03:41,030 WARNING src.options_filter: WTF: options data unavailable from all sources
2026-07-14 15:03:44,648 WARNING src.options_filter: ACU: options data unavailable from all sources
2026-07-14 15:03:48,358 WARNING src.options_filter: BALY: options data unavailable from all sources
2026-07-14 15:03:52,038 WARNING src.options_filter: BOTJ: options data unavailable from all sources
2026-07-14 15:03:55,766 WARNING src.options_filter: CCBC: options data unavailable from all sources
2026-07-14 15:03:59,491 WARNING src.options_filter: CCFN: options data unavailable from all sources
2026-07-14 15:04:03,218 WARNING src.options_filter: ORBN: options data unavailable from all sources
2026-07-14 15:04:03,509 ERROR yfinance: $ADN: possibly delisted; no price data found  (period=1mo) (Yahoo error = "No data found, symbol may be delisted")
2026-07-14 15:04:07,643 WARNING src.options_filter: ADN: options data unavailable from all sources
2026-07-14 15:04:11,320 WARNING src.options_filter: ASII: options data unavailable from all sources
2026-07-14 15:04:15,033 WARNING src.options_filter: BSVN: options data unavailable from all sources
2026-07-14 15:04:19,020 WARNING src.options_filter: CHMG: options data unavailable from all sources
2026-07-14 15:04:22,716 WARNING src.options_filter: CPKF: options data unavailable from all sources
2026-07-14 15:04:26,428 WARNING src.options_filter: ENBP: options data unavailable from all sources
2026-07-14 15:04:30,123 WARNING src.options_filter: FMCB: options data unavailable from all sources
2026-07-14 15:04:33,858 WARNING src.options_filter: HOVR: options data unavailable from all sources
2026-07-14 15:04:37,510 WARNING src.options_filter: JUVF: options data unavailable from all sources
2026-07-14 15:04:41,230 WARNING src.options_filter: NCL: options data unavailable from all sources
2026-07-14 15:04:44,933 WARNING src.options_filter: OVLY: options data unavailable from all sources
2026-07-14 15:04:48,664 WARNING src.options_filter: PFIS: options data unavailable from all sources
2026-07-14 15:04:52,367 WARNING src.options_filter: SBSAA: options data unavailable from all sources
2026-07-14 15:04:56,114 WARNING src.options_filter: TRUX: options data unavailable from all sources
2026-07-14 15:04:59,752 WARNING src.options_filter: USMT: options data unavailable from all sources
2026-07-14 15:05:00,039 ERROR yfinance: $VBTX: possibly delisted; no price data found  (period=1mo) (Yahoo error = "No data found, symbol may be delisted")
2026-07-14 15:05:04,340 WARNING src.options_filter: VBTX: options data unavailable from all sources
2026-07-14 15:05:08,133 WARNING src.options_filter: ADX: options data unavailable from all sources
2026-07-14 15:05:11,876 WARNING src.options_filter: BVFL: options data unavailable from all sources
2026-07-14 15:05:15,508 WARNING src.options_filter: CCTG: options data unavailable from all sources
2026-07-14 15:05:19,175 WARNING src.options_filter: CZBT: options data unavailable from all sources
2026-07-14 15:05:22,933 WARNING src.options_filter: EVN: options data unavailable from all sources
2026-07-14 15:05:26,664 WARNING src.options_filter: GURE: options data unavailable from all sources
2026-07-14 15:05:30,397 WARNING src.options_filter: KARO: options data unavailable from all sources
2026-07-14 15:05:34,123 WARNING src.options_filter: LOGN: options data unavailable from all sources
2026-07-14 15:05:37,914 WARNING src.options_filter: SBI: options data unavailable from all sources
2026-07-14 15:05:41,601 WARNING src.options_filter: SGRP: options data unavailable from all sources
2026-07-14 15:05:41,917 ERROR yfinance: $UBFO: possibly delisted; no price data found  (period=1mo) (Yahoo error = "No data found, symbol may be delisted")
2026-07-14 15:05:46,283 WARNING src.options_filter: UBFO: options data unavailable from all sources
2026-07-14 15:05:50,070 WARNING src.options_filter: UBOH: options data unavailable from all sources
2026-07-14 15:05:53,725 WARNING src.options_filter: BRLL: options data unavailable from all sources
2026-07-14 15:05:54,222 ERROR yfinance: $CANB: possibly delisted; no price data found  (period=1mo) (Yahoo error = "No data found, symbol may be delisted")
2026-07-14 15:05:58,383 WARNING src.options_filter: CANB: options data unavailable from all sources
2026-07-14 15:05:58,768 ERROR yfinance: $CRSB: possibly delisted; no price data found  (period=1mo) (Yahoo error = "No data found, symbol may be delisted")
2026-07-14 15:06:02,931 WARNING src.options_filter: CRSB: options data unavailable from all sources
2026-07-14 15:06:03,255 ERROR yfinance: $CXH: possibly delisted; no price data found  (period=1mo)
2026-07-14 15:06:07,370 WARNING src.options_filter: CXH: options data unavailable from all sources
2026-07-14 15:06:11,072 WARNING src.options_filter: HARL: options data unavailable from all sources
2026-07-14 15:06:14,771 WARNING src.options_filter: KMTS: options data unavailable from all sources
2026-07-14 15:06:18,485 WARNING src.options_filter: PBNC: options data unavailable from all sources
2026-07-14 15:06:22,164 WARNING src.options_filter: PXED: options data unavailable from all sources
2026-07-14 15:06:22,563 ERROR yfinance: $SNV: possibly delisted; no price data found  (period=1mo) (Yahoo error = "No data found, symbol may be delisted")
2026-07-14 15:06:26,765 WARNING src.options_filter: SNV: options data unavailable from all sources
2026-07-14 15:06:30,460 WARNING src.options_filter: PLBC: options data unavailable from all sources
2026-07-14 15:06:34,177 WARNING src.options_filter: UNB: options data unavailable from all sources
2026-07-14 15:06:42,353 WARNING src.options_filter: HIFS: options data unavailable from all sources
2026-07-14 15:06:49,174 WARNING src.options_filter: AUC: options data unavailable from all sources
2026-07-14 15:06:53,446 WARNING src.options_filter: LEDS: options data unavailable from all sources
2026-07-14 15:07:00,733 WARNING src.options_filter: PAC: options data unavailable from all sources
2026-07-14 15:07:08,164 WARNING src.options_filter: CPAC: options data unavailable from all sources
2026-07-14 15:07:12,422 WARNING src.options_filter: ISTR: options data unavailable from all sources
2026-07-14 15:07:16,784 WARNING src.options_filter: FUNC: options data unavailable from all sources
2026-07-14 15:07:21,122 WARNING src.options_filter: PEBK: options data unavailable from all sources
2026-07-14 15:07:25,416 WARNING src.options_filter: HIT: options data unavailable from all sources
2026-07-14 15:07:25,740 ERROR yfinance: $UNKNOWN: possibly delisted; no price data found  (period=1mo) (Yahoo error = "No data found, symbol may be delisted")
2026-07-14 15:07:29,906 WARNING src.options_filter: UNKNOWN: options data unavailable from all sources
2026-07-14 15:07:30,047 ERROR yfinance: $UNKNOWN: possibly delisted; no price data found  (period=1mo) (Yahoo error = "No data found, symbol may be delisted")
2026-07-14 15:07:34,231 WARNING src.options_filter: UNKNOWN: options data unavailable from all sources
2026-07-14 15:07:34,407 ERROR yfinance: $UNKNOWN: possibly delisted; no price data found  (period=1mo) (Yahoo error = "No data found, symbol may be delisted")
2026-07-14 15:07:38,524 WARNING src.options_filter: UNKNOWN: options data unavailable from all sources
2026-07-14 15:07:42,425 ERROR yfinance: $UNKNOWN: possibly delisted; no price data found  (period=1mo) (Yahoo error = "No data found, symbol may be delisted")
2026-07-14 15:07:46,633 WARNING src.options_filter: UNKNOWN: options data unavailable from all sources
2026-07-14 15:07:50,908 WARNING src.options_filter: BAC-PS: options data unavailable from all sources
2026-07-14 15:07:51,049 ERROR yfinance: $UNKNOWN: possibly delisted; no price data found  (period=1mo) (Yahoo error = "No data found, symbol may be delisted")
2026-07-14 15:07:55,250 WARNING src.options_filter: UNKNOWN: options data unavailable from all sources
2026-07-14 15:07:55,426 ERROR yfinance: $UNKNOWN: possibly delisted; no price data found  (period=1mo) (Yahoo error = "No data found, symbol may be delisted")
2026-07-14 15:07:59,675 WARNING src.options_filter: UNKNOWN: options data unavailable from all sources
2026-07-14 15:07:59,861 ERROR yfinance: $UNKNOWN: possibly delisted; no price data found  (period=1mo) (Yahoo error = "No data found, symbol may be delisted")
2026-07-14 15:08:04,052 WARNING src.options_filter: UNKNOWN: options data unavailable from all sources
2026-07-14 15:08:04,303 ERROR yfinance: $UNKNOWN: possibly delisted; no price data found  (period=1mo) (Yahoo error = "No data found, symbol may be delisted")
2026-07-14 15:08:08,520 WARNING src.options_filter: UNKNOWN: options data unavailable from all sources
2026-07-14 15:08:08,795 ERROR yfinance: $UNKNOWN: possibly delisted; no price data found  (period=1mo) (Yahoo error = "No data found, symbol may be delisted")
2026-07-14 15:08:12,967 WARNING src.options_filter: UNKNOWN: options data unavailable from all sources
2026-07-14 15:08:13,229 ERROR yfinance: $UNKNOWN: possibly delisted; no price data found  (period=1mo) (Yahoo error = "No data found, symbol may be delisted")
2026-07-14 15:08:17,421 WARNING src.options_filter: UNKNOWN: options data unavailable from all sources
2026-07-14 15:08:17,538 ERROR yfinance: $UNKNOWN: possibly delisted; no price data found  (period=1mo) (Yahoo error = "No data found, symbol may be delisted")
2026-07-14 15:08:21,793 WARNING src.options_filter: UNKNOWN: options data unavailable from all sources
2026-07-14 15:08:22,058 ERROR yfinance: $UNKNOWN: possibly delisted; no price data found  (period=1mo) (Yahoo error = "No data found, symbol may be delisted")
2026-07-14 15:08:26,271 WARNING src.options_filter: UNKNOWN: options data unavailable from all sources
2026-07-14 15:08:30,772 WARNING src.options_filter: CLST: options data unavailable from all sources
2026-07-14 15:08:30,928 ERROR yfinance: $UNKNOWN: possibly delisted; no price data found  (period=1mo) (Yahoo error = "No data found, symbol may be delisted")
2026-07-14 15:08:35,132 WARNING src.options_filter: UNKNOWN: options data unavailable from all sources
2026-07-14 15:08:39,240 ERROR yfinance: $UNKNOWN: possibly delisted; no price data found  (period=1mo) (Yahoo error = "No data found, symbol may be delisted")
2026-07-14 15:08:43,361 WARNING src.options_filter: UNKNOWN: options data unavailable from all sources
2026-07-14 15:08:43,530 ERROR yfinance: $UNKNOWN: possibly delisted; no price data found  (period=1mo) (Yahoo error = "No data found, symbol may be delisted")
2026-07-14 15:08:47,662 WARNING src.options_filter: UNKNOWN: options data unavailable from all sources
2026-07-14 15:08:47,804 ERROR yfinance: $UNKNOWN: possibly delisted; no price data found  (period=1mo) (Yahoo error = "No data found, symbol may be delisted")
2026-07-14 15:08:51,982 WARNING src.options_filter: UNKNOWN: options data unavailable from all sources
2026-07-14 15:08:52,142 ERROR yfinance: $UNKNOWN: possibly delisted; no price data found  (period=1mo) (Yahoo error = "No data found, symbol may be delisted")
2026-07-14 15:08:56,294 WARNING src.options_filter: UNKNOWN: options data unavailable from all sources
2026-07-14 15:09:00,889 WARNING src.options_filter: GS-PD: options data unavailable from all sources
2026-07-14 15:09:01,078 ERROR yfinance: $UNKNOWN: possibly delisted; no price data found  (period=1mo) (Yahoo error = "No data found, symbol may be delisted")
2026-07-14 15:09:05,249 WARNING src.options_filter: UNKNOWN: options data unavailable from all sources
2026-07-14 15:09:05,451 ERROR yfinance: $UNKNOWN: possibly delisted; no price data found  (period=1mo) (Yahoo error = "No data found, symbol may be delisted")
2026-07-14 15:09:09,618 WARNING src.options_filter: UNKNOWN: options data unavailable from all sources
2026-07-14 15:09:09,820 ERROR yfinance: $UNKNOWN: possibly delisted; no price data found  (period=1mo) (Yahoo error = "No data found, symbol may be delisted")
2026-07-14 15:09:14,152 WARNING src.options_filter: UNKNOWN: options data unavailable from all sources
2026-07-14 15:09:14,302 ERROR yfinance: $UNKNOWN: possibly delisted; no price data found  (period=1mo) (Yahoo error = "No data found, symbol may be delisted")
2026-07-14 15:09:18,426 WARNING src.options_filter: UNKNOWN: options data unavailable from all sources
2026-07-14 15:09:18,550 ERROR yfinance: $UNKNOWN: possibly delisted; no price data found  (period=1mo) (Yahoo error = "No data found, symbol may be delisted")
2026-07-14 15:09:22,760 WARNING src.options_filter: UNKNOWN: options data unavailable from all sources
2026-07-14 15:09:23,016 ERROR yfinance: $UNKNOWN: possibly delisted; no price data found  (period=1mo) (Yahoo error = "No data found, symbol may be delisted")
2026-07-14 15:09:27,164 WARNING src.options_filter: UNKNOWN: options data unavailable from all sources
2026-07-14 15:09:27,408 ERROR yfinance: $UNKNOWN: possibly delisted; no price data found  (period=1mo) (Yahoo error = "No data found, symbol may be delisted")
2026-07-14 15:09:31,592 WARNING src.options_filter: UNKNOWN: options data unavailable from all sources
2026-07-14 15:09:31,785 ERROR yfinance: $UNKNOWN: possibly delisted; no price data found  (period=1mo) (Yahoo error = "No data found, symbol may be delisted")
2026-07-14 15:09:35,988 WARNING src.options_filter: UNKNOWN: options data unavailable from all sources
2026-07-14 15:09:36,173 ERROR yfinance: $UNKNOWN: possibly delisted; no price data found  (period=1mo) (Yahoo error = "No data found, symbol may be delisted")
2026-07-14 15:09:40,288 WARNING src.options_filter: UNKNOWN: options data unavailable from all sources
2026-07-14 15:09:40,399 ERROR yfinance: $UNKNOWN: possibly delisted; no price data found  (period=1mo) (Yahoo error = "No data found, symbol may be delisted")
2026-07-14 15:09:44,519 WARNING src.options_filter: UNKNOWN: options data unavailable from all sources
2026-07-14 15:09:45,504 ERROR yfinance: $NWSLL: possibly delisted; no price data found  (period=1mo) (Yahoo error = "No data found, symbol may be delisted")
2026-07-14 15:09:49,621 WARNING src.options_filter: NWSLL: options data unavailable from all sources
2026-07-14 15:09:49,802 ERROR yfinance: $UNKNOWN: possibly delisted; no price data found  (period=1mo) (Yahoo error = "No data found, symbol may be delisted")
2026-07-14 15:09:53,943 WARNING src.options_filter: UNKNOWN: options data unavailable from all sources
2026-07-14 15:09:54,070 ERROR yfinance: $UNKNOWN: possibly delisted; no price data found  (period=1mo) (Yahoo error = "No data found, symbol may be delisted")
2026-07-14 15:09:58,433 WARNING src.options_filter: UNKNOWN: options data unavailable from all sources
2026-07-14 15:09:58,766 ERROR yfinance: $UNKNOWN: possibly delisted; no price data found  (period=1mo) (Yahoo error = "No data found, symbol may be delisted")
2026-07-14 15:10:02,985 WARNING src.options_filter: UNKNOWN: options data unavailable from all sources
2026-07-14 15:10:03,193 ERROR yfinance: $UNKNOWN: possibly delisted; no price data found  (period=1mo) (Yahoo error = "No data found, symbol may be delisted")
2026-07-14 15:10:07,537 WARNING src.options_filter: UNKNOWN: options data unavailable from all sources
2026-07-14 15:10:07,707 ERROR yfinance: $UNKNOWN: possibly delisted; no price data found  (period=1mo) (Yahoo error = "No data found, symbol may be delisted")
2026-07-14 15:10:11,944 WARNING src.options_filter: UNKNOWN: options data unavailable from all sources
2026-07-14 15:10:12,176 ERROR yfinance: $NWSLL: possibly delisted; no price data found  (period=1mo) (Yahoo error = "No data found, symbol may be delisted")
2026-07-14 15:10:16,385 WARNING src.options_filter: NWSLL: options data unavailable from all sources
2026-07-14 15:10:16,502 ERROR yfinance: $UNKNOWN: possibly delisted; no price data found  (period=1mo) (Yahoo error = "No data found, symbol may be delisted")
2026-07-14 15:10:20,678 WARNING src.options_filter: UNKNOWN: options data unavailable from all sources
2026-07-14 15:10:20,906 ERROR yfinance: $UNKNOWN: possibly delisted; no price data found  (period=1mo) (Yahoo error = "No data found, symbol may be delisted")
2026-07-14 15:10:25,105 WARNING src.options_filter: UNKNOWN: options data unavailable from all sources
2026-07-14 15:10:29,562 ERROR yfinance: $UNKNOWN: possibly delisted; no price data found  (period=1mo) (Yahoo error = "No data found, symbol may be delisted")
2026-07-14 15:10:33,783 WARNING src.options_filter: UNKNOWN: options data unavailable from all sources
2026-07-14 15:10:38,049 WARNING src.options_filter: XELLL: options data unavailable from all sources
2026-07-14 15:10:38,316 ERROR yfinance: $UNKNOWN: possibly delisted; no price data found  (period=1mo) (Yahoo error = "No data found, symbol may be delisted")
2026-07-14 15:10:42,532 WARNING src.options_filter: UNKNOWN: options data unavailable from all sources
2026-07-14 15:10:42,717 ERROR yfinance: $UNKNOWN: possibly delisted; no price data found  (period=1mo) (Yahoo error = "No data found, symbol may be delisted")
2026-07-14 15:10:46,902 WARNING src.options_filter: UNKNOWN: options data unavailable from all sources
2026-07-14 15:10:47,067 ERROR yfinance: $UNKNOWN: possibly delisted; no price data found  (period=1mo) (Yahoo error = "No data found, symbol may be delisted")
2026-07-14 15:10:51,201 WARNING src.options_filter: UNKNOWN: options data unavailable from all sources
2026-07-14 15:10:51,345 ERROR yfinance: $UNKNOWN: possibly delisted; no price data found  (period=1mo) (Yahoo error = "No data found, symbol may be delisted")
2026-07-14 15:10:55,460 WARNING src.options_filter: UNKNOWN: options data unavailable from all sources
2026-07-14 15:10:59,787 WARNING src.options_filter: FRMEP: options data unavailable from all sources
2026-07-14 15:10:59,986 ERROR yfinance: $UNKNOWN: possibly delisted; no price data found  (period=1mo) (Yahoo error = "No data found, symbol may be delisted")
2026-07-14 15:11:04,216 WARNING src.options_filter: UNKNOWN: options data unavailable from all sources
2026-07-14 15:11:04,462 ERROR yfinance: $UNKNOWN: possibly delisted; no price data found  (period=1mo) (Yahoo error = "No data found, symbol may be delisted")
2026-07-14 15:11:08,688 WARNING src.options_filter: UNKNOWN: options data unavailable from all sources
2026-07-14 15:11:08,955 ERROR yfinance: $UNKNOWN: possibly delisted; no price data found  (period=1mo) (Yahoo error = "No data found, symbol may be delisted")
2026-07-14 15:11:13,073 WARNING src.options_filter: UNKNOWN: options data unavailable from all sources
2026-07-14 15:11:13,445 ERROR yfinance: $UNKNOWN: possibly delisted; no price data found  (period=1mo) (Yahoo error = "No data found, symbol may be delisted")
2026-07-14 15:11:17,648 WARNING src.options_filter: UNKNOWN: options data unavailable from all sources
2026-07-14 15:11:17,846 ERROR yfinance: $UNKNOWN: possibly delisted; no price data found  (period=1mo) (Yahoo error = "No data found, symbol may be delisted")
2026-07-14 15:11:22,003 WARNING src.options_filter: UNKNOWN: options data unavailable from all sources
2026-07-14 15:11:22,213 ERROR yfinance: $UNKNOWN: possibly delisted; no price data found  (period=1mo) (Yahoo error = "No data found, symbol may be delisted")
2026-07-14 15:11:26,399 WARNING src.options_filter: UNKNOWN: options data unavailable from all sources
2026-07-14 15:11:30,084 WARNING src.options_filter: BAC-PS: options data unavailable from all sources
2026-07-14 15:11:33,732 WARNING src.options_filter: BAC-PS: options data unavailable from all sources
2026-07-14 15:11:38,135 WARNING src.options_filter: BFH-PB: options data unavailable from all sources
2026-07-14 15:11:38,390 ERROR yfinance: $UNKNOWN: possibly delisted; no price data found  (period=1mo) (Yahoo error = "No data found, symbol may be delisted")
2026-07-14 15:11:42,650 WARNING src.options_filter: UNKNOWN: options data unavailable from all sources
2026-07-14 15:11:42,954 ERROR yfinance: $UNKNOWN: possibly delisted; no price data found  (period=1mo) (Yahoo error = "No data found, symbol may be delisted")
2026-07-14 15:11:47,256 WARNING src.options_filter: UNKNOWN: options data unavailable from all sources
2026-07-14 15:11:47,365 ERROR yfinance: $UNKNOWN: possibly delisted; no price data found  (period=1mo) (Yahoo error = "No data found, symbol may be delisted")
2026-07-14 15:11:51,548 WARNING src.options_filter: UNKNOWN: options data unavailable from all sources
2026-07-14 15:11:51,771 ERROR yfinance: $UNKNOWN: possibly delisted; no price data found  (period=1mo) (Yahoo error = "No data found, symbol may be delisted")
2026-07-14 15:11:55,886 WARNING src.options_filter: UNKNOWN: options data unavailable from all sources
2026-07-14 15:11:56,012 ERROR yfinance: $UNKNOWN: possibly delisted; no price data found  (period=1mo) (Yahoo error = "No data found, symbol may be delisted")
2026-07-14 15:12:00,159 WARNING src.options_filter: UNKNOWN: options data unavailable from all sources
2026-07-14 15:12:00,419 ERROR yfinance: $UNKNOWN: possibly delisted; no price data found  (period=1mo) (Yahoo error = "No data found, symbol may be delisted")
2026-07-14 15:12:04,607 WARNING src.options_filter: UNKNOWN: options data unavailable from all sources
2026-07-14 15:12:04,709 ERROR yfinance: $UNKNOWN: possibly delisted; no price data found  (period=1mo) (Yahoo error = "No data found, symbol may be delisted")
2026-07-14 15:12:08,830 WARNING src.options_filter: UNKNOWN: options data unavailable from all sources
2026-07-14 15:12:09,035 ERROR yfinance: $UNKNOWN: possibly delisted; no price data found  (period=1mo) (Yahoo error = "No data found, symbol may be delisted")
2026-07-14 15:12:13,263 WARNING src.options_filter: UNKNOWN: options data unavailable from all sources
2026-07-14 15:12:13,552 ERROR yfinance: $UNKNOWN: possibly delisted; no price data found  (period=1mo) (Yahoo error = "No data found, symbol may be delisted")
2026-07-14 15:12:17,745 WARNING src.options_filter: UNKNOWN: options data unavailable from all sources
2026-07-14 15:12:17,867 ERROR yfinance: $UNKNOWN: possibly delisted; no price data found  (period=1mo) (Yahoo error = "No data found, symbol may be delisted")
2026-07-14 15:12:21,996 WARNING src.options_filter: UNKNOWN: options data unavailable from all sources
2026-07-14 15:12:25,147 ERROR yfinance: $UNKNOWN: possibly delisted; no price data found  (period=1mo) (Yahoo error = "No data found, symbol may be delisted")
2026-07-14 15:12:29,359 WARNING src.options_filter: UNKNOWN: options data unavailable from all sources
2026-07-14 15:12:29,547 ERROR yfinance: $UNKNOWN: possibly delisted; no price data found  (period=1mo) (Yahoo error = "No data found, symbol may be delisted")
2026-07-14 15:12:33,667 WARNING src.options_filter: UNKNOWN: options data unavailable from all sources
2026-07-14 15:12:33,853 ERROR yfinance: $UNKNOWN: possibly delisted; no price data found  (period=1mo) (Yahoo error = "No data found, symbol may be delisted")
2026-07-14 15:12:38,036 WARNING src.options_filter: UNKNOWN: options data unavailable from all sources
2026-07-14 15:12:38,272 ERROR yfinance: $UNKNOWN: possibly delisted; no price data found  (period=1mo) (Yahoo error = "No data found, symbol may be delisted")
2026-07-14 15:12:42,458 WARNING src.options_filter: UNKNOWN: options data unavailable from all sources
2026-07-14 15:12:42,708 ERROR yfinance: $UNKNOWN: possibly delisted; no price data found  (period=1mo) (Yahoo error = "No data found, symbol may be delisted")
2026-07-14 15:12:46,871 WARNING src.options_filter: UNKNOWN: options data unavailable from all sources
2026-07-14 15:12:47,102 ERROR yfinance: $UNKNOWN: possibly delisted; no price data found  (period=1mo) (Yahoo error = "No data found, symbol may be delisted")
2026-07-14 15:12:51,344 WARNING src.options_filter: UNKNOWN: options data unavailable from all sources
2026-07-14 15:12:51,501 ERROR yfinance: $UNKNOWN: possibly delisted; no price data found  (period=1mo) (Yahoo error = "No data found, symbol may be delisted")
2026-07-14 15:12:55,773 WARNING src.options_filter: UNKNOWN: options data unavailable from all sources
2026-07-14 15:12:55,989 ERROR yfinance: $UNKNOWN: possibly delisted; no price data found  (period=1mo) (Yahoo error = "No data found, symbol may be delisted")
2026-07-14 15:13:00,201 WARNING src.options_filter: UNKNOWN: options data unavailable from all sources
2026-07-14 15:13:00,374 ERROR yfinance: $UNKNOWN: possibly delisted; no price data found  (period=1mo) (Yahoo error = "No data found, symbol may be delisted")
2026-07-14 15:13:04,560 WARNING src.options_filter: UNKNOWN: options data unavailable from all sources
2026-07-14 15:13:04,766 ERROR yfinance: $UNKNOWN: possibly delisted; no price data found  (period=1mo) (Yahoo error = "No data found, symbol may be delisted")
2026-07-14 15:13:08,979 WARNING src.options_filter: UNKNOWN: options data unavailable from all sources
2026-07-14 15:13:09,142 ERROR yfinance: $UNKNOWN: possibly delisted; no price data found  (period=1mo) (Yahoo error = "No data found, symbol may be delisted")
2026-07-14 15:13:13,343 WARNING src.options_filter: UNKNOWN: options data unavailable from all sources
2026-07-14 15:13:13,510 ERROR yfinance: $UNKNOWN: possibly delisted; no price data found  (period=1mo) (Yahoo error = "No data found, symbol may be delisted")
2026-07-14 15:13:17,732 WARNING src.options_filter: UNKNOWN: options data unavailable from all sources
2026-07-14 15:13:18,204 ERROR yfinance: $UNKNOWN: possibly delisted; no price data found  (period=1mo) (Yahoo error = "No data found, symbol may be delisted")
2026-07-14 15:13:22,441 WARNING src.options_filter: UNKNOWN: options data unavailable from all sources
2026-07-14 15:13:22,650 ERROR yfinance: $UNKNOWN: possibly delisted; no price data found  (period=1mo) (Yahoo error = "No data found, symbol may be delisted")
2026-07-14 15:13:26,780 WARNING src.options_filter: UNKNOWN: options data unavailable from all sources
2026-07-14 15:13:26,937 ERROR yfinance: $UNKNOWN: possibly delisted; no price data found  (period=1mo) (Yahoo error = "No data found, symbol may be delisted")
2026-07-14 15:13:31,127 WARNING src.options_filter: UNKNOWN: options data unavailable from all sources
2026-07-14 15:13:31,355 ERROR yfinance: $UNKNOWN: possibly delisted; no price data found  (period=1mo) (Yahoo error = "No data found, symbol may be delisted")
2026-07-14 15:13:35,505 WARNING src.options_filter: UNKNOWN: options data unavailable from all sources
2026-07-14 15:13:35,711 ERROR yfinance: $UNKNOWN: possibly delisted; no price data found  (period=1mo) (Yahoo error = "No data found, symbol may be delisted")
2026-07-14 15:13:39,898 WARNING src.options_filter: UNKNOWN: options data unavailable from all sources
2026-07-14 15:13:40,002 ERROR yfinance: $UNKNOWN: possibly delisted; no price data found  (period=1mo) (Yahoo error = "No data found, symbol may be delisted")
2026-07-14 15:13:44,136 WARNING src.options_filter: UNKNOWN: options data unavailable from all sources
2026-07-14 15:13:44,333 ERROR yfinance: $UNKNOWN: possibly delisted; no price data found  (period=1mo) (Yahoo error = "No data found, symbol may be delisted")
2026-07-14 15:13:48,539 WARNING src.options_filter: UNKNOWN: options data unavailable from all sources
2026-07-14 15:13:48,765 ERROR yfinance: $UNKNOWN: possibly delisted; no price data found  (period=1mo) (Yahoo error = "No data found, symbol may be delisted")
2026-07-14 15:13:52,876 WARNING src.options_filter: UNKNOWN: options data unavailable from all sources
2026-07-14 15:13:53,112 ERROR yfinance: $UNKNOWN: possibly delisted; no price data found  (period=1mo) (Yahoo error = "No data found, symbol may be delisted")
2026-07-14 15:13:57,331 WARNING src.options_filter: UNKNOWN: options data unavailable from all sources
2026-07-14 15:13:57,554 ERROR yfinance: $UNKNOWN: possibly delisted; no price data found  (period=1mo) (Yahoo error = "No data found, symbol may be delisted")
2026-07-14 15:14:01,749 WARNING src.options_filter: UNKNOWN: options data unavailable from all sources
2026-07-14 15:14:01,855 ERROR yfinance: $UNKNOWN: possibly delisted; no price data found  (period=1mo) (Yahoo error = "No data found, symbol may be delisted")
2026-07-14 15:14:06,053 WARNING src.options_filter: UNKNOWN: options data unavailable from all sources
2026-07-14 15:14:06,053 INFO run_daily: Passed options gate: 97 events
2026-07-14 15:14:06,053 INFO run_daily: Step 7: enriching 97 events
2026-07-14 15:14:39,389 INFO run_daily: Step 8: dedup
2026-07-14 15:14:39,390 INFO run_daily: Step 9: ranking
2026-07-14 15:14:39,391 INFO run_daily: Step 10: writing digest
2026-07-14 15:14:39,425 INFO src.digest_writer: digest written: output/market_radar_2026-07-14.html
2026-07-14 15:14:39,425 INFO run_daily: === Done: output/market_radar_2026-07-14.html ===
